Log file open, 10/06/20 05:58:39
LogInit: Display: Running engine for game: SonicSiege
LogPlatformFile: Not using cached read wrapper
LogTaskGraph: Started task graph with 5 named threads and 35 total threads with 3 sets of task threads.
LogStats: Stats thread started at 0.242409
LogD3D11RHI: Loaded GFSDK_Aftermath_Lib.x64.dll
LogICUInternationalization: ICU TimeZone Detection - Raw Offset: -4:00, Platform Override: ''
LogPluginManager: Mounting plugin Paper2D
LogPluginManager: Mounting plugin AISupport
LogPluginManager: Mounting plugin LightPropagationVolume
LogPluginManager: Mounting plugin CameraShakePreviewer
LogPluginManager: Mounting plugin ActorLayerUtilities
LogPluginManager: Mounting plugin AnimationSharing
LogPluginManager: Mounting plugin CLionSourceCodeAccess
LogPluginManager: Mounting plugin CodeLiteSourceCodeAccess
LogPluginManager: Mounting plugin GitSourceControl
LogPluginManager: Mounting plugin KDevelopSourceCodeAccess
LogPluginManager: Mounting plugin NullSourceCodeAccess
LogPluginManager: Mounting plugin PerforceSourceControl
LogPluginManager: Mounting plugin PlasticSourceControl
LogPluginManager: Mounting plugin RiderSourceCodeAccess
LogPluginManager: Mounting plugin SubversionSourceControl
LogPluginManager: Mounting plugin UObjectPlugin
LogPluginManager: Mounting plugin VisualStudioCodeSourceCodeAccess
LogPluginManager: Mounting plugin VisualStudioSourceCodeAccess
LogPluginManager: Mounting plugin XCodeSourceCodeAccess
LogPluginManager: Mounting plugin AssetManagerEditor
LogPluginManager: Mounting plugin CryptoKeys
LogPluginManager: Mounting plugin CurveEditorTools
LogPluginManager: Mounting plugin DataValidation
LogPluginManager: Mounting plugin EditorScriptingUtilities
LogPluginManager: Mounting plugin FacialAnimation
LogPluginManager: Mounting plugin GameplayTagsEditor
LogPluginManager: Mounting plugin GeometryMode
LogPluginManager: Mounting plugin MacGraphicsSwitching
LogPluginManager: Mounting plugin MaterialAnalyzer
LogPluginManager: Mounting plugin MobileLauncherProfileWizard
LogPluginManager: Mounting plugin PluginBrowser
LogPluginManager: Mounting plugin SpeedTreeImporter
LogPluginManager: Mounting plugin DatasmithContent
LogPluginManager: Mounting plugin VariantManagerContent
LogPluginManager: Mounting plugin AlembicImporter
LogPluginManager: Mounting plugin AutomationUtils
LogPluginManager: Mounting plugin BackChannel
LogPluginManager: Mounting plugin ChaosCloth
LogPluginManager: Mounting plugin ChaosClothEditor
LogPluginManager: Mounting plugin ChaosEditor
LogPluginManager: Mounting plugin ChaosNiagara
LogPluginManager: Mounting plugin ChaosSolverPlugin
LogPluginManager: Mounting plugin CharacterAI
LogPluginManager: Mounting plugin GeometryCache
LogPluginManager: Mounting plugin GeometryCollectionPlugin
LogPluginManager: Mounting plugin GeometryProcessing
LogPluginManager: Mounting plugin PlanarCut
LogPluginManager: Mounting plugin PlatformCrypto
LogPluginManager: Mounting plugin ProxyLODPlugin
LogPluginManager: Mounting plugin PythonScriptPlugin
LogPluginManager: Mounting plugin SkeletalReduction
LogPluginManager: Mounting plugin Niagara
LogPluginManager: Mounting plugin MagicLeap
LogPluginManager: Mounting plugin MagicLeapLightEstimation
LogPluginManager: Mounting plugin MagicLeapMedia
LogPluginManager: Mounting plugin MagicLeapPassableWorld
LogPluginManager: Mounting plugin MLSDK
LogPluginManager: Mounting plugin AndroidMedia
LogPluginManager: Mounting plugin AvfMedia
LogPluginManager: Mounting plugin ImgMedia
LogPluginManager: Mounting plugin MediaCompositing
LogPluginManager: Mounting plugin MediaPlayerEditor
LogPluginManager: Mounting plugin WebMMedia
LogPluginManager: Mounting plugin WmfMedia
LogPluginManager: Mounting plugin MegascansPlugin
LogPluginManager: Mounting plugin MeshPainting
LogPluginManager: Mounting plugin TcpMessaging
LogPluginManager: Mounting plugin UdpMessaging
LogPluginManager: Mounting plugin ActorSequence
LogPluginManager: Mounting plugin LevelSequenceEditor
LogPluginManager: Mounting plugin MatineeToLevelSequence
LogPluginManager: Mounting plugin MovieRenderPipeline
LogPluginManager: Mounting plugin TemplateSequence
LogPluginManager: Mounting plugin NetcodeUnitTest
LogPluginManager: Mounting plugin NUTUnrealEngine4
LogPluginManager: Mounting plugin OnlineSubsystemGooglePlay
LogPluginManager: Mounting plugin OnlineSubsystemIOS
LogPluginManager: Mounting plugin OnlineSubsystem
LogPluginManager: Mounting plugin OnlineSubsystemNull
LogPluginManager: Mounting plugin OnlineSubsystemUtils
LogPluginManager: Mounting plugin LauncherChunkInstaller
LogPluginManager: Mounting plugin AndroidDeviceProfileSelector
LogPluginManager: Mounting plugin AndroidMoviePlayer
LogPluginManager: Mounting plugin AndroidPermission
LogPluginManager: Mounting plugin AppleImageUtils
LogPluginManager: Mounting plugin AppleMoviePlayer
LogPluginManager: Mounting plugin ArchVisCharacter
LogPluginManager: Mounting plugin AssetTags
LogPluginManager: Mounting plugin AudioCapture
LogPluginManager: Mounting plugin CableComponent
LogPluginManager: Mounting plugin CustomMeshComponent
LogPluginManager: Mounting plugin EditableMesh
LogPluginManager: Mounting plugin ExampleDeviceProfileSelector
LogPluginManager: Mounting plugin GameplayAbilities
LogPluginManager: Mounting plugin GoogleCloudMessaging
LogPluginManager: Mounting plugin GooglePAD
LogPluginManager: Mounting plugin IOSDeviceProfileSelector
LogPluginManager: Mounting plugin LinuxDeviceProfileSelector
LogPluginManager: Mounting plugin LocationServicesBPLibrary
LogPluginManager: Mounting plugin MobilePatchingUtils
LogPluginManager: Mounting plugin OculusVR
LogPluginManager: Mounting plugin PhysXVehicles
LogPluginManager: Mounting plugin PostSplashScreen
LogPluginManager: Mounting plugin ProceduralMeshComponent
LogPluginManager: Mounting plugin RuntimePhysXCooking
LogPluginManager: Mounting plugin SignificanceManager
LogPluginManager: Mounting plugin SoundFields
LogPluginManager: Mounting plugin SteamVR
LogPluginManager: Mounting plugin Synthesis
LogPluginManager: Mounting plugin WebMMoviePlayer
LogPluginManager: Mounting plugin WindowsMoviePlayer
LogPluginManager: Mounting plugin ScreenshotTools
LogInit: Using libcurl 7.55.1-DEV
LogInit:  - built for x86_64-pc-win32
LogInit:  - supports SSL with OpenSSL/1.1.1
LogInit:  - supports HTTP deflate (compression) using libz 1.2.8
LogInit:  - other features:
LogInit:      CURL_VERSION_SSL
LogInit:      CURL_VERSION_LIBZ
LogInit:      CURL_VERSION_IPV6
LogInit:      CURL_VERSION_ASYNCHDNS
LogInit:      CURL_VERSION_LARGEFILE
LogInit:      CURL_VERSION_IDN
LogInit:  CurlRequestOptions (configurable via config and command line):
LogInit:  - bVerifyPeer = true  - Libcurl will verify peer certificate
LogInit:  - bUseHttpProxy = false  - Libcurl will NOT use HTTP proxy
LogInit:  - bDontReuseConnections = false  - Libcurl will reuse connections
LogInit:  - MaxHostConnections = 16  - Libcurl will limit the number of connections to a host
LogInit:  - LocalHostAddr = Default
LogInit:  - BufferSize = 65536
LogOnline: OSS: Creating online subsystem instance for: NULL
LogInit: WinSock: version 1.1 (2.2), MaxSocks=32767, MaxUdp=65467
LogOnline: OSS: TryLoadSubsystemAndSetDefault: Loaded subsystem for module [NULL]
LogInit: Build: ++UE4+Release-4.25-CL-0
LogInit: Engine Version: 4.25.1-0+++UE4+Release-4.25
LogInit: Compatible Engine Version: 4.25.0-0+++UE4+Release-4.25
LogInit: Net CL: 0
LogInit: OS: Windows 10 (Release 1903) (), CPU: AMD Ryzen 5 2600X Six-Core Processor           , GPU: Radeon RX Vega
LogInit: Compiled (64-bit): Sep 20 2020 06:14:16
LogInit: Compiled with Visual C++: 19.26.28806.00
LogInit: Build Configuration: DebugGame
LogInit: Branch Name: ++UE4+Release-4.25
LogInit: Command Line:  -skipcompile
LogInit: Base Directory: C:/Users/Christian Hinkle/Documents/UE4/Engine/Binaries/Win64/
LogInit: Allocator: TBB
LogInit: Installed Engine Build: 0
LogDevObjectVersion: Number of dev versions registered: 26
LogDevObjectVersion:   Dev-Blueprints (B0D832E4-1F89-4F0D-ACCF-7EB736FD4AA2): 10
LogDevObjectVersion:   Dev-Build (E1C64328-A22C-4D53-A36C-8E866417BD8C): 0
LogDevObjectVersion:   Dev-Core (375EC13C-06E4-48FB-B500-84F0262A717E): 4
LogDevObjectVersion:   Dev-Editor (E4B068ED-F494-42E9-A231-DA0B2E46BB41): 38
LogDevObjectVersion:   Dev-Framework (CFFC743F-43B0-4480-9391-14DF171D2073): 37
LogDevObjectVersion:   Dev-Mobile (B02B49B5-BB20-44E9-A304-32B752E40360): 2
LogDevObjectVersion:   Dev-Networking (A4E4105C-59A1-49B5-A7C5-40C4547EDFEE): 0
LogDevObjectVersion:   Dev-Online (39C831C9-5AE6-47DC-9A44-9C173E1C8E7C): 0
LogDevObjectVersion:   Dev-Physics (78F01B33-EBEA-4F98-B9B4-84EACCB95AA2): 4
LogDevObjectVersion:   Dev-Platform (6631380F-2D4D-43E0-8009-CF276956A95A): 0
LogDevObjectVersion:   Dev-Rendering (12F88B9F-8875-4AFC-A67C-D90C383ABD29): 43
LogDevObjectVersion:   Dev-Sequencer (7B5AE74C-D270-4C10-A958-57980B212A5A): 12
LogDevObjectVersion:   Dev-VR (D7296918-1DD6-4BDD-9DE2-64A83CC13884): 3
LogDevObjectVersion:   Dev-LoadTimes (C2A15278-BFE7-4AFE-6C17-90FF531DF755): 1
LogDevObjectVersion:   Private-Geometry (6EACA3D4-40EC-4CC1-B786-8BED09428FC5): 3
LogDevObjectVersion:   Dev-AnimPhys (29E575DD-E0A3-4627-9D10-D276232CDCEA): 17
LogDevObjectVersion:   Dev-Anim (AF43A65D-7FD3-4947-9873-3E8ED9C1BB05): 7
LogDevObjectVersion:   Dev-ReflectionCapture (6B266CEC-1EC7-4B8F-A30B-E4D90942FC07): 1
LogDevObjectVersion:   Dev-Automation (0DF73D61-A23F-47EA-B727-89E90C41499A): 1
LogDevObjectVersion:   FortniteMain (601D1886-AC64-4F84-AA16-D3DE0DEAC7D6): 31
LogDevObjectVersion:   Dev-Enterprise (9DFFBCD6-494F-0158-E221-12823C92A888): 10
LogDevObjectVersion:   Dev-Niagara (F2AED0AC-9AFE-416F-8664-AA7FFA26D6FC): 1
LogDevObjectVersion:   Dev-Destruction (174F1F0B-B4C6-45A5-B13F-2EE8D0FB917D): 10
LogDevObjectVersion:   Dev-Physics-Ext (35F94A83-E258-406C-A318-09F59610247C): 37
LogDevObjectVersion:   Dev-PhysicsMaterial-Chaos (B68FC16E-8B1B-42E2-B453-215C058844FE): 1
LogDevObjectVersion:   Dev-CineCamera (B2E18506-4273-CFC2-A54E-F4BB758BBA07): 1
LogInit: Presizing for max 25165824 objects, including 0 objects not considered by GC, pre-allocating 0 bytes for permanent pool.
LogConfig: Applying CVar settings from Section [/Script/Engine.StreamingSettings] File [C:/Users/Christian Hinkle/Documents/Unreal Projects/SonicSiege/SonicSiege/Saved/Config/Windows/Engine.ini]
LogConfig: Setting CVar [[s.MinBulkDataSizeForAsyncLoading:131072]]
LogConfig: Setting CVar [[s.AsyncLoadingThreadEnabled:0]]
LogConfig: Setting CVar [[s.EventDrivenLoaderEnabled:1]]
LogConfig: Setting CVar [[s.WarnIfTimeLimitExceeded:0]]
LogConfig: Setting CVar [[s.TimeLimitExceededMultiplier:1.5]]
LogConfig: Setting CVar [[s.TimeLimitExceededMinTime:0.005]]
LogConfig: Setting CVar [[s.UseBackgroundLevelStreaming:1]]
LogConfig: Setting CVar [[s.PriorityAsyncLoadingExtraTime:15.0]]
LogConfig: Setting CVar [[s.LevelStreamingActorsUpdateTimeLimit:5.0]]
LogConfig: Setting CVar [[s.PriorityLevelStreamingActorsUpdateExtraTime:5.0]]
LogConfig: Setting CVar [[s.LevelStreamingComponentsRegistrationGranularity:10]]
LogConfig: Setting CVar [[s.UnregisterComponentsTimeLimit:1.0]]
LogConfig: Setting CVar [[s.LevelStreamingComponentsUnregistrationGranularity:5]]
LogConfig: Setting CVar [[s.FlushStreamingOnExit:1]]
LogInit: Object subsystem initialized
LogConfig: Setting CVar [[con.DebugEarlyDefault:1]]
LogConfig: Setting CVar [[net.UseAdaptiveNetUpdateFrequency:1	# Make sure your engine's Engine/Config/ConsoleVariables.ini isn't setting this to 0! (I thought that the project's ini file would override the engine's but this wasn't the case for us)]]
LogConfig: Setting CVar [[r.setres:1280x720]]
[2020.10.06-08.58.40:267][  0]LogConfig: Setting CVar [[r.VSync:0]]
[2020.10.06-08.58.40:267][  0]LogConfig: Setting CVar [[r.RHICmdBypass:0]]
[2020.10.06-08.58.40:267][  0]LogConfig: Applying CVar settings from Section [/Script/Engine.RendererSettings] File [C:/Users/Christian Hinkle/Documents/Unreal Projects/SonicSiege/SonicSiege/Saved/Config/Windows/Engine.ini]
[2020.10.06-08.58.40:267][  0]LogConfig: Setting CVar [[r.GPUCrashDebugging:0]]
[2020.10.06-08.58.40:267][  0]LogConfig: Applying CVar settings from Section [/Script/Engine.RendererOverrideSettings] File [C:/Users/Christian Hinkle/Documents/Unreal Projects/SonicSiege/SonicSiege/Saved/Config/Windows/Engine.ini]
[2020.10.06-08.58.40:267][  0]LogConfig: Applying CVar settings from Section [/Script/Engine.StreamingSettings] File [C:/Users/Christian Hinkle/Documents/Unreal Projects/SonicSiege/SonicSiege/Saved/Config/Windows/Engine.ini]
[2020.10.06-08.58.40:267][  0]LogConfig: Setting CVar [[s.MinBulkDataSizeForAsyncLoading:131072]]
[2020.10.06-08.58.40:267][  0]LogConfig: Setting CVar [[s.AsyncLoadingThreadEnabled:0]]
[2020.10.06-08.58.40:267][  0]LogConfig: Setting CVar [[s.EventDrivenLoaderEnabled:1]]
[2020.10.06-08.58.40:267][  0]LogConfig: Setting CVar [[s.WarnIfTimeLimitExceeded:0]]
[2020.10.06-08.58.40:267][  0]LogConfig: Setting CVar [[s.TimeLimitExceededMultiplier:1.5]]
[2020.10.06-08.58.40:267][  0]LogConfig: Setting CVar [[s.TimeLimitExceededMinTime:0.005]]
[2020.10.06-08.58.40:267][  0]LogConfig: Setting CVar [[s.UseBackgroundLevelStreaming:1]]
[2020.10.06-08.58.40:267][  0]LogConfig: Setting CVar [[s.PriorityAsyncLoadingExtraTime:15.0]]
[2020.10.06-08.58.40:267][  0]LogConfig: Setting CVar [[s.LevelStreamingActorsUpdateTimeLimit:5.0]]
[2020.10.06-08.58.40:268][  0]LogConfig: Setting CVar [[s.PriorityLevelStreamingActorsUpdateExtraTime:5.0]]
[2020.10.06-08.58.40:268][  0]LogConfig: Setting CVar [[s.LevelStreamingComponentsRegistrationGranularity:10]]
[2020.10.06-08.58.40:268][  0]LogConfig: Setting CVar [[s.UnregisterComponentsTimeLimit:1.0]]
[2020.10.06-08.58.40:268][  0]LogConfig: Setting CVar [[s.LevelStreamingComponentsUnregistrationGranularity:5]]
[2020.10.06-08.58.40:268][  0]LogConfig: Setting CVar [[s.FlushStreamingOnExit:1]]
[2020.10.06-08.58.40:268][  0]LogConfig: Applying CVar settings from Section [/Script/Engine.GarbageCollectionSettings] File [C:/Users/Christian Hinkle/Documents/Unreal Projects/SonicSiege/SonicSiege/Saved/Config/Windows/Engine.ini]
[2020.10.06-08.58.40:268][  0]LogConfig: Setting CVar [[gc.MaxObjectsNotConsideredByGC:1]]
[2020.10.06-08.58.40:268][  0]LogConfig: Setting CVar [[gc.SizeOfPermanentObjectPool:0]]
[2020.10.06-08.58.40:268][  0]LogConfig: Setting CVar [[gc.FlushStreamingOnGC:0]]
[2020.10.06-08.58.40:268][  0]LogConfig: Setting CVar [[gc.NumRetriesBeforeForcingGC:10]]
[2020.10.06-08.58.40:268][  0]LogConfig: Setting CVar [[gc.AllowParallelGC:1]]
[2020.10.06-08.58.40:268][  0]LogConfig: Setting CVar [[gc.TimeBetweenPurgingPendingKillObjects:61.1]]
[2020.10.06-08.58.40:268][  0]LogConfig: Setting CVar [[gc.MaxObjectsInEditor:25165824]]
[2020.10.06-08.58.40:268][  0]LogConfig: Setting CVar [[gc.IncrementalBeginDestroyEnabled:1]]
[2020.10.06-08.58.40:268][  0]LogConfig: Setting CVar [[gc.CreateGCClusters:1]]
[2020.10.06-08.58.40:268][  0]LogConfig: Setting CVar [[gc.MinGCClusterSize:5]]
[2020.10.06-08.58.40:268][  0]LogConfig: Setting CVar [[gc.ActorClusteringEnabled:0]]
[2020.10.06-08.58.40:269][  0]LogConfig: Setting CVar [[gc.BlueprintClusteringEnabled:0]]
[2020.10.06-08.58.40:269][  0]LogConfig: Setting CVar [[gc.UseDisregardForGCOnDedicatedServers:0]]
[2020.10.06-08.58.40:269][  0]LogConfig: Applying CVar settings from Section [/Script/Engine.NetworkSettings] File [C:/Users/Christian Hinkle/Documents/Unreal Projects/SonicSiege/SonicSiege/Saved/Config/Windows/Engine.ini]
[2020.10.06-08.58.40:269][  0]LogConfig: Applying CVar settings from Section [/Script/UnrealEd.CookerSettings] File [C:/Users/Christian Hinkle/Documents/Unreal Projects/SonicSiege/SonicSiege/Saved/Config/Windows/Engine.ini]
[2020.10.06-08.58.40:278][  0]LogConfig: Applying CVar settings from Section [ViewDistanceQuality@3] File [C:/Users/Christian Hinkle/Documents/Unreal Projects/SonicSiege/SonicSiege/Saved/Config/Windows/Scalability.ini]
[2020.10.06-08.58.40:278][  0]LogConfig: Setting CVar [[r.SkeletalMeshLODBias:0]]
[2020.10.06-08.58.40:278][  0]LogConfig: Setting CVar [[r.ViewDistanceScale:1.0]]
[2020.10.06-08.58.40:278][  0]LogConfig: Applying CVar settings from Section [AntiAliasingQuality@3] File [C:/Users/Christian Hinkle/Documents/Unreal Projects/SonicSiege/SonicSiege/Saved/Config/Windows/Scalability.ini]
[2020.10.06-08.58.40:278][  0]LogConfig: Setting CVar [[r.PostProcessAAQuality:4]]
[2020.10.06-08.58.40:278][  0]LogConfig: Applying CVar settings from Section [ShadowQuality@3] File [C:/Users/Christian Hinkle/Documents/Unreal Projects/SonicSiege/SonicSiege/Saved/Config/Windows/Scalability.ini]
[2020.10.06-08.58.40:279][  0]LogConfig: Setting CVar [[r.LightFunctionQuality:1]]
[2020.10.06-08.58.40:279][  0]LogConfig: Setting CVar [[r.ShadowQuality:5]]
[2020.10.06-08.58.40:279][  0]LogConfig: Setting CVar [[r.Shadow.CSM.MaxCascades:10]]
[2020.10.06-08.58.40:279][  0]LogConfig: Setting CVar [[r.Shadow.MaxResolution:2048]]
[2020.10.06-08.58.40:279][  0]LogConfig: Setting CVar [[r.Shadow.MaxCSMResolution:2048]]
[2020.10.06-08.58.40:279][  0]LogConfig: Setting CVar [[r.Shadow.RadiusThreshold:0.01]]
[2020.10.06-08.58.40:279][  0]LogConfig: Setting CVar [[r.Shadow.DistanceScale:1.0]]
[2020.10.06-08.58.40:279][  0]LogConfig: Setting CVar [[r.Shadow.CSM.TransitionScale:1.0]]
[2020.10.06-08.58.40:279][  0]LogConfig: Setting CVar [[r.Shadow.PreShadowResolutionFactor:1.0]]
[2020.10.06-08.58.40:279][  0]LogConfig: Setting CVar [[r.DistanceFieldShadowing:1]]
[2020.10.06-08.58.40:279][  0]LogConfig: Setting CVar [[r.DistanceFieldAO:1]]
[2020.10.06-08.58.40:279][  0]LogConfig: Setting CVar [[r.AOQuality:2]]
[2020.10.06-08.58.40:279][  0]LogConfig: Setting CVar [[r.VolumetricFog:1]]
[2020.10.06-08.58.40:279][  0]LogConfig: Setting CVar [[r.VolumetricFog.GridPixelSize:8]]
[2020.10.06-08.58.40:279][  0]LogConfig: Setting CVar [[r.VolumetricFog.GridSizeZ:128]]
[2020.10.06-08.58.40:279][  0]LogConfig: Setting CVar [[r.VolumetricFog.HistoryMissSupersampleCount:4]]
[2020.10.06-08.58.40:279][  0]LogConfig: Setting CVar [[r.LightMaxDrawDistanceScale:1]]
[2020.10.06-08.58.40:279][  0]LogConfig: Setting CVar [[r.CapsuleShadows:1]]
[2020.10.06-08.58.40:280][  0]LogConfig: Applying CVar settings from Section [PostProcessQuality@3] File [C:/Users/Christian Hinkle/Documents/Unreal Projects/SonicSiege/SonicSiege/Saved/Config/Windows/Scalability.ini]
[2020.10.06-08.58.40:280][  0]LogConfig: Setting CVar [[r.MotionBlurQuality:4]]
[2020.10.06-08.58.40:280][  0]LogConfig: Setting CVar [[r.AmbientOcclusionMipLevelFactor:0.4]]
[2020.10.06-08.58.40:280][  0]LogConfig: Setting CVar [[r.AmbientOcclusionMaxQuality:100]]
[2020.10.06-08.58.40:280][  0]LogConfig: Setting CVar [[r.AmbientOcclusionLevels:-1]]
[2020.10.06-08.58.40:280][  0]LogConfig: Setting CVar [[r.AmbientOcclusionRadiusScale:1.0]]
[2020.10.06-08.58.40:280][  0]LogConfig: Setting CVar [[r.DepthOfFieldQuality:2]]
[2020.10.06-08.58.40:280][  0]LogConfig: Setting CVar [[r.RenderTargetPoolMin:400]]
[2020.10.06-08.58.40:280][  0]LogConfig: Setting CVar [[r.LensFlareQuality:2]]
[2020.10.06-08.58.40:280][  0]LogConfig: Setting CVar [[r.SceneColorFringeQuality:1]]
[2020.10.06-08.58.40:280][  0]LogConfig: Setting CVar [[r.EyeAdaptationQuality:2]]
[2020.10.06-08.58.40:280][  0]LogConfig: Setting CVar [[r.BloomQuality:5]]
[2020.10.06-08.58.40:280][  0]LogConfig: Setting CVar [[r.FastBlurThreshold:100]]
[2020.10.06-08.58.40:280][  0]LogConfig: Setting CVar [[r.Upscale.Quality:3]]
[2020.10.06-08.58.40:280][  0]LogConfig: Setting CVar [[r.Tonemapper.GrainQuantization:1]]
[2020.10.06-08.58.40:281][  0]LogConfig: Setting CVar [[r.LightShaftQuality:1]]
[2020.10.06-08.58.40:281][  0]LogConfig: Setting CVar [[r.Filter.SizeScale:1]]
[2020.10.06-08.58.40:281][  0]LogConfig: Setting CVar [[r.Tonemapper.Quality:5]]
[2020.10.06-08.58.40:281][  0]LogConfig: Setting CVar [[r.DOF.Gather.AccumulatorQuality:1        ; higher gathering accumulator quality]]
[2020.10.06-08.58.40:281][  0]LogConfig: Setting CVar [[r.DOF.Gather.PostfilterMethod:1          ; Median3x3 postfilering method]]
[2020.10.06-08.58.40:281][  0]LogConfig: Setting CVar [[r.DOF.Gather.EnableBokehSettings:0       ; no bokeh simulation when gathering]]
[2020.10.06-08.58.40:281][  0]LogConfig: Setting CVar [[r.DOF.Gather.RingCount:4                 ; medium number of samples when gathering]]
[2020.10.06-08.58.40:281][  0]LogConfig: Setting CVar [[r.DOF.Scatter.ForegroundCompositing:1    ; additive foreground scattering]]
[2020.10.06-08.58.40:281][  0]LogConfig: Setting CVar [[r.DOF.Scatter.BackgroundCompositing:2    ; additive background scattering]]
[2020.10.06-08.58.40:281][  0]LogConfig: Setting CVar [[r.DOF.Scatter.EnableBokehSettings:1      ; bokeh simulation when scattering]]
[2020.10.06-08.58.40:281][  0]LogConfig: Setting CVar [[r.DOF.Scatter.MaxSpriteRatio:0.1         ; only a maximum of 10% of scattered bokeh]]
[2020.10.06-08.58.40:281][  0]LogConfig: Setting CVar [[r.DOF.Recombine.Quality:1                ; cheap slight out of focus]]
[2020.10.06-08.58.40:281][  0]LogConfig: Setting CVar [[r.DOF.Recombine.EnableBokehSettings:0    ; no bokeh simulation on slight out of focus]]
[2020.10.06-08.58.40:281][  0]LogConfig: Setting CVar [[r.DOF.TemporalAAQuality:1                ; more stable temporal accumulation]]
[2020.10.06-08.58.40:281][  0]LogConfig: Setting CVar [[r.DOF.Kernel.MaxForegroundRadius:0.025]]
[2020.10.06-08.58.40:282][  0]LogConfig: Setting CVar [[r.DOF.Kernel.MaxBackgroundRadius:0.025]]
[2020.10.06-08.58.40:282][  0]LogConfig: Applying CVar settings from Section [TextureQuality@3] File [C:/Users/Christian Hinkle/Documents/Unreal Projects/SonicSiege/SonicSiege/Saved/Config/Windows/Scalability.ini]
[2020.10.06-08.58.40:282][  0]LogConfig: Setting CVar [[r.Streaming.MipBias:0]]
[2020.10.06-08.58.40:282][  0]LogConfig: Setting CVar [[r.Streaming.AmortizeCPUToGPUCopy:0]]
[2020.10.06-08.58.40:282][  0]LogConfig: Setting CVar [[r.Streaming.MaxNumTexturesToStreamPerFrame:0]]
[2020.10.06-08.58.40:282][  0]LogConfig: Setting CVar [[r.Streaming.Boost:1]]
[2020.10.06-08.58.40:282][  0]LogConfig: Setting CVar [[r.MaxAnisotropy:8]]
[2020.10.06-08.58.40:282][  0]LogConfig: Setting CVar [[r.VT.MaxAnisotropy:8]]
[2020.10.06-08.58.40:282][  0]LogConfig: Setting CVar [[r.Streaming.LimitPoolSizeToVRAM:0]]
[2020.10.06-08.58.40:282][  0]LogConfig: Setting CVar [[r.Streaming.PoolSize:1000]]
[2020.10.06-08.58.40:282][  0]LogConfig: Setting CVar [[r.Streaming.MaxEffectiveScreenSize:0]]
[2020.10.06-08.58.40:282][  0]LogConfig: Applying CVar settings from Section [EffectsQuality@3] File [C:/Users/Christian Hinkle/Documents/Unreal Projects/SonicSiege/SonicSiege/Saved/Config/Windows/Scalability.ini]
[2020.10.06-08.58.40:282][  0]LogConfig: Setting CVar [[r.TranslucencyLightingVolumeDim:64]]
[2020.10.06-08.58.40:283][  0]LogConfig: Setting CVar [[r.RefractionQuality:2]]
[2020.10.06-08.58.40:283][  0]LogConfig: Setting CVar [[r.SSR.Quality:3]]
[2020.10.06-08.58.40:283][  0]LogConfig: Setting CVar [[r.SSR.HalfResSceneColor:0]]
[2020.10.06-08.58.40:283][  0]LogConfig: Setting CVar [[r.SceneColorFormat:4]]
[2020.10.06-08.58.40:283][  0]LogConfig: Setting CVar [[r.DetailMode:2]]
[2020.10.06-08.58.40:283][  0]LogConfig: Setting CVar [[r.TranslucencyVolumeBlur:1]]
[2020.10.06-08.58.40:283][  0]LogConfig: Setting CVar [[r.MaterialQualityLevel:1 ; High quality]]
[2020.10.06-08.58.40:283][  0]LogConfig: Setting CVar [[r.SSS.Scale:1]]
[2020.10.06-08.58.40:283][  0]LogConfig: Setting CVar [[r.SSS.SampleSet:2]]
[2020.10.06-08.58.40:283][  0]LogConfig: Setting CVar [[r.SSS.Quality:1]]
[2020.10.06-08.58.40:283][  0]LogConfig: Setting CVar [[r.SSS.HalfRes:0]]
[2020.10.06-08.58.40:283][  0]LogConfig: Setting CVar [[r.SSGI.Quality:3]]
[2020.10.06-08.58.40:283][  0]LogConfig: Setting CVar [[r.EmitterSpawnRateScale:1.0]]
[2020.10.06-08.58.40:283][  0]LogConfig: Setting CVar [[r.ParticleLightQuality:2]]
[2020.10.06-08.58.40:283][  0]LogConfig: Setting CVar [[r.SkyAtmosphere.AerialPerspectiveLUT.FastApplyOnOpaque:1 ; Always have FastSkyLUT 1 in this case to avoid wrong sky]]
[2020.10.06-08.58.40:283][  0]LogConfig: Setting CVar [[r.SkyAtmosphere.AerialPerspectiveLUT.SampleCountPerSlice:1]]
[2020.10.06-08.58.40:283][  0]LogConfig: Setting CVar [[r.SkyAtmosphere.AerialPerspectiveLUT.DepthResolution:16.0]]
[2020.10.06-08.58.40:284][  0]LogConfig: Setting CVar [[r.SkyAtmosphere.FastSkyLUT:1]]
[2020.10.06-08.58.40:284][  0]LogConfig: Setting CVar [[r.SkyAtmosphere.FastSkyLUT.SampleCountMin:4.0]]
[2020.10.06-08.58.40:284][  0]LogConfig: Setting CVar [[r.SkyAtmosphere.FastSkyLUT.SampleCountMax:32.0]]
[2020.10.06-08.58.40:284][  0]LogConfig: Setting CVar [[r.SkyAtmosphere.SampleCountMin:4.0]]
[2020.10.06-08.58.40:284][  0]LogConfig: Setting CVar [[r.SkyAtmosphere.SampleCountMax:32.0]]
[2020.10.06-08.58.40:284][  0]LogConfig: Setting CVar [[r.SkyAtmosphere.TransmittanceLUT.UseSmallFormat:0]]
[2020.10.06-08.58.40:284][  0]LogConfig: Setting CVar [[r.SkyAtmosphere.TransmittanceLUT.SampleCount:10.0]]
[2020.10.06-08.58.40:284][  0]LogConfig: Setting CVar [[r.SkyAtmosphere.MultiScatteringLUT.SampleCount:15.0]]
[2020.10.06-08.58.40:284][  0]LogConfig: Applying CVar settings from Section [FoliageQuality@3] File [C:/Users/Christian Hinkle/Documents/Unreal Projects/SonicSiege/SonicSiege/Saved/Config/Windows/Scalability.ini]
[2020.10.06-08.58.40:284][  0]LogConfig: Setting CVar [[foliage.DensityScale:1.0]]
[2020.10.06-08.58.40:284][  0]LogConfig: Setting CVar [[grass.DensityScale:1.0]]
[2020.10.06-08.58.40:284][  0]LogConfig: Applying CVar settings from Section [ShadingQuality@3] File [C:/Users/Christian Hinkle/Documents/Unreal Projects/SonicSiege/SonicSiege/Saved/Config/Windows/Scalability.ini]
[2020.10.06-08.58.40:284][  0]LogConfig: Setting CVar [[r.HairStrands.SkyLighting.SampleCount:16]]
[2020.10.06-08.58.40:284][  0]LogConfig: Setting CVar [[r.HairStrands.SkyLighting.JitterIntegration:0]]
[2020.10.06-08.58.40:284][  0]LogConfig: Setting CVar [[r.HairStrands.SkyAO.SampleCount:16]]
[2020.10.06-08.58.40:284][  0]LogConfig: Setting CVar [[r.HairStrands.DeepShadow.SuperSampling:0]]
[2020.10.06-08.58.40:284][  0]LogConfig: Setting CVar [[r.HairStrands.VisibilityPPLL:0]]
[2020.10.06-08.58.40:284][  0]LogConfig: Setting CVar [[r.HairStrands.RasterizationScale:0.5]]
[2020.10.06-08.58.40:285][  0]LogConfig: Setting CVar [[r.HairStrands.VelocityRasterizationScale:1]]
[2020.10.06-08.58.40:285][  0]LogInit: Selected Device Profile: [Windows]
[2020.10.06-08.58.40:285][  0]LogInit: Applying CVar settings loaded from the selected device profile: [Windows]
[2020.10.06-08.58.40:285][  0]LogHAL: Display: Platform has ~ 16 GB [17128710144 / 17179869184 / 16], which maps to Larger [LargestMinGB=32, LargerMinGB=12, DefaultMinGB=8, SmallerMinGB=6, SmallestMinGB=0)
[2020.10.06-08.58.40:285][  0]LogInit: Going up to parent DeviceProfile []
[2020.10.06-08.58.40:285][  0]LogConfig: Applying CVar settings from Section [ViewDistanceQuality@3] File [C:/Users/Christian Hinkle/Documents/Unreal Projects/SonicSiege/SonicSiege/Saved/Config/Windows/Scalability.ini]
[2020.10.06-08.58.40:285][  0]LogConfig: Setting CVar [[r.SkeletalMeshLODBias:0]]
[2020.10.06-08.58.40:285][  0]LogConfig: Setting CVar [[r.ViewDistanceScale:1.0]]
[2020.10.06-08.58.40:285][  0]LogConfig: Applying CVar settings from Section [AntiAliasingQuality@3] File [C:/Users/Christian Hinkle/Documents/Unreal Projects/SonicSiege/SonicSiege/Saved/Config/Windows/Scalability.ini]
[2020.10.06-08.58.40:285][  0]LogConfig: Setting CVar [[r.PostProcessAAQuality:4]]
[2020.10.06-08.58.40:285][  0]LogConfig: Applying CVar settings from Section [ShadowQuality@3] File [C:/Users/Christian Hinkle/Documents/Unreal Projects/SonicSiege/SonicSiege/Saved/Config/Windows/Scalability.ini]
[2020.10.06-08.58.40:285][  0]LogConfig: Setting CVar [[r.LightFunctionQuality:1]]
[2020.10.06-08.58.40:285][  0]LogConfig: Setting CVar [[r.ShadowQuality:5]]
[2020.10.06-08.58.40:285][  0]LogConfig: Setting CVar [[r.Shadow.CSM.MaxCascades:10]]
[2020.10.06-08.58.40:285][  0]LogConfig: Setting CVar [[r.Shadow.MaxResolution:2048]]
[2020.10.06-08.58.40:286][  0]LogConfig: Setting CVar [[r.Shadow.MaxCSMResolution:2048]]
[2020.10.06-08.58.40:286][  0]LogConfig: Setting CVar [[r.Shadow.RadiusThreshold:0.01]]
[2020.10.06-08.58.40:286][  0]LogConfig: Setting CVar [[r.Shadow.DistanceScale:1.0]]
[2020.10.06-08.58.40:286][  0]LogConfig: Setting CVar [[r.Shadow.CSM.TransitionScale:1.0]]
[2020.10.06-08.58.40:286][  0]LogConfig: Setting CVar [[r.Shadow.PreShadowResolutionFactor:1.0]]
[2020.10.06-08.58.40:286][  0]LogConfig: Setting CVar [[r.DistanceFieldShadowing:1]]
[2020.10.06-08.58.40:286][  0]LogConfig: Setting CVar [[r.DistanceFieldAO:1]]
[2020.10.06-08.58.40:286][  0]LogConfig: Setting CVar [[r.AOQuality:2]]
[2020.10.06-08.58.40:286][  0]LogConfig: Setting CVar [[r.VolumetricFog:1]]
[2020.10.06-08.58.40:286][  0]LogConfig: Setting CVar [[r.VolumetricFog.GridPixelSize:8]]
[2020.10.06-08.58.40:286][  0]LogConfig: Setting CVar [[r.VolumetricFog.GridSizeZ:128]]
[2020.10.06-08.58.40:286][  0]LogConfig: Setting CVar [[r.VolumetricFog.HistoryMissSupersampleCount:4]]
[2020.10.06-08.58.40:286][  0]LogConfig: Setting CVar [[r.LightMaxDrawDistanceScale:1]]
[2020.10.06-08.58.40:286][  0]LogConfig: Setting CVar [[r.CapsuleShadows:1]]
[2020.10.06-08.58.40:286][  0]LogConfig: Applying CVar settings from Section [PostProcessQuality@3] File [C:/Users/Christian Hinkle/Documents/Unreal Projects/SonicSiege/SonicSiege/Saved/Config/Windows/Scalability.ini]
[2020.10.06-08.58.40:286][  0]LogConfig: Setting CVar [[r.MotionBlurQuality:4]]
[2020.10.06-08.58.40:286][  0]LogConfig: Setting CVar [[r.AmbientOcclusionMipLevelFactor:0.4]]
[2020.10.06-08.58.40:286][  0]LogConfig: Setting CVar [[r.AmbientOcclusionMaxQuality:100]]
[2020.10.06-08.58.40:286][  0]LogConfig: Setting CVar [[r.AmbientOcclusionLevels:-1]]
[2020.10.06-08.58.40:286][  0]LogConfig: Setting CVar [[r.AmbientOcclusionRadiusScale:1.0]]
[2020.10.06-08.58.40:287][  0]LogConfig: Setting CVar [[r.DepthOfFieldQuality:2]]
[2020.10.06-08.58.40:287][  0]LogConfig: Setting CVar [[r.RenderTargetPoolMin:400]]
[2020.10.06-08.58.40:287][  0]LogConfig: Setting CVar [[r.LensFlareQuality:2]]
[2020.10.06-08.58.40:287][  0]LogConfig: Setting CVar [[r.SceneColorFringeQuality:1]]
[2020.10.06-08.58.40:287][  0]LogConfig: Setting CVar [[r.EyeAdaptationQuality:2]]
[2020.10.06-08.58.40:287][  0]LogConfig: Setting CVar [[r.BloomQuality:5]]
[2020.10.06-08.58.40:287][  0]LogConfig: Setting CVar [[r.FastBlurThreshold:100]]
[2020.10.06-08.58.40:287][  0]LogConfig: Setting CVar [[r.Upscale.Quality:3]]
[2020.10.06-08.58.40:287][  0]LogConfig: Setting CVar [[r.Tonemapper.GrainQuantization:1]]
[2020.10.06-08.58.40:287][  0]LogConfig: Setting CVar [[r.LightShaftQuality:1]]
[2020.10.06-08.58.40:287][  0]LogConfig: Setting CVar [[r.Filter.SizeScale:1]]
[2020.10.06-08.58.40:287][  0]LogConfig: Setting CVar [[r.Tonemapper.Quality:5]]
[2020.10.06-08.58.40:287][  0]LogConfig: Setting CVar [[r.DOF.Gather.AccumulatorQuality:1        ; higher gathering accumulator quality]]
[2020.10.06-08.58.40:287][  0]LogConfig: Setting CVar [[r.DOF.Gather.PostfilterMethod:1          ; Median3x3 postfilering method]]
[2020.10.06-08.58.40:287][  0]LogConfig: Setting CVar [[r.DOF.Gather.EnableBokehSettings:0       ; no bokeh simulation when gathering]]
[2020.10.06-08.58.40:287][  0]LogConfig: Setting CVar [[r.DOF.Gather.RingCount:4                 ; medium number of samples when gathering]]
[2020.10.06-08.58.40:287][  0]LogConfig: Setting CVar [[r.DOF.Scatter.ForegroundCompositing:1    ; additive foreground scattering]]
[2020.10.06-08.58.40:287][  0]LogConfig: Setting CVar [[r.DOF.Scatter.BackgroundCompositing:2    ; additive background scattering]]
[2020.10.06-08.58.40:287][  0]LogConfig: Setting CVar [[r.DOF.Scatter.EnableBokehSettings:1      ; bokeh simulation when scattering]]
[2020.10.06-08.58.40:287][  0]LogConfig: Setting CVar [[r.DOF.Scatter.MaxSpriteRatio:0.1         ; only a maximum of 10% of scattered bokeh]]
[2020.10.06-08.58.40:287][  0]LogConfig: Setting CVar [[r.DOF.Recombine.Quality:1                ; cheap slight out of focus]]
[2020.10.06-08.58.40:287][  0]LogConfig: Setting CVar [[r.DOF.Recombine.EnableBokehSettings:0    ; no bokeh simulation on slight out of focus]]
[2020.10.06-08.58.40:288][  0]LogConfig: Setting CVar [[r.DOF.TemporalAAQuality:1                ; more stable temporal accumulation]]
[2020.10.06-08.58.40:288][  0]LogConfig: Setting CVar [[r.DOF.Kernel.MaxForegroundRadius:0.025]]
[2020.10.06-08.58.40:288][  0]LogConfig: Setting CVar [[r.DOF.Kernel.MaxBackgroundRadius:0.025]]
[2020.10.06-08.58.40:288][  0]LogConfig: Applying CVar settings from Section [TextureQuality@3] File [C:/Users/Christian Hinkle/Documents/Unreal Projects/SonicSiege/SonicSiege/Saved/Config/Windows/Scalability.ini]
[2020.10.06-08.58.40:288][  0]LogConfig: Setting CVar [[r.Streaming.MipBias:0]]
[2020.10.06-08.58.40:288][  0]LogConfig: Setting CVar [[r.Streaming.AmortizeCPUToGPUCopy:0]]
[2020.10.06-08.58.40:288][  0]LogConfig: Setting CVar [[r.Streaming.MaxNumTexturesToStreamPerFrame:0]]
[2020.10.06-08.58.40:288][  0]LogConfig: Setting CVar [[r.Streaming.Boost:1]]
[2020.10.06-08.58.40:288][  0]LogConfig: Setting CVar [[r.MaxAnisotropy:8]]
[2020.10.06-08.58.40:288][  0]LogConfig: Setting CVar [[r.VT.MaxAnisotropy:8]]
[2020.10.06-08.58.40:288][  0]LogConfig: Setting CVar [[r.Streaming.LimitPoolSizeToVRAM:0]]
[2020.10.06-08.58.40:288][  0]LogConfig: Setting CVar [[r.Streaming.PoolSize:1000]]
[2020.10.06-08.58.40:288][  0]LogConfig: Setting CVar [[r.Streaming.MaxEffectiveScreenSize:0]]
[2020.10.06-08.58.40:288][  0]LogConfig: Applying CVar settings from Section [EffectsQuality@3] File [C:/Users/Christian Hinkle/Documents/Unreal Projects/SonicSiege/SonicSiege/Saved/Config/Windows/Scalability.ini]
[2020.10.06-08.58.40:288][  0]LogConfig: Setting CVar [[r.TranslucencyLightingVolumeDim:64]]
[2020.10.06-08.58.40:288][  0]LogConfig: Setting CVar [[r.RefractionQuality:2]]
[2020.10.06-08.58.40:288][  0]LogConfig: Setting CVar [[r.SSR.Quality:3]]
[2020.10.06-08.58.40:288][  0]LogConfig: Setting CVar [[r.SSR.HalfResSceneColor:0]]
[2020.10.06-08.58.40:288][  0]LogConfig: Setting CVar [[r.SceneColorFormat:4]]
[2020.10.06-08.58.40:288][  0]LogConfig: Setting CVar [[r.DetailMode:2]]
[2020.10.06-08.58.40:288][  0]LogConfig: Setting CVar [[r.TranslucencyVolumeBlur:1]]
[2020.10.06-08.58.40:289][  0]LogConfig: Setting CVar [[r.MaterialQualityLevel:1 ; High quality]]
[2020.10.06-08.58.40:289][  0]LogConfig: Setting CVar [[r.SSS.Scale:1]]
[2020.10.06-08.58.40:289][  0]LogConfig: Setting CVar [[r.SSS.SampleSet:2]]
[2020.10.06-08.58.40:289][  0]LogConfig: Setting CVar [[r.SSS.Quality:1]]
[2020.10.06-08.58.40:289][  0]LogConfig: Setting CVar [[r.SSS.HalfRes:0]]
[2020.10.06-08.58.40:289][  0]LogConfig: Setting CVar [[r.SSGI.Quality:3]]
[2020.10.06-08.58.40:289][  0]LogConfig: Setting CVar [[r.EmitterSpawnRateScale:1.0]]
[2020.10.06-08.58.40:289][  0]LogConfig: Setting CVar [[r.ParticleLightQuality:2]]
[2020.10.06-08.58.40:289][  0]LogConfig: Setting CVar [[r.SkyAtmosphere.AerialPerspectiveLUT.FastApplyOnOpaque:1 ; Always have FastSkyLUT 1 in this case to avoid wrong sky]]
[2020.10.06-08.58.40:289][  0]LogConfig: Setting CVar [[r.SkyAtmosphere.AerialPerspectiveLUT.SampleCountPerSlice:1]]
[2020.10.06-08.58.40:289][  0]LogConfig: Setting CVar [[r.SkyAtmosphere.AerialPerspectiveLUT.DepthResolution:16.0]]
[2020.10.06-08.58.40:289][  0]LogConfig: Setting CVar [[r.SkyAtmosphere.FastSkyLUT:1]]
[2020.10.06-08.58.40:289][  0]LogConfig: Setting CVar [[r.SkyAtmosphere.FastSkyLUT.SampleCountMin:4.0]]
[2020.10.06-08.58.40:289][  0]LogConfig: Setting CVar [[r.SkyAtmosphere.FastSkyLUT.SampleCountMax:32.0]]
[2020.10.06-08.58.40:289][  0]LogConfig: Setting CVar [[r.SkyAtmosphere.SampleCountMin:4.0]]
[2020.10.06-08.58.40:289][  0]LogConfig: Setting CVar [[r.SkyAtmosphere.SampleCountMax:32.0]]
[2020.10.06-08.58.40:289][  0]LogConfig: Setting CVar [[r.SkyAtmosphere.TransmittanceLUT.UseSmallFormat:0]]
[2020.10.06-08.58.40:289][  0]LogConfig: Setting CVar [[r.SkyAtmosphere.TransmittanceLUT.SampleCount:10.0]]
[2020.10.06-08.58.40:289][  0]LogConfig: Setting CVar [[r.SkyAtmosphere.MultiScatteringLUT.SampleCount:15.0]]
[2020.10.06-08.58.40:290][  0]LogConfig: Applying CVar settings from Section [FoliageQuality@3] File [C:/Users/Christian Hinkle/Documents/Unreal Projects/SonicSiege/SonicSiege/Saved/Config/Windows/Scalability.ini]
[2020.10.06-08.58.40:290][  0]LogConfig: Setting CVar [[foliage.DensityScale:1.0]]
[2020.10.06-08.58.40:290][  0]LogConfig: Setting CVar [[grass.DensityScale:1.0]]
[2020.10.06-08.58.40:290][  0]LogConfig: Applying CVar settings from Section [ShadingQuality@3] File [C:/Users/Christian Hinkle/Documents/Unreal Projects/SonicSiege/SonicSiege/Saved/Config/Windows/Scalability.ini]
[2020.10.06-08.58.40:290][  0]LogConfig: Setting CVar [[r.HairStrands.SkyLighting.SampleCount:16]]
[2020.10.06-08.58.40:290][  0]LogConfig: Setting CVar [[r.HairStrands.SkyLighting.JitterIntegration:0]]
[2020.10.06-08.58.40:290][  0]LogConfig: Setting CVar [[r.HairStrands.SkyAO.SampleCount:16]]
[2020.10.06-08.58.40:290][  0]LogConfig: Setting CVar [[r.HairStrands.DeepShadow.SuperSampling:0]]
[2020.10.06-08.58.40:290][  0]LogConfig: Setting CVar [[r.HairStrands.VisibilityPPLL:0]]
[2020.10.06-08.58.40:290][  0]LogConfig: Setting CVar [[r.HairStrands.RasterizationScale:0.5]]
[2020.10.06-08.58.40:290][  0]LogConfig: Setting CVar [[r.HairStrands.VelocityRasterizationScale:1]]
[2020.10.06-08.58.40:290][  0]LogConfig: Applying CVar settings from Section [Startup] File [../../../Engine/Config/ConsoleVariables.ini]
[2020.10.06-08.58.40:290][  0]LogConfig: Setting CVar [[p.chaos.AllowCreatePhysxBodies:1]]
[2020.10.06-08.58.40:290][  0]LogConfig: Setting CVar [[fx.SkipVectorVMBackendOptimizations:1]]
[2020.10.06-08.58.40:291][  0]LogConfig: Applying CVar settings from Section [ConsoleVariables] File [C:/Users/Christian Hinkle/Documents/Unreal Projects/SonicSiege/SonicSiege/Saved/Config/Windows/Engine.ini]
[2020.10.06-08.58.40:291][  0]LogInit: Computer: DESKTOP-IM4T8T4
[2020.10.06-08.58.40:291][  0]LogInit: User: Christian
[2020.10.06-08.58.40:291][  0]LogInit: CPU Page size=4096, Cores=6
[2020.10.06-08.58.40:291][  0]LogInit: High frequency timer resolution =10.000000 MHz
[2020.10.06-08.58.40:291][  0]LogMemory: Memory total: Physical=16.0GB (16GB approx)
[2020.10.06-08.58.40:291][  0]LogMemory: Platform Memory Stats for Windows
[2020.10.06-08.58.40:291][  0]LogMemory: Process Physical Memory: 117.77 MB used, 117.77 MB peak
[2020.10.06-08.58.40:291][  0]LogMemory: Process Virtual Memory: 97.14 MB used, 97.14 MB peak
[2020.10.06-08.58.40:291][  0]LogMemory: Physical Memory: 11321.81 MB used,  5013.40 MB free, 16335.21 MB total
[2020.10.06-08.58.40:292][  0]LogMemory: Virtual Memory: 5170.96 MB used,  134212560.00 MB free, 134217728.00 MB total
[2020.10.06-08.58.40:309][  0]LogWindows: WindowsPlatformFeatures enabled
[2020.10.06-08.58.40:523][  0]LogInit: Physics initialised using underlying interface: PhysX
[2020.10.06-08.58.40:525][  0]LogInit: Using OS detected language (en-US).
[2020.10.06-08.58.40:525][  0]LogInit: Using OS detected locale (en-US).
[2020.10.06-08.58.40:535][  0]LogTextLocalizationManager: No specific localization for 'en-US' exists, so the 'en' localization will be used.
[2020.10.06-08.58.40:901][  0]LogInit: Setting process to per monitor DPI aware
[2020.10.06-08.58.41:032][  0]LogSlate: New Slate User Created.  User Index 0, Is Virtual User: 0
[2020.10.06-08.58.41:033][  0]LogSlate: Slate User Registered.  User Index 0, Is Virtual User: 0
[2020.10.06-08.58.44:543][  0]LogHMD: Failed to initialize OpenVR with code 110
[2020.10.06-08.58.44:543][  0]LogD3D11RHI: D3D11 min allowed feature level: 11_0
[2020.10.06-08.58.44:544][  0]LogD3D11RHI: D3D11 max allowed feature level: 11_0
[2020.10.06-08.58.44:544][  0]LogD3D11RHI: D3D11 adapters:
[2020.10.06-08.58.44:595][  0]LogD3D11RHI:    0. 'Radeon RX Vega' (Feature Level 11_0)
[2020.10.06-08.58.44:595][  0]LogD3D11RHI:       8119/0/8167 MB DedicatedVideo/DedicatedSystem/SharedSystem, Outputs:1, VendorId:0x1002
[2020.10.06-08.58.44:603][  0]LogD3D11RHI:    1. 'Microsoft Basic Render Driver' (Feature Level 11_0)
[2020.10.06-08.58.44:603][  0]LogD3D11RHI:       0/0/8167 MB DedicatedVideo/DedicatedSystem/SharedSystem, Outputs:0, VendorId:0x1414
[2020.10.06-08.58.44:603][  0]LogD3D11RHI: Chosen D3D11 Adapter: 0
[2020.10.06-08.58.44:613][  0]LogD3D11RHI: Creating new Direct3DDevice
[2020.10.06-08.58.44:613][  0]LogD3D11RHI:     GPU DeviceId: 0x687f (for the marketing name, search the web for "GPU Device Id")
[2020.10.06-08.58.44:613][  0]LogWindows: EnumDisplayDevices:
[2020.10.06-08.58.44:613][  0]LogWindows:    0. 'Radeon RX Vega' (P:1 D:1)
[2020.10.06-08.58.44:614][  0]LogWindows:    1. 'Radeon RX Vega' (P:0 D:0)
[2020.10.06-08.58.44:614][  0]LogWindows:    2. 'Radeon RX Vega' (P:0 D:0)
[2020.10.06-08.58.44:615][  0]LogWindows:    3. 'Radeon RX Vega' (P:0 D:0)
[2020.10.06-08.58.44:615][  0]LogWindows:    4. 'Radeon RX Vega' (P:0 D:0)
[2020.10.06-08.58.44:616][  0]LogWindows:    5. 'Radeon RX Vega' (P:0 D:0)
[2020.10.06-08.58.44:616][  0]LogWindows:    6. 'Radeon RX Vega' (P:0 D:0)
[2020.10.06-08.58.44:617][  0]LogWindows:    7. 'Radeon RX Vega' (P:0 D:0)
[2020.10.06-08.58.44:617][  0]LogWindows: DebugString: FoundDriverCount:8 
[2020.10.06-08.58.44:617][  0]LogD3D11RHI:     Adapter Name: Radeon RX Vega
[2020.10.06-08.58.44:617][  0]LogD3D11RHI:   Driver Version: Adrenalin 2020 20.4.2 (internal:26.20.15029.27017, unified:26.20.15029.27017)
[2020.10.06-08.58.44:617][  0]LogD3D11RHI:      Driver Date: 5-15-2020
[2020.10.06-08.58.44:617][  0]LogRHI: Texture pool is 4831 MB (70% of 6901 MB)
[2020.10.06-08.58.44:685][  0]LogD3D11RHI: RHI has support for 64 bit atomics
[2020.10.06-08.58.44:685][  0]LogD3D11RHI: Async texture creation enabled
[2020.10.06-08.58.44:685][  0]LogD3D11RHI: Array index from any shader is supported
[2020.10.06-08.58.44:697][  0]LogD3D11RHI: GPU Timing Frequency: 27.000000 (Debug: 2 1)
[2020.10.06-08.58.44:980][  0]LogTargetPlatformManager: Display: Loaded TargetPlatform 'AllDesktop'
[2020.10.06-08.58.45:021][  0]LogTargetPlatformManager: Display: Loaded TargetPlatform 'Android'
[2020.10.06-08.58.45:021][  0]LogTargetPlatformManager: Display: Loaded TargetPlatform 'Android_ASTC'
[2020.10.06-08.58.45:021][  0]LogTargetPlatformManager: Display: Loaded TargetPlatform 'Android_DXT'
[2020.10.06-08.58.45:021][  0]LogTargetPlatformManager: Display: Loaded TargetPlatform 'Android_ETC2'
[2020.10.06-08.58.45:021][  0]LogTargetPlatformManager: Display: Loaded TargetPlatform 'AndroidClient'
[2020.10.06-08.58.45:021][  0]LogTargetPlatformManager: Display: Loaded TargetPlatform 'Android_ASTCClient'
[2020.10.06-08.58.45:021][  0]LogTargetPlatformManager: Display: Loaded TargetPlatform 'Android_DXTClient'
[2020.10.06-08.58.45:021][  0]LogTargetPlatformManager: Display: Loaded TargetPlatform 'Android_ETC2Client'
[2020.10.06-08.58.45:021][  0]LogTargetPlatformManager: Display: Loaded TargetPlatform 'Android_Multi'
[2020.10.06-08.58.45:021][  0]LogTargetPlatformManager: Display: Loaded TargetPlatform 'Android_MultiClient'
[2020.10.06-08.58.45:098][  0]LogTargetPlatformManager: Display: Loaded TargetPlatform 'IOSClient'
[2020.10.06-08.58.45:098][  0]LogTargetPlatformManager: Display: Loaded TargetPlatform 'IOS'
[2020.10.06-08.58.45:161][  0]LogTargetPlatformManager: Display: Loaded TargetPlatform 'Lumin'
[2020.10.06-08.58.45:161][  0]LogTargetPlatformManager: Display: Loaded TargetPlatform 'LuminClient'
[2020.10.06-08.58.45:193][  0]LogTargetPlatformManager: Display: Loaded TargetPlatform 'TVOSClient'
[2020.10.06-08.58.45:193][  0]LogTargetPlatformManager: Display: Loaded TargetPlatform 'TVOS'
[2020.10.06-08.58.45:218][  0]LogTargetPlatformManager: Display: Loaded TargetPlatform 'WindowsNoEditor'
[2020.10.06-08.58.45:244][  0]LogTargetPlatformManager: Display: Loaded TargetPlatform 'Windows'
[2020.10.06-08.58.45:269][  0]LogTargetPlatformManager: Display: Loaded TargetPlatform 'WindowsClient'
[2020.10.06-08.58.45:294][  0]LogTargetPlatformManager: Display: Loaded TargetPlatform 'WindowsServer'
[2020.10.06-08.58.45:328][  0]LogTargetPlatformManager: Display: Loaded TargetPlatform 'XXX'
[2020.10.06-08.58.45:328][  0]LogTargetPlatformManager: Display: Building Assets For Windows
[2020.10.06-08.58.45:375][  0]LogAudioDebug: Display: Lib vorbis DLL was dynamically loaded.
[2020.10.06-08.58.45:678][  0]LogShaderCompilers: Guid format shader working directory is 7 characters bigger than the processId version (../../../../Unreal Projects/SonicSiege/SonicSiege/Intermediate/Shaders/WorkingDirectory/19388/).
[2020.10.06-08.58.45:678][  0]LogShaderCompilers: Cleaned the shader compiler working directory 'C:/Users/Christian Hinkle/AppData/Local/Temp/UnrealShaderWorkingDir/B8662E0640845EA7B54D63B619544F0E/'.
[2020.10.06-08.58.45:680][  0]LogXGEController: Cleaning working directory: C:/Users/Christian Hinkle/AppData/Local/Temp/UnrealXGEWorkingDir/
[2020.10.06-08.58.45:680][  0]LogXGEController: Cannot use XGE Controller as Incredibuild is not installed on this machine.
[2020.10.06-08.58.45:680][  0]LogShaderCompilers: Cannot use XGE Shader Compiler as Incredibuild is not installed on this machine.
[2020.10.06-08.58.45:680][  0]LogShaderCompilers: Display: Using Local Shader Compiler.
[2020.10.06-08.58.49:544][  0]LogDerivedDataCache: Display: Max Cache Size: 512 MB
[2020.10.06-08.58.49:597][  0]LogDerivedDataCache: Loaded boot cache 0.05s 75MB ../../../../Unreal Projects/SonicSiege/SonicSiege/DerivedDataCache/Boot.ddc.
[2020.10.06-08.58.49:598][  0]LogDerivedDataCache: Display: Loaded Boot cache: ../../../../Unreal Projects/SonicSiege/SonicSiege/DerivedDataCache/Boot.ddc
[2020.10.06-08.58.49:598][  0]LogDerivedDataCache: FDerivedDataBackendGraph:  Pak pak cache file ../../../../Unreal Projects/SonicSiege/SonicSiege/DerivedDataCache/DDC.ddp not found, will not use a pak cache.
[2020.10.06-08.58.49:598][  0]LogDerivedDataCache: Unable to find inner node Pak for hierarchical cache Hierarchy.
[2020.10.06-08.58.49:598][  0]LogDerivedDataCache: FDerivedDataBackendGraph:  EnginePak pak cache file ../../../Engine/DerivedDataCache/DDC.ddp not found, will not use a pak cache.
[2020.10.06-08.58.49:598][  0]LogDerivedDataCache: Unable to find inner node EnginePak for hierarchical cache Hierarchy.
[2020.10.06-08.58.49:601][  0]LogDerivedDataCache: Using Local data cache path ../../../Engine/DerivedDataCache: Writable
[2020.10.06-08.58.49:601][  0]LogDerivedDataCache: Shared data cache path not found in *engine.ini, will not use an Shared cache.
[2020.10.06-08.58.49:601][  0]LogDerivedDataCache: Unable to find inner node Shared for hierarchical cache Hierarchy.
[2020.10.06-08.58.49:654][  0]LogSlate: Using FreeType 2.10.0
[2020.10.06-08.58.49:677][  0]LogSlate: SlateFontServices - WITH_FREETYPE: 1, WITH_HARFBUZZ: 1
[2020.10.06-08.58.49:719][  0]LogAssetRegistry: FAssetRegistry took 0.0046 seconds to start up
[2020.10.06-08.58.49:990][  0]LogInit: Selected Device Profile: [Windows]
[2020.10.06-08.58.50:287][  0]LogMeshReduction: Using QuadricMeshReduction for automatic static mesh reduction
[2020.10.06-08.58.50:287][  0]LogMeshReduction: Using SimplygonMeshReduction for automatic skeletal mesh reduction
[2020.10.06-08.58.50:287][  0]LogMeshReduction: Using ProxyLODMeshReduction for automatic mesh merging
[2020.10.06-08.58.50:287][  0]LogMeshReduction: No distributed automatic mesh merging module available
[2020.10.06-08.58.50:287][  0]LogMeshMerging: No distributed automatic mesh merging module available
[2020.10.06-08.58.50:322][  0]LogNetVersion: SonicSiege 1.0.0, NetCL: 0, EngineNetVer: 14, GameNetVer: 0 (Checksum: 1397966116)
[2020.10.06-08.58.50:792][  0]LogAISub: UAISubsystem::UAISubsystem AISubsystem (0000024F2AFB2700), frame # 0
[2020.10.06-08.58.50:792][  0]LogAISub: UAISubsystem::UAISubsystem AIPerceptionSystem (0000024F2E3D11C0), frame # 0
[2020.10.06-08.58.50:793][  0]LogAISub: UAISubsystem::UAISubsystem EnvQueryManager (0000024F2AFE0200), frame # 0
[2020.10.06-08.58.50:899][  0]LogPackageLocalizationCache: Processed 21 localized package path(s) for 1 prioritized culture(s) in 0.097554 seconds
[2020.10.06-08.58.50:904][  0]LogUObjectArray: 15903 objects as part of root set at end of initial load.
[2020.10.06-08.58.50:904][  0]LogUObjectAllocator: 3962048 out of 0 bytes used by permanent object pool.
[2020.10.06-08.58.50:905][  0]LogUObjectArray: CloseDisregardForGC: 0/0 objects in disregard for GC pool
[2020.10.06-08.58.52:175][  0]LogPython: Using Python 2.7.14
[2020.10.06-08.58.53:879][  0]LogTcpMessaging: Initializing TcpMessaging bridge
[2020.10.06-08.58.53:897][  0]LogUdpMessaging: Initializing bridge on interface 0.0.0.0:0 to multicast group 230.0.0.1:6666.
[2020.10.06-08.58.53:994][  0]LogGameplayTags: NetworkGameplayTagNodeIndexHash is 81673715
[2020.10.06-08.58.53:994][  0]LogStats: UGameplayTagsManager::InitializeManager -  0.004 s
[2020.10.06-08.58.54:546][  0]SourceControl: Source control is disabled
[2020.10.06-08.58.54:546][  0]SourceControl: Source control is disabled
[2020.10.06-08.58.54:576][  0]SourceControl: Source control is disabled
[2020.10.06-08.58.54:596][  0]SourceControl: Source control is disabled
[2020.10.06-08.58.54:634][  0]SourceControl: Source control is disabled
[2020.10.06-08.58.56:136][  0]LogAndroidPermission: UAndroidPermissionCallbackProxy::GetInstance
[2020.10.06-08.58.56:278][  0]LogAudioCaptureCore: Display: No Audio Capture implementations found. Audio input will be silent.
[2020.10.06-08.58.56:279][  0]LogAudioCaptureCore: Display: No Audio Capture implementations found. Audio input will be silent.
[2020.10.06-08.58.56:507][  0]LogOcInput: OculusInput pre-init called
[2020.10.06-08.58.56:563][  0]LogWindows: Failed to load 'OVRPlugin.dll' (GetLastError=126)
[2020.10.06-08.58.56:564][  0]LogWindows: File 'OVRPlugin.dll' does not exist
[2020.10.06-08.58.57:102][  0]LogEngine: Initializing Engine...
[2020.10.06-08.58.57:121][  0]LogHMD: Failed to initialize OpenVR with code 110
[2020.10.06-08.58.57:121][  0]LogMagicLeap: Warning: VR disabled because ZI is not enabled.  To enable, in the editor, Edit -> Project Settings -> Plugins -> Magic Leap Plugin -> Enable Zero Iteration
[2020.10.06-08.58.57:122][  0]LogUObjectGlobals: BeginLoad(/Engine/EngineDebugMaterials/LevelColorationLitMaterial) is flushing async loading
[2020.10.06-08.58.57:122][  0]LogStreaming: Display: Flushing async loaders.
[2020.10.06-08.58.57:298][  0]LogInit: Initializing FReadOnlyCVARCache
[2020.10.06-08.58.57:379][  0]LogAIModule: Creating AISystem for world Untitled
[2020.10.06-08.58.57:380][  0]LogAISub: UAISubsystem::UAISubsystem EnvQueryManager (0000024F3FC59600), frame # 0
[2020.10.06-08.58.57:380][  0]LogAISub: UAISubsystem::UAISubsystem AIPerceptionSystem (0000024F3FC66C00), frame # 0
[2020.10.06-08.58.57:447][  0]LogAudioMixer: Display: Audio Mixer Platform Settings:
[2020.10.06-08.58.57:447][  0]LogAudioMixer: Display: 	Sample Rate:						  48000
[2020.10.06-08.58.57:447][  0]LogAudioMixer: Display: 	Callback Buffer Frame Size Requested: 1024
[2020.10.06-08.58.57:447][  0]LogAudioMixer: Display: 	Callback Buffer Frame Size To Use:	  1024
[2020.10.06-08.58.57:447][  0]LogAudioMixer: Display: 	Number of buffers to queue:			  2
[2020.10.06-08.58.57:447][  0]LogAudioMixer: Display: 	Max Channels (voices):				  32
[2020.10.06-08.58.57:447][  0]LogAudioMixer: Display: 	Number of Async Source Workers:		  0
[2020.10.06-08.58.57:448][  0]LogAudio: Display: AudioDevice MaxSources: 32
[2020.10.06-08.58.57:450][  0]LogAudio: Display: Using built-in audio occlusion.
[2020.10.06-08.58.57:450][  0]LogAudioMixer: Display: Initializing audio mixer.
[2020.10.06-08.58.57:498][  0]LogAudioMixer: Display: 0: FrontLeft
[2020.10.06-08.58.57:498][  0]LogAudioMixer: Display: 1: FrontRight
[2020.10.06-08.58.57:575][  0]LogAudioMixer: Display: Using Audio Device VoiceMeeter Input (VB-Audio VoiceMeeter VAIO)
[2020.10.06-08.58.57:576][  0]LogAudioMixer: Display: Initializing Sound Submixes...
[2020.10.06-08.58.57:607][  0]LogAudioMixer: Display: Creating Master Submix 'MasterSubmixDefault'
[2020.10.06-08.58.57:607][  0]LogAudioMixer: Display: Creating Master Submix 'MasterReverbSubmixDefault'
[2020.10.06-08.58.57:609][  0]LogAudioMixer: Display: Creating Master Submix 'MasterEQSubmixDefault'
[2020.10.06-08.58.57:612][  0]LogInit: FAudioDevice initialized.
[2020.10.06-08.58.57:613][  0]LogNetVersion: Set ProjectVersion to 1.0.0.0. Version Checksum will be recalculated on next use.
[2020.10.06-08.58.57:704][  0]LogDerivedDataCache: Saved boot cache 0.09s 75MB ../../../../Unreal Projects/SonicSiege/SonicSiege/DerivedDataCache/Boot.ddc.
[2020.10.06-08.58.57:709][  0]LogInit: Texture streaming: Enabled
[2020.10.06-08.58.57:860][  0]LogEngineSessionManager: EngineSessionManager initialized
[2020.10.06-08.58.57:861][  0]LogEngineSessionManager: EngineSessionManager sent abnormal shutdown report. Type=Debugger, SessionId={C0711E30-4C44-F593-0A9C-07A627B0697A}
[2020.10.06-08.58.57:861][  0]LogEngineSessionManager: EngineSessionManager sent abnormal shutdown report. Type=Debugger, SessionId={C98041A8-4B91-BF9B-6896-5FB33C0C97F0}
[2020.10.06-08.58.57:861][  0]LogEditorSessionSummary: Verbose: Initializing EditorSessionSummaryWriter for editor session tracking
[2020.10.06-08.58.57:868][  0]LogEditorSessionSummary: EditorSessionSummaryWriter initialized
[2020.10.06-08.58.58:045][  0]LogInit: Transaction tracking system initialized
[2020.10.06-08.58.58:333][  0]BlueprintLog: New page: Editor Load
[2020.10.06-08.58.59:290][  0]LocalizationService: Localization service is disabled
[2020.10.06-08.59.00:919][  0]LogCook: Display: Max memory allowance for cook 16384mb min free memory 0mb
[2020.10.06-08.59.00:920][  0]LogCook: Display: Mobile HDR setting 1
[2020.10.06-08.59.00:930][  0]LogFileCache: Scanning file cache for directory 'C:/Users/Christian Hinkle/Documents/Unreal Projects/SonicSiege/SonicSiege/Content/' took 0.01s
[2020.10.06-08.59.00:930][  0]LogGameplayTags: NetworkGameplayTagNodeIndexHash is 81673715
[2020.10.06-08.59.00:930][  0]LogStats: FGameplayAbilitiesEditorModule::GameplayTagTreeChanged -  0.000 s
[2020.10.06-08.59.02:646][  0]LogStats: UGameplayCueManager::InitializeEditorObjectLibrary -  0.003 s
[2020.10.06-08.59.02:920][  0]SourceControl: Source control is disabled
[2020.10.06-08.59.02:920][  0]LogUnrealEdMisc: Loading editor; pre map load, took 25.334
[2020.10.06-08.59.02:920][  0]Cmd: MAP LOAD FILE="../../../../Unreal Projects/SonicSiege/SonicSiege/Content/Maps/MAP_Test.umap" TEMPLATE=0 SHOWPROGRESS=1 FEATURELEVEL=3
[2020.10.06-08.59.02:921][  0]LightingResults: New page: Lighting Build
[2020.10.06-08.59.02:927][  0]LogWorld: UWorld::CleanupWorld for Untitled, bSessionEnded=true, bCleanupResources=true
[2020.10.06-08.59.02:928][  0]LogSlate: InvalidateAllWidgets triggered.  All widgets were invalidated
[2020.10.06-08.59.02:930][  0]MapCheck: New page: Map Check
[2020.10.06-08.59.02:930][  0]LightingResults: New page: Lighting Build
[2020.10.06-08.59.02:957][  0]LogAISub: UAISubsystem::~UAISubsystem EnvQueryManager (0000024F3FC59600), frame # 0
[2020.10.06-08.59.02:957][  0]LogAISub: UAISubsystem::~UAISubsystem AIPerceptionSystem (0000024F3FC66C00), frame # 0
[2020.10.06-08.59.02:959][  0]LogUObjectHash: Compacting FUObjectHashTables data took   0.83ms
[2020.10.06-08.59.03:424][  0]LogAIModule: Creating AISystem for world MAP_Test
[2020.10.06-08.59.03:425][  0]LogAISub: UAISubsystem::UAISubsystem EnvQueryManager (0000024F21DF7E00), frame # 0
[2020.10.06-08.59.03:425][  0]LogAISub: UAISubsystem::UAISubsystem AIPerceptionSystem (0000024F2B5E42C0), frame # 0
[2020.10.06-08.59.03:483][  0]LogEditorServer: Finished looking for orphan Actors (0.000 secs)
[2020.10.06-08.59.03:536][  0]LogUObjectHash: Compacting FUObjectHashTables data took   0.86ms
[2020.10.06-08.59.03:537][  0]Cmd: MAP CHECKDEP NOCLEARLOG
[2020.10.06-08.59.03:537][  0]MapCheck: Map check complete: 0 Error(s), 0 Warning(s), took 0.51ms to complete.
[2020.10.06-08.59.03:537][  0]LogFileHelpers: Loading map 'MAP_Test' took 0.618
[2020.10.06-08.59.03:569][  0]LogUnrealEdMisc: Total Editor Startup Time, took 25.982
[2020.10.06-08.59.03:777][  0]LogSlate: Updating window title bar state: overlay mode, drag disabled, window buttons hidden, title bar hidden
[2020.10.06-08.59.03:785][  0]LogSlate: Updating window title bar state: overlay mode, drag disabled, window buttons hidden, title bar hidden
[2020.10.06-08.59.03:793][  0]LogSlate: Updating window title bar state: overlay mode, drag disabled, window buttons hidden, title bar hidden
[2020.10.06-08.59.03:801][  0]LogSlate: Updating window title bar state: overlay mode, drag disabled, window buttons hidden, title bar hidden
[2020.10.06-08.59.03:849][  0]LogCollectionManager: Loaded 0 collections in 0.004543 seconds
[2020.10.06-08.59.03:880][  0]LogFileCache: Scanning file cache for directory 'C:/Users/Christian Hinkle/Documents/Unreal Projects/SonicSiege/SonicSiege/Saved/Collections/' took 0.00s
[2020.10.06-08.59.03:880][  0]LogFileCache: Scanning file cache for directory 'C:/Users/Christian Hinkle/Documents/Unreal Projects/SonicSiege/SonicSiege/Content/Developers/Christian/Collections/' took 0.00s
[2020.10.06-08.59.03:880][  0]LogFileCache: Scanning file cache for directory 'C:/Users/Christian Hinkle/Documents/Unreal Projects/SonicSiege/SonicSiege/Content/Collections/' took 0.00s
[2020.10.06-08.59.03:880][  0]LogContentBrowser: Native class hierarchy populated in 0.0134 seconds. Added 3583 classes and 858 folders.
[2020.10.06-08.59.03:886][  0]LogContentBrowser: Native class hierarchy updated for 'WidgetCarousel' in 0.0005 seconds. Added 0 classes and 0 folders.
[2020.10.06-08.59.04:363][  0]LogContentBrowser: Native class hierarchy updated for 'AddContentDialog' in 0.0006 seconds. Added 0 classes and 0 folders.
[2020.10.06-08.59.04:370][  0]LogContentBrowser: Native class hierarchy updated for 'SceneOutliner' in 0.0006 seconds. Added 2 classes and 0 folders.
[2020.10.06-08.59.04:411][  0]LogSlate: Took 0.008163 seconds to synchronously load lazily loaded font '../../../Engine/Content/Slate/Fonts/Roboto-Regular.ttf' (155K)
[2020.10.06-08.59.04:421][  0]LogSlate: Took 0.007093 seconds to synchronously load lazily loaded font '../../../Engine/Content/Slate/Fonts/Roboto-Bold.ttf' (160K)
[2020.10.06-08.59.04:436][  0]LogSlate: Took 0.008151 seconds to synchronously load lazily loaded font '../../../Engine/Content/Editor/Slate/Fonts/FontAwesome.ttf' (139K)
[2020.10.06-08.59.04:627][  0]LogRenderer: Reallocating scene render targets to support 1208x572 Format 10 NumSamples 1 (Frame:1).
[2020.10.06-08.59.04:802][  0]LogSlate: Took 0.007937 seconds to synchronously load lazily loaded font '../../../Engine/Content/Slate/Fonts/Roboto-Light.ttf' (167K)
[2020.10.06-08.59.04:938][  0]LogContentBrowser: Native class hierarchy updated for 'HierarchicalLODOutliner' in 0.0006 seconds. Added 0 classes and 0 folders.
[2020.10.06-08.59.04:939][  0]LogLoad: (Engine Initialization) Total time: 27.35 seconds
[2020.10.06-08.59.04:939][  0]LogLoad: (Engine Initialization) Total Blueprint compile time: 0.00 seconds
[2020.10.06-08.59.04:992][  0]LogAssetRegistry: Asset discovery search completed in 15.2747 seconds
[2020.10.06-08.59.04:996][  0]LogStats: UGameplayCueManager::InitializeEditorObjectLibrary -  0.003 s
[2020.10.06-08.59.05:004][  0]LogCollectionManager: Fixed up redirectors for 0 collections in 0.000006 seconds (updated 0 objects)
[2020.10.06-08.59.05:013][  0]LogContentStreaming: Texture pool size now 1000 MB
[2020.10.06-08.59.14:312][ 80]LogTemp: Repeating last play command: Selected Viewport
[2020.10.06-08.59.14:331][ 80]LogPlayLevel: PlayLevel: No blueprints needed recompiling
[2020.10.06-08.59.14:340][ 80]PIE: New page: PIE session: MAP_Test (Oct 6, 2020, 2:59:14 AM)
[2020.10.06-08.59.14:343][ 80]LogOnline: OSS: Creating online subsystem instance for: NULL
[2020.10.06-08.59.14:346][ 80]LogOnline: OSS: TryLoadSubsystemAndSetDefault: Loaded subsystem for module [NULL]
[2020.10.06-08.59.14:347][ 80]LogPlayLevel: Creating play world package: /Game/Maps/UEDPIE_0_MAP_Test
[2020.10.06-08.59.14:362][ 80]LogPlayLevel: PIE: StaticDuplicateObject took: (0.015165s)
[2020.10.06-08.59.14:364][ 80]LogAIModule: Creating AISystem for world MAP_Test
[2020.10.06-08.59.14:364][ 80]LogAISub: UAISubsystem::UAISubsystem EnvQueryManager (0000024F55065A00), frame # 1080
[2020.10.06-08.59.14:364][ 80]LogAISub: UAISubsystem::UAISubsystem AIPerceptionSystem (0000024F39730400), frame # 1080
[2020.10.06-08.59.14:365][ 80]LogPlayLevel: PIE: World Init took: (0.002121s)
[2020.10.06-08.59.14:365][ 80]LogPlayLevel: PIE: Created PIE world by copying editor world from /Game/Maps/MAP_Test.MAP_Test to /Game/Maps/UEDPIE_0_MAP_Test.MAP_Test (0.017850s)
[2020.10.06-08.59.14:380][ 80]LogUObjectHash: Compacting FUObjectHashTables data took   0.74ms
[2020.10.06-08.59.14:383][ 80]LogAudioMixer: Display: Audio Mixer Platform Settings:
[2020.10.06-08.59.14:384][ 80]LogAudioMixer: Display: 	Sample Rate:						  48000
[2020.10.06-08.59.14:384][ 80]LogAudioMixer: Display: 	Callback Buffer Frame Size Requested: 1024
[2020.10.06-08.59.14:384][ 80]LogAudioMixer: Display: 	Callback Buffer Frame Size To Use:	  1024
[2020.10.06-08.59.14:384][ 80]LogAudioMixer: Display: 	Number of buffers to queue:			  2
[2020.10.06-08.59.14:384][ 80]LogAudioMixer: Display: 	Max Channels (voices):				  32
[2020.10.06-08.59.14:384][ 80]LogAudioMixer: Display: 	Number of Async Source Workers:		  0
[2020.10.06-08.59.14:384][ 80]LogAudio: Display: AudioDevice MaxSources: 32
[2020.10.06-08.59.14:385][ 80]LogAudio: Display: Using built-in audio occlusion.
[2020.10.06-08.59.14:385][ 80]LogAudioMixer: Display: Initializing audio mixer.
[2020.10.06-08.59.14:400][ 80]LogAudioMixer: Display: 0: FrontLeft
[2020.10.06-08.59.14:400][ 80]LogAudioMixer: Display: 1: FrontRight
[2020.10.06-08.59.14:441][ 80]LogAudioMixer: Display: Using Audio Device VoiceMeeter Input (VB-Audio VoiceMeeter VAIO)
[2020.10.06-08.59.14:441][ 80]LogAudioMixer: Display: Initializing Sound Submixes...
[2020.10.06-08.59.14:441][ 80]LogAudioMixer: Display: Creating Master Submix 'MasterSubmixDefault'
[2020.10.06-08.59.14:442][ 80]LogAudioMixer: Display: Creating Master Submix 'MasterReverbSubmixDefault'
[2020.10.06-08.59.14:443][ 80]LogAudioMixer: Display: Creating Master Submix 'MasterEQSubmixDefault'
[2020.10.06-08.59.14:457][ 80]LogInit: FAudioDevice initialized.
[2020.10.06-08.59.14:534][ 80]LogGameplayTags: Warning: Invalid GameplayTag State.Character.Jumping found while loading /Game/Blueprints/Character/GameplayEffects/GE_Jump_BP.Default__GE_Jump_BP_C in property /Script/GameplayAbilities.InheritedTagContainer:CombinedTags.
[2020.10.06-08.59.14:534][ 80]LogGameplayTags: Warning: Invalid GameplayTag State.Character.Jumping found while loading /Game/Blueprints/Character/GameplayEffects/GE_Jump_BP.Default__GE_Jump_BP_C in property /Script/GameplayAbilities.InheritedTagContainer:Added.
[2020.10.06-08.59.14:549][ 80]LogGameplayTags: Warning: Invalid GameplayTag State.Character.IsInteractingDuration found while loading /Game/Blueprints/Character/GameplayEffects/GE_CharacterDurationInteract.Default__GE_CharacterDurationInteract_C in property /Script/GameplayAbilities.InheritedTagContainer:CombinedTags.
[2020.10.06-08.59.14:549][ 80]LogGameplayTags: Warning: Invalid GameplayTag State.Character.IsInteractingDuration found while loading /Game/Blueprints/Character/GameplayEffects/GE_CharacterDurationInteract.Default__GE_CharacterDurationInteract_C in property /Script/GameplayAbilities.InheritedTagContainer:Added.
[2020.10.06-08.59.14:788][ 80]LogLoad: Game class is 'GameMode_BP_C'
[2020.10.06-08.59.14:793][ 80]LogWorld: Bringing World /Game/Maps/UEDPIE_0_MAP_Test.MAP_Test up for play (max tick rate 0) at 2020.10.06-05.59.14
[2020.10.06-08.59.14:794][ 80]LogWorld: Bringing up level for play took: 0.003187
[2020.10.06-08.59.14:794][ 80]LogOnline: OSS: Creating online subsystem instance for: :Context_1
[2020.10.06-08.59.14:807][ 80]LogContentBrowser: Native class hierarchy updated for 'MovieSceneCapture' in 0.0006 seconds. Added 20 classes and 0 folders.
[2020.10.06-08.59.14:813][ 80]LogNet: ReplicationDriverClass is null! Not using ReplicationDriver.
[2020.10.06-08.59.14:813][ 80]LogNetCore: DDoS detection status: detection enabled: 0 analytics enabled: 0
[2020.10.06-08.59.14:814][ 80]LogInit: WinSock: Socket queue. Rx: 131072 (config 131072) Tx: 131072 (config 131072)
[2020.10.06-08.59.14:814][ 80]LogNet: Created socket for bind address: 0.0.0.0 on port 17777
[2020.10.06-08.59.14:815][ 80]PacketHandlerLog: Loaded PacketHandler component: Engine.EngineHandlerComponentFactory (StatelessConnectHandlerComponent)
[2020.10.06-08.59.14:815][ 80]LogNet: GameNetDriver IpNetDriver_0 IpNetDriver listening on port 17777
[2020.10.06-08.59.14:815][ 80]LogGameMode: Display: Match State Changed from EnteringMap to WaitingToStart
[2020.10.06-08.59.14:815][ 80]LogGameState: Match State Changed from EnteringMap to WaitingToStart
[2020.10.06-08.59.14:816][ 80]LogGameMode: Display: Match State Changed from WaitingToStart to InProgress
[2020.10.06-08.59.14:838][ 80]LogGameState: Match State Changed from WaitingToStart to InProgress
[2020.10.06-08.59.14:838][ 80]PIE: Server logged in
[2020.10.06-08.59.14:839][ 80]PIE: Play in editor total start time 0.509 seconds.
[2020.10.06-08.59.14:840][ 80]LogAudioMixer: Display: Audio Mixer Platform Settings:
[2020.10.06-08.59.14:840][ 80]LogAudioMixer: Display: 	Sample Rate:						  48000
[2020.10.06-08.59.14:840][ 80]LogAudioMixer: Display: 	Callback Buffer Frame Size Requested: 1024
[2020.10.06-08.59.14:841][ 80]LogAudioMixer: Display: 	Callback Buffer Frame Size To Use:	  1024
[2020.10.06-08.59.14:841][ 80]LogAudioMixer: Display: 	Number of buffers to queue:			  2
[2020.10.06-08.59.14:841][ 80]LogAudioMixer: Display: 	Max Channels (voices):				  32
[2020.10.06-08.59.14:841][ 80]LogAudioMixer: Display: 	Number of Async Source Workers:		  0
[2020.10.06-08.59.14:841][ 80]LogAudio: Display: AudioDevice MaxSources: 32
[2020.10.06-08.59.14:842][ 80]LogAudio: Display: Using built-in audio occlusion.
[2020.10.06-08.59.14:842][ 80]LogAudioMixer: Display: Initializing audio mixer.
[2020.10.06-08.59.14:854][ 80]LogAudioMixer: Display: 0: FrontLeft
[2020.10.06-08.59.14:854][ 80]LogAudioMixer: Display: 1: FrontRight
[2020.10.06-08.59.14:892][ 80]LogAudioMixer: Display: Using Audio Device VoiceMeeter Input (VB-Audio VoiceMeeter VAIO)
[2020.10.06-08.59.14:892][ 80]LogAudioMixer: Display: Initializing Sound Submixes...
[2020.10.06-08.59.14:893][ 80]LogAudioMixer: Display: Creating Master Submix 'MasterSubmixDefault'
[2020.10.06-08.59.14:893][ 80]LogAudioMixer: Display: Creating Master Submix 'MasterReverbSubmixDefault'
[2020.10.06-08.59.14:893][ 80]LogAudioMixer: Display: Creating Master Submix 'MasterEQSubmixDefault'
[2020.10.06-08.59.14:908][ 80]LogInit: FAudioDevice initialized.
[2020.10.06-08.59.14:926][ 80]LogSlate: Updating window title bar state: overlay mode, drag disabled, window buttons hidden, title bar hidden
[2020.10.06-08.59.14:927][ 80]LogNet: Browse: 127.0.0.1:17777//Game/Maps/MAP_Test
[2020.10.06-08.59.14:928][ 80]LogInit: WinSock: Socket queue. Rx: 32768 (config 32768) Tx: 32768 (config 32768)
[2020.10.06-08.59.14:929][ 80]LogNet: Created socket for bind address: 0.0.0.0 on port 0
[2020.10.06-08.59.14:930][ 80]PacketHandlerLog: Loaded PacketHandler component: Engine.EngineHandlerComponentFactory (StatelessConnectHandlerComponent)
[2020.10.06-08.59.14:930][ 80]LogNet: Game client on port 17777, rate 10000
[2020.10.06-08.59.14:934][ 80]PIE: Client logged in
[2020.10.06-08.59.14:936][ 80]PIE: Play in editor total start time 0.606 seconds.
[2020.10.06-08.59.15:943][182]LogNet: NotifyAcceptingConnection accepted from: 127.0.0.1:52534
[2020.10.06-08.59.15:944][182]LogHandshake: SendConnectChallenge. Timestamp: 1.638635, Cookie: 207002242108179178030029133002154181141027091140098240120084
[2020.10.06-08.59.15:945][182]LogHandshake: SendChallengeResponse. Timestamp: 1.638635, Cookie: 207002242108179178030029133002154181141027091140098240120084
[2020.10.06-08.59.15:952][183]LogNet: NotifyAcceptingConnection accepted from: 127.0.0.1:52534
[2020.10.06-08.59.15:952][183]LogHandshake: SendChallengeAck. InCookie: 207002242108179178030029133002154181141027091140098240120084
[2020.10.06-08.59.15:952][183]LogNet: Server accepting post-challenge connection from: 127.0.0.1:52534
[2020.10.06-08.59.15:953][183]PacketHandlerLog: Loaded PacketHandler component: Engine.EngineHandlerComponentFactory (StatelessConnectHandlerComponent)
[2020.10.06-08.59.15:953][183]LogNet: NotifyAcceptedConnection: Name: MAP_Test, TimeStamp: 10/06/20 05:59:15, [UNetConnection] RemoteAddr: 127.0.0.1:52534, Name: IpConnection_1, Driver: GameNetDriver IpNetDriver_0, IsServer: YES, PC: NULL, Owner: NULL, UniqueId: INVALID
[2020.10.06-08.59.15:953][183]LogNet: AddClientConnection: Added client connection: [UNetConnection] RemoteAddr: 127.0.0.1:52534, Name: IpConnection_1, Driver: GameNetDriver IpNetDriver_0, IsServer: YES, PC: NULL, Owner: NULL, UniqueId: INVALID
[2020.10.06-08.59.15:955][183]LogNetVersion: SonicSiege 1.0.0.0, NetCL: 0, EngineNetVer: 14, GameNetVer: 0 (Checksum: 1504223046)
[2020.10.06-08.59.15:955][183]LogNet: UPendingNetGame::SendInitialJoin: Sending hello. [UNetConnection] RemoteAddr: 127.0.0.1:17777, Name: IpConnection_0, Driver: PendingNetDriver IpNetDriver_1, IsServer: NO, PC: NULL, Owner: NULL, UniqueId: INVALID
[2020.10.06-08.59.15:962][184]LogNet: NotifyAcceptingChannel Control 0 server World /Game/Maps/UEDPIE_0_MAP_Test.MAP_Test: Accepted
[2020.10.06-08.59.15:963][184]LogNet: Remote platform little endian=1
[2020.10.06-08.59.15:963][184]LogNet: This platform little endian=1
[2020.10.06-08.59.15:964][184]LogOnline: OSS: Creating online subsystem instance for: :Context_2
[2020.10.06-08.59.15:979][185]LogNet: Login request: ?Name=DESKTOP-IM4T8T4-5A5D849A46D6E54782D012B725486556 userId: NULL:DESKTOP-IM4T8T4-5A5D849A46D6E54782D012B725486556 platform: NULL
[2020.10.06-08.59.15:981][185]LogNet: Welcomed by server (Level: /Game/Maps/UEDPIE_0_MAP_Test, Game: /Game/Blueprints/Game/GameMode_BP.GameMode_BP_C)
[2020.10.06-08.59.15:981][185]LogLoad: LoadMap: 127.0.0.1:17777//Game/Maps/UEDPIE_0_MAP_Test?game=/Game/Blueprints/Game/GameMode_BP.GameMode_BP_C
[2020.10.06-08.59.15:981][185]LogWorld: BeginTearingDown for /Temp/Untitled_1
[2020.10.06-08.59.15:982][185]LogWorld: UWorld::CleanupWorld for Untitled, bSessionEnded=true, bCleanupResources=true
[2020.10.06-08.59.15:982][185]LogSlate: InvalidateAllWidgets triggered.  All widgets were invalidated
[2020.10.06-08.59.15:998][185]LogUObjectHash: Compacting FUObjectHashTables data took   0.96ms
[2020.10.06-08.59.16:014][185]LogAIModule: Creating AISystem for world MAP_Test
[2020.10.06-08.59.16:015][185]LogAISub: UAISubsystem::UAISubsystem EnvQueryManager (0000024F54909400), frame # 1185
[2020.10.06-08.59.16:015][185]LogAISub: UAISubsystem::UAISubsystem AIPerceptionSystem (0000024F54CFDF80), frame # 1185
[2020.10.06-08.59.16:017][185]LogWorld: Bringing World /Game/Maps/UEDPIE_1_MAP_Test.MAP_Test up for play (max tick rate 0) at 2020.10.06-05.59.16
[2020.10.06-08.59.16:017][185]LogWorld: Bringing up level for play took: 0.001298
[2020.10.06-08.59.16:019][185]LogLoad: Took 0.037564 seconds to LoadMap(/Game/Maps/UEDPIE_0_MAP_Test)
[2020.10.06-08.59.16:020][185]LogNavigation: Warning: NavData RegistrationFailed_DataPendingKill.
[2020.10.06-08.59.16:030][186]LogNet: Client netspeed is 10000
[2020.10.06-08.59.16:030][186]LogNet: Join request: /Game/Maps/MAP_Test?Name=DESKTOP-IM4T8T4-5A5D849A46D6E54782D012B725486556?SplitscreenCount=1
[2020.10.06-08.59.16:031][186]LogOnlineSession: Warning: OSS: No game present to join for session (GameSession)
[2020.10.06-08.59.16:040][186]LogNet: Join succeeded: DESKTOP-IM4T8T4-5A5D
[2020.10.06-08.59.16:451][225]LogOnlineSession: Warning: OSS: No game present to join for session (GameSession)
[2020.10.06-08.59.16:631][244]LogOnlineSession: Warning: OSS: No game present to join for session (GameSession)
[2020.10.06-08.59.34:885][449]LogNet: UNetDriver::TickDispatch: Very long time between ticks. DeltaTime: 0.34, Realtime: 9.37. IpNetDriver_1
[2020.10.06-08.59.34:890][449]LogTemp: Resetting audio stream to device id 
[2020.10.06-08.59.34:945][449]LogAudioMixer: Display: 0: FrontLeft
[2020.10.06-08.59.34:945][449]LogAudioMixer: Display: 1: FrontRight
[2020.10.06-08.59.34:993][449]LogTemp: Resetting audio stream to device id 
[2020.10.06-08.59.35:079][449]LogAudioMixer: Display: 0: FrontLeft
[2020.10.06-08.59.35:079][449]LogAudioMixer: Display: 1: FrontRight
[2020.10.06-08.59.35:139][450]LogNet: UNetDriver::TickDispatch: Very long time between ticks. DeltaTime: 9.29, Realtime: 9.29. IpNetDriver_0
[2020.10.06-08.59.35:140][450]LogNet: UNetDriver::TickDispatch: Very long time between ticks. DeltaTime: 9.29, Realtime: 0.26. IpNetDriver_1
[2020.10.06-08.59.50:898][965]LogSlate: Updating window title bar state: overlay mode, drag disabled, window buttons hidden, title bar hidden
[2020.10.06-08.59.50:898][965]LogWorld: BeginTearingDown for /Game/Maps/UEDPIE_1_MAP_Test
[2020.10.06-08.59.50:898][965]LogSlate: Window 'SonicSiege Preview [NetMode: Client 2] (64-bit/Windows) ' being destroyed
[2020.10.06-08.59.50:906][965]LogWorld: UWorld::CleanupWorld for MAP_Test, bSessionEnded=true, bCleanupResources=true
[2020.10.06-08.59.50:907][965]LogSlate: InvalidateAllWidgets triggered.  All widgets were invalidated
[2020.10.06-08.59.50:925][965]LogNet: World NetDriver shutdown IpNetDriver_1 [GameNetDriver]
[2020.10.06-08.59.50:925][965]LogNet: DestroyNamedNetDriver IpNetDriver_1 [GameNetDriver]
[2020.10.06-08.59.50:927][965]LogNet: UNetConnection::Close: [UNetConnection] RemoteAddr: 127.0.0.1:17777, Name: IpConnection_0, Driver: GameNetDriver IpNetDriver_1, IsServer: NO, PC: SSPlayerController_0, Owner: SSPlayerController_0, UniqueId: NULL:DESKTOP-IM4T8T4-5A5D849A46D6E54782D012B725486556, Channels: 23, Time: 2020.10.06-08.59.50
[2020.10.06-08.59.50:927][965]LogNet: UChannel::Close: Sending CloseBunch. ChIndex == 0. Name: [UChannel] ChIndex: 0, Closing: 0 [UNetConnection] RemoteAddr: 127.0.0.1:17777, Name: IpConnection_0, Driver: GameNetDriver IpNetDriver_1, IsServer: NO, PC: SSPlayerController_0, Owner: SSPlayerController_0, UniqueId: NULL:DESKTOP-IM4T8T4-5A5D849A46D6E54782D012B725486556
[2020.10.06-08.59.50:928][965]LogExit: GameNetDriver IpNetDriver_1 shut down
[2020.10.06-08.59.50:930][965]LogWorld: BeginTearingDown for /Game/Maps/UEDPIE_0_MAP_Test
[2020.10.06-08.59.50:930][965]LogOnlineSession: Warning: OSS: No game present to leave for session (GameSession)
[2020.10.06-08.59.50:931][965]LogSlate: Updating window title bar state: overlay mode, drag disabled, window buttons hidden, title bar hidden
[2020.10.06-08.59.50:932][965]LogWorld: UWorld::CleanupWorld for MAP_Test, bSessionEnded=true, bCleanupResources=true
[2020.10.06-08.59.50:933][965]LogSlate: InvalidateAllWidgets triggered.  All widgets were invalidated
[2020.10.06-08.59.50:948][965]LogNet: World NetDriver shutdown IpNetDriver_0 [GameNetDriver]
[2020.10.06-08.59.50:948][965]LogNet: DestroyNamedNetDriver IpNetDriver_0 [GameNetDriver]
[2020.10.06-08.59.50:949][965]LogNet: UNetConnection::Cleanup: Closing open connection. [UNetConnection] RemoteAddr: 127.0.0.1:52534, Name: IpConnection_1, Driver: GameNetDriver IpNetDriver_0, IsServer: YES, PC: SSPlayerController_1, Owner: SSPlayerController_1, UniqueId: NULL:DESKTOP-IM4T8T4-5A5D849A46D6E54782D012B725486556
[2020.10.06-08.59.50:949][965]LogNet: UNetConnection::Close: [UNetConnection] RemoteAddr: 127.0.0.1:52534, Name: IpConnection_1, Driver: GameNetDriver IpNetDriver_0, IsServer: YES, PC: SSPlayerController_1, Owner: SSPlayerController_1, UniqueId: NULL:DESKTOP-IM4T8T4-5A5D849A46D6E54782D012B725486556, Channels: 23, Time: 2020.10.06-08.59.50
[2020.10.06-08.59.50:949][965]LogNet: UChannel::Close: Sending CloseBunch. ChIndex == 0. Name: [UChannel] ChIndex: 0, Closing: 0 [UNetConnection] RemoteAddr: 127.0.0.1:52534, Name: IpConnection_1, Driver: GameNetDriver IpNetDriver_0, IsServer: YES, PC: SSPlayerController_1, Owner: SSPlayerController_1, UniqueId: NULL:DESKTOP-IM4T8T4-5A5D849A46D6E54782D012B725486556
[2020.10.06-08.59.50:950][965]LogExit: GameNetDriver IpNetDriver_0 shut down
[2020.10.06-08.59.50:952][965]LogPlayLevel: Display: Shutting down PIE online subsystems
[2020.10.06-08.59.50:954][965]LogSlate: InvalidateAllWidgets triggered.  All widgets were invalidated
[2020.10.06-08.59.51:033][965]LogSlate: Updating window title bar state: overlay mode, drag disabled, window buttons hidden, title bar hidden
[2020.10.06-08.59.51:102][965]LogAISub: UAISubsystem::~UAISubsystem EnvQueryManager (0000024F55065A00), frame # 2965
[2020.10.06-08.59.51:102][965]LogAISub: UAISubsystem::~UAISubsystem AIPerceptionSystem (0000024F39730400), frame # 2965
[2020.10.06-08.59.51:104][965]LogAISub: UAISubsystem::~UAISubsystem EnvQueryManager (0000024F54909400), frame # 2965
[2020.10.06-08.59.51:104][965]LogAISub: UAISubsystem::~UAISubsystem AIPerceptionSystem (0000024F54CFDF80), frame # 2965
[2020.10.06-08.59.51:106][965]LogUObjectHash: Compacting FUObjectHashTables data took   0.75ms
[2020.10.06-08.59.51:165][966]LogPlayLevel: Display: Destroying online subsystem :Context_2
[2020.10.06-08.59.51:165][966]LogPlayLevel: Display: Destroying online subsystem :Context_1
