Log file open, 10/06/20 06:10:39
LogInit: Display: Running engine for game: SonicSiege
LogPlatformFile: Not using cached read wrapper
LogTaskGraph: Started task graph with 5 named threads and 35 total threads with 3 sets of task threads.
LogStats: Stats thread started at 0.873626
LogD3D11RHI: Loaded GFSDK_Aftermath_Lib.x64.dll
LogICUInternationalization: ICU TimeZone Detection - Raw Offset: -4:00, Platform Override: ''
LogPluginManager: Mounting plugin Paper2D
LogPluginManager: Mounting plugin AISupport
LogPluginManager: Mounting plugin LightPropagationVolume
LogPluginManager: Mounting plugin CameraShakePreviewer
LogPluginManager: Mounting plugin ActorLayerUtilities
LogPluginManager: Mounting plugin AnimationSharing
LogPluginManager: Mounting plugin CLionSourceCodeAccess
LogPluginManager: Mounting plugin CodeLiteSourceCodeAccess
LogPluginManager: Mounting plugin GitSourceControl
LogPluginManager: Mounting plugin KDevelopSourceCodeAccess
LogPluginManager: Mounting plugin NullSourceCodeAccess
LogPluginManager: Mounting plugin PerforceSourceControl
LogPluginManager: Mounting plugin PlasticSourceControl
LogPluginManager: Mounting plugin RiderSourceCodeAccess
LogPluginManager: Mounting plugin SubversionSourceControl
LogPluginManager: Mounting plugin UObjectPlugin
LogPluginManager: Mounting plugin VisualStudioCodeSourceCodeAccess
LogPluginManager: Mounting plugin VisualStudioSourceCodeAccess
LogPluginManager: Mounting plugin XCodeSourceCodeAccess
LogPluginManager: Mounting plugin AssetManagerEditor
LogPluginManager: Mounting plugin CryptoKeys
LogPluginManager: Mounting plugin CurveEditorTools
LogPluginManager: Mounting plugin DataValidation
LogPluginManager: Mounting plugin EditorScriptingUtilities
LogPluginManager: Mounting plugin FacialAnimation
LogPluginManager: Mounting plugin GameplayTagsEditor
LogPluginManager: Mounting plugin GeometryMode
LogPluginManager: Mounting plugin MacGraphicsSwitching
LogPluginManager: Mounting plugin MaterialAnalyzer
LogPluginManager: Mounting plugin MobileLauncherProfileWizard
LogPluginManager: Mounting plugin PluginBrowser
LogPluginManager: Mounting plugin SpeedTreeImporter
LogPluginManager: Mounting plugin DatasmithContent
LogPluginManager: Mounting plugin VariantManagerContent
LogPluginManager: Mounting plugin AlembicImporter
LogPluginManager: Mounting plugin AutomationUtils
LogPluginManager: Mounting plugin BackChannel
LogPluginManager: Mounting plugin ChaosCloth
LogPluginManager: Mounting plugin ChaosClothEditor
LogPluginManager: Mounting plugin ChaosEditor
LogPluginManager: Mounting plugin ChaosNiagara
LogPluginManager: Mounting plugin ChaosSolverPlugin
LogPluginManager: Mounting plugin CharacterAI
LogPluginManager: Mounting plugin GeometryCache
LogPluginManager: Mounting plugin GeometryCollectionPlugin
LogPluginManager: Mounting plugin GeometryProcessing
LogPluginManager: Mounting plugin PlanarCut
LogPluginManager: Mounting plugin PlatformCrypto
LogPluginManager: Mounting plugin ProxyLODPlugin
LogPluginManager: Mounting plugin PythonScriptPlugin
LogPluginManager: Mounting plugin SkeletalReduction
LogPluginManager: Mounting plugin Niagara
LogPluginManager: Mounting plugin MagicLeap
LogPluginManager: Mounting plugin MagicLeapLightEstimation
LogPluginManager: Mounting plugin MagicLeapMedia
LogPluginManager: Mounting plugin MagicLeapPassableWorld
LogPluginManager: Mounting plugin MLSDK
LogPluginManager: Mounting plugin AndroidMedia
LogPluginManager: Mounting plugin AvfMedia
LogPluginManager: Mounting plugin ImgMedia
LogPluginManager: Mounting plugin MediaCompositing
LogPluginManager: Mounting plugin MediaPlayerEditor
LogPluginManager: Mounting plugin WebMMedia
LogPluginManager: Mounting plugin WmfMedia
LogPluginManager: Mounting plugin MegascansPlugin
LogPluginManager: Mounting plugin MeshPainting
LogPluginManager: Mounting plugin TcpMessaging
LogPluginManager: Mounting plugin UdpMessaging
LogPluginManager: Mounting plugin ActorSequence
LogPluginManager: Mounting plugin LevelSequenceEditor
LogPluginManager: Mounting plugin MatineeToLevelSequence
LogPluginManager: Mounting plugin MovieRenderPipeline
LogPluginManager: Mounting plugin TemplateSequence
LogPluginManager: Mounting plugin NetcodeUnitTest
LogPluginManager: Mounting plugin NUTUnrealEngine4
LogPluginManager: Mounting plugin OnlineSubsystemGooglePlay
LogPluginManager: Mounting plugin OnlineSubsystemIOS
LogPluginManager: Mounting plugin OnlineSubsystem
LogPluginManager: Mounting plugin OnlineSubsystemNull
LogPluginManager: Mounting plugin OnlineSubsystemUtils
LogPluginManager: Mounting plugin LauncherChunkInstaller
LogPluginManager: Mounting plugin AndroidDeviceProfileSelector
LogPluginManager: Mounting plugin AndroidMoviePlayer
LogPluginManager: Mounting plugin AndroidPermission
LogPluginManager: Mounting plugin AppleImageUtils
LogPluginManager: Mounting plugin AppleMoviePlayer
LogPluginManager: Mounting plugin ArchVisCharacter
LogPluginManager: Mounting plugin AssetTags
LogPluginManager: Mounting plugin AudioCapture
LogPluginManager: Mounting plugin CableComponent
LogPluginManager: Mounting plugin CustomMeshComponent
LogPluginManager: Mounting plugin EditableMesh
LogPluginManager: Mounting plugin ExampleDeviceProfileSelector
LogPluginManager: Mounting plugin GameplayAbilities
LogPluginManager: Mounting plugin GoogleCloudMessaging
LogPluginManager: Mounting plugin GooglePAD
LogPluginManager: Mounting plugin IOSDeviceProfileSelector
LogPluginManager: Mounting plugin LinuxDeviceProfileSelector
LogPluginManager: Mounting plugin LocationServicesBPLibrary
LogPluginManager: Mounting plugin MobilePatchingUtils
LogPluginManager: Mounting plugin OculusVR
LogPluginManager: Mounting plugin PhysXVehicles
LogPluginManager: Mounting plugin PostSplashScreen
LogPluginManager: Mounting plugin ProceduralMeshComponent
LogPluginManager: Mounting plugin RuntimePhysXCooking
LogPluginManager: Mounting plugin SignificanceManager
LogPluginManager: Mounting plugin SoundFields
LogPluginManager: Mounting plugin SteamVR
LogPluginManager: Mounting plugin Synthesis
LogPluginManager: Mounting plugin WebMMoviePlayer
LogPluginManager: Mounting plugin WindowsMoviePlayer
LogPluginManager: Mounting plugin ScreenshotTools
LogInit: Using libcurl 7.55.1-DEV
LogInit:  - built for x86_64-pc-win32
LogInit:  - supports SSL with OpenSSL/1.1.1
LogInit:  - supports HTTP deflate (compression) using libz 1.2.8
LogInit:  - other features:
LogInit:      CURL_VERSION_SSL
LogInit:      CURL_VERSION_LIBZ
LogInit:      CURL_VERSION_IPV6
LogInit:      CURL_VERSION_ASYNCHDNS
LogInit:      CURL_VERSION_LARGEFILE
LogInit:      CURL_VERSION_IDN
LogInit:  CurlRequestOptions (configurable via config and command line):
LogInit:  - bVerifyPeer = true  - Libcurl will verify peer certificate
LogInit:  - bUseHttpProxy = false  - Libcurl will NOT use HTTP proxy
LogInit:  - bDontReuseConnections = false  - Libcurl will reuse connections
LogInit:  - MaxHostConnections = 16  - Libcurl will limit the number of connections to a host
LogInit:  - LocalHostAddr = Default
LogInit:  - BufferSize = 65536
LogOnline: OSS: Creating online subsystem instance for: NULL
LogInit: WinSock: version 1.1 (2.2), MaxSocks=32767, MaxUdp=65467
LogOnline: OSS: TryLoadSubsystemAndSetDefault: Loaded subsystem for module [NULL]
LogInit: Build: ++UE4+Release-4.25-CL-0
LogInit: Engine Version: 4.25.1-0+++UE4+Release-4.25
LogInit: Compatible Engine Version: 4.25.0-0+++UE4+Release-4.25
LogInit: Net CL: 0
LogInit: OS: Windows 10 (Release 1903) (), CPU: AMD Ryzen 5 2600X Six-Core Processor           , GPU: Radeon RX Vega
LogInit: Compiled (64-bit): Sep 20 2020 06:14:16
LogInit: Compiled with Visual C++: 19.26.28806.00
LogInit: Build Configuration: DebugGame
LogInit: Branch Name: ++UE4+Release-4.25
LogInit: Command Line:  -skipcompile
LogInit: Base Directory: C:/Users/Christian Hinkle/Documents/UE4/Engine/Binaries/Win64/
LogInit: Allocator: TBB
LogInit: Installed Engine Build: 0
LogDevObjectVersion: Number of dev versions registered: 26
LogDevObjectVersion:   Dev-Blueprints (B0D832E4-1F89-4F0D-ACCF-7EB736FD4AA2): 10
LogDevObjectVersion:   Dev-Build (E1C64328-A22C-4D53-A36C-8E866417BD8C): 0
LogDevObjectVersion:   Dev-Core (375EC13C-06E4-48FB-B500-84F0262A717E): 4
LogDevObjectVersion:   Dev-Editor (E4B068ED-F494-42E9-A231-DA0B2E46BB41): 38
LogDevObjectVersion:   Dev-Framework (CFFC743F-43B0-4480-9391-14DF171D2073): 37
LogDevObjectVersion:   Dev-Mobile (B02B49B5-BB20-44E9-A304-32B752E40360): 2
LogDevObjectVersion:   Dev-Networking (A4E4105C-59A1-49B5-A7C5-40C4547EDFEE): 0
LogDevObjectVersion:   Dev-Online (39C831C9-5AE6-47DC-9A44-9C173E1C8E7C): 0
LogDevObjectVersion:   Dev-Physics (78F01B33-EBEA-4F98-B9B4-84EACCB95AA2): 4
LogDevObjectVersion:   Dev-Platform (6631380F-2D4D-43E0-8009-CF276956A95A): 0
LogDevObjectVersion:   Dev-Rendering (12F88B9F-8875-4AFC-A67C-D90C383ABD29): 43
LogDevObjectVersion:   Dev-Sequencer (7B5AE74C-D270-4C10-A958-57980B212A5A): 12
LogDevObjectVersion:   Dev-VR (D7296918-1DD6-4BDD-9DE2-64A83CC13884): 3
LogDevObjectVersion:   Dev-LoadTimes (C2A15278-BFE7-4AFE-6C17-90FF531DF755): 1
LogDevObjectVersion:   Private-Geometry (6EACA3D4-40EC-4CC1-B786-8BED09428FC5): 3
LogDevObjectVersion:   Dev-AnimPhys (29E575DD-E0A3-4627-9D10-D276232CDCEA): 17
LogDevObjectVersion:   Dev-Anim (AF43A65D-7FD3-4947-9873-3E8ED9C1BB05): 7
LogDevObjectVersion:   Dev-ReflectionCapture (6B266CEC-1EC7-4B8F-A30B-E4D90942FC07): 1
LogDevObjectVersion:   Dev-Automation (0DF73D61-A23F-47EA-B727-89E90C41499A): 1
LogDevObjectVersion:   FortniteMain (601D1886-AC64-4F84-AA16-D3DE0DEAC7D6): 31
LogDevObjectVersion:   Dev-Enterprise (9DFFBCD6-494F-0158-E221-12823C92A888): 10
LogDevObjectVersion:   Dev-Niagara (F2AED0AC-9AFE-416F-8664-AA7FFA26D6FC): 1
LogDevObjectVersion:   Dev-Destruction (174F1F0B-B4C6-45A5-B13F-2EE8D0FB917D): 10
LogDevObjectVersion:   Dev-Physics-Ext (35F94A83-E258-406C-A318-09F59610247C): 37
LogDevObjectVersion:   Dev-PhysicsMaterial-Chaos (B68FC16E-8B1B-42E2-B453-215C058844FE): 1
LogDevObjectVersion:   Dev-CineCamera (B2E18506-4273-CFC2-A54E-F4BB758BBA07): 1
LogInit: Presizing for max 25165824 objects, including 0 objects not considered by GC, pre-allocating 0 bytes for permanent pool.
LogConfig: Applying CVar settings from Section [/Script/Engine.StreamingSettings] File [C:/Users/Christian Hinkle/Documents/Unreal Projects/SonicSiege/SonicSiege/Saved/Config/Windows/Engine.ini]
LogConfig: Setting CVar [[s.MinBulkDataSizeForAsyncLoading:131072]]
LogConfig: Setting CVar [[s.AsyncLoadingThreadEnabled:0]]
LogConfig: Setting CVar [[s.EventDrivenLoaderEnabled:1]]
LogConfig: Setting CVar [[s.WarnIfTimeLimitExceeded:0]]
LogConfig: Setting CVar [[s.TimeLimitExceededMultiplier:1.5]]
LogConfig: Setting CVar [[s.TimeLimitExceededMinTime:0.005]]
LogConfig: Setting CVar [[s.UseBackgroundLevelStreaming:1]]
LogConfig: Setting CVar [[s.PriorityAsyncLoadingExtraTime:15.0]]
LogConfig: Setting CVar [[s.LevelStreamingActorsUpdateTimeLimit:5.0]]
LogConfig: Setting CVar [[s.PriorityLevelStreamingActorsUpdateExtraTime:5.0]]
LogConfig: Setting CVar [[s.LevelStreamingComponentsRegistrationGranularity:10]]
LogConfig: Setting CVar [[s.UnregisterComponentsTimeLimit:1.0]]
LogConfig: Setting CVar [[s.LevelStreamingComponentsUnregistrationGranularity:5]]
LogConfig: Setting CVar [[s.FlushStreamingOnExit:1]]
LogInit: Object subsystem initialized
LogConfig: Setting CVar [[con.DebugEarlyDefault:1]]
LogConfig: Setting CVar [[net.UseAdaptiveNetUpdateFrequency:1	# Make sure your engine's Engine/Config/ConsoleVariables.ini isn't setting this to 0! (I thought that the project's ini file would override the engine's but this wasn't the case for us)]]
LogConfig: Setting CVar [[r.setres:1280x720]]
[2020.10.06-09.10.41:638][  0]LogConfig: Setting CVar [[r.VSync:0]]
[2020.10.06-09.10.41:638][  0]LogConfig: Setting CVar [[r.RHICmdBypass:0]]
[2020.10.06-09.10.41:638][  0]LogConfig: Applying CVar settings from Section [/Script/Engine.RendererSettings] File [C:/Users/Christian Hinkle/Documents/Unreal Projects/SonicSiege/SonicSiege/Saved/Config/Windows/Engine.ini]
[2020.10.06-09.10.41:639][  0]LogConfig: Setting CVar [[r.GPUCrashDebugging:0]]
[2020.10.06-09.10.41:639][  0]LogConfig: Applying CVar settings from Section [/Script/Engine.RendererOverrideSettings] File [C:/Users/Christian Hinkle/Documents/Unreal Projects/SonicSiege/SonicSiege/Saved/Config/Windows/Engine.ini]
[2020.10.06-09.10.41:639][  0]LogConfig: Applying CVar settings from Section [/Script/Engine.StreamingSettings] File [C:/Users/Christian Hinkle/Documents/Unreal Projects/SonicSiege/SonicSiege/Saved/Config/Windows/Engine.ini]
[2020.10.06-09.10.41:639][  0]LogConfig: Setting CVar [[s.MinBulkDataSizeForAsyncLoading:131072]]
[2020.10.06-09.10.41:639][  0]LogConfig: Setting CVar [[s.AsyncLoadingThreadEnabled:0]]
[2020.10.06-09.10.41:639][  0]LogConfig: Setting CVar [[s.EventDrivenLoaderEnabled:1]]
[2020.10.06-09.10.41:639][  0]LogConfig: Setting CVar [[s.WarnIfTimeLimitExceeded:0]]
[2020.10.06-09.10.41:639][  0]LogConfig: Setting CVar [[s.TimeLimitExceededMultiplier:1.5]]
[2020.10.06-09.10.41:639][  0]LogConfig: Setting CVar [[s.TimeLimitExceededMinTime:0.005]]
[2020.10.06-09.10.41:639][  0]LogConfig: Setting CVar [[s.UseBackgroundLevelStreaming:1]]
[2020.10.06-09.10.41:639][  0]LogConfig: Setting CVar [[s.PriorityAsyncLoadingExtraTime:15.0]]
[2020.10.06-09.10.41:639][  0]LogConfig: Setting CVar [[s.LevelStreamingActorsUpdateTimeLimit:5.0]]
[2020.10.06-09.10.41:639][  0]LogConfig: Setting CVar [[s.PriorityLevelStreamingActorsUpdateExtraTime:5.0]]
[2020.10.06-09.10.41:639][  0]LogConfig: Setting CVar [[s.LevelStreamingComponentsRegistrationGranularity:10]]
[2020.10.06-09.10.41:639][  0]LogConfig: Setting CVar [[s.UnregisterComponentsTimeLimit:1.0]]
[2020.10.06-09.10.41:639][  0]LogConfig: Setting CVar [[s.LevelStreamingComponentsUnregistrationGranularity:5]]
[2020.10.06-09.10.41:640][  0]LogConfig: Setting CVar [[s.FlushStreamingOnExit:1]]
[2020.10.06-09.10.41:640][  0]LogConfig: Applying CVar settings from Section [/Script/Engine.GarbageCollectionSettings] File [C:/Users/Christian Hinkle/Documents/Unreal Projects/SonicSiege/SonicSiege/Saved/Config/Windows/Engine.ini]
[2020.10.06-09.10.41:640][  0]LogConfig: Setting CVar [[gc.MaxObjectsNotConsideredByGC:1]]
[2020.10.06-09.10.41:640][  0]LogConfig: Setting CVar [[gc.SizeOfPermanentObjectPool:0]]
[2020.10.06-09.10.41:640][  0]LogConfig: Setting CVar [[gc.FlushStreamingOnGC:0]]
[2020.10.06-09.10.41:640][  0]LogConfig: Setting CVar [[gc.NumRetriesBeforeForcingGC:10]]
[2020.10.06-09.10.41:640][  0]LogConfig: Setting CVar [[gc.AllowParallelGC:1]]
[2020.10.06-09.10.41:640][  0]LogConfig: Setting CVar [[gc.TimeBetweenPurgingPendingKillObjects:61.1]]
[2020.10.06-09.10.41:640][  0]LogConfig: Setting CVar [[gc.MaxObjectsInEditor:25165824]]
[2020.10.06-09.10.41:640][  0]LogConfig: Setting CVar [[gc.IncrementalBeginDestroyEnabled:1]]
[2020.10.06-09.10.41:640][  0]LogConfig: Setting CVar [[gc.CreateGCClusters:1]]
[2020.10.06-09.10.41:641][  0]LogConfig: Setting CVar [[gc.MinGCClusterSize:5]]
[2020.10.06-09.10.41:641][  0]LogConfig: Setting CVar [[gc.ActorClusteringEnabled:0]]
[2020.10.06-09.10.41:641][  0]LogConfig: Setting CVar [[gc.BlueprintClusteringEnabled:0]]
[2020.10.06-09.10.41:641][  0]LogConfig: Setting CVar [[gc.UseDisregardForGCOnDedicatedServers:0]]
[2020.10.06-09.10.41:641][  0]LogConfig: Applying CVar settings from Section [/Script/Engine.NetworkSettings] File [C:/Users/Christian Hinkle/Documents/Unreal Projects/SonicSiege/SonicSiege/Saved/Config/Windows/Engine.ini]
[2020.10.06-09.10.41:641][  0]LogConfig: Applying CVar settings from Section [/Script/UnrealEd.CookerSettings] File [C:/Users/Christian Hinkle/Documents/Unreal Projects/SonicSiege/SonicSiege/Saved/Config/Windows/Engine.ini]
[2020.10.06-09.10.41:653][  0]LogConfig: Applying CVar settings from Section [ViewDistanceQuality@3] File [C:/Users/Christian Hinkle/Documents/Unreal Projects/SonicSiege/SonicSiege/Saved/Config/Windows/Scalability.ini]
[2020.10.06-09.10.41:654][  0]LogConfig: Setting CVar [[r.SkeletalMeshLODBias:0]]
[2020.10.06-09.10.41:654][  0]LogConfig: Setting CVar [[r.ViewDistanceScale:1.0]]
[2020.10.06-09.10.41:654][  0]LogConfig: Applying CVar settings from Section [AntiAliasingQuality@3] File [C:/Users/Christian Hinkle/Documents/Unreal Projects/SonicSiege/SonicSiege/Saved/Config/Windows/Scalability.ini]
[2020.10.06-09.10.41:654][  0]LogConfig: Setting CVar [[r.PostProcessAAQuality:4]]
[2020.10.06-09.10.41:654][  0]LogConfig: Applying CVar settings from Section [ShadowQuality@3] File [C:/Users/Christian Hinkle/Documents/Unreal Projects/SonicSiege/SonicSiege/Saved/Config/Windows/Scalability.ini]
[2020.10.06-09.10.41:654][  0]LogConfig: Setting CVar [[r.LightFunctionQuality:1]]
[2020.10.06-09.10.41:654][  0]LogConfig: Setting CVar [[r.ShadowQuality:5]]
[2020.10.06-09.10.41:654][  0]LogConfig: Setting CVar [[r.Shadow.CSM.MaxCascades:10]]
[2020.10.06-09.10.41:654][  0]LogConfig: Setting CVar [[r.Shadow.MaxResolution:2048]]
[2020.10.06-09.10.41:655][  0]LogConfig: Setting CVar [[r.Shadow.MaxCSMResolution:2048]]
[2020.10.06-09.10.41:655][  0]LogConfig: Setting CVar [[r.Shadow.RadiusThreshold:0.01]]
[2020.10.06-09.10.41:655][  0]LogConfig: Setting CVar [[r.Shadow.DistanceScale:1.0]]
[2020.10.06-09.10.41:655][  0]LogConfig: Setting CVar [[r.Shadow.CSM.TransitionScale:1.0]]
[2020.10.06-09.10.41:655][  0]LogConfig: Setting CVar [[r.Shadow.PreShadowResolutionFactor:1.0]]
[2020.10.06-09.10.41:656][  0]LogConfig: Setting CVar [[r.DistanceFieldShadowing:1]]
[2020.10.06-09.10.41:656][  0]LogConfig: Setting CVar [[r.DistanceFieldAO:1]]
[2020.10.06-09.10.41:656][  0]LogConfig: Setting CVar [[r.AOQuality:2]]
[2020.10.06-09.10.41:656][  0]LogConfig: Setting CVar [[r.VolumetricFog:1]]
[2020.10.06-09.10.41:656][  0]LogConfig: Setting CVar [[r.VolumetricFog.GridPixelSize:8]]
[2020.10.06-09.10.41:656][  0]LogConfig: Setting CVar [[r.VolumetricFog.GridSizeZ:128]]
[2020.10.06-09.10.41:656][  0]LogConfig: Setting CVar [[r.VolumetricFog.HistoryMissSupersampleCount:4]]
[2020.10.06-09.10.41:656][  0]LogConfig: Setting CVar [[r.LightMaxDrawDistanceScale:1]]
[2020.10.06-09.10.41:656][  0]LogConfig: Setting CVar [[r.CapsuleShadows:1]]
[2020.10.06-09.10.41:656][  0]LogConfig: Applying CVar settings from Section [PostProcessQuality@3] File [C:/Users/Christian Hinkle/Documents/Unreal Projects/SonicSiege/SonicSiege/Saved/Config/Windows/Scalability.ini]
[2020.10.06-09.10.41:656][  0]LogConfig: Setting CVar [[r.MotionBlurQuality:4]]
[2020.10.06-09.10.41:656][  0]LogConfig: Setting CVar [[r.AmbientOcclusionMipLevelFactor:0.4]]
[2020.10.06-09.10.41:657][  0]LogConfig: Setting CVar [[r.AmbientOcclusionMaxQuality:100]]
[2020.10.06-09.10.41:657][  0]LogConfig: Setting CVar [[r.AmbientOcclusionLevels:-1]]
[2020.10.06-09.10.41:657][  0]LogConfig: Setting CVar [[r.AmbientOcclusionRadiusScale:1.0]]
[2020.10.06-09.10.41:657][  0]LogConfig: Setting CVar [[r.DepthOfFieldQuality:2]]
[2020.10.06-09.10.41:657][  0]LogConfig: Setting CVar [[r.RenderTargetPoolMin:400]]
[2020.10.06-09.10.41:657][  0]LogConfig: Setting CVar [[r.LensFlareQuality:2]]
[2020.10.06-09.10.41:657][  0]LogConfig: Setting CVar [[r.SceneColorFringeQuality:1]]
[2020.10.06-09.10.41:657][  0]LogConfig: Setting CVar [[r.EyeAdaptationQuality:2]]
[2020.10.06-09.10.41:657][  0]LogConfig: Setting CVar [[r.BloomQuality:5]]
[2020.10.06-09.10.41:657][  0]LogConfig: Setting CVar [[r.FastBlurThreshold:100]]
[2020.10.06-09.10.41:657][  0]LogConfig: Setting CVar [[r.Upscale.Quality:3]]
[2020.10.06-09.10.41:657][  0]LogConfig: Setting CVar [[r.Tonemapper.GrainQuantization:1]]
[2020.10.06-09.10.41:658][  0]LogConfig: Setting CVar [[r.LightShaftQuality:1]]
[2020.10.06-09.10.41:658][  0]LogConfig: Setting CVar [[r.Filter.SizeScale:1]]
[2020.10.06-09.10.41:658][  0]LogConfig: Setting CVar [[r.Tonemapper.Quality:5]]
[2020.10.06-09.10.41:658][  0]LogConfig: Setting CVar [[r.DOF.Gather.AccumulatorQuality:1        ; higher gathering accumulator quality]]
[2020.10.06-09.10.41:658][  0]LogConfig: Setting CVar [[r.DOF.Gather.PostfilterMethod:1          ; Median3x3 postfilering method]]
[2020.10.06-09.10.41:658][  0]LogConfig: Setting CVar [[r.DOF.Gather.EnableBokehSettings:0       ; no bokeh simulation when gathering]]
[2020.10.06-09.10.41:658][  0]LogConfig: Setting CVar [[r.DOF.Gather.RingCount:4                 ; medium number of samples when gathering]]
[2020.10.06-09.10.41:658][  0]LogConfig: Setting CVar [[r.DOF.Scatter.ForegroundCompositing:1    ; additive foreground scattering]]
[2020.10.06-09.10.41:658][  0]LogConfig: Setting CVar [[r.DOF.Scatter.BackgroundCompositing:2    ; additive background scattering]]
[2020.10.06-09.10.41:658][  0]LogConfig: Setting CVar [[r.DOF.Scatter.EnableBokehSettings:1      ; bokeh simulation when scattering]]
[2020.10.06-09.10.41:658][  0]LogConfig: Setting CVar [[r.DOF.Scatter.MaxSpriteRatio:0.1         ; only a maximum of 10% of scattered bokeh]]
[2020.10.06-09.10.41:659][  0]LogConfig: Setting CVar [[r.DOF.Recombine.Quality:1                ; cheap slight out of focus]]
[2020.10.06-09.10.41:659][  0]LogConfig: Setting CVar [[r.DOF.Recombine.EnableBokehSettings:0    ; no bokeh simulation on slight out of focus]]
[2020.10.06-09.10.41:659][  0]LogConfig: Setting CVar [[r.DOF.TemporalAAQuality:1                ; more stable temporal accumulation]]
[2020.10.06-09.10.41:659][  0]LogConfig: Setting CVar [[r.DOF.Kernel.MaxForegroundRadius:0.025]]
[2020.10.06-09.10.41:659][  0]LogConfig: Setting CVar [[r.DOF.Kernel.MaxBackgroundRadius:0.025]]
[2020.10.06-09.10.41:659][  0]LogConfig: Applying CVar settings from Section [TextureQuality@3] File [C:/Users/Christian Hinkle/Documents/Unreal Projects/SonicSiege/SonicSiege/Saved/Config/Windows/Scalability.ini]
[2020.10.06-09.10.41:659][  0]LogConfig: Setting CVar [[r.Streaming.MipBias:0]]
[2020.10.06-09.10.41:659][  0]LogConfig: Setting CVar [[r.Streaming.AmortizeCPUToGPUCopy:0]]
[2020.10.06-09.10.41:659][  0]LogConfig: Setting CVar [[r.Streaming.MaxNumTexturesToStreamPerFrame:0]]
[2020.10.06-09.10.41:659][  0]LogConfig: Setting CVar [[r.Streaming.Boost:1]]
[2020.10.06-09.10.41:660][  0]LogConfig: Setting CVar [[r.MaxAnisotropy:8]]
[2020.10.06-09.10.41:660][  0]LogConfig: Setting CVar [[r.VT.MaxAnisotropy:8]]
[2020.10.06-09.10.41:660][  0]LogConfig: Setting CVar [[r.Streaming.LimitPoolSizeToVRAM:0]]
[2020.10.06-09.10.41:660][  0]LogConfig: Setting CVar [[r.Streaming.PoolSize:1000]]
[2020.10.06-09.10.41:660][  0]LogConfig: Setting CVar [[r.Streaming.MaxEffectiveScreenSize:0]]
[2020.10.06-09.10.41:660][  0]LogConfig: Applying CVar settings from Section [EffectsQuality@3] File [C:/Users/Christian Hinkle/Documents/Unreal Projects/SonicSiege/SonicSiege/Saved/Config/Windows/Scalability.ini]
[2020.10.06-09.10.41:660][  0]LogConfig: Setting CVar [[r.TranslucencyLightingVolumeDim:64]]
[2020.10.06-09.10.41:660][  0]LogConfig: Setting CVar [[r.RefractionQuality:2]]
[2020.10.06-09.10.41:660][  0]LogConfig: Setting CVar [[r.SSR.Quality:3]]
[2020.10.06-09.10.41:660][  0]LogConfig: Setting CVar [[r.SSR.HalfResSceneColor:0]]
[2020.10.06-09.10.41:661][  0]LogConfig: Setting CVar [[r.SceneColorFormat:4]]
[2020.10.06-09.10.41:661][  0]LogConfig: Setting CVar [[r.DetailMode:2]]
[2020.10.06-09.10.41:661][  0]LogConfig: Setting CVar [[r.TranslucencyVolumeBlur:1]]
[2020.10.06-09.10.41:661][  0]LogConfig: Setting CVar [[r.MaterialQualityLevel:1 ; High quality]]
[2020.10.06-09.10.41:661][  0]LogConfig: Setting CVar [[r.SSS.Scale:1]]
[2020.10.06-09.10.41:661][  0]LogConfig: Setting CVar [[r.SSS.SampleSet:2]]
[2020.10.06-09.10.41:661][  0]LogConfig: Setting CVar [[r.SSS.Quality:1]]
[2020.10.06-09.10.41:661][  0]LogConfig: Setting CVar [[r.SSS.HalfRes:0]]
[2020.10.06-09.10.41:661][  0]LogConfig: Setting CVar [[r.SSGI.Quality:3]]
[2020.10.06-09.10.41:661][  0]LogConfig: Setting CVar [[r.EmitterSpawnRateScale:1.0]]
[2020.10.06-09.10.41:661][  0]LogConfig: Setting CVar [[r.ParticleLightQuality:2]]
[2020.10.06-09.10.41:661][  0]LogConfig: Setting CVar [[r.SkyAtmosphere.AerialPerspectiveLUT.FastApplyOnOpaque:1 ; Always have FastSkyLUT 1 in this case to avoid wrong sky]]
[2020.10.06-09.10.41:661][  0]LogConfig: Setting CVar [[r.SkyAtmosphere.AerialPerspectiveLUT.SampleCountPerSlice:1]]
[2020.10.06-09.10.41:661][  0]LogConfig: Setting CVar [[r.SkyAtmosphere.AerialPerspectiveLUT.DepthResolution:16.0]]
[2020.10.06-09.10.41:662][  0]LogConfig: Setting CVar [[r.SkyAtmosphere.FastSkyLUT:1]]
[2020.10.06-09.10.41:662][  0]LogConfig: Setting CVar [[r.SkyAtmosphere.FastSkyLUT.SampleCountMin:4.0]]
[2020.10.06-09.10.41:662][  0]LogConfig: Setting CVar [[r.SkyAtmosphere.FastSkyLUT.SampleCountMax:32.0]]
[2020.10.06-09.10.41:662][  0]LogConfig: Setting CVar [[r.SkyAtmosphere.SampleCountMin:4.0]]
[2020.10.06-09.10.41:662][  0]LogConfig: Setting CVar [[r.SkyAtmosphere.SampleCountMax:32.0]]
[2020.10.06-09.10.41:662][  0]LogConfig: Setting CVar [[r.SkyAtmosphere.TransmittanceLUT.UseSmallFormat:0]]
[2020.10.06-09.10.41:662][  0]LogConfig: Setting CVar [[r.SkyAtmosphere.TransmittanceLUT.SampleCount:10.0]]
[2020.10.06-09.10.41:662][  0]LogConfig: Setting CVar [[r.SkyAtmosphere.MultiScatteringLUT.SampleCount:15.0]]
[2020.10.06-09.10.41:662][  0]LogConfig: Applying CVar settings from Section [FoliageQuality@3] File [C:/Users/Christian Hinkle/Documents/Unreal Projects/SonicSiege/SonicSiege/Saved/Config/Windows/Scalability.ini]
[2020.10.06-09.10.41:662][  0]LogConfig: Setting CVar [[foliage.DensityScale:1.0]]
[2020.10.06-09.10.41:662][  0]LogConfig: Setting CVar [[grass.DensityScale:1.0]]
[2020.10.06-09.10.41:662][  0]LogConfig: Applying CVar settings from Section [ShadingQuality@3] File [C:/Users/Christian Hinkle/Documents/Unreal Projects/SonicSiege/SonicSiege/Saved/Config/Windows/Scalability.ini]
[2020.10.06-09.10.41:663][  0]LogConfig: Setting CVar [[r.HairStrands.SkyLighting.SampleCount:16]]
[2020.10.06-09.10.41:663][  0]LogConfig: Setting CVar [[r.HairStrands.SkyLighting.JitterIntegration:0]]
[2020.10.06-09.10.41:663][  0]LogConfig: Setting CVar [[r.HairStrands.SkyAO.SampleCount:16]]
[2020.10.06-09.10.41:663][  0]LogConfig: Setting CVar [[r.HairStrands.DeepShadow.SuperSampling:0]]
[2020.10.06-09.10.41:663][  0]LogConfig: Setting CVar [[r.HairStrands.VisibilityPPLL:0]]
[2020.10.06-09.10.41:663][  0]LogConfig: Setting CVar [[r.HairStrands.RasterizationScale:0.5]]
[2020.10.06-09.10.41:663][  0]LogConfig: Setting CVar [[r.HairStrands.VelocityRasterizationScale:1]]
[2020.10.06-09.10.41:664][  0]LogInit: Selected Device Profile: [Windows]
[2020.10.06-09.10.41:664][  0]LogInit: Applying CVar settings loaded from the selected device profile: [Windows]
[2020.10.06-09.10.41:664][  0]LogHAL: Display: Platform has ~ 16 GB [17128710144 / 17179869184 / 16], which maps to Larger [LargestMinGB=32, LargerMinGB=12, DefaultMinGB=8, SmallerMinGB=6, SmallestMinGB=0)
[2020.10.06-09.10.41:664][  0]LogInit: Going up to parent DeviceProfile []
[2020.10.06-09.10.41:664][  0]LogConfig: Applying CVar settings from Section [ViewDistanceQuality@3] File [C:/Users/Christian Hinkle/Documents/Unreal Projects/SonicSiege/SonicSiege/Saved/Config/Windows/Scalability.ini]
[2020.10.06-09.10.41:664][  0]LogConfig: Setting CVar [[r.SkeletalMeshLODBias:0]]
[2020.10.06-09.10.41:664][  0]LogConfig: Setting CVar [[r.ViewDistanceScale:1.0]]
[2020.10.06-09.10.41:664][  0]LogConfig: Applying CVar settings from Section [AntiAliasingQuality@3] File [C:/Users/Christian Hinkle/Documents/Unreal Projects/SonicSiege/SonicSiege/Saved/Config/Windows/Scalability.ini]
[2020.10.06-09.10.41:665][  0]LogConfig: Setting CVar [[r.PostProcessAAQuality:4]]
[2020.10.06-09.10.41:665][  0]LogConfig: Applying CVar settings from Section [ShadowQuality@3] File [C:/Users/Christian Hinkle/Documents/Unreal Projects/SonicSiege/SonicSiege/Saved/Config/Windows/Scalability.ini]
[2020.10.06-09.10.41:665][  0]LogConfig: Setting CVar [[r.LightFunctionQuality:1]]
[2020.10.06-09.10.41:665][  0]LogConfig: Setting CVar [[r.ShadowQuality:5]]
[2020.10.06-09.10.41:665][  0]LogConfig: Setting CVar [[r.Shadow.CSM.MaxCascades:10]]
[2020.10.06-09.10.41:665][  0]LogConfig: Setting CVar [[r.Shadow.MaxResolution:2048]]
[2020.10.06-09.10.41:665][  0]LogConfig: Setting CVar [[r.Shadow.MaxCSMResolution:2048]]
[2020.10.06-09.10.41:665][  0]LogConfig: Setting CVar [[r.Shadow.RadiusThreshold:0.01]]
[2020.10.06-09.10.41:665][  0]LogConfig: Setting CVar [[r.Shadow.DistanceScale:1.0]]
[2020.10.06-09.10.41:665][  0]LogConfig: Setting CVar [[r.Shadow.CSM.TransitionScale:1.0]]
[2020.10.06-09.10.41:665][  0]LogConfig: Setting CVar [[r.Shadow.PreShadowResolutionFactor:1.0]]
[2020.10.06-09.10.41:665][  0]LogConfig: Setting CVar [[r.DistanceFieldShadowing:1]]
[2020.10.06-09.10.41:665][  0]LogConfig: Setting CVar [[r.DistanceFieldAO:1]]
[2020.10.06-09.10.41:665][  0]LogConfig: Setting CVar [[r.AOQuality:2]]
[2020.10.06-09.10.41:665][  0]LogConfig: Setting CVar [[r.VolumetricFog:1]]
[2020.10.06-09.10.41:666][  0]LogConfig: Setting CVar [[r.VolumetricFog.GridPixelSize:8]]
[2020.10.06-09.10.41:666][  0]LogConfig: Setting CVar [[r.VolumetricFog.GridSizeZ:128]]
[2020.10.06-09.10.41:666][  0]LogConfig: Setting CVar [[r.VolumetricFog.HistoryMissSupersampleCount:4]]
[2020.10.06-09.10.41:666][  0]LogConfig: Setting CVar [[r.LightMaxDrawDistanceScale:1]]
[2020.10.06-09.10.41:666][  0]LogConfig: Setting CVar [[r.CapsuleShadows:1]]
[2020.10.06-09.10.41:666][  0]LogConfig: Applying CVar settings from Section [PostProcessQuality@3] File [C:/Users/Christian Hinkle/Documents/Unreal Projects/SonicSiege/SonicSiege/Saved/Config/Windows/Scalability.ini]
[2020.10.06-09.10.41:666][  0]LogConfig: Setting CVar [[r.MotionBlurQuality:4]]
[2020.10.06-09.10.41:666][  0]LogConfig: Setting CVar [[r.AmbientOcclusionMipLevelFactor:0.4]]
[2020.10.06-09.10.41:666][  0]LogConfig: Setting CVar [[r.AmbientOcclusionMaxQuality:100]]
[2020.10.06-09.10.41:666][  0]LogConfig: Setting CVar [[r.AmbientOcclusionLevels:-1]]
[2020.10.06-09.10.41:666][  0]LogConfig: Setting CVar [[r.AmbientOcclusionRadiusScale:1.0]]
[2020.10.06-09.10.41:666][  0]LogConfig: Setting CVar [[r.DepthOfFieldQuality:2]]
[2020.10.06-09.10.41:666][  0]LogConfig: Setting CVar [[r.RenderTargetPoolMin:400]]
[2020.10.06-09.10.41:666][  0]LogConfig: Setting CVar [[r.LensFlareQuality:2]]
[2020.10.06-09.10.41:666][  0]LogConfig: Setting CVar [[r.SceneColorFringeQuality:1]]
[2020.10.06-09.10.41:667][  0]LogConfig: Setting CVar [[r.EyeAdaptationQuality:2]]
[2020.10.06-09.10.41:667][  0]LogConfig: Setting CVar [[r.BloomQuality:5]]
[2020.10.06-09.10.41:667][  0]LogConfig: Setting CVar [[r.FastBlurThreshold:100]]
[2020.10.06-09.10.41:667][  0]LogConfig: Setting CVar [[r.Upscale.Quality:3]]
[2020.10.06-09.10.41:667][  0]LogConfig: Setting CVar [[r.Tonemapper.GrainQuantization:1]]
[2020.10.06-09.10.41:667][  0]LogConfig: Setting CVar [[r.LightShaftQuality:1]]
[2020.10.06-09.10.41:667][  0]LogConfig: Setting CVar [[r.Filter.SizeScale:1]]
[2020.10.06-09.10.41:667][  0]LogConfig: Setting CVar [[r.Tonemapper.Quality:5]]
[2020.10.06-09.10.41:667][  0]LogConfig: Setting CVar [[r.DOF.Gather.AccumulatorQuality:1        ; higher gathering accumulator quality]]
[2020.10.06-09.10.41:667][  0]LogConfig: Setting CVar [[r.DOF.Gather.PostfilterMethod:1          ; Median3x3 postfilering method]]
[2020.10.06-09.10.41:667][  0]LogConfig: Setting CVar [[r.DOF.Gather.EnableBokehSettings:0       ; no bokeh simulation when gathering]]
[2020.10.06-09.10.41:667][  0]LogConfig: Setting CVar [[r.DOF.Gather.RingCount:4                 ; medium number of samples when gathering]]
[2020.10.06-09.10.41:667][  0]LogConfig: Setting CVar [[r.DOF.Scatter.ForegroundCompositing:1    ; additive foreground scattering]]
[2020.10.06-09.10.41:667][  0]LogConfig: Setting CVar [[r.DOF.Scatter.BackgroundCompositing:2    ; additive background scattering]]
[2020.10.06-09.10.41:667][  0]LogConfig: Setting CVar [[r.DOF.Scatter.EnableBokehSettings:1      ; bokeh simulation when scattering]]
[2020.10.06-09.10.41:668][  0]LogConfig: Setting CVar [[r.DOF.Scatter.MaxSpriteRatio:0.1         ; only a maximum of 10% of scattered bokeh]]
[2020.10.06-09.10.41:668][  0]LogConfig: Setting CVar [[r.DOF.Recombine.Quality:1                ; cheap slight out of focus]]
[2020.10.06-09.10.41:668][  0]LogConfig: Setting CVar [[r.DOF.Recombine.EnableBokehSettings:0    ; no bokeh simulation on slight out of focus]]
[2020.10.06-09.10.41:668][  0]LogConfig: Setting CVar [[r.DOF.TemporalAAQuality:1                ; more stable temporal accumulation]]
[2020.10.06-09.10.41:668][  0]LogConfig: Setting CVar [[r.DOF.Kernel.MaxForegroundRadius:0.025]]
[2020.10.06-09.10.41:668][  0]LogConfig: Setting CVar [[r.DOF.Kernel.MaxBackgroundRadius:0.025]]
[2020.10.06-09.10.41:668][  0]LogConfig: Applying CVar settings from Section [TextureQuality@3] File [C:/Users/Christian Hinkle/Documents/Unreal Projects/SonicSiege/SonicSiege/Saved/Config/Windows/Scalability.ini]
[2020.10.06-09.10.41:668][  0]LogConfig: Setting CVar [[r.Streaming.MipBias:0]]
[2020.10.06-09.10.41:668][  0]LogConfig: Setting CVar [[r.Streaming.AmortizeCPUToGPUCopy:0]]
[2020.10.06-09.10.41:668][  0]LogConfig: Setting CVar [[r.Streaming.MaxNumTexturesToStreamPerFrame:0]]
[2020.10.06-09.10.41:668][  0]LogConfig: Setting CVar [[r.Streaming.Boost:1]]
[2020.10.06-09.10.41:668][  0]LogConfig: Setting CVar [[r.MaxAnisotropy:8]]
[2020.10.06-09.10.41:668][  0]LogConfig: Setting CVar [[r.VT.MaxAnisotropy:8]]
[2020.10.06-09.10.41:668][  0]LogConfig: Setting CVar [[r.Streaming.LimitPoolSizeToVRAM:0]]
[2020.10.06-09.10.41:668][  0]LogConfig: Setting CVar [[r.Streaming.PoolSize:1000]]
[2020.10.06-09.10.41:669][  0]LogConfig: Setting CVar [[r.Streaming.MaxEffectiveScreenSize:0]]
[2020.10.06-09.10.41:669][  0]LogConfig: Applying CVar settings from Section [EffectsQuality@3] File [C:/Users/Christian Hinkle/Documents/Unreal Projects/SonicSiege/SonicSiege/Saved/Config/Windows/Scalability.ini]
[2020.10.06-09.10.41:669][  0]LogConfig: Setting CVar [[r.TranslucencyLightingVolumeDim:64]]
[2020.10.06-09.10.41:669][  0]LogConfig: Setting CVar [[r.RefractionQuality:2]]
[2020.10.06-09.10.41:669][  0]LogConfig: Setting CVar [[r.SSR.Quality:3]]
[2020.10.06-09.10.41:669][  0]LogConfig: Setting CVar [[r.SSR.HalfResSceneColor:0]]
[2020.10.06-09.10.41:669][  0]LogConfig: Setting CVar [[r.SceneColorFormat:4]]
[2020.10.06-09.10.41:669][  0]LogConfig: Setting CVar [[r.DetailMode:2]]
[2020.10.06-09.10.41:669][  0]LogConfig: Setting CVar [[r.TranslucencyVolumeBlur:1]]
[2020.10.06-09.10.41:669][  0]LogConfig: Setting CVar [[r.MaterialQualityLevel:1 ; High quality]]
[2020.10.06-09.10.41:669][  0]LogConfig: Setting CVar [[r.SSS.Scale:1]]
[2020.10.06-09.10.41:669][  0]LogConfig: Setting CVar [[r.SSS.SampleSet:2]]
[2020.10.06-09.10.41:669][  0]LogConfig: Setting CVar [[r.SSS.Quality:1]]
[2020.10.06-09.10.41:669][  0]LogConfig: Setting CVar [[r.SSS.HalfRes:0]]
[2020.10.06-09.10.41:670][  0]LogConfig: Setting CVar [[r.SSGI.Quality:3]]
[2020.10.06-09.10.41:670][  0]LogConfig: Setting CVar [[r.EmitterSpawnRateScale:1.0]]
[2020.10.06-09.10.41:670][  0]LogConfig: Setting CVar [[r.ParticleLightQuality:2]]
[2020.10.06-09.10.41:670][  0]LogConfig: Setting CVar [[r.SkyAtmosphere.AerialPerspectiveLUT.FastApplyOnOpaque:1 ; Always have FastSkyLUT 1 in this case to avoid wrong sky]]
[2020.10.06-09.10.41:670][  0]LogConfig: Setting CVar [[r.SkyAtmosphere.AerialPerspectiveLUT.SampleCountPerSlice:1]]
[2020.10.06-09.10.41:670][  0]LogConfig: Setting CVar [[r.SkyAtmosphere.AerialPerspectiveLUT.DepthResolution:16.0]]
[2020.10.06-09.10.41:670][  0]LogConfig: Setting CVar [[r.SkyAtmosphere.FastSkyLUT:1]]
[2020.10.06-09.10.41:670][  0]LogConfig: Setting CVar [[r.SkyAtmosphere.FastSkyLUT.SampleCountMin:4.0]]
[2020.10.06-09.10.41:670][  0]LogConfig: Setting CVar [[r.SkyAtmosphere.FastSkyLUT.SampleCountMax:32.0]]
[2020.10.06-09.10.41:670][  0]LogConfig: Setting CVar [[r.SkyAtmosphere.SampleCountMin:4.0]]
[2020.10.06-09.10.41:670][  0]LogConfig: Setting CVar [[r.SkyAtmosphere.SampleCountMax:32.0]]
[2020.10.06-09.10.41:670][  0]LogConfig: Setting CVar [[r.SkyAtmosphere.TransmittanceLUT.UseSmallFormat:0]]
[2020.10.06-09.10.41:670][  0]LogConfig: Setting CVar [[r.SkyAtmosphere.TransmittanceLUT.SampleCount:10.0]]
[2020.10.06-09.10.41:670][  0]LogConfig: Setting CVar [[r.SkyAtmosphere.MultiScatteringLUT.SampleCount:15.0]]
[2020.10.06-09.10.41:671][  0]LogConfig: Applying CVar settings from Section [FoliageQuality@3] File [C:/Users/Christian Hinkle/Documents/Unreal Projects/SonicSiege/SonicSiege/Saved/Config/Windows/Scalability.ini]
[2020.10.06-09.10.41:671][  0]LogConfig: Setting CVar [[foliage.DensityScale:1.0]]
[2020.10.06-09.10.41:671][  0]LogConfig: Setting CVar [[grass.DensityScale:1.0]]
[2020.10.06-09.10.41:671][  0]LogConfig: Applying CVar settings from Section [ShadingQuality@3] File [C:/Users/Christian Hinkle/Documents/Unreal Projects/SonicSiege/SonicSiege/Saved/Config/Windows/Scalability.ini]
[2020.10.06-09.10.41:671][  0]LogConfig: Setting CVar [[r.HairStrands.SkyLighting.SampleCount:16]]
[2020.10.06-09.10.41:671][  0]LogConfig: Setting CVar [[r.HairStrands.SkyLighting.JitterIntegration:0]]
[2020.10.06-09.10.41:671][  0]LogConfig: Setting CVar [[r.HairStrands.SkyAO.SampleCount:16]]
[2020.10.06-09.10.41:671][  0]LogConfig: Setting CVar [[r.HairStrands.DeepShadow.SuperSampling:0]]
[2020.10.06-09.10.41:671][  0]LogConfig: Setting CVar [[r.HairStrands.VisibilityPPLL:0]]
[2020.10.06-09.10.41:671][  0]LogConfig: Setting CVar [[r.HairStrands.RasterizationScale:0.5]]
[2020.10.06-09.10.41:672][  0]LogConfig: Setting CVar [[r.HairStrands.VelocityRasterizationScale:1]]
[2020.10.06-09.10.41:672][  0]LogConfig: Applying CVar settings from Section [Startup] File [../../../Engine/Config/ConsoleVariables.ini]
[2020.10.06-09.10.41:672][  0]LogConfig: Setting CVar [[p.chaos.AllowCreatePhysxBodies:1]]
[2020.10.06-09.10.41:672][  0]LogConfig: Setting CVar [[fx.SkipVectorVMBackendOptimizations:1]]
[2020.10.06-09.10.41:672][  0]LogConfig: Applying CVar settings from Section [ConsoleVariables] File [C:/Users/Christian Hinkle/Documents/Unreal Projects/SonicSiege/SonicSiege/Saved/Config/Windows/Engine.ini]
[2020.10.06-09.10.41:673][  0]LogInit: Computer: DESKTOP-IM4T8T4
[2020.10.06-09.10.41:673][  0]LogInit: User: Christian
[2020.10.06-09.10.41:673][  0]LogInit: CPU Page size=4096, Cores=6
[2020.10.06-09.10.41:673][  0]LogInit: High frequency timer resolution =10.000000 MHz
[2020.10.06-09.10.41:673][  0]LogMemory: Memory total: Physical=16.0GB (16GB approx)
[2020.10.06-09.10.41:673][  0]LogMemory: Platform Memory Stats for Windows
[2020.10.06-09.10.41:673][  0]LogMemory: Process Physical Memory: 117.55 MB used, 117.55 MB peak
[2020.10.06-09.10.41:673][  0]LogMemory: Process Virtual Memory: 97.21 MB used, 97.21 MB peak
[2020.10.06-09.10.41:673][  0]LogMemory: Physical Memory: 10477.03 MB used,  5858.18 MB free, 16335.21 MB total
[2020.10.06-09.10.41:674][  0]LogMemory: Virtual Memory: 5170.96 MB used,  134212560.00 MB free, 134217728.00 MB total
[2020.10.06-09.10.41:691][  0]LogWindows: WindowsPlatformFeatures enabled
[2020.10.06-09.10.42:553][  0]LogInit: Physics initialised using underlying interface: PhysX
[2020.10.06-09.10.42:555][  0]LogInit: Using OS detected language (en-US).
[2020.10.06-09.10.42:555][  0]LogInit: Using OS detected locale (en-US).
[2020.10.06-09.10.42:564][  0]LogTextLocalizationManager: No specific localization for 'en-US' exists, so the 'en' localization will be used.
[2020.10.06-09.10.42:878][  0]LogInit: Setting process to per monitor DPI aware
[2020.10.06-09.10.43:109][  0]LogSlate: New Slate User Created.  User Index 0, Is Virtual User: 0
[2020.10.06-09.10.43:109][  0]LogSlate: Slate User Registered.  User Index 0, Is Virtual User: 0
[2020.10.06-09.10.47:473][  0]LogHMD: Failed to initialize OpenVR with code 110
[2020.10.06-09.10.47:473][  0]LogD3D11RHI: D3D11 min allowed feature level: 11_0
[2020.10.06-09.10.47:473][  0]LogD3D11RHI: D3D11 max allowed feature level: 11_0
[2020.10.06-09.10.47:473][  0]LogD3D11RHI: D3D11 adapters:
[2020.10.06-09.10.47:529][  0]LogD3D11RHI:    0. 'Radeon RX Vega' (Feature Level 11_0)
[2020.10.06-09.10.47:529][  0]LogD3D11RHI:       8119/0/8167 MB DedicatedVideo/DedicatedSystem/SharedSystem, Outputs:1, VendorId:0x1002
[2020.10.06-09.10.47:536][  0]LogD3D11RHI:    1. 'Microsoft Basic Render Driver' (Feature Level 11_0)
[2020.10.06-09.10.47:536][  0]LogD3D11RHI:       0/0/8167 MB DedicatedVideo/DedicatedSystem/SharedSystem, Outputs:0, VendorId:0x1414
[2020.10.06-09.10.47:536][  0]LogD3D11RHI: Chosen D3D11 Adapter: 0
[2020.10.06-09.10.47:546][  0]LogD3D11RHI: Creating new Direct3DDevice
[2020.10.06-09.10.47:546][  0]LogD3D11RHI:     GPU DeviceId: 0x687f (for the marketing name, search the web for "GPU Device Id")
[2020.10.06-09.10.47:546][  0]LogWindows: EnumDisplayDevices:
[2020.10.06-09.10.47:547][  0]LogWindows:    0. 'Radeon RX Vega' (P:1 D:1)
[2020.10.06-09.10.47:547][  0]LogWindows:    1. 'Radeon RX Vega' (P:0 D:0)
[2020.10.06-09.10.47:548][  0]LogWindows:    2. 'Radeon RX Vega' (P:0 D:0)
[2020.10.06-09.10.47:548][  0]LogWindows:    3. 'Radeon RX Vega' (P:0 D:0)
[2020.10.06-09.10.47:549][  0]LogWindows:    4. 'Radeon RX Vega' (P:0 D:0)
[2020.10.06-09.10.47:549][  0]LogWindows:    5. 'Radeon RX Vega' (P:0 D:0)
[2020.10.06-09.10.47:550][  0]LogWindows:    6. 'Radeon RX Vega' (P:0 D:0)
[2020.10.06-09.10.47:550][  0]LogWindows:    7. 'Radeon RX Vega' (P:0 D:0)
[2020.10.06-09.10.47:550][  0]LogWindows: DebugString: FoundDriverCount:8 
[2020.10.06-09.10.47:550][  0]LogD3D11RHI:     Adapter Name: Radeon RX Vega
[2020.10.06-09.10.47:551][  0]LogD3D11RHI:   Driver Version: Adrenalin 2020 20.4.2 (internal:26.20.15029.27017, unified:26.20.15029.27017)
[2020.10.06-09.10.47:551][  0]LogD3D11RHI:      Driver Date: 5-15-2020
[2020.10.06-09.10.47:551][  0]LogRHI: Texture pool is 4831 MB (70% of 6901 MB)
[2020.10.06-09.10.47:762][  0]LogD3D11RHI: RHI has support for 64 bit atomics
[2020.10.06-09.10.47:763][  0]LogD3D11RHI: Async texture creation enabled
[2020.10.06-09.10.47:763][  0]LogD3D11RHI: Array index from any shader is supported
[2020.10.06-09.10.47:775][  0]LogD3D11RHI: GPU Timing Frequency: 27.000000 (Debug: 2 1)
[2020.10.06-09.10.48:126][  0]LogTargetPlatformManager: Display: Loaded TargetPlatform 'AllDesktop'
[2020.10.06-09.10.48:198][  0]LogTargetPlatformManager: Display: Loaded TargetPlatform 'Android'
[2020.10.06-09.10.48:198][  0]LogTargetPlatformManager: Display: Loaded TargetPlatform 'Android_ASTC'
[2020.10.06-09.10.48:198][  0]LogTargetPlatformManager: Display: Loaded TargetPlatform 'Android_DXT'
[2020.10.06-09.10.48:198][  0]LogTargetPlatformManager: Display: Loaded TargetPlatform 'Android_ETC2'
[2020.10.06-09.10.48:198][  0]LogTargetPlatformManager: Display: Loaded TargetPlatform 'AndroidClient'
[2020.10.06-09.10.48:198][  0]LogTargetPlatformManager: Display: Loaded TargetPlatform 'Android_ASTCClient'
[2020.10.06-09.10.48:198][  0]LogTargetPlatformManager: Display: Loaded TargetPlatform 'Android_DXTClient'
[2020.10.06-09.10.48:198][  0]LogTargetPlatformManager: Display: Loaded TargetPlatform 'Android_ETC2Client'
[2020.10.06-09.10.48:198][  0]LogTargetPlatformManager: Display: Loaded TargetPlatform 'Android_Multi'
[2020.10.06-09.10.48:198][  0]LogTargetPlatformManager: Display: Loaded TargetPlatform 'Android_MultiClient'
[2020.10.06-09.10.48:373][  0]LogTargetPlatformManager: Display: Loaded TargetPlatform 'IOSClient'
[2020.10.06-09.10.48:373][  0]LogTargetPlatformManager: Display: Loaded TargetPlatform 'IOS'
[2020.10.06-09.10.48:472][  0]LogTargetPlatformManager: Display: Loaded TargetPlatform 'Lumin'
[2020.10.06-09.10.48:473][  0]LogTargetPlatformManager: Display: Loaded TargetPlatform 'LuminClient'
[2020.10.06-09.10.48:538][  0]LogTargetPlatformManager: Display: Loaded TargetPlatform 'TVOSClient'
[2020.10.06-09.10.48:538][  0]LogTargetPlatformManager: Display: Loaded TargetPlatform 'TVOS'
[2020.10.06-09.10.48:597][  0]LogTargetPlatformManager: Display: Loaded TargetPlatform 'WindowsNoEditor'
[2020.10.06-09.10.48:649][  0]LogTargetPlatformManager: Display: Loaded TargetPlatform 'Windows'
[2020.10.06-09.10.48:709][  0]LogTargetPlatformManager: Display: Loaded TargetPlatform 'WindowsClient'
[2020.10.06-09.10.48:760][  0]LogTargetPlatformManager: Display: Loaded TargetPlatform 'WindowsServer'
[2020.10.06-09.10.48:815][  0]LogTargetPlatformManager: Display: Loaded TargetPlatform 'XXX'
[2020.10.06-09.10.48:815][  0]LogTargetPlatformManager: Display: Building Assets For Windows
[2020.10.06-09.10.49:093][  0]LogAudioDebug: Display: Lib vorbis DLL was dynamically loaded.
[2020.10.06-09.10.50:102][  0]LogShaderCompilers: Guid format shader working directory is 8 characters bigger than the processId version (../../../../Unreal Projects/SonicSiege/SonicSiege/Intermediate/Shaders/WorkingDirectory/6788/).
[2020.10.06-09.10.50:102][  0]LogShaderCompilers: Cleaned the shader compiler working directory 'C:/Users/Christian Hinkle/AppData/Local/Temp/UnrealShaderWorkingDir/B31B0C0649890D0DC0749396B5B02D67/'.
[2020.10.06-09.10.50:103][  0]LogXGEController: Cleaning working directory: C:/Users/Christian Hinkle/AppData/Local/Temp/UnrealXGEWorkingDir/
[2020.10.06-09.10.50:104][  0]LogXGEController: Cannot use XGE Controller as Incredibuild is not installed on this machine.
[2020.10.06-09.10.50:104][  0]LogShaderCompilers: Cannot use XGE Shader Compiler as Incredibuild is not installed on this machine.
[2020.10.06-09.10.50:104][  0]LogShaderCompilers: Display: Using Local Shader Compiler.
[2020.10.06-09.10.54:917][  0]LogDerivedDataCache: Display: Max Cache Size: 512 MB
[2020.10.06-09.10.54:982][  0]LogDerivedDataCache: Loaded boot cache 0.06s 75MB ../../../../Unreal Projects/SonicSiege/SonicSiege/DerivedDataCache/Boot.ddc.
[2020.10.06-09.10.54:982][  0]LogDerivedDataCache: Display: Loaded Boot cache: ../../../../Unreal Projects/SonicSiege/SonicSiege/DerivedDataCache/Boot.ddc
[2020.10.06-09.10.54:982][  0]LogDerivedDataCache: FDerivedDataBackendGraph:  Pak pak cache file ../../../../Unreal Projects/SonicSiege/SonicSiege/DerivedDataCache/DDC.ddp not found, will not use a pak cache.
[2020.10.06-09.10.54:982][  0]LogDerivedDataCache: Unable to find inner node Pak for hierarchical cache Hierarchy.
[2020.10.06-09.10.54:983][  0]LogDerivedDataCache: FDerivedDataBackendGraph:  EnginePak pak cache file ../../../Engine/DerivedDataCache/DDC.ddp not found, will not use a pak cache.
[2020.10.06-09.10.54:983][  0]LogDerivedDataCache: Unable to find inner node EnginePak for hierarchical cache Hierarchy.
[2020.10.06-09.10.54:986][  0]LogDerivedDataCache: Using Local data cache path ../../../Engine/DerivedDataCache: Writable
[2020.10.06-09.10.54:986][  0]LogDerivedDataCache: Shared data cache path not found in *engine.ini, will not use an Shared cache.
[2020.10.06-09.10.54:986][  0]LogDerivedDataCache: Unable to find inner node Shared for hierarchical cache Hierarchy.
[2020.10.06-09.10.55:047][  0]LogSlate: Using FreeType 2.10.0
[2020.10.06-09.10.55:072][  0]LogSlate: SlateFontServices - WITH_FREETYPE: 1, WITH_HARFBUZZ: 1
[2020.10.06-09.10.55:130][  0]LogAssetRegistry: FAssetRegistry took 0.0052 seconds to start up
[2020.10.06-09.10.55:439][  0]LogInit: Selected Device Profile: [Windows]
[2020.10.06-09.10.56:505][  0]LogMeshReduction: Using QuadricMeshReduction for automatic static mesh reduction
[2020.10.06-09.10.56:505][  0]LogMeshReduction: Using SimplygonMeshReduction for automatic skeletal mesh reduction
[2020.10.06-09.10.56:505][  0]LogMeshReduction: Using ProxyLODMeshReduction for automatic mesh merging
[2020.10.06-09.10.56:505][  0]LogMeshReduction: No distributed automatic mesh merging module available
[2020.10.06-09.10.56:505][  0]LogMeshMerging: No distributed automatic mesh merging module available
[2020.10.06-09.10.56:596][  0]LogNetVersion: SonicSiege 1.0.0, NetCL: 0, EngineNetVer: 14, GameNetVer: 0 (Checksum: 1397966116)
[2020.10.06-09.10.58:476][  0]LogAISub: UAISubsystem::UAISubsystem AISubsystem (00000256BE5FAF40), frame # 0
[2020.10.06-09.10.58:476][  0]LogAISub: UAISubsystem::UAISubsystem AIPerceptionSystem (00000256BE5A11C0), frame # 0
[2020.10.06-09.10.58:478][  0]LogAISub: UAISubsystem::UAISubsystem EnvQueryManager (00000256BE719A00), frame # 0
[2020.10.06-09.10.58:600][  0]LogPackageLocalizationCache: Processed 21 localized package path(s) for 1 prioritized culture(s) in 0.101581 seconds
[2020.10.06-09.10.58:607][  0]LogUObjectArray: 15903 objects as part of root set at end of initial load.
[2020.10.06-09.10.58:608][  0]LogUObjectAllocator: 3962048 out of 0 bytes used by permanent object pool.
[2020.10.06-09.10.58:608][  0]LogUObjectArray: CloseDisregardForGC: 0/0 objects in disregard for GC pool
[2020.10.06-09.11.01:099][  0]LogPython: Using Python 2.7.14
[2020.10.06-09.11.04:018][  0]LogTcpMessaging: Initializing TcpMessaging bridge
[2020.10.06-09.11.04:267][  0]LogUdpMessaging: Initializing bridge on interface 0.0.0.0:0 to multicast group 230.0.0.1:6666.
[2020.10.06-09.11.04:420][  0]LogGameplayTags: NetworkGameplayTagNodeIndexHash is 81673715
[2020.10.06-09.11.04:420][  0]LogStats: UGameplayTagsManager::InitializeManager -  0.037 s
[2020.10.06-09.11.05:568][  0]SourceControl: Source control is disabled
[2020.10.06-09.11.05:568][  0]SourceControl: Source control is disabled
[2020.10.06-09.11.05:615][  0]SourceControl: Source control is disabled
[2020.10.06-09.11.05:656][  0]SourceControl: Source control is disabled
[2020.10.06-09.11.05:726][  0]SourceControl: Source control is disabled
[2020.10.06-09.11.08:571][  0]LogAndroidPermission: UAndroidPermissionCallbackProxy::GetInstance
[2020.10.06-09.11.08:804][  0]LogAudioCaptureCore: Display: No Audio Capture implementations found. Audio input will be silent.
[2020.10.06-09.11.08:804][  0]LogAudioCaptureCore: Display: No Audio Capture implementations found. Audio input will be silent.
[2020.10.06-09.11.09:200][  0]LogOcInput: OculusInput pre-init called
[2020.10.06-09.11.09:284][  0]LogWindows: Failed to load 'OVRPlugin.dll' (GetLastError=126)
[2020.10.06-09.11.09:284][  0]LogWindows: File 'OVRPlugin.dll' does not exist
[2020.10.06-09.11.10:205][  0]LogEngine: Initializing Engine...
[2020.10.06-09.11.10:223][  0]LogHMD: Failed to initialize OpenVR with code 110
[2020.10.06-09.11.10:223][  0]LogMagicLeap: Warning: VR disabled because ZI is not enabled.  To enable, in the editor, Edit -> Project Settings -> Plugins -> Magic Leap Plugin -> Enable Zero Iteration
[2020.10.06-09.11.10:224][  0]LogUObjectGlobals: BeginLoad(/Engine/EngineDebugMaterials/LevelColorationLitMaterial) is flushing async loading
[2020.10.06-09.11.10:224][  0]LogStreaming: Display: Flushing async loaders.
[2020.10.06-09.11.10:641][  0]LogInit: Initializing FReadOnlyCVARCache
[2020.10.06-09.11.10:917][  0]LogAIModule: Creating AISystem for world Untitled
[2020.10.06-09.11.10:918][  0]LogAISub: UAISubsystem::UAISubsystem EnvQueryManager (00000256D4409600), frame # 0
[2020.10.06-09.11.10:918][  0]LogAISub: UAISubsystem::UAISubsystem AIPerceptionSystem (00000256D441EC00), frame # 0
[2020.10.06-09.11.10:956][  0]LogAudioMixer: Display: Audio Mixer Platform Settings:
[2020.10.06-09.11.10:956][  0]LogAudioMixer: Display: 	Sample Rate:						  48000
[2020.10.06-09.11.10:956][  0]LogAudioMixer: Display: 	Callback Buffer Frame Size Requested: 1024
[2020.10.06-09.11.10:956][  0]LogAudioMixer: Display: 	Callback Buffer Frame Size To Use:	  1024
[2020.10.06-09.11.10:956][  0]LogAudioMixer: Display: 	Number of buffers to queue:			  2
[2020.10.06-09.11.10:956][  0]LogAudioMixer: Display: 	Max Channels (voices):				  32
[2020.10.06-09.11.10:957][  0]LogAudioMixer: Display: 	Number of Async Source Workers:		  0
[2020.10.06-09.11.10:957][  0]LogAudio: Display: AudioDevice MaxSources: 32
[2020.10.06-09.11.10:957][  0]LogAudio: Display: Using built-in audio occlusion.
[2020.10.06-09.11.10:957][  0]LogAudioMixer: Display: Initializing audio mixer.
[2020.10.06-09.11.10:994][  0]LogAudioMixer: Display: 0: FrontLeft
[2020.10.06-09.11.10:995][  0]LogAudioMixer: Display: 1: FrontRight
[2020.10.06-09.11.11:069][  0]LogAudioMixer: Display: Using Audio Device VoiceMeeter Input (VB-Audio VoiceMeeter VAIO)
[2020.10.06-09.11.11:069][  0]LogAudioMixer: Display: Initializing Sound Submixes...
[2020.10.06-09.11.11:103][  0]LogAudioMixer: Display: Creating Master Submix 'MasterSubmixDefault'
[2020.10.06-09.11.11:103][  0]LogAudioMixer: Display: Creating Master Submix 'MasterReverbSubmixDefault'
[2020.10.06-09.11.11:104][  0]LogAudioMixer: Display: Creating Master Submix 'MasterEQSubmixDefault'
[2020.10.06-09.11.11:106][  0]LogInit: FAudioDevice initialized.
[2020.10.06-09.11.11:106][  0]LogNetVersion: Set ProjectVersion to 1.0.0.0. Version Checksum will be recalculated on next use.
[2020.10.06-09.11.14:752][  0]LogDerivedDataCache: Saved boot cache 3.65s 75MB ../../../../Unreal Projects/SonicSiege/SonicSiege/DerivedDataCache/Boot.ddc.
[2020.10.06-09.11.14:760][  0]LogInit: Texture streaming: Enabled
[2020.10.06-09.11.15:019][  0]LogEngineSessionManager: EngineSessionManager initialized
[2020.10.06-09.11.15:019][  0]LogEngineSessionManager: EngineSessionManager sent abnormal shutdown report. Type=Debugger, SessionId={A80D1A04-4602-B243-B290-59AA2EE16D0A}
[2020.10.06-09.11.15:019][  0]LogEditorSessionSummary: Verbose: Initializing EditorSessionSummaryWriter for editor session tracking
[2020.10.06-09.11.15:023][  0]LogEditorSessionSummary: EditorSessionSummaryWriter initialized
[2020.10.06-09.11.15:169][  0]LogInit: Transaction tracking system initialized
[2020.10.06-09.11.15:386][  0]BlueprintLog: New page: Editor Load
[2020.10.06-09.11.17:217][  0]LocalizationService: Localization service is disabled
[2020.10.06-09.11.20:131][  0]LogCook: Display: Max memory allowance for cook 16384mb min free memory 0mb
[2020.10.06-09.11.20:131][  0]LogCook: Display: Mobile HDR setting 1
[2020.10.06-09.11.20:138][  0]LogFileCache: Scanning file cache for directory 'C:/Users/Christian Hinkle/Documents/Unreal Projects/SonicSiege/SonicSiege/Content/' took 0.01s
[2020.10.06-09.11.20:138][  0]LogGameplayTags: NetworkGameplayTagNodeIndexHash is 81673715
[2020.10.06-09.11.20:138][  0]LogStats: FGameplayAbilitiesEditorModule::GameplayTagTreeChanged -  0.000 s
[2020.10.06-09.11.23:763][  0]LogStats: UGameplayCueManager::InitializeEditorObjectLibrary -  0.002 s
[2020.10.06-09.11.23:949][  0]SourceControl: Source control is disabled
[2020.10.06-09.11.23:949][  0]LogUnrealEdMisc: Loading editor; pre map load, took 47.483
[2020.10.06-09.11.23:949][  0]Cmd: MAP LOAD FILE="../../../../Unreal Projects/SonicSiege/SonicSiege/Content/Maps/MAP_Test.umap" TEMPLATE=0 SHOWPROGRESS=1 FEATURELEVEL=3
[2020.10.06-09.11.23:955][  0]LightingResults: New page: Lighting Build
[2020.10.06-09.11.23:956][  0]LogWorld: UWorld::CleanupWorld for Untitled, bSessionEnded=true, bCleanupResources=true
[2020.10.06-09.11.23:956][  0]LogSlate: InvalidateAllWidgets triggered.  All widgets were invalidated
[2020.10.06-09.11.23:956][  0]MapCheck: New page: Map Check
[2020.10.06-09.11.23:957][  0]LightingResults: New page: Lighting Build
[2020.10.06-09.11.23:975][  0]LogAISub: UAISubsystem::~UAISubsystem EnvQueryManager (00000256D4409600), frame # 0
[2020.10.06-09.11.23:975][  0]LogAISub: UAISubsystem::~UAISubsystem AIPerceptionSystem (00000256D441EC00), frame # 0
[2020.10.06-09.11.23:976][  0]LogUObjectHash: Compacting FUObjectHashTables data took   0.87ms
[2020.10.06-09.11.24:735][  0]LogAIModule: Creating AISystem for world MAP_Test
[2020.10.06-09.11.24:735][  0]LogAISub: UAISubsystem::UAISubsystem EnvQueryManager (00000256B5003E00), frame # 0
[2020.10.06-09.11.24:735][  0]LogAISub: UAISubsystem::UAISubsystem AIPerceptionSystem (00000256BEA18900), frame # 0
[2020.10.06-09.11.24:998][  0]LogEditorServer: Finished looking for orphan Actors (0.000 secs)
[2020.10.06-09.11.25:023][  0]LogUObjectHash: Compacting FUObjectHashTables data took   0.85ms
[2020.10.06-09.11.25:024][  0]Cmd: MAP CHECKDEP NOCLEARLOG
[2020.10.06-09.11.25:024][  0]MapCheck: Map check complete: 0 Error(s), 0 Warning(s), took 0.193ms to complete.
[2020.10.06-09.11.25:024][  0]LogFileHelpers: Loading map 'MAP_Test' took 1.075
[2020.10.06-09.11.25:034][  0]LogUnrealEdMisc: Total Editor Startup Time, took 48.568
[2020.10.06-09.11.25:205][  0]LogSlate: Updating window title bar state: overlay mode, drag disabled, window buttons hidden, title bar hidden
[2020.10.06-09.11.25:213][  0]LogSlate: Updating window title bar state: overlay mode, drag disabled, window buttons hidden, title bar hidden
[2020.10.06-09.11.25:220][  0]LogSlate: Updating window title bar state: overlay mode, drag disabled, window buttons hidden, title bar hidden
[2020.10.06-09.11.25:228][  0]LogSlate: Updating window title bar state: overlay mode, drag disabled, window buttons hidden, title bar hidden
[2020.10.06-09.11.25:272][  0]LogCollectionManager: Loaded 0 collections in 0.004679 seconds
[2020.10.06-09.11.25:299][  0]LogFileCache: Scanning file cache for directory 'C:/Users/Christian Hinkle/Documents/Unreal Projects/SonicSiege/SonicSiege/Saved/Collections/' took 0.00s
[2020.10.06-09.11.25:299][  0]LogFileCache: Scanning file cache for directory 'C:/Users/Christian Hinkle/Documents/Unreal Projects/SonicSiege/SonicSiege/Content/Developers/Christian/Collections/' took 0.00s
[2020.10.06-09.11.25:299][  0]LogFileCache: Scanning file cache for directory 'C:/Users/Christian Hinkle/Documents/Unreal Projects/SonicSiege/SonicSiege/Content/Collections/' took 0.01s
[2020.10.06-09.11.25:299][  0]LogContentBrowser: Native class hierarchy populated in 0.0119 seconds. Added 3583 classes and 858 folders.
[2020.10.06-09.11.25:303][  0]LogContentBrowser: Native class hierarchy updated for 'WidgetCarousel' in 0.0008 seconds. Added 0 classes and 0 folders.
[2020.10.06-09.11.25:641][  0]LogContentBrowser: Native class hierarchy updated for 'AddContentDialog' in 0.0006 seconds. Added 0 classes and 0 folders.
[2020.10.06-09.11.25:646][  0]LogContentBrowser: Native class hierarchy updated for 'SceneOutliner' in 0.0006 seconds. Added 2 classes and 0 folders.
[2020.10.06-09.11.25:681][  0]LogSlate: Took 0.008758 seconds to synchronously load lazily loaded font '../../../Engine/Content/Slate/Fonts/Roboto-Regular.ttf' (155K)
[2020.10.06-09.11.25:690][  0]LogSlate: Took 0.006218 seconds to synchronously load lazily loaded font '../../../Engine/Content/Slate/Fonts/Roboto-Bold.ttf' (160K)
[2020.10.06-09.11.25:704][  0]LogSlate: Took 0.008317 seconds to synchronously load lazily loaded font '../../../Engine/Content/Editor/Slate/Fonts/FontAwesome.ttf' (139K)
[2020.10.06-09.11.26:717][  0]LogRenderer: Reallocating scene render targets to support 1208x572 Format 10 NumSamples 1 (Frame:1).
[2020.10.06-09.11.26:830][  0]LogSlate: Took 0.005427 seconds to synchronously load lazily loaded font '../../../Engine/Content/Slate/Fonts/Roboto-Light.ttf' (167K)
[2020.10.06-09.11.26:949][  0]LogContentBrowser: Native class hierarchy updated for 'HierarchicalLODOutliner' in 0.0006 seconds. Added 0 classes and 0 folders.
[2020.10.06-09.11.26:949][  0]LogLoad: (Engine Initialization) Total time: 50.48 seconds
[2020.10.06-09.11.26:949][  0]LogLoad: (Engine Initialization) Total Blueprint compile time: 0.00 seconds
[2020.10.06-09.11.26:988][  0]LogAssetRegistry: Asset discovery search completed in 31.8611 seconds
[2020.10.06-09.11.26:992][  0]LogStats: UGameplayCueManager::InitializeEditorObjectLibrary -  0.004 s
[2020.10.06-09.11.26:999][  0]LogCollectionManager: Fixed up redirectors for 0 collections in 0.000002 seconds (updated 0 objects)
[2020.10.06-09.11.27:001][  0]LogContentStreaming: Texture pool size now 1000 MB
[2020.10.06-09.12.27:174][161]LogEditorSessionSummary: EditorSessionSummary sent report. Type=Debugger, SessionId={C98041A8-4B91-BF9B-6896-5FB33C0C97F0}
[2020.10.06-09.12.27:242][161]LogEditorSessionSummary: EditorSessionSummary sent report. Type=Debugger, SessionId={A80D1A04-4602-B243-B290-59AA2EE16D0A}
[2020.10.06-09.16.30:153][124]LogTemp: Repeating last play command: Selected Viewport
[2020.10.06-09.16.30:172][124]LogPlayLevel: PlayLevel: No blueprints needed recompiling
[2020.10.06-09.16.30:173][124]PIE: New page: PIE session: MAP_Test (Oct 6, 2020, 3:16:30 AM)
[2020.10.06-09.16.30:175][124]LogOnline: OSS: Creating online subsystem instance for: NULL
[2020.10.06-09.16.30:177][124]LogOnline: OSS: TryLoadSubsystemAndSetDefault: Loaded subsystem for module [NULL]
[2020.10.06-09.16.30:177][124]LogPlayLevel: Creating play world package: /Game/Maps/UEDPIE_0_MAP_Test
[2020.10.06-09.16.30:187][124]LogPlayLevel: PIE: StaticDuplicateObject took: (0.009236s)
[2020.10.06-09.16.30:188][124]LogAIModule: Creating AISystem for world MAP_Test
[2020.10.06-09.16.30:188][124]LogAISub: UAISubsystem::UAISubsystem EnvQueryManager (00000256E7921E00), frame # 34124
[2020.10.06-09.16.30:189][124]LogAISub: UAISubsystem::UAISubsystem AIPerceptionSystem (00000256BECC1E40), frame # 34124
[2020.10.06-09.16.30:189][124]LogPlayLevel: PIE: World Init took: (0.001857s)
[2020.10.06-09.16.30:189][124]LogPlayLevel: PIE: Created PIE world by copying editor world from /Game/Maps/MAP_Test.MAP_Test to /Game/Maps/UEDPIE_0_MAP_Test.MAP_Test (0.011573s)
[2020.10.06-09.16.30:201][124]LogUObjectHash: Compacting FUObjectHashTables data took   0.62ms
[2020.10.06-09.16.30:203][124]LogAudioMixer: Display: Audio Mixer Platform Settings:
[2020.10.06-09.16.30:203][124]LogAudioMixer: Display: 	Sample Rate:						  48000
[2020.10.06-09.16.30:203][124]LogAudioMixer: Display: 	Callback Buffer Frame Size Requested: 1024
[2020.10.06-09.16.30:203][124]LogAudioMixer: Display: 	Callback Buffer Frame Size To Use:	  1024
[2020.10.06-09.16.30:203][124]LogAudioMixer: Display: 	Number of buffers to queue:			  2
[2020.10.06-09.16.30:203][124]LogAudioMixer: Display: 	Max Channels (voices):				  32
[2020.10.06-09.16.30:203][124]LogAudioMixer: Display: 	Number of Async Source Workers:		  0
[2020.10.06-09.16.30:204][124]LogAudio: Display: AudioDevice MaxSources: 32
[2020.10.06-09.16.30:204][124]LogAudio: Display: Using built-in audio occlusion.
[2020.10.06-09.16.30:204][124]LogAudioMixer: Display: Initializing audio mixer.
[2020.10.06-09.16.30:216][124]LogAudioMixer: Display: 0: FrontLeft
[2020.10.06-09.16.30:216][124]LogAudioMixer: Display: 1: FrontRight
[2020.10.06-09.16.30:261][124]LogAudioMixer: Display: Using Audio Device VoiceMeeter Input (VB-Audio VoiceMeeter VAIO)
[2020.10.06-09.16.30:262][124]LogAudioMixer: Display: Initializing Sound Submixes...
[2020.10.06-09.16.30:262][124]LogAudioMixer: Display: Creating Master Submix 'MasterSubmixDefault'
[2020.10.06-09.16.30:262][124]LogAudioMixer: Display: Creating Master Submix 'MasterReverbSubmixDefault'
[2020.10.06-09.16.30:263][124]LogAudioMixer: Display: Creating Master Submix 'MasterEQSubmixDefault'
[2020.10.06-09.16.30:276][124]LogInit: FAudioDevice initialized.
[2020.10.06-09.16.30:331][124]LogGameplayTags: Warning: Invalid GameplayTag State.Character.Jumping found while loading /Game/Blueprints/Character/GameplayEffects/GE_Jump_BP.Default__GE_Jump_BP_C in property /Script/GameplayAbilities.InheritedTagContainer:CombinedTags.
[2020.10.06-09.16.30:331][124]LogGameplayTags: Warning: Invalid GameplayTag State.Character.Jumping found while loading /Game/Blueprints/Character/GameplayEffects/GE_Jump_BP.Default__GE_Jump_BP_C in property /Script/GameplayAbilities.InheritedTagContainer:Added.
[2020.10.06-09.16.30:344][124]LogGameplayTags: Warning: Invalid GameplayTag State.Character.IsInteractingDuration found while loading /Game/Blueprints/Character/GameplayEffects/GE_CharacterDurationInteract.Default__GE_CharacterDurationInteract_C in property /Script/GameplayAbilities.InheritedTagContainer:CombinedTags.
[2020.10.06-09.16.30:345][124]LogGameplayTags: Warning: Invalid GameplayTag State.Character.IsInteractingDuration found while loading /Game/Blueprints/Character/GameplayEffects/GE_CharacterDurationInteract.Default__GE_CharacterDurationInteract_C in property /Script/GameplayAbilities.InheritedTagContainer:Added.
[2020.10.06-09.16.30:545][124]LogLoad: Game class is 'GameMode_BP_C'
[2020.10.06-09.16.30:549][124]LogWorld: Bringing World /Game/Maps/UEDPIE_0_MAP_Test.MAP_Test up for play (max tick rate 0) at 2020.10.06-06.16.30
[2020.10.06-09.16.30:550][124]LogWorld: Bringing up level for play took: 0.003370
[2020.10.06-09.16.30:550][124]LogOnline: OSS: Creating online subsystem instance for: :Context_1
[2020.10.06-09.16.30:556][124]LogContentBrowser: Native class hierarchy updated for 'MovieSceneCapture' in 0.0007 seconds. Added 20 classes and 0 folders.
[2020.10.06-09.16.30:556][124]LogNet: ReplicationDriverClass is null! Not using ReplicationDriver.
[2020.10.06-09.16.30:557][124]LogNetCore: DDoS detection status: detection enabled: 0 analytics enabled: 0
[2020.10.06-09.16.30:557][124]LogInit: WinSock: Socket queue. Rx: 131072 (config 131072) Tx: 131072 (config 131072)
[2020.10.06-09.16.30:557][124]LogNet: Created socket for bind address: 0.0.0.0 on port 17777
[2020.10.06-09.16.30:557][124]PacketHandlerLog: Loaded PacketHandler component: Engine.EngineHandlerComponentFactory (StatelessConnectHandlerComponent)
[2020.10.06-09.16.30:557][124]LogNet: GameNetDriver IpNetDriver_0 IpNetDriver listening on port 17777
[2020.10.06-09.16.30:557][124]LogGameMode: Display: Match State Changed from EnteringMap to WaitingToStart
[2020.10.06-09.16.30:557][124]LogGameState: Match State Changed from EnteringMap to WaitingToStart
[2020.10.06-09.16.30:557][124]LogGameMode: Display: Match State Changed from WaitingToStart to InProgress
[2020.10.06-09.16.30:564][124]LogGameState: Match State Changed from WaitingToStart to InProgress
[2020.10.06-09.16.30:564][124]PIE: Server logged in
[2020.10.06-09.16.30:565][124]PIE: Play in editor total start time 0.394 seconds.
[2020.10.06-09.16.30:567][124]LogAudioMixer: Display: Audio Mixer Platform Settings:
[2020.10.06-09.16.30:567][124]LogAudioMixer: Display: 	Sample Rate:						  48000
[2020.10.06-09.16.30:567][124]LogAudioMixer: Display: 	Callback Buffer Frame Size Requested: 1024
[2020.10.06-09.16.30:567][124]LogAudioMixer: Display: 	Callback Buffer Frame Size To Use:	  1024
[2020.10.06-09.16.30:567][124]LogAudioMixer: Display: 	Number of buffers to queue:			  2
[2020.10.06-09.16.30:567][124]LogAudioMixer: Display: 	Max Channels (voices):				  32
[2020.10.06-09.16.30:567][124]LogAudioMixer: Display: 	Number of Async Source Workers:		  0
[2020.10.06-09.16.30:568][124]LogAudio: Display: AudioDevice MaxSources: 32
[2020.10.06-09.16.30:568][124]LogAudio: Display: Using built-in audio occlusion.
[2020.10.06-09.16.30:568][124]LogAudioMixer: Display: Initializing audio mixer.
[2020.10.06-09.16.30:581][124]LogAudioMixer: Display: 0: FrontLeft
[2020.10.06-09.16.30:581][124]LogAudioMixer: Display: 1: FrontRight
[2020.10.06-09.16.30:624][124]LogAudioMixer: Display: Using Audio Device VoiceMeeter Input (VB-Audio VoiceMeeter VAIO)
[2020.10.06-09.16.30:624][124]LogAudioMixer: Display: Initializing Sound Submixes...
[2020.10.06-09.16.30:624][124]LogAudioMixer: Display: Creating Master Submix 'MasterSubmixDefault'
[2020.10.06-09.16.30:625][124]LogAudioMixer: Display: Creating Master Submix 'MasterReverbSubmixDefault'
[2020.10.06-09.16.30:625][124]LogAudioMixer: Display: Creating Master Submix 'MasterEQSubmixDefault'
[2020.10.06-09.16.30:640][124]LogInit: FAudioDevice initialized.
[2020.10.06-09.16.30:657][124]LogSlate: Updating window title bar state: overlay mode, drag disabled, window buttons hidden, title bar hidden
[2020.10.06-09.16.30:658][124]LogNet: Browse: 127.0.0.1:17777//Game/Maps/MAP_Test
[2020.10.06-09.16.30:658][124]LogInit: WinSock: Socket queue. Rx: 32768 (config 32768) Tx: 32768 (config 32768)
[2020.10.06-09.16.30:659][124]LogNet: Created socket for bind address: 0.0.0.0 on port 0
[2020.10.06-09.16.30:659][124]PacketHandlerLog: Loaded PacketHandler component: Engine.EngineHandlerComponentFactory (StatelessConnectHandlerComponent)
[2020.10.06-09.16.30:659][124]LogNet: Game client on port 17777, rate 10000
[2020.10.06-09.16.30:662][124]PIE: Client logged in
[2020.10.06-09.16.30:664][124]PIE: Play in editor total start time 0.493 seconds.
[2020.10.06-09.16.31:683][236]LogNet: NotifyAcceptingConnection accepted from: 127.0.0.1:60312
[2020.10.06-09.16.31:683][236]LogHandshake: SendConnectChallenge. Timestamp: 1.538154, Cookie: 059240200099151188251033089088187065162012198190096092002131
[2020.10.06-09.16.31:684][236]LogHandshake: SendChallengeResponse. Timestamp: 1.538154, Cookie: 059240200099151188251033089088187065162012198190096092002131
[2020.10.06-09.16.31:691][237]LogNet: NotifyAcceptingConnection accepted from: 127.0.0.1:60312
[2020.10.06-09.16.31:692][237]LogHandshake: SendChallengeAck. InCookie: 059240200099151188251033089088187065162012198190096092002131
[2020.10.06-09.16.31:692][237]LogNet: Server accepting post-challenge connection from: 127.0.0.1:60312
[2020.10.06-09.16.31:692][237]PacketHandlerLog: Loaded PacketHandler component: Engine.EngineHandlerComponentFactory (StatelessConnectHandlerComponent)
[2020.10.06-09.16.31:692][237]LogNet: NotifyAcceptedConnection: Name: MAP_Test, TimeStamp: 10/06/20 06:16:31, [UNetConnection] RemoteAddr: 127.0.0.1:60312, Name: IpConnection_1, Driver: GameNetDriver IpNetDriver_0, IsServer: YES, PC: NULL, Owner: NULL, UniqueId: INVALID
[2020.10.06-09.16.31:693][237]LogNet: AddClientConnection: Added client connection: [UNetConnection] RemoteAddr: 127.0.0.1:60312, Name: IpConnection_1, Driver: GameNetDriver IpNetDriver_0, IsServer: YES, PC: NULL, Owner: NULL, UniqueId: INVALID
[2020.10.06-09.16.31:694][237]LogNetVersion: SonicSiege 1.0.0.0, NetCL: 0, EngineNetVer: 14, GameNetVer: 0 (Checksum: 1504223046)
[2020.10.06-09.16.31:694][237]LogNet: UPendingNetGame::SendInitialJoin: Sending hello. [UNetConnection] RemoteAddr: 127.0.0.1:17777, Name: IpConnection_0, Driver: PendingNetDriver IpNetDriver_1, IsServer: NO, PC: NULL, Owner: NULL, UniqueId: INVALID
[2020.10.06-09.16.31:700][238]LogNet: NotifyAcceptingChannel Control 0 server World /Game/Maps/UEDPIE_0_MAP_Test.MAP_Test: Accepted
[2020.10.06-09.16.31:700][238]LogNet: Remote platform little endian=1
[2020.10.06-09.16.31:700][238]LogNet: This platform little endian=1
[2020.10.06-09.16.31:701][238]LogOnline: OSS: Creating online subsystem instance for: :Context_2
[2020.10.06-09.16.31:710][239]LogNet: Login request: ?Name=DESKTOP-IM4T8T4-ECFED64C407E202489E40A9CF43E157C userId: NULL:DESKTOP-IM4T8T4-ECFED64C407E202489E40A9CF43E157C platform: NULL
[2020.10.06-09.16.31:711][239]LogNet: Welcomed by server (Level: /Game/Maps/UEDPIE_0_MAP_Test, Game: /Game/Blueprints/Game/GameMode_BP.GameMode_BP_C)
[2020.10.06-09.16.31:712][239]LogLoad: LoadMap: 127.0.0.1:17777//Game/Maps/UEDPIE_0_MAP_Test?game=/Game/Blueprints/Game/GameMode_BP.GameMode_BP_C
[2020.10.06-09.16.31:712][239]LogWorld: BeginTearingDown for /Temp/Untitled_1
[2020.10.06-09.16.31:712][239]LogWorld: UWorld::CleanupWorld for Untitled, bSessionEnded=true, bCleanupResources=true
[2020.10.06-09.16.31:712][239]LogSlate: InvalidateAllWidgets triggered.  All widgets were invalidated
[2020.10.06-09.16.31:728][239]LogUObjectHash: Compacting FUObjectHashTables data took   1.23ms
[2020.10.06-09.16.31:740][239]LogAIModule: Creating AISystem for world MAP_Test
[2020.10.06-09.16.31:741][239]LogAISub: UAISubsystem::UAISubsystem EnvQueryManager (00000256A62B0E00), frame # 34239
[2020.10.06-09.16.31:741][239]LogAISub: UAISubsystem::UAISubsystem AIPerceptionSystem (00000256A6231080), frame # 34239
[2020.10.06-09.16.31:743][239]LogWorld: Bringing World /Game/Maps/UEDPIE_1_MAP_Test.MAP_Test up for play (max tick rate 0) at 2020.10.06-06.16.31
[2020.10.06-09.16.31:743][239]LogWorld: Bringing up level for play took: 0.001098
[2020.10.06-09.16.31:744][239]LogLoad: Took 0.032565 seconds to LoadMap(/Game/Maps/UEDPIE_0_MAP_Test)
[2020.10.06-09.16.31:744][239]LogNavigation: Warning: NavData RegistrationFailed_DataPendingKill.
[2020.10.06-09.16.31:754][240]LogNet: Client netspeed is 10000
[2020.10.06-09.16.31:754][240]LogNet: Join request: /Game/Maps/MAP_Test?Name=DESKTOP-IM4T8T4-ECFED64C407E202489E40A9CF43E157C?SplitscreenCount=1
[2020.10.06-09.16.31:754][240]LogOnlineSession: Warning: OSS: No game present to join for session (GameSession)
[2020.10.06-09.16.31:757][240]LogNet: Join succeeded: DESKTOP-IM4T8T4-ECFE
[2020.10.06-09.16.32:164][279]LogOnlineSession: Warning: OSS: No game present to join for session (GameSession)
[2020.10.06-09.16.32:384][303]LogOnlineSession: Warning: OSS: No game present to join for session (GameSession)
[2020.10.06-09.18.15:253][893]LogNet: Warning: Took too long to receive packets. Time: 16.34 IpNetDriver_0
[2020.10.06-09.18.15:647][893]LogNet: UNetDriver::TickDispatch: Very long time between ticks. DeltaTime: 0.34, Realtime: 16.68. IpNetDriver_1
[2020.10.06-09.18.15:654][893]LogTemp: Resetting audio stream to device id 
[2020.10.06-09.18.15:734][893]LogAudioMixer: Display: 0: FrontLeft
[2020.10.06-09.18.15:734][893]LogAudioMixer: Display: 1: FrontRight
[2020.10.06-09.18.15:781][893]LogTemp: Resetting audio stream to device id 
[2020.10.06-09.18.15:852][893]LogAudioMixer: Display: 0: FrontLeft
[2020.10.06-09.18.15:852][893]LogAudioMixer: Display: 1: FrontRight
[2020.10.06-09.18.15:899][893]LogTemp: Resetting audio stream to device id 
[2020.10.06-09.18.15:975][893]LogAudioMixer: Display: 0: FrontLeft
[2020.10.06-09.18.15:975][893]LogAudioMixer: Display: 1: FrontRight
[2020.10.06-09.18.16:030][894]LogNet: UNetDriver::TickDispatch: Very long time between ticks. DeltaTime: 17.11, Realtime: 17.11. IpNetDriver_0
[2020.10.06-09.18.16:031][894]LogNet: UNetDriver::TickDispatch: Very long time between ticks. DeltaTime: 17.11, Realtime: 0.78. IpNetDriver_1
[2020.10.06-09.18.24:934][584]LogSlate: Updating window title bar state: overlay mode, drag disabled, window buttons hidden, title bar hidden
[2020.10.06-09.18.24:934][584]LogWorld: BeginTearingDown for /Game/Maps/UEDPIE_1_MAP_Test
[2020.10.06-09.18.24:935][584]LogSlate: Window 'SonicSiege Preview [NetMode: Client 2] (64-bit/Windows) ' being destroyed
[2020.10.06-09.18.25:507][584]LogWorld: UWorld::CleanupWorld for MAP_Test, bSessionEnded=true, bCleanupResources=true
[2020.10.06-09.18.26:082][584]LogSlate: InvalidateAllWidgets triggered.  All widgets were invalidated
[2020.10.06-09.18.26:224][584]LogNet: World NetDriver shutdown IpNetDriver_1 [GameNetDriver]
[2020.10.06-09.18.26:224][584]LogNet: DestroyNamedNetDriver IpNetDriver_1 [GameNetDriver]
[2020.10.06-09.18.26:228][584]LogNet: UNetConnection::Close: [UNetConnection] RemoteAddr: 127.0.0.1:17777, Name: IpConnection_0, Driver: GameNetDriver IpNetDriver_1, IsServer: NO, PC: SSPlayerController_0, Owner: SSPlayerController_0, UniqueId: NULL:DESKTOP-IM4T8T4-ECFED64C407E202489E40A9CF43E157C, Channels: 23, Time: 2020.10.06-09.18.26
[2020.10.06-09.18.26:228][584]LogNet: UChannel::Close: Sending CloseBunch. ChIndex == 0. Name: [UChannel] ChIndex: 0, Closing: 0 [UNetConnection] RemoteAddr: 127.0.0.1:17777, Name: IpConnection_0, Driver: GameNetDriver IpNetDriver_1, IsServer: NO, PC: SSPlayerController_0, Owner: SSPlayerController_0, UniqueId: NULL:DESKTOP-IM4T8T4-ECFED64C407E202489E40A9CF43E157C
[2020.10.06-09.18.26:230][584]LogExit: GameNetDriver IpNetDriver_1 shut down
[2020.10.06-09.18.26:233][584]LogWorld: BeginTearingDown for /Game/Maps/UEDPIE_0_MAP_Test
[2020.10.06-09.18.26:233][584]LogOnlineSession: Warning: OSS: No game present to leave for session (GameSession)
[2020.10.06-09.18.26:235][584]LogSlate: Updating window title bar state: overlay mode, drag disabled, window buttons hidden, title bar hidden
[2020.10.06-09.18.26:235][584]LogWorld: UWorld::CleanupWorld for MAP_Test, bSessionEnded=true, bCleanupResources=true
[2020.10.06-09.18.26:236][584]LogSlate: InvalidateAllWidgets triggered.  All widgets were invalidated
[2020.10.06-09.18.26:247][584]LogNet: World NetDriver shutdown IpNetDriver_0 [GameNetDriver]
[2020.10.06-09.18.26:248][584]LogNet: DestroyNamedNetDriver IpNetDriver_0 [GameNetDriver]
[2020.10.06-09.18.26:248][584]LogNet: UNetConnection::Cleanup: Closing open connection. [UNetConnection] RemoteAddr: 127.0.0.1:60312, Name: IpConnection_1, Driver: GameNetDriver IpNetDriver_0, IsServer: YES, PC: SSPlayerController_1, Owner: SSPlayerController_1, UniqueId: NULL:DESKTOP-IM4T8T4-ECFED64C407E202489E40A9CF43E157C
[2020.10.06-09.18.26:248][584]LogNet: UNetConnection::Close: [UNetConnection] RemoteAddr: 127.0.0.1:60312, Name: IpConnection_1, Driver: GameNetDriver IpNetDriver_0, IsServer: YES, PC: SSPlayerController_1, Owner: SSPlayerController_1, UniqueId: NULL:DESKTOP-IM4T8T4-ECFED64C407E202489E40A9CF43E157C, Channels: 23, Time: 2020.10.06-09.18.26
[2020.10.06-09.18.26:248][584]LogNet: UChannel::Close: Sending CloseBunch. ChIndex == 0. Name: [UChannel] ChIndex: 0, Closing: 0 [UNetConnection] RemoteAddr: 127.0.0.1:60312, Name: IpConnection_1, Driver: GameNetDriver IpNetDriver_0, IsServer: YES, PC: SSPlayerController_1, Owner: SSPlayerController_1, UniqueId: NULL:DESKTOP-IM4T8T4-ECFED64C407E202489E40A9CF43E157C
[2020.10.06-09.18.26:444][584]LogExit: GameNetDriver IpNetDriver_0 shut down
[2020.10.06-09.18.26:447][584]LogPlayLevel: Display: Shutting down PIE online subsystems
[2020.10.06-09.18.26:449][584]LogSlate: InvalidateAllWidgets triggered.  All widgets were invalidated
[2020.10.06-09.18.27:084][584]LogSlate: Updating window title bar state: overlay mode, drag disabled, window buttons hidden, title bar hidden
[2020.10.06-09.18.27:474][584]LogAISub: UAISubsystem::~UAISubsystem EnvQueryManager (00000256E7921E00), frame # 35584
[2020.10.06-09.18.27:475][584]LogAISub: UAISubsystem::~UAISubsystem AIPerceptionSystem (00000256BECC1E40), frame # 35584
[2020.10.06-09.18.27:476][584]LogAISub: UAISubsystem::~UAISubsystem EnvQueryManager (00000256A62B0E00), frame # 35584
[2020.10.06-09.18.27:476][584]LogAISub: UAISubsystem::~UAISubsystem AIPerceptionSystem (00000256A6231080), frame # 35584
[2020.10.06-09.18.27:478][584]LogUObjectHash: Compacting FUObjectHashTables data took   0.77ms
[2020.10.06-09.18.27:524][585]LogPlayLevel: Display: Destroying online subsystem :Context_2
[2020.10.06-09.18.27:524][585]LogPlayLevel: Display: Destroying online subsystem :Context_1
