Log file open, 10/06/20 04:54:13
LogInit: Display: Running engine for game: SonicSiege
LogPlatformFile: Not using cached read wrapper
LogTaskGraph: Started task graph with 5 named threads and 35 total threads with 3 sets of task threads.
LogStats: Stats thread started at 0.249445
LogD3D11RHI: Loaded GFSDK_Aftermath_Lib.x64.dll
LogICUInternationalization: ICU TimeZone Detection - Raw Offset: -4:00, Platform Override: ''
LogPluginManager: Mounting plugin Paper2D
LogPluginManager: Mounting plugin AISupport
LogPluginManager: Mounting plugin LightPropagationVolume
LogPluginManager: Mounting plugin CameraShakePreviewer
LogPluginManager: Mounting plugin ActorLayerUtilities
LogPluginManager: Mounting plugin AnimationSharing
LogPluginManager: Mounting plugin CLionSourceCodeAccess
LogPluginManager: Mounting plugin CodeLiteSourceCodeAccess
LogPluginManager: Mounting plugin GitSourceControl
LogPluginManager: Mounting plugin KDevelopSourceCodeAccess
LogPluginManager: Mounting plugin NullSourceCodeAccess
LogPluginManager: Mounting plugin PerforceSourceControl
LogPluginManager: Mounting plugin PlasticSourceControl
LogPluginManager: Mounting plugin RiderSourceCodeAccess
LogPluginManager: Mounting plugin SubversionSourceControl
LogPluginManager: Mounting plugin UObjectPlugin
LogPluginManager: Mounting plugin VisualStudioCodeSourceCodeAccess
LogPluginManager: Mounting plugin VisualStudioSourceCodeAccess
LogPluginManager: Mounting plugin XCodeSourceCodeAccess
LogPluginManager: Mounting plugin AssetManagerEditor
LogPluginManager: Mounting plugin CryptoKeys
LogPluginManager: Mounting plugin CurveEditorTools
LogPluginManager: Mounting plugin DataValidation
LogPluginManager: Mounting plugin EditorScriptingUtilities
LogPluginManager: Mounting plugin FacialAnimation
LogPluginManager: Mounting plugin GameplayTagsEditor
LogPluginManager: Mounting plugin GeometryMode
LogPluginManager: Mounting plugin MacGraphicsSwitching
LogPluginManager: Mounting plugin MaterialAnalyzer
LogPluginManager: Mounting plugin MobileLauncherProfileWizard
LogPluginManager: Mounting plugin PluginBrowser
LogPluginManager: Mounting plugin SpeedTreeImporter
LogPluginManager: Mounting plugin DatasmithContent
LogPluginManager: Mounting plugin VariantManagerContent
LogPluginManager: Mounting plugin AlembicImporter
LogPluginManager: Mounting plugin AutomationUtils
LogPluginManager: Mounting plugin BackChannel
LogPluginManager: Mounting plugin ChaosCloth
LogPluginManager: Mounting plugin ChaosClothEditor
LogPluginManager: Mounting plugin ChaosEditor
LogPluginManager: Mounting plugin ChaosNiagara
LogPluginManager: Mounting plugin ChaosSolverPlugin
LogPluginManager: Mounting plugin CharacterAI
LogPluginManager: Mounting plugin GeometryCache
LogPluginManager: Mounting plugin GeometryCollectionPlugin
LogPluginManager: Mounting plugin GeometryProcessing
LogPluginManager: Mounting plugin PlanarCut
LogPluginManager: Mounting plugin PlatformCrypto
LogPluginManager: Mounting plugin ProxyLODPlugin
LogPluginManager: Mounting plugin PythonScriptPlugin
LogPluginManager: Mounting plugin SkeletalReduction
LogPluginManager: Mounting plugin Niagara
LogPluginManager: Mounting plugin MagicLeap
LogPluginManager: Mounting plugin MagicLeapLightEstimation
LogPluginManager: Mounting plugin MagicLeapMedia
LogPluginManager: Mounting plugin MagicLeapPassableWorld
LogPluginManager: Mounting plugin MLSDK
LogPluginManager: Mounting plugin AndroidMedia
LogPluginManager: Mounting plugin AvfMedia
LogPluginManager: Mounting plugin ImgMedia
LogPluginManager: Mounting plugin MediaCompositing
LogPluginManager: Mounting plugin MediaPlayerEditor
LogPluginManager: Mounting plugin WebMMedia
LogPluginManager: Mounting plugin WmfMedia
LogPluginManager: Mounting plugin MegascansPlugin
LogPluginManager: Mounting plugin MeshPainting
LogPluginManager: Mounting plugin TcpMessaging
LogPluginManager: Mounting plugin UdpMessaging
LogPluginManager: Mounting plugin ActorSequence
LogPluginManager: Mounting plugin LevelSequenceEditor
LogPluginManager: Mounting plugin MatineeToLevelSequence
LogPluginManager: Mounting plugin MovieRenderPipeline
LogPluginManager: Mounting plugin TemplateSequence
LogPluginManager: Mounting plugin NetcodeUnitTest
LogPluginManager: Mounting plugin NUTUnrealEngine4
LogPluginManager: Mounting plugin OnlineSubsystemGooglePlay
LogPluginManager: Mounting plugin OnlineSubsystemIOS
LogPluginManager: Mounting plugin OnlineSubsystem
LogPluginManager: Mounting plugin OnlineSubsystemNull
LogPluginManager: Mounting plugin OnlineSubsystemUtils
LogPluginManager: Mounting plugin LauncherChunkInstaller
LogPluginManager: Mounting plugin AndroidDeviceProfileSelector
LogPluginManager: Mounting plugin AndroidMoviePlayer
LogPluginManager: Mounting plugin AndroidPermission
LogPluginManager: Mounting plugin AppleImageUtils
LogPluginManager: Mounting plugin AppleMoviePlayer
LogPluginManager: Mounting plugin ArchVisCharacter
LogPluginManager: Mounting plugin AssetTags
LogPluginManager: Mounting plugin AudioCapture
LogPluginManager: Mounting plugin CableComponent
LogPluginManager: Mounting plugin CustomMeshComponent
LogPluginManager: Mounting plugin EditableMesh
LogPluginManager: Mounting plugin ExampleDeviceProfileSelector
LogPluginManager: Mounting plugin GameplayAbilities
LogPluginManager: Mounting plugin GoogleCloudMessaging
LogPluginManager: Mounting plugin GooglePAD
LogPluginManager: Mounting plugin IOSDeviceProfileSelector
LogPluginManager: Mounting plugin LinuxDeviceProfileSelector
LogPluginManager: Mounting plugin LocationServicesBPLibrary
LogPluginManager: Mounting plugin MobilePatchingUtils
LogPluginManager: Mounting plugin OculusVR
LogPluginManager: Mounting plugin PhysXVehicles
LogPluginManager: Mounting plugin PostSplashScreen
LogPluginManager: Mounting plugin ProceduralMeshComponent
LogPluginManager: Mounting plugin RuntimePhysXCooking
LogPluginManager: Mounting plugin SignificanceManager
LogPluginManager: Mounting plugin SoundFields
LogPluginManager: Mounting plugin SteamVR
LogPluginManager: Mounting plugin Synthesis
LogPluginManager: Mounting plugin WebMMoviePlayer
LogPluginManager: Mounting plugin WindowsMoviePlayer
LogPluginManager: Mounting plugin ScreenshotTools
LogInit: Using libcurl 7.55.1-DEV
LogInit:  - built for x86_64-pc-win32
LogInit:  - supports SSL with OpenSSL/1.1.1
LogInit:  - supports HTTP deflate (compression) using libz 1.2.8
LogInit:  - other features:
LogInit:      CURL_VERSION_SSL
LogInit:      CURL_VERSION_LIBZ
LogInit:      CURL_VERSION_IPV6
LogInit:      CURL_VERSION_ASYNCHDNS
LogInit:      CURL_VERSION_LARGEFILE
LogInit:      CURL_VERSION_IDN
LogInit:  CurlRequestOptions (configurable via config and command line):
LogInit:  - bVerifyPeer = true  - Libcurl will verify peer certificate
LogInit:  - bUseHttpProxy = false  - Libcurl will NOT use HTTP proxy
LogInit:  - bDontReuseConnections = false  - Libcurl will reuse connections
LogInit:  - MaxHostConnections = 16  - Libcurl will limit the number of connections to a host
LogInit:  - LocalHostAddr = Default
LogInit:  - BufferSize = 65536
LogOnline: OSS: Creating online subsystem instance for: NULL
LogInit: WinSock: version 1.1 (2.2), MaxSocks=32767, MaxUdp=65467
LogOnline: OSS: TryLoadSubsystemAndSetDefault: Loaded subsystem for module [NULL]
LogInit: Build: ++UE4+Release-4.25-CL-0
LogInit: Engine Version: 4.25.1-0+++UE4+Release-4.25
LogInit: Compatible Engine Version: 4.25.0-0+++UE4+Release-4.25
LogInit: Net CL: 0
LogInit: OS: Windows 10 (Release 1903) (), CPU: AMD Ryzen 5 2600X Six-Core Processor           , GPU: Radeon RX Vega
LogInit: Compiled (64-bit): Sep 20 2020 06:14:16
LogInit: Compiled with Visual C++: 19.26.28806.00
LogInit: Build Configuration: DebugGame
LogInit: Branch Name: ++UE4+Release-4.25
LogInit: Command Line:  -skipcompile
LogInit: Base Directory: C:/Users/Christian Hinkle/Documents/UE4/Engine/Binaries/Win64/
LogInit: Allocator: TBB
LogInit: Installed Engine Build: 0
LogDevObjectVersion: Number of dev versions registered: 26
LogDevObjectVersion:   Dev-Blueprints (B0D832E4-1F89-4F0D-ACCF-7EB736FD4AA2): 10
LogDevObjectVersion:   Dev-Build (E1C64328-A22C-4D53-A36C-8E866417BD8C): 0
LogDevObjectVersion:   Dev-Core (375EC13C-06E4-48FB-B500-84F0262A717E): 4
LogDevObjectVersion:   Dev-Editor (E4B068ED-F494-42E9-A231-DA0B2E46BB41): 38
LogDevObjectVersion:   Dev-Framework (CFFC743F-43B0-4480-9391-14DF171D2073): 37
LogDevObjectVersion:   Dev-Mobile (B02B49B5-BB20-44E9-A304-32B752E40360): 2
LogDevObjectVersion:   Dev-Networking (A4E4105C-59A1-49B5-A7C5-40C4547EDFEE): 0
LogDevObjectVersion:   Dev-Online (39C831C9-5AE6-47DC-9A44-9C173E1C8E7C): 0
LogDevObjectVersion:   Dev-Physics (78F01B33-EBEA-4F98-B9B4-84EACCB95AA2): 4
LogDevObjectVersion:   Dev-Platform (6631380F-2D4D-43E0-8009-CF276956A95A): 0
LogDevObjectVersion:   Dev-Rendering (12F88B9F-8875-4AFC-A67C-D90C383ABD29): 43
LogDevObjectVersion:   Dev-Sequencer (7B5AE74C-D270-4C10-A958-57980B212A5A): 12
LogDevObjectVersion:   Dev-VR (D7296918-1DD6-4BDD-9DE2-64A83CC13884): 3
LogDevObjectVersion:   Dev-LoadTimes (C2A15278-BFE7-4AFE-6C17-90FF531DF755): 1
LogDevObjectVersion:   Private-Geometry (6EACA3D4-40EC-4CC1-B786-8BED09428FC5): 3
LogDevObjectVersion:   Dev-AnimPhys (29E575DD-E0A3-4627-9D10-D276232CDCEA): 17
LogDevObjectVersion:   Dev-Anim (AF43A65D-7FD3-4947-9873-3E8ED9C1BB05): 7
LogDevObjectVersion:   Dev-ReflectionCapture (6B266CEC-1EC7-4B8F-A30B-E4D90942FC07): 1
LogDevObjectVersion:   Dev-Automation (0DF73D61-A23F-47EA-B727-89E90C41499A): 1
LogDevObjectVersion:   FortniteMain (601D1886-AC64-4F84-AA16-D3DE0DEAC7D6): 31
LogDevObjectVersion:   Dev-Enterprise (9DFFBCD6-494F-0158-E221-12823C92A888): 10
LogDevObjectVersion:   Dev-Niagara (F2AED0AC-9AFE-416F-8664-AA7FFA26D6FC): 1
LogDevObjectVersion:   Dev-Destruction (174F1F0B-B4C6-45A5-B13F-2EE8D0FB917D): 10
LogDevObjectVersion:   Dev-Physics-Ext (35F94A83-E258-406C-A318-09F59610247C): 37
LogDevObjectVersion:   Dev-PhysicsMaterial-Chaos (B68FC16E-8B1B-42E2-B453-215C058844FE): 1
LogDevObjectVersion:   Dev-CineCamera (B2E18506-4273-CFC2-A54E-F4BB758BBA07): 1
LogInit: Presizing for max 25165824 objects, including 0 objects not considered by GC, pre-allocating 0 bytes for permanent pool.
LogConfig: Applying CVar settings from Section [/Script/Engine.StreamingSettings] File [C:/Users/Christian Hinkle/Documents/Unreal Projects/SonicSiege/SonicSiege/Saved/Config/Windows/Engine.ini]
LogConfig: Setting CVar [[s.MinBulkDataSizeForAsyncLoading:131072]]
LogConfig: Setting CVar [[s.AsyncLoadingThreadEnabled:0]]
LogConfig: Setting CVar [[s.EventDrivenLoaderEnabled:1]]
LogConfig: Setting CVar [[s.WarnIfTimeLimitExceeded:0]]
LogConfig: Setting CVar [[s.TimeLimitExceededMultiplier:1.5]]
LogConfig: Setting CVar [[s.TimeLimitExceededMinTime:0.005]]
LogConfig: Setting CVar [[s.UseBackgroundLevelStreaming:1]]
LogConfig: Setting CVar [[s.PriorityAsyncLoadingExtraTime:15.0]]
LogConfig: Setting CVar [[s.LevelStreamingActorsUpdateTimeLimit:5.0]]
LogConfig: Setting CVar [[s.PriorityLevelStreamingActorsUpdateExtraTime:5.0]]
LogConfig: Setting CVar [[s.LevelStreamingComponentsRegistrationGranularity:10]]
LogConfig: Setting CVar [[s.UnregisterComponentsTimeLimit:1.0]]
LogConfig: Setting CVar [[s.LevelStreamingComponentsUnregistrationGranularity:5]]
LogConfig: Setting CVar [[s.FlushStreamingOnExit:1]]
LogInit: Object subsystem initialized
LogConfig: Setting CVar [[con.DebugEarlyDefault:1]]
LogConfig: Setting CVar [[net.UseAdaptiveNetUpdateFrequency:1	# Make sure your engine's Engine/Config/ConsoleVariables.ini isn't setting this to 0! (I thought that the project's ini file would override the engine's but this wasn't the case for us)]]
LogConfig: Setting CVar [[r.setres:1280x720]]
[2020.10.06-07.54.14:058][  0]LogConfig: Setting CVar [[r.VSync:0]]
[2020.10.06-07.54.14:058][  0]LogConfig: Setting CVar [[r.RHICmdBypass:0]]
[2020.10.06-07.54.14:058][  0]LogConfig: Applying CVar settings from Section [/Script/Engine.RendererSettings] File [C:/Users/Christian Hinkle/Documents/Unreal Projects/SonicSiege/SonicSiege/Saved/Config/Windows/Engine.ini]
[2020.10.06-07.54.14:059][  0]LogConfig: Setting CVar [[r.GPUCrashDebugging:0]]
[2020.10.06-07.54.14:059][  0]LogConfig: Applying CVar settings from Section [/Script/Engine.RendererOverrideSettings] File [C:/Users/Christian Hinkle/Documents/Unreal Projects/SonicSiege/SonicSiege/Saved/Config/Windows/Engine.ini]
[2020.10.06-07.54.14:059][  0]LogConfig: Applying CVar settings from Section [/Script/Engine.StreamingSettings] File [C:/Users/Christian Hinkle/Documents/Unreal Projects/SonicSiege/SonicSiege/Saved/Config/Windows/Engine.ini]
[2020.10.06-07.54.14:059][  0]LogConfig: Setting CVar [[s.MinBulkDataSizeForAsyncLoading:131072]]
[2020.10.06-07.54.14:059][  0]LogConfig: Setting CVar [[s.AsyncLoadingThreadEnabled:0]]
[2020.10.06-07.54.14:059][  0]LogConfig: Setting CVar [[s.EventDrivenLoaderEnabled:1]]
[2020.10.06-07.54.14:059][  0]LogConfig: Setting CVar [[s.WarnIfTimeLimitExceeded:0]]
[2020.10.06-07.54.14:059][  0]LogConfig: Setting CVar [[s.TimeLimitExceededMultiplier:1.5]]
[2020.10.06-07.54.14:059][  0]LogConfig: Setting CVar [[s.TimeLimitExceededMinTime:0.005]]
[2020.10.06-07.54.14:059][  0]LogConfig: Setting CVar [[s.UseBackgroundLevelStreaming:1]]
[2020.10.06-07.54.14:059][  0]LogConfig: Setting CVar [[s.PriorityAsyncLoadingExtraTime:15.0]]
[2020.10.06-07.54.14:059][  0]LogConfig: Setting CVar [[s.LevelStreamingActorsUpdateTimeLimit:5.0]]
[2020.10.06-07.54.14:059][  0]LogConfig: Setting CVar [[s.PriorityLevelStreamingActorsUpdateExtraTime:5.0]]
[2020.10.06-07.54.14:059][  0]LogConfig: Setting CVar [[s.LevelStreamingComponentsRegistrationGranularity:10]]
[2020.10.06-07.54.14:059][  0]LogConfig: Setting CVar [[s.UnregisterComponentsTimeLimit:1.0]]
[2020.10.06-07.54.14:059][  0]LogConfig: Setting CVar [[s.LevelStreamingComponentsUnregistrationGranularity:5]]
[2020.10.06-07.54.14:059][  0]LogConfig: Setting CVar [[s.FlushStreamingOnExit:1]]
[2020.10.06-07.54.14:060][  0]LogConfig: Applying CVar settings from Section [/Script/Engine.GarbageCollectionSettings] File [C:/Users/Christian Hinkle/Documents/Unreal Projects/SonicSiege/SonicSiege/Saved/Config/Windows/Engine.ini]
[2020.10.06-07.54.14:060][  0]LogConfig: Setting CVar [[gc.MaxObjectsNotConsideredByGC:1]]
[2020.10.06-07.54.14:060][  0]LogConfig: Setting CVar [[gc.SizeOfPermanentObjectPool:0]]
[2020.10.06-07.54.14:060][  0]LogConfig: Setting CVar [[gc.FlushStreamingOnGC:0]]
[2020.10.06-07.54.14:060][  0]LogConfig: Setting CVar [[gc.NumRetriesBeforeForcingGC:10]]
[2020.10.06-07.54.14:060][  0]LogConfig: Setting CVar [[gc.AllowParallelGC:1]]
[2020.10.06-07.54.14:060][  0]LogConfig: Setting CVar [[gc.TimeBetweenPurgingPendingKillObjects:61.1]]
[2020.10.06-07.54.14:060][  0]LogConfig: Setting CVar [[gc.MaxObjectsInEditor:25165824]]
[2020.10.06-07.54.14:060][  0]LogConfig: Setting CVar [[gc.IncrementalBeginDestroyEnabled:1]]
[2020.10.06-07.54.14:060][  0]LogConfig: Setting CVar [[gc.CreateGCClusters:1]]
[2020.10.06-07.54.14:060][  0]LogConfig: Setting CVar [[gc.MinGCClusterSize:5]]
[2020.10.06-07.54.14:060][  0]LogConfig: Setting CVar [[gc.ActorClusteringEnabled:0]]
[2020.10.06-07.54.14:060][  0]LogConfig: Setting CVar [[gc.BlueprintClusteringEnabled:0]]
[2020.10.06-07.54.14:060][  0]LogConfig: Setting CVar [[gc.UseDisregardForGCOnDedicatedServers:0]]
[2020.10.06-07.54.14:060][  0]LogConfig: Applying CVar settings from Section [/Script/Engine.NetworkSettings] File [C:/Users/Christian Hinkle/Documents/Unreal Projects/SonicSiege/SonicSiege/Saved/Config/Windows/Engine.ini]
[2020.10.06-07.54.14:061][  0]LogConfig: Applying CVar settings from Section [/Script/UnrealEd.CookerSettings] File [C:/Users/Christian Hinkle/Documents/Unreal Projects/SonicSiege/SonicSiege/Saved/Config/Windows/Engine.ini]
[2020.10.06-07.54.14:069][  0]LogConfig: Applying CVar settings from Section [ViewDistanceQuality@3] File [C:/Users/Christian Hinkle/Documents/Unreal Projects/SonicSiege/SonicSiege/Saved/Config/Windows/Scalability.ini]
[2020.10.06-07.54.14:069][  0]LogConfig: Setting CVar [[r.SkeletalMeshLODBias:0]]
[2020.10.06-07.54.14:069][  0]LogConfig: Setting CVar [[r.ViewDistanceScale:1.0]]
[2020.10.06-07.54.14:070][  0]LogConfig: Applying CVar settings from Section [AntiAliasingQuality@3] File [C:/Users/Christian Hinkle/Documents/Unreal Projects/SonicSiege/SonicSiege/Saved/Config/Windows/Scalability.ini]
[2020.10.06-07.54.14:070][  0]LogConfig: Setting CVar [[r.PostProcessAAQuality:4]]
[2020.10.06-07.54.14:070][  0]LogConfig: Applying CVar settings from Section [ShadowQuality@3] File [C:/Users/Christian Hinkle/Documents/Unreal Projects/SonicSiege/SonicSiege/Saved/Config/Windows/Scalability.ini]
[2020.10.06-07.54.14:070][  0]LogConfig: Setting CVar [[r.LightFunctionQuality:1]]
[2020.10.06-07.54.14:070][  0]LogConfig: Setting CVar [[r.ShadowQuality:5]]
[2020.10.06-07.54.14:070][  0]LogConfig: Setting CVar [[r.Shadow.CSM.MaxCascades:10]]
[2020.10.06-07.54.14:070][  0]LogConfig: Setting CVar [[r.Shadow.MaxResolution:2048]]
[2020.10.06-07.54.14:070][  0]LogConfig: Setting CVar [[r.Shadow.MaxCSMResolution:2048]]
[2020.10.06-07.54.14:070][  0]LogConfig: Setting CVar [[r.Shadow.RadiusThreshold:0.01]]
[2020.10.06-07.54.14:070][  0]LogConfig: Setting CVar [[r.Shadow.DistanceScale:1.0]]
[2020.10.06-07.54.14:070][  0]LogConfig: Setting CVar [[r.Shadow.CSM.TransitionScale:1.0]]
[2020.10.06-07.54.14:070][  0]LogConfig: Setting CVar [[r.Shadow.PreShadowResolutionFactor:1.0]]
[2020.10.06-07.54.14:070][  0]LogConfig: Setting CVar [[r.DistanceFieldShadowing:1]]
[2020.10.06-07.54.14:070][  0]LogConfig: Setting CVar [[r.DistanceFieldAO:1]]
[2020.10.06-07.54.14:070][  0]LogConfig: Setting CVar [[r.AOQuality:2]]
[2020.10.06-07.54.14:070][  0]LogConfig: Setting CVar [[r.VolumetricFog:1]]
[2020.10.06-07.54.14:070][  0]LogConfig: Setting CVar [[r.VolumetricFog.GridPixelSize:8]]
[2020.10.06-07.54.14:070][  0]LogConfig: Setting CVar [[r.VolumetricFog.GridSizeZ:128]]
[2020.10.06-07.54.14:071][  0]LogConfig: Setting CVar [[r.VolumetricFog.HistoryMissSupersampleCount:4]]
[2020.10.06-07.54.14:071][  0]LogConfig: Setting CVar [[r.LightMaxDrawDistanceScale:1]]
[2020.10.06-07.54.14:071][  0]LogConfig: Setting CVar [[r.CapsuleShadows:1]]
[2020.10.06-07.54.14:071][  0]LogConfig: Applying CVar settings from Section [PostProcessQuality@3] File [C:/Users/Christian Hinkle/Documents/Unreal Projects/SonicSiege/SonicSiege/Saved/Config/Windows/Scalability.ini]
[2020.10.06-07.54.14:071][  0]LogConfig: Setting CVar [[r.MotionBlurQuality:4]]
[2020.10.06-07.54.14:071][  0]LogConfig: Setting CVar [[r.AmbientOcclusionMipLevelFactor:0.4]]
[2020.10.06-07.54.14:071][  0]LogConfig: Setting CVar [[r.AmbientOcclusionMaxQuality:100]]
[2020.10.06-07.54.14:071][  0]LogConfig: Setting CVar [[r.AmbientOcclusionLevels:-1]]
[2020.10.06-07.54.14:071][  0]LogConfig: Setting CVar [[r.AmbientOcclusionRadiusScale:1.0]]
[2020.10.06-07.54.14:071][  0]LogConfig: Setting CVar [[r.DepthOfFieldQuality:2]]
[2020.10.06-07.54.14:071][  0]LogConfig: Setting CVar [[r.RenderTargetPoolMin:400]]
[2020.10.06-07.54.14:071][  0]LogConfig: Setting CVar [[r.LensFlareQuality:2]]
[2020.10.06-07.54.14:071][  0]LogConfig: Setting CVar [[r.SceneColorFringeQuality:1]]
[2020.10.06-07.54.14:071][  0]LogConfig: Setting CVar [[r.EyeAdaptationQuality:2]]
[2020.10.06-07.54.14:071][  0]LogConfig: Setting CVar [[r.BloomQuality:5]]
[2020.10.06-07.54.14:071][  0]LogConfig: Setting CVar [[r.FastBlurThreshold:100]]
[2020.10.06-07.54.14:071][  0]LogConfig: Setting CVar [[r.Upscale.Quality:3]]
[2020.10.06-07.54.14:071][  0]LogConfig: Setting CVar [[r.Tonemapper.GrainQuantization:1]]
[2020.10.06-07.54.14:071][  0]LogConfig: Setting CVar [[r.LightShaftQuality:1]]
[2020.10.06-07.54.14:072][  0]LogConfig: Setting CVar [[r.Filter.SizeScale:1]]
[2020.10.06-07.54.14:072][  0]LogConfig: Setting CVar [[r.Tonemapper.Quality:5]]
[2020.10.06-07.54.14:072][  0]LogConfig: Setting CVar [[r.DOF.Gather.AccumulatorQuality:1        ; higher gathering accumulator quality]]
[2020.10.06-07.54.14:072][  0]LogConfig: Setting CVar [[r.DOF.Gather.PostfilterMethod:1          ; Median3x3 postfilering method]]
[2020.10.06-07.54.14:072][  0]LogConfig: Setting CVar [[r.DOF.Gather.EnableBokehSettings:0       ; no bokeh simulation when gathering]]
[2020.10.06-07.54.14:072][  0]LogConfig: Setting CVar [[r.DOF.Gather.RingCount:4                 ; medium number of samples when gathering]]
[2020.10.06-07.54.14:072][  0]LogConfig: Setting CVar [[r.DOF.Scatter.ForegroundCompositing:1    ; additive foreground scattering]]
[2020.10.06-07.54.14:072][  0]LogConfig: Setting CVar [[r.DOF.Scatter.BackgroundCompositing:2    ; additive background scattering]]
[2020.10.06-07.54.14:072][  0]LogConfig: Setting CVar [[r.DOF.Scatter.EnableBokehSettings:1      ; bokeh simulation when scattering]]
[2020.10.06-07.54.14:072][  0]LogConfig: Setting CVar [[r.DOF.Scatter.MaxSpriteRatio:0.1         ; only a maximum of 10% of scattered bokeh]]
[2020.10.06-07.54.14:072][  0]LogConfig: Setting CVar [[r.DOF.Recombine.Quality:1                ; cheap slight out of focus]]
[2020.10.06-07.54.14:072][  0]LogConfig: Setting CVar [[r.DOF.Recombine.EnableBokehSettings:0    ; no bokeh simulation on slight out of focus]]
[2020.10.06-07.54.14:072][  0]LogConfig: Setting CVar [[r.DOF.TemporalAAQuality:1                ; more stable temporal accumulation]]
[2020.10.06-07.54.14:072][  0]LogConfig: Setting CVar [[r.DOF.Kernel.MaxForegroundRadius:0.025]]
[2020.10.06-07.54.14:073][  0]LogConfig: Setting CVar [[r.DOF.Kernel.MaxBackgroundRadius:0.025]]
[2020.10.06-07.54.14:073][  0]LogConfig: Applying CVar settings from Section [TextureQuality@3] File [C:/Users/Christian Hinkle/Documents/Unreal Projects/SonicSiege/SonicSiege/Saved/Config/Windows/Scalability.ini]
[2020.10.06-07.54.14:073][  0]LogConfig: Setting CVar [[r.Streaming.MipBias:0]]
[2020.10.06-07.54.14:073][  0]LogConfig: Setting CVar [[r.Streaming.AmortizeCPUToGPUCopy:0]]
[2020.10.06-07.54.14:073][  0]LogConfig: Setting CVar [[r.Streaming.MaxNumTexturesToStreamPerFrame:0]]
[2020.10.06-07.54.14:073][  0]LogConfig: Setting CVar [[r.Streaming.Boost:1]]
[2020.10.06-07.54.14:073][  0]LogConfig: Setting CVar [[r.MaxAnisotropy:8]]
[2020.10.06-07.54.14:073][  0]LogConfig: Setting CVar [[r.VT.MaxAnisotropy:8]]
[2020.10.06-07.54.14:073][  0]LogConfig: Setting CVar [[r.Streaming.LimitPoolSizeToVRAM:0]]
[2020.10.06-07.54.14:073][  0]LogConfig: Setting CVar [[r.Streaming.PoolSize:1000]]
[2020.10.06-07.54.14:073][  0]LogConfig: Setting CVar [[r.Streaming.MaxEffectiveScreenSize:0]]
[2020.10.06-07.54.14:073][  0]LogConfig: Applying CVar settings from Section [EffectsQuality@3] File [C:/Users/Christian Hinkle/Documents/Unreal Projects/SonicSiege/SonicSiege/Saved/Config/Windows/Scalability.ini]
[2020.10.06-07.54.14:073][  0]LogConfig: Setting CVar [[r.TranslucencyLightingVolumeDim:64]]
[2020.10.06-07.54.14:073][  0]LogConfig: Setting CVar [[r.RefractionQuality:2]]
[2020.10.06-07.54.14:073][  0]LogConfig: Setting CVar [[r.SSR.Quality:3]]
[2020.10.06-07.54.14:074][  0]LogConfig: Setting CVar [[r.SSR.HalfResSceneColor:0]]
[2020.10.06-07.54.14:074][  0]LogConfig: Setting CVar [[r.SceneColorFormat:4]]
[2020.10.06-07.54.14:074][  0]LogConfig: Setting CVar [[r.DetailMode:2]]
[2020.10.06-07.54.14:074][  0]LogConfig: Setting CVar [[r.TranslucencyVolumeBlur:1]]
[2020.10.06-07.54.14:074][  0]LogConfig: Setting CVar [[r.MaterialQualityLevel:1 ; High quality]]
[2020.10.06-07.54.14:074][  0]LogConfig: Setting CVar [[r.SSS.Scale:1]]
[2020.10.06-07.54.14:074][  0]LogConfig: Setting CVar [[r.SSS.SampleSet:2]]
[2020.10.06-07.54.14:074][  0]LogConfig: Setting CVar [[r.SSS.Quality:1]]
[2020.10.06-07.54.14:074][  0]LogConfig: Setting CVar [[r.SSS.HalfRes:0]]
[2020.10.06-07.54.14:074][  0]LogConfig: Setting CVar [[r.SSGI.Quality:3]]
[2020.10.06-07.54.14:074][  0]LogConfig: Setting CVar [[r.EmitterSpawnRateScale:1.0]]
[2020.10.06-07.54.14:074][  0]LogConfig: Setting CVar [[r.ParticleLightQuality:2]]
[2020.10.06-07.54.14:074][  0]LogConfig: Setting CVar [[r.SkyAtmosphere.AerialPerspectiveLUT.FastApplyOnOpaque:1 ; Always have FastSkyLUT 1 in this case to avoid wrong sky]]
[2020.10.06-07.54.14:074][  0]LogConfig: Setting CVar [[r.SkyAtmosphere.AerialPerspectiveLUT.SampleCountPerSlice:1]]
[2020.10.06-07.54.14:074][  0]LogConfig: Setting CVar [[r.SkyAtmosphere.AerialPerspectiveLUT.DepthResolution:16.0]]
[2020.10.06-07.54.14:075][  0]LogConfig: Setting CVar [[r.SkyAtmosphere.FastSkyLUT:1]]
[2020.10.06-07.54.14:075][  0]LogConfig: Setting CVar [[r.SkyAtmosphere.FastSkyLUT.SampleCountMin:4.0]]
[2020.10.06-07.54.14:075][  0]LogConfig: Setting CVar [[r.SkyAtmosphere.FastSkyLUT.SampleCountMax:32.0]]
[2020.10.06-07.54.14:075][  0]LogConfig: Setting CVar [[r.SkyAtmosphere.SampleCountMin:4.0]]
[2020.10.06-07.54.14:075][  0]LogConfig: Setting CVar [[r.SkyAtmosphere.SampleCountMax:32.0]]
[2020.10.06-07.54.14:075][  0]LogConfig: Setting CVar [[r.SkyAtmosphere.TransmittanceLUT.UseSmallFormat:0]]
[2020.10.06-07.54.14:075][  0]LogConfig: Setting CVar [[r.SkyAtmosphere.TransmittanceLUT.SampleCount:10.0]]
[2020.10.06-07.54.14:075][  0]LogConfig: Setting CVar [[r.SkyAtmosphere.MultiScatteringLUT.SampleCount:15.0]]
[2020.10.06-07.54.14:075][  0]LogConfig: Applying CVar settings from Section [FoliageQuality@3] File [C:/Users/Christian Hinkle/Documents/Unreal Projects/SonicSiege/SonicSiege/Saved/Config/Windows/Scalability.ini]
[2020.10.06-07.54.14:075][  0]LogConfig: Setting CVar [[foliage.DensityScale:1.0]]
[2020.10.06-07.54.14:075][  0]LogConfig: Setting CVar [[grass.DensityScale:1.0]]
[2020.10.06-07.54.14:075][  0]LogConfig: Applying CVar settings from Section [ShadingQuality@3] File [C:/Users/Christian Hinkle/Documents/Unreal Projects/SonicSiege/SonicSiege/Saved/Config/Windows/Scalability.ini]
[2020.10.06-07.54.14:075][  0]LogConfig: Setting CVar [[r.HairStrands.SkyLighting.SampleCount:16]]
[2020.10.06-07.54.14:075][  0]LogConfig: Setting CVar [[r.HairStrands.SkyLighting.JitterIntegration:0]]
[2020.10.06-07.54.14:075][  0]LogConfig: Setting CVar [[r.HairStrands.SkyAO.SampleCount:16]]
[2020.10.06-07.54.14:075][  0]LogConfig: Setting CVar [[r.HairStrands.DeepShadow.SuperSampling:0]]
[2020.10.06-07.54.14:075][  0]LogConfig: Setting CVar [[r.HairStrands.VisibilityPPLL:0]]
[2020.10.06-07.54.14:075][  0]LogConfig: Setting CVar [[r.HairStrands.RasterizationScale:0.5]]
[2020.10.06-07.54.14:075][  0]LogConfig: Setting CVar [[r.HairStrands.VelocityRasterizationScale:1]]
[2020.10.06-07.54.14:076][  0]LogInit: Selected Device Profile: [Windows]
[2020.10.06-07.54.14:076][  0]LogInit: Applying CVar settings loaded from the selected device profile: [Windows]
[2020.10.06-07.54.14:076][  0]LogHAL: Display: Platform has ~ 16 GB [17128710144 / 17179869184 / 16], which maps to Larger [LargestMinGB=32, LargerMinGB=12, DefaultMinGB=8, SmallerMinGB=6, SmallestMinGB=0)
[2020.10.06-07.54.14:076][  0]LogInit: Going up to parent DeviceProfile []
[2020.10.06-07.54.14:076][  0]LogConfig: Applying CVar settings from Section [ViewDistanceQuality@3] File [C:/Users/Christian Hinkle/Documents/Unreal Projects/SonicSiege/SonicSiege/Saved/Config/Windows/Scalability.ini]
[2020.10.06-07.54.14:076][  0]LogConfig: Setting CVar [[r.SkeletalMeshLODBias:0]]
[2020.10.06-07.54.14:076][  0]LogConfig: Setting CVar [[r.ViewDistanceScale:1.0]]
[2020.10.06-07.54.14:076][  0]LogConfig: Applying CVar settings from Section [AntiAliasingQuality@3] File [C:/Users/Christian Hinkle/Documents/Unreal Projects/SonicSiege/SonicSiege/Saved/Config/Windows/Scalability.ini]
[2020.10.06-07.54.14:076][  0]LogConfig: Setting CVar [[r.PostProcessAAQuality:4]]
[2020.10.06-07.54.14:076][  0]LogConfig: Applying CVar settings from Section [ShadowQuality@3] File [C:/Users/Christian Hinkle/Documents/Unreal Projects/SonicSiege/SonicSiege/Saved/Config/Windows/Scalability.ini]
[2020.10.06-07.54.14:076][  0]LogConfig: Setting CVar [[r.LightFunctionQuality:1]]
[2020.10.06-07.54.14:076][  0]LogConfig: Setting CVar [[r.ShadowQuality:5]]
[2020.10.06-07.54.14:076][  0]LogConfig: Setting CVar [[r.Shadow.CSM.MaxCascades:10]]
[2020.10.06-07.54.14:076][  0]LogConfig: Setting CVar [[r.Shadow.MaxResolution:2048]]
[2020.10.06-07.54.14:076][  0]LogConfig: Setting CVar [[r.Shadow.MaxCSMResolution:2048]]
[2020.10.06-07.54.14:077][  0]LogConfig: Setting CVar [[r.Shadow.RadiusThreshold:0.01]]
[2020.10.06-07.54.14:077][  0]LogConfig: Setting CVar [[r.Shadow.DistanceScale:1.0]]
[2020.10.06-07.54.14:077][  0]LogConfig: Setting CVar [[r.Shadow.CSM.TransitionScale:1.0]]
[2020.10.06-07.54.14:077][  0]LogConfig: Setting CVar [[r.Shadow.PreShadowResolutionFactor:1.0]]
[2020.10.06-07.54.14:077][  0]LogConfig: Setting CVar [[r.DistanceFieldShadowing:1]]
[2020.10.06-07.54.14:077][  0]LogConfig: Setting CVar [[r.DistanceFieldAO:1]]
[2020.10.06-07.54.14:077][  0]LogConfig: Setting CVar [[r.AOQuality:2]]
[2020.10.06-07.54.14:077][  0]LogConfig: Setting CVar [[r.VolumetricFog:1]]
[2020.10.06-07.54.14:077][  0]LogConfig: Setting CVar [[r.VolumetricFog.GridPixelSize:8]]
[2020.10.06-07.54.14:077][  0]LogConfig: Setting CVar [[r.VolumetricFog.GridSizeZ:128]]
[2020.10.06-07.54.14:077][  0]LogConfig: Setting CVar [[r.VolumetricFog.HistoryMissSupersampleCount:4]]
[2020.10.06-07.54.14:077][  0]LogConfig: Setting CVar [[r.LightMaxDrawDistanceScale:1]]
[2020.10.06-07.54.14:077][  0]LogConfig: Setting CVar [[r.CapsuleShadows:1]]
[2020.10.06-07.54.14:077][  0]LogConfig: Applying CVar settings from Section [PostProcessQuality@3] File [C:/Users/Christian Hinkle/Documents/Unreal Projects/SonicSiege/SonicSiege/Saved/Config/Windows/Scalability.ini]
[2020.10.06-07.54.14:077][  0]LogConfig: Setting CVar [[r.MotionBlurQuality:4]]
[2020.10.06-07.54.14:077][  0]LogConfig: Setting CVar [[r.AmbientOcclusionMipLevelFactor:0.4]]
[2020.10.06-07.54.14:078][  0]LogConfig: Setting CVar [[r.AmbientOcclusionMaxQuality:100]]
[2020.10.06-07.54.14:078][  0]LogConfig: Setting CVar [[r.AmbientOcclusionLevels:-1]]
[2020.10.06-07.54.14:078][  0]LogConfig: Setting CVar [[r.AmbientOcclusionRadiusScale:1.0]]
[2020.10.06-07.54.14:078][  0]LogConfig: Setting CVar [[r.DepthOfFieldQuality:2]]
[2020.10.06-07.54.14:078][  0]LogConfig: Setting CVar [[r.RenderTargetPoolMin:400]]
[2020.10.06-07.54.14:078][  0]LogConfig: Setting CVar [[r.LensFlareQuality:2]]
[2020.10.06-07.54.14:078][  0]LogConfig: Setting CVar [[r.SceneColorFringeQuality:1]]
[2020.10.06-07.54.14:078][  0]LogConfig: Setting CVar [[r.EyeAdaptationQuality:2]]
[2020.10.06-07.54.14:078][  0]LogConfig: Setting CVar [[r.BloomQuality:5]]
[2020.10.06-07.54.14:078][  0]LogConfig: Setting CVar [[r.FastBlurThreshold:100]]
[2020.10.06-07.54.14:078][  0]LogConfig: Setting CVar [[r.Upscale.Quality:3]]
[2020.10.06-07.54.14:078][  0]LogConfig: Setting CVar [[r.Tonemapper.GrainQuantization:1]]
[2020.10.06-07.54.14:078][  0]LogConfig: Setting CVar [[r.LightShaftQuality:1]]
[2020.10.06-07.54.14:079][  0]LogConfig: Setting CVar [[r.Filter.SizeScale:1]]
[2020.10.06-07.54.14:079][  0]LogConfig: Setting CVar [[r.Tonemapper.Quality:5]]
[2020.10.06-07.54.14:079][  0]LogConfig: Setting CVar [[r.DOF.Gather.AccumulatorQuality:1        ; higher gathering accumulator quality]]
[2020.10.06-07.54.14:079][  0]LogConfig: Setting CVar [[r.DOF.Gather.PostfilterMethod:1          ; Median3x3 postfilering method]]
[2020.10.06-07.54.14:079][  0]LogConfig: Setting CVar [[r.DOF.Gather.EnableBokehSettings:0       ; no bokeh simulation when gathering]]
[2020.10.06-07.54.14:079][  0]LogConfig: Setting CVar [[r.DOF.Gather.RingCount:4                 ; medium number of samples when gathering]]
[2020.10.06-07.54.14:079][  0]LogConfig: Setting CVar [[r.DOF.Scatter.ForegroundCompositing:1    ; additive foreground scattering]]
[2020.10.06-07.54.14:079][  0]LogConfig: Setting CVar [[r.DOF.Scatter.BackgroundCompositing:2    ; additive background scattering]]
[2020.10.06-07.54.14:079][  0]LogConfig: Setting CVar [[r.DOF.Scatter.EnableBokehSettings:1      ; bokeh simulation when scattering]]
[2020.10.06-07.54.14:079][  0]LogConfig: Setting CVar [[r.DOF.Scatter.MaxSpriteRatio:0.1         ; only a maximum of 10% of scattered bokeh]]
[2020.10.06-07.54.14:079][  0]LogConfig: Setting CVar [[r.DOF.Recombine.Quality:1                ; cheap slight out of focus]]
[2020.10.06-07.54.14:079][  0]LogConfig: Setting CVar [[r.DOF.Recombine.EnableBokehSettings:0    ; no bokeh simulation on slight out of focus]]
[2020.10.06-07.54.14:079][  0]LogConfig: Setting CVar [[r.DOF.TemporalAAQuality:1                ; more stable temporal accumulation]]
[2020.10.06-07.54.14:079][  0]LogConfig: Setting CVar [[r.DOF.Kernel.MaxForegroundRadius:0.025]]
[2020.10.06-07.54.14:079][  0]LogConfig: Setting CVar [[r.DOF.Kernel.MaxBackgroundRadius:0.025]]
[2020.10.06-07.54.14:079][  0]LogConfig: Applying CVar settings from Section [TextureQuality@3] File [C:/Users/Christian Hinkle/Documents/Unreal Projects/SonicSiege/SonicSiege/Saved/Config/Windows/Scalability.ini]
[2020.10.06-07.54.14:079][  0]LogConfig: Setting CVar [[r.Streaming.MipBias:0]]
[2020.10.06-07.54.14:079][  0]LogConfig: Setting CVar [[r.Streaming.AmortizeCPUToGPUCopy:0]]
[2020.10.06-07.54.14:080][  0]LogConfig: Setting CVar [[r.Streaming.MaxNumTexturesToStreamPerFrame:0]]
[2020.10.06-07.54.14:080][  0]LogConfig: Setting CVar [[r.Streaming.Boost:1]]
[2020.10.06-07.54.14:080][  0]LogConfig: Setting CVar [[r.MaxAnisotropy:8]]
[2020.10.06-07.54.14:080][  0]LogConfig: Setting CVar [[r.VT.MaxAnisotropy:8]]
[2020.10.06-07.54.14:080][  0]LogConfig: Setting CVar [[r.Streaming.LimitPoolSizeToVRAM:0]]
[2020.10.06-07.54.14:080][  0]LogConfig: Setting CVar [[r.Streaming.PoolSize:1000]]
[2020.10.06-07.54.14:080][  0]LogConfig: Setting CVar [[r.Streaming.MaxEffectiveScreenSize:0]]
[2020.10.06-07.54.14:080][  0]LogConfig: Applying CVar settings from Section [EffectsQuality@3] File [C:/Users/Christian Hinkle/Documents/Unreal Projects/SonicSiege/SonicSiege/Saved/Config/Windows/Scalability.ini]
[2020.10.06-07.54.14:080][  0]LogConfig: Setting CVar [[r.TranslucencyLightingVolumeDim:64]]
[2020.10.06-07.54.14:080][  0]LogConfig: Setting CVar [[r.RefractionQuality:2]]
[2020.10.06-07.54.14:080][  0]LogConfig: Setting CVar [[r.SSR.Quality:3]]
[2020.10.06-07.54.14:080][  0]LogConfig: Setting CVar [[r.SSR.HalfResSceneColor:0]]
[2020.10.06-07.54.14:080][  0]LogConfig: Setting CVar [[r.SceneColorFormat:4]]
[2020.10.06-07.54.14:080][  0]LogConfig: Setting CVar [[r.DetailMode:2]]
[2020.10.06-07.54.14:080][  0]LogConfig: Setting CVar [[r.TranslucencyVolumeBlur:1]]
[2020.10.06-07.54.14:080][  0]LogConfig: Setting CVar [[r.MaterialQualityLevel:1 ; High quality]]
[2020.10.06-07.54.14:080][  0]LogConfig: Setting CVar [[r.SSS.Scale:1]]
[2020.10.06-07.54.14:080][  0]LogConfig: Setting CVar [[r.SSS.SampleSet:2]]
[2020.10.06-07.54.14:080][  0]LogConfig: Setting CVar [[r.SSS.Quality:1]]
[2020.10.06-07.54.14:080][  0]LogConfig: Setting CVar [[r.SSS.HalfRes:0]]
[2020.10.06-07.54.14:080][  0]LogConfig: Setting CVar [[r.SSGI.Quality:3]]
[2020.10.06-07.54.14:081][  0]LogConfig: Setting CVar [[r.EmitterSpawnRateScale:1.0]]
[2020.10.06-07.54.14:081][  0]LogConfig: Setting CVar [[r.ParticleLightQuality:2]]
[2020.10.06-07.54.14:081][  0]LogConfig: Setting CVar [[r.SkyAtmosphere.AerialPerspectiveLUT.FastApplyOnOpaque:1 ; Always have FastSkyLUT 1 in this case to avoid wrong sky]]
[2020.10.06-07.54.14:081][  0]LogConfig: Setting CVar [[r.SkyAtmosphere.AerialPerspectiveLUT.SampleCountPerSlice:1]]
[2020.10.06-07.54.14:081][  0]LogConfig: Setting CVar [[r.SkyAtmosphere.AerialPerspectiveLUT.DepthResolution:16.0]]
[2020.10.06-07.54.14:081][  0]LogConfig: Setting CVar [[r.SkyAtmosphere.FastSkyLUT:1]]
[2020.10.06-07.54.14:081][  0]LogConfig: Setting CVar [[r.SkyAtmosphere.FastSkyLUT.SampleCountMin:4.0]]
[2020.10.06-07.54.14:081][  0]LogConfig: Setting CVar [[r.SkyAtmosphere.FastSkyLUT.SampleCountMax:32.0]]
[2020.10.06-07.54.14:081][  0]LogConfig: Setting CVar [[r.SkyAtmosphere.SampleCountMin:4.0]]
[2020.10.06-07.54.14:081][  0]LogConfig: Setting CVar [[r.SkyAtmosphere.SampleCountMax:32.0]]
[2020.10.06-07.54.14:081][  0]LogConfig: Setting CVar [[r.SkyAtmosphere.TransmittanceLUT.UseSmallFormat:0]]
[2020.10.06-07.54.14:081][  0]LogConfig: Setting CVar [[r.SkyAtmosphere.TransmittanceLUT.SampleCount:10.0]]
[2020.10.06-07.54.14:081][  0]LogConfig: Setting CVar [[r.SkyAtmosphere.MultiScatteringLUT.SampleCount:15.0]]
[2020.10.06-07.54.14:081][  0]LogConfig: Applying CVar settings from Section [FoliageQuality@3] File [C:/Users/Christian Hinkle/Documents/Unreal Projects/SonicSiege/SonicSiege/Saved/Config/Windows/Scalability.ini]
[2020.10.06-07.54.14:081][  0]LogConfig: Setting CVar [[foliage.DensityScale:1.0]]
[2020.10.06-07.54.14:081][  0]LogConfig: Setting CVar [[grass.DensityScale:1.0]]
[2020.10.06-07.54.14:081][  0]LogConfig: Applying CVar settings from Section [ShadingQuality@3] File [C:/Users/Christian Hinkle/Documents/Unreal Projects/SonicSiege/SonicSiege/Saved/Config/Windows/Scalability.ini]
[2020.10.06-07.54.14:081][  0]LogConfig: Setting CVar [[r.HairStrands.SkyLighting.SampleCount:16]]
[2020.10.06-07.54.14:081][  0]LogConfig: Setting CVar [[r.HairStrands.SkyLighting.JitterIntegration:0]]
[2020.10.06-07.54.14:082][  0]LogConfig: Setting CVar [[r.HairStrands.SkyAO.SampleCount:16]]
[2020.10.06-07.54.14:082][  0]LogConfig: Setting CVar [[r.HairStrands.DeepShadow.SuperSampling:0]]
[2020.10.06-07.54.14:082][  0]LogConfig: Setting CVar [[r.HairStrands.VisibilityPPLL:0]]
[2020.10.06-07.54.14:082][  0]LogConfig: Setting CVar [[r.HairStrands.RasterizationScale:0.5]]
[2020.10.06-07.54.14:082][  0]LogConfig: Setting CVar [[r.HairStrands.VelocityRasterizationScale:1]]
[2020.10.06-07.54.14:082][  0]LogConfig: Applying CVar settings from Section [Startup] File [../../../Engine/Config/ConsoleVariables.ini]
[2020.10.06-07.54.14:083][  0]LogConfig: Setting CVar [[p.chaos.AllowCreatePhysxBodies:1]]
[2020.10.06-07.54.14:083][  0]LogConfig: Setting CVar [[fx.SkipVectorVMBackendOptimizations:1]]
[2020.10.06-07.54.14:083][  0]LogConfig: Applying CVar settings from Section [ConsoleVariables] File [C:/Users/Christian Hinkle/Documents/Unreal Projects/SonicSiege/SonicSiege/Saved/Config/Windows/Engine.ini]
[2020.10.06-07.54.14:083][  0]LogInit: Computer: DESKTOP-IM4T8T4
[2020.10.06-07.54.14:083][  0]LogInit: User: Christian
[2020.10.06-07.54.14:083][  0]LogInit: CPU Page size=4096, Cores=6
[2020.10.06-07.54.14:083][  0]LogInit: High frequency timer resolution =10.000000 MHz
[2020.10.06-07.54.14:083][  0]LogMemory: Memory total: Physical=16.0GB (16GB approx)
[2020.10.06-07.54.14:083][  0]LogMemory: Platform Memory Stats for Windows
[2020.10.06-07.54.14:083][  0]LogMemory: Process Physical Memory: 117.51 MB used, 117.52 MB peak
[2020.10.06-07.54.14:083][  0]LogMemory: Process Virtual Memory: 97.04 MB used, 97.04 MB peak
[2020.10.06-07.54.14:084][  0]LogMemory: Physical Memory: 11227.94 MB used,  5107.27 MB free, 16335.21 MB total
[2020.10.06-07.54.14:084][  0]LogMemory: Virtual Memory: 5170.96 MB used,  134212560.00 MB free, 134217728.00 MB total
[2020.10.06-07.54.14:100][  0]LogWindows: WindowsPlatformFeatures enabled
[2020.10.06-07.54.14:264][  0]LogInit: Physics initialised using underlying interface: PhysX
[2020.10.06-07.54.14:266][  0]LogInit: Using OS detected language (en-US).
[2020.10.06-07.54.14:266][  0]LogInit: Using OS detected locale (en-US).
[2020.10.06-07.54.14:270][  0]LogTextLocalizationManager: No specific localization for 'en-US' exists, so the 'en' localization will be used.
[2020.10.06-07.54.14:494][  0]LogInit: Setting process to per monitor DPI aware
[2020.10.06-07.54.14:543][  0]LogSlate: New Slate User Created.  User Index 0, Is Virtual User: 0
[2020.10.06-07.54.14:543][  0]LogSlate: Slate User Registered.  User Index 0, Is Virtual User: 0
[2020.10.06-07.54.14:713][  0]LogHMD: Failed to initialize OpenVR with code 110
[2020.10.06-07.54.14:713][  0]LogD3D11RHI: D3D11 min allowed feature level: 11_0
[2020.10.06-07.54.14:713][  0]LogD3D11RHI: D3D11 max allowed feature level: 11_0
[2020.10.06-07.54.14:713][  0]LogD3D11RHI: D3D11 adapters:
[2020.10.06-07.54.14:757][  0]LogD3D11RHI:    0. 'Radeon RX Vega' (Feature Level 11_0)
[2020.10.06-07.54.14:757][  0]LogD3D11RHI:       8119/0/8167 MB DedicatedVideo/DedicatedSystem/SharedSystem, Outputs:1, VendorId:0x1002
[2020.10.06-07.54.14:764][  0]LogD3D11RHI:    1. 'Microsoft Basic Render Driver' (Feature Level 11_0)
[2020.10.06-07.54.14:764][  0]LogD3D11RHI:       0/0/8167 MB DedicatedVideo/DedicatedSystem/SharedSystem, Outputs:0, VendorId:0x1414
[2020.10.06-07.54.14:764][  0]LogD3D11RHI: Chosen D3D11 Adapter: 0
[2020.10.06-07.54.14:775][  0]LogD3D11RHI: Creating new Direct3DDevice
[2020.10.06-07.54.14:775][  0]LogD3D11RHI:     GPU DeviceId: 0x687f (for the marketing name, search the web for "GPU Device Id")
[2020.10.06-07.54.14:775][  0]LogWindows: EnumDisplayDevices:
[2020.10.06-07.54.14:775][  0]LogWindows:    0. 'Radeon RX Vega' (P:1 D:1)
[2020.10.06-07.54.14:776][  0]LogWindows:    1. 'Radeon RX Vega' (P:0 D:0)
[2020.10.06-07.54.14:776][  0]LogWindows:    2. 'Radeon RX Vega' (P:0 D:0)
[2020.10.06-07.54.14:777][  0]LogWindows:    3. 'Radeon RX Vega' (P:0 D:0)
[2020.10.06-07.54.14:777][  0]LogWindows:    4. 'Radeon RX Vega' (P:0 D:0)
[2020.10.06-07.54.14:778][  0]LogWindows:    5. 'Radeon RX Vega' (P:0 D:0)
[2020.10.06-07.54.14:778][  0]LogWindows:    6. 'Radeon RX Vega' (P:0 D:0)
[2020.10.06-07.54.14:778][  0]LogWindows:    7. 'Radeon RX Vega' (P:0 D:0)
[2020.10.06-07.54.14:779][  0]LogWindows: DebugString: FoundDriverCount:8 
[2020.10.06-07.54.14:779][  0]LogD3D11RHI:     Adapter Name: Radeon RX Vega
[2020.10.06-07.54.14:779][  0]LogD3D11RHI:   Driver Version: Adrenalin 2020 20.4.2 (internal:26.20.15029.27017, unified:26.20.15029.27017)
[2020.10.06-07.54.14:779][  0]LogD3D11RHI:      Driver Date: 5-15-2020
[2020.10.06-07.54.14:779][  0]LogRHI: Texture pool is 4831 MB (70% of 6901 MB)
[2020.10.06-07.54.14:852][  0]LogD3D11RHI: RHI has support for 64 bit atomics
[2020.10.06-07.54.14:852][  0]LogD3D11RHI: Async texture creation enabled
[2020.10.06-07.54.14:852][  0]LogD3D11RHI: Array index from any shader is supported
[2020.10.06-07.54.14:865][  0]LogD3D11RHI: GPU Timing Frequency: 27.000000 (Debug: 2 1)
[2020.10.06-07.54.15:140][  0]LogTargetPlatformManager: Display: Loaded TargetPlatform 'AllDesktop'
[2020.10.06-07.54.15:174][  0]LogTargetPlatformManager: Display: Loaded TargetPlatform 'Android'
[2020.10.06-07.54.15:174][  0]LogTargetPlatformManager: Display: Loaded TargetPlatform 'Android_ASTC'
[2020.10.06-07.54.15:174][  0]LogTargetPlatformManager: Display: Loaded TargetPlatform 'Android_DXT'
[2020.10.06-07.54.15:174][  0]LogTargetPlatformManager: Display: Loaded TargetPlatform 'Android_ETC2'
[2020.10.06-07.54.15:174][  0]LogTargetPlatformManager: Display: Loaded TargetPlatform 'AndroidClient'
[2020.10.06-07.54.15:174][  0]LogTargetPlatformManager: Display: Loaded TargetPlatform 'Android_ASTCClient'
[2020.10.06-07.54.15:174][  0]LogTargetPlatformManager: Display: Loaded TargetPlatform 'Android_DXTClient'
[2020.10.06-07.54.15:174][  0]LogTargetPlatformManager: Display: Loaded TargetPlatform 'Android_ETC2Client'
[2020.10.06-07.54.15:174][  0]LogTargetPlatformManager: Display: Loaded TargetPlatform 'Android_Multi'
[2020.10.06-07.54.15:174][  0]LogTargetPlatformManager: Display: Loaded TargetPlatform 'Android_MultiClient'
[2020.10.06-07.54.15:258][  0]LogTargetPlatformManager: Display: Loaded TargetPlatform 'IOSClient'
[2020.10.06-07.54.15:258][  0]LogTargetPlatformManager: Display: Loaded TargetPlatform 'IOS'
[2020.10.06-07.54.15:297][  0]LogTargetPlatformManager: Display: Loaded TargetPlatform 'Lumin'
[2020.10.06-07.54.15:297][  0]LogTargetPlatformManager: Display: Loaded TargetPlatform 'LuminClient'
[2020.10.06-07.54.15:324][  0]LogTargetPlatformManager: Display: Loaded TargetPlatform 'TVOSClient'
[2020.10.06-07.54.15:324][  0]LogTargetPlatformManager: Display: Loaded TargetPlatform 'TVOS'
[2020.10.06-07.54.15:343][  0]LogTargetPlatformManager: Display: Loaded TargetPlatform 'WindowsNoEditor'
[2020.10.06-07.54.15:363][  0]LogTargetPlatformManager: Display: Loaded TargetPlatform 'Windows'
[2020.10.06-07.54.15:382][  0]LogTargetPlatformManager: Display: Loaded TargetPlatform 'WindowsClient'
[2020.10.06-07.54.15:401][  0]LogTargetPlatformManager: Display: Loaded TargetPlatform 'WindowsServer'
[2020.10.06-07.54.15:422][  0]LogTargetPlatformManager: Display: Loaded TargetPlatform 'XXX'
[2020.10.06-07.54.15:422][  0]LogTargetPlatformManager: Display: Building Assets For Windows
[2020.10.06-07.54.15:461][  0]LogAudioDebug: Display: Lib vorbis DLL was dynamically loaded.
[2020.10.06-07.54.15:669][  0]LogShaderCompilers: Guid format shader working directory is 7 characters bigger than the processId version (../../../../Unreal Projects/SonicSiege/SonicSiege/Intermediate/Shaders/WorkingDirectory/14780/).
[2020.10.06-07.54.15:670][  0]LogShaderCompilers: Cleaned the shader compiler working directory 'C:/Users/Christian Hinkle/AppData/Local/Temp/UnrealShaderWorkingDir/9660837447EEFFC033693F98AB98AD14/'.
[2020.10.06-07.54.15:670][  0]LogXGEController: Cleaning working directory: C:/Users/Christian Hinkle/AppData/Local/Temp/UnrealXGEWorkingDir/
[2020.10.06-07.54.15:671][  0]LogXGEController: Cannot use XGE Controller as Incredibuild is not installed on this machine.
[2020.10.06-07.54.15:671][  0]LogShaderCompilers: Cannot use XGE Shader Compiler as Incredibuild is not installed on this machine.
[2020.10.06-07.54.15:671][  0]LogShaderCompilers: Display: Using Local Shader Compiler.
[2020.10.06-07.54.16:427][  0]LogDerivedDataCache: Display: Max Cache Size: 512 MB
[2020.10.06-07.54.16:484][  0]LogDerivedDataCache: Loaded boot cache 0.06s 75MB ../../../../Unreal Projects/SonicSiege/SonicSiege/DerivedDataCache/Boot.ddc.
[2020.10.06-07.54.16:485][  0]LogDerivedDataCache: Display: Loaded Boot cache: ../../../../Unreal Projects/SonicSiege/SonicSiege/DerivedDataCache/Boot.ddc
[2020.10.06-07.54.16:485][  0]LogDerivedDataCache: FDerivedDataBackendGraph:  Pak pak cache file ../../../../Unreal Projects/SonicSiege/SonicSiege/DerivedDataCache/DDC.ddp not found, will not use a pak cache.
[2020.10.06-07.54.16:485][  0]LogDerivedDataCache: Unable to find inner node Pak for hierarchical cache Hierarchy.
[2020.10.06-07.54.16:485][  0]LogDerivedDataCache: FDerivedDataBackendGraph:  EnginePak pak cache file ../../../Engine/DerivedDataCache/DDC.ddp not found, will not use a pak cache.
[2020.10.06-07.54.16:485][  0]LogDerivedDataCache: Unable to find inner node EnginePak for hierarchical cache Hierarchy.
[2020.10.06-07.54.16:488][  0]LogDerivedDataCache: Using Local data cache path ../../../Engine/DerivedDataCache: Writable
[2020.10.06-07.54.16:488][  0]LogDerivedDataCache: Shared data cache path not found in *engine.ini, will not use an Shared cache.
[2020.10.06-07.54.16:488][  0]LogDerivedDataCache: Unable to find inner node Shared for hierarchical cache Hierarchy.
[2020.10.06-07.54.16:541][  0]LogSlate: Using FreeType 2.10.0
[2020.10.06-07.54.16:541][  0]LogSlate: SlateFontServices - WITH_FREETYPE: 1, WITH_HARFBUZZ: 1
[2020.10.06-07.54.16:579][  0]LogAssetRegistry: FAssetRegistry took 0.0053 seconds to start up
[2020.10.06-07.54.16:861][  0]LogInit: Selected Device Profile: [Windows]
[2020.10.06-07.54.17:086][  0]LogMeshReduction: Using QuadricMeshReduction for automatic static mesh reduction
[2020.10.06-07.54.17:086][  0]LogMeshReduction: Using SimplygonMeshReduction for automatic skeletal mesh reduction
[2020.10.06-07.54.17:086][  0]LogMeshReduction: Using ProxyLODMeshReduction for automatic mesh merging
[2020.10.06-07.54.17:086][  0]LogMeshReduction: No distributed automatic mesh merging module available
[2020.10.06-07.54.17:087][  0]LogMeshMerging: No distributed automatic mesh merging module available
[2020.10.06-07.54.17:112][  0]LogNetVersion: SonicSiege 1.0.0, NetCL: 0, EngineNetVer: 14, GameNetVer: 0 (Checksum: 1397966116)
[2020.10.06-07.54.17:585][  0]LogAISub: UAISubsystem::UAISubsystem AISubsystem (000002B392BDA700), frame # 0
[2020.10.06-07.54.17:585][  0]LogAISub: UAISubsystem::UAISubsystem AIPerceptionSystem (000002B392B711C0), frame # 0
[2020.10.06-07.54.17:586][  0]LogAISub: UAISubsystem::UAISubsystem EnvQueryManager (000002B392C08200), frame # 0
[2020.10.06-07.54.17:676][  0]LogPackageLocalizationCache: Processed 21 localized package path(s) for 1 prioritized culture(s) in 0.083231 seconds
[2020.10.06-07.54.17:683][  0]LogUObjectArray: 15903 objects as part of root set at end of initial load.
[2020.10.06-07.54.17:683][  0]LogUObjectAllocator: 3962048 out of 0 bytes used by permanent object pool.
[2020.10.06-07.54.17:683][  0]LogUObjectArray: CloseDisregardForGC: 0/0 objects in disregard for GC pool
[2020.10.06-07.54.18:507][  0]LogPython: Using Python 2.7.14
[2020.10.06-07.54.19:737][  0]LogTcpMessaging: Initializing TcpMessaging bridge
[2020.10.06-07.54.19:752][  0]LogUdpMessaging: Initializing bridge on interface 0.0.0.0:0 to multicast group 230.0.0.1:6666.
[2020.10.06-07.54.19:818][  0]LogGameplayTags: NetworkGameplayTagNodeIndexHash is 81673715
[2020.10.06-07.54.19:818][  0]LogStats: UGameplayTagsManager::InitializeManager -  0.003 s
[2020.10.06-07.54.20:213][  0]SourceControl: Source control is disabled
[2020.10.06-07.54.20:213][  0]SourceControl: Source control is disabled
[2020.10.06-07.54.20:230][  0]SourceControl: Source control is disabled
[2020.10.06-07.54.20:244][  0]SourceControl: Source control is disabled
[2020.10.06-07.54.20:269][  0]SourceControl: Source control is disabled
[2020.10.06-07.54.21:342][  0]LogAndroidPermission: UAndroidPermissionCallbackProxy::GetInstance
[2020.10.06-07.54.21:439][  0]LogAudioCaptureCore: Display: No Audio Capture implementations found. Audio input will be silent.
[2020.10.06-07.54.21:439][  0]LogAudioCaptureCore: Display: No Audio Capture implementations found. Audio input will be silent.
[2020.10.06-07.54.21:610][  0]LogOcInput: OculusInput pre-init called
[2020.10.06-07.54.21:647][  0]LogWindows: Failed to load 'OVRPlugin.dll' (GetLastError=126)
[2020.10.06-07.54.21:647][  0]LogWindows: File 'OVRPlugin.dll' does not exist
[2020.10.06-07.54.22:150][  0]LogEngine: Initializing Engine...
[2020.10.06-07.54.22:163][  0]LogHMD: Failed to initialize OpenVR with code 110
[2020.10.06-07.54.22:163][  0]LogMagicLeap: Warning: VR disabled because ZI is not enabled.  To enable, in the editor, Edit -> Project Settings -> Plugins -> Magic Leap Plugin -> Enable Zero Iteration
[2020.10.06-07.54.22:164][  0]LogUObjectGlobals: BeginLoad(/Engine/EngineDebugMaterials/LevelColorationLitMaterial) is flushing async loading
[2020.10.06-07.54.22:164][  0]LogStreaming: Display: Flushing async loaders.
[2020.10.06-07.54.22:324][  0]LogInit: Initializing FReadOnlyCVARCache
[2020.10.06-07.54.22:346][  0]LogAIModule: Creating AISystem for world Untitled
[2020.10.06-07.54.22:346][  0]LogAISub: UAISubsystem::UAISubsystem EnvQueryManager (000002B3A8171600), frame # 0
[2020.10.06-07.54.22:346][  0]LogAISub: UAISubsystem::UAISubsystem AIPerceptionSystem (000002B39A8A2C00), frame # 0
[2020.10.06-07.54.22:366][  0]LogAudioMixer: Display: Audio Mixer Platform Settings:
[2020.10.06-07.54.22:366][  0]LogAudioMixer: Display: 	Sample Rate:						  48000
[2020.10.06-07.54.22:366][  0]LogAudioMixer: Display: 	Callback Buffer Frame Size Requested: 1024
[2020.10.06-07.54.22:366][  0]LogAudioMixer: Display: 	Callback Buffer Frame Size To Use:	  1024
[2020.10.06-07.54.22:366][  0]LogAudioMixer: Display: 	Number of buffers to queue:			  2
[2020.10.06-07.54.22:366][  0]LogAudioMixer: Display: 	Max Channels (voices):				  32
[2020.10.06-07.54.22:366][  0]LogAudioMixer: Display: 	Number of Async Source Workers:		  0
[2020.10.06-07.54.22:366][  0]LogAudio: Display: AudioDevice MaxSources: 32
[2020.10.06-07.54.22:367][  0]LogAudio: Display: Using built-in audio occlusion.
[2020.10.06-07.54.22:367][  0]LogAudioMixer: Display: Initializing audio mixer.
[2020.10.06-07.54.22:400][  0]LogAudioMixer: Display: 0: FrontLeft
[2020.10.06-07.54.22:400][  0]LogAudioMixer: Display: 1: FrontRight
[2020.10.06-07.54.22:478][  0]LogAudioMixer: Display: Using Audio Device VoiceMeeter Input (VB-Audio VoiceMeeter VAIO)
[2020.10.06-07.54.22:482][  0]LogAudioMixer: Display: Initializing Sound Submixes...
[2020.10.06-07.54.22:485][  0]LogAudioMixer: Display: Creating Master Submix 'MasterSubmixDefault'
[2020.10.06-07.54.22:485][  0]LogAudioMixer: Display: Creating Master Submix 'MasterReverbSubmixDefault'
[2020.10.06-07.54.22:486][  0]LogAudioMixer: Display: Creating Master Submix 'MasterEQSubmixDefault'
[2020.10.06-07.54.22:488][  0]LogInit: FAudioDevice initialized.
[2020.10.06-07.54.22:489][  0]LogNetVersion: Set ProjectVersion to 1.0.0.0. Version Checksum will be recalculated on next use.
[2020.10.06-07.54.23:651][  0]LogDerivedDataCache: Saved boot cache 1.16s 75MB ../../../../Unreal Projects/SonicSiege/SonicSiege/DerivedDataCache/Boot.ddc.
[2020.10.06-07.54.23:658][  0]LogInit: Texture streaming: Enabled
[2020.10.06-07.54.23:711][  0]LogEngineSessionManager: EngineSessionManager initialized
[2020.10.06-07.54.23:711][  0]LogEngineSessionManager: EngineSessionManager sent abnormal shutdown report. Type=Debugger, SessionId={1C28CD1D-40C2-B602-ADA6-1A82D22EE9AE}
[2020.10.06-07.54.23:711][  0]LogEditorSessionSummary: Verbose: Initializing EditorSessionSummaryWriter for editor session tracking
[2020.10.06-07.54.23:713][  0]LogEditorSessionSummary: EditorSessionSummaryWriter initialized
[2020.10.06-07.54.23:801][  0]LogInit: Transaction tracking system initialized
[2020.10.06-07.54.23:889][  0]BlueprintLog: New page: Editor Load
[2020.10.06-07.54.24:255][  0]LocalizationService: Localization service is disabled
[2020.10.06-07.54.25:422][  0]LogCook: Display: Max memory allowance for cook 16384mb min free memory 0mb
[2020.10.06-07.54.25:423][  0]LogFileCache: Scanning file cache for directory 'C:/Users/Christian Hinkle/Documents/Unreal Projects/SonicSiege/SonicSiege/Content/' took 0.01s
[2020.10.06-07.54.25:423][  0]LogCook: Display: Mobile HDR setting 1
[2020.10.06-07.54.25:457][  0]LogGameplayTags: NetworkGameplayTagNodeIndexHash is 81673715
[2020.10.06-07.54.25:457][  0]LogStats: FGameplayAbilitiesEditorModule::GameplayTagTreeChanged -  0.000 s
[2020.10.06-07.54.27:638][  0]LogStats: UGameplayCueManager::InitializeEditorObjectLibrary -  0.003 s
[2020.10.06-07.54.28:441][  0]SourceControl: Source control is disabled
[2020.10.06-07.54.28:442][  0]LogUnrealEdMisc: Loading editor; pre map load, took 17.187
[2020.10.06-07.54.28:447][  0]Cmd: MAP LOAD FILE="../../../../Unreal Projects/SonicSiege/SonicSiege/Content/Maps/MAP_Test.umap" TEMPLATE=0 SHOWPROGRESS=1 FEATURELEVEL=3
[2020.10.06-07.54.28:449][  0]LightingResults: New page: Lighting Build
[2020.10.06-07.54.28:464][  0]LogWorld: UWorld::CleanupWorld for Untitled, bSessionEnded=true, bCleanupResources=true
[2020.10.06-07.54.28:468][  0]LogSlate: InvalidateAllWidgets triggered.  All widgets were invalidated
[2020.10.06-07.54.28:472][  0]MapCheck: New page: Map Check
[2020.10.06-07.54.28:472][  0]LightingResults: New page: Lighting Build
[2020.10.06-07.54.28:532][  0]LogAISub: UAISubsystem::~UAISubsystem EnvQueryManager (000002B3A8171600), frame # 0
[2020.10.06-07.54.28:533][  0]LogAISub: UAISubsystem::~UAISubsystem AIPerceptionSystem (000002B39A8A2C00), frame # 0
[2020.10.06-07.54.28:536][  0]LogUObjectHash: Compacting FUObjectHashTables data took   0.86ms
[2020.10.06-07.54.30:736][  0]LogAIModule: Creating AISystem for world MAP_Test
[2020.10.06-07.54.30:737][  0]LogAISub: UAISubsystem::UAISubsystem EnvQueryManager (000002B38919FE00), frame # 0
[2020.10.06-07.54.30:737][  0]LogAISub: UAISubsystem::UAISubsystem AIPerceptionSystem (000002B3A7BD4900), frame # 0
[2020.10.06-07.54.31:119][  0]LogEditorServer: Finished looking for orphan Actors (0.000 secs)
[2020.10.06-07.54.31:173][  0]LogUObjectHash: Compacting FUObjectHashTables data took   1.18ms
[2020.10.06-07.54.31:174][  0]Cmd: MAP CHECKDEP NOCLEARLOG
[2020.10.06-07.54.31:176][  0]MapCheck: Map check complete: 0 Error(s), 0 Warning(s), took 1.099ms to complete.
[2020.10.06-07.54.31:176][  0]LogFileHelpers: Loading map 'MAP_Test' took 2.732
[2020.10.06-07.54.31:254][  0]LogUnrealEdMisc: Total Editor Startup Time, took 19.998
[2020.10.06-07.54.32:170][  0]LogSlate: Updating window title bar state: overlay mode, drag disabled, window buttons hidden, title bar hidden
[2020.10.06-07.54.32:179][  0]LogSlate: Updating window title bar state: overlay mode, drag disabled, window buttons hidden, title bar hidden
[2020.10.06-07.54.32:188][  0]LogSlate: Updating window title bar state: overlay mode, drag disabled, window buttons hidden, title bar hidden
[2020.10.06-07.54.32:197][  0]LogSlate: Updating window title bar state: overlay mode, drag disabled, window buttons hidden, title bar hidden
[2020.10.06-07.54.32:252][  0]LogCollectionManager: Loaded 0 collections in 0.004185 seconds
[2020.10.06-07.54.32:303][  0]LogFileCache: Scanning file cache for directory 'C:/Users/Christian Hinkle/Documents/Unreal Projects/SonicSiege/SonicSiege/Saved/Collections/' took 0.00s
[2020.10.06-07.54.32:303][  0]LogFileCache: Scanning file cache for directory 'C:/Users/Christian Hinkle/Documents/Unreal Projects/SonicSiege/SonicSiege/Content/Developers/Christian/Collections/' took 0.00s
[2020.10.06-07.54.32:303][  0]LogFileCache: Scanning file cache for directory 'C:/Users/Christian Hinkle/Documents/Unreal Projects/SonicSiege/SonicSiege/Content/Collections/' took 0.00s
[2020.10.06-07.54.32:304][  0]LogContentBrowser: Native class hierarchy populated in 0.0144 seconds. Added 3583 classes and 858 folders.
[2020.10.06-07.54.32:320][  0]LogContentBrowser: Native class hierarchy updated for 'WidgetCarousel' in 0.0005 seconds. Added 0 classes and 0 folders.
[2020.10.06-07.54.33:211][  0]LogContentBrowser: Native class hierarchy updated for 'AddContentDialog' in 0.0006 seconds. Added 0 classes and 0 folders.
[2020.10.06-07.54.33:228][  0]LogContentBrowser: Native class hierarchy updated for 'SceneOutliner' in 0.0005 seconds. Added 2 classes and 0 folders.
[2020.10.06-07.54.33:336][  0]LogSlate: Took 0.008088 seconds to synchronously load lazily loaded font '../../../Engine/Content/Slate/Fonts/Roboto-Regular.ttf' (155K)
[2020.10.06-07.54.33:348][  0]LogSlate: Took 0.007136 seconds to synchronously load lazily loaded font '../../../Engine/Content/Slate/Fonts/Roboto-Bold.ttf' (160K)
[2020.10.06-07.54.33:364][  0]LogSlate: Took 0.007586 seconds to synchronously load lazily loaded font '../../../Engine/Content/Editor/Slate/Fonts/FontAwesome.ttf' (139K)
[2020.10.06-07.54.33:542][  0]LogRenderer: Reallocating scene render targets to support 1208x572 Format 10 NumSamples 1 (Frame:1).
[2020.10.06-07.54.33:743][  0]LogSlate: Took 0.007434 seconds to synchronously load lazily loaded font '../../../Engine/Content/Slate/Fonts/Roboto-Light.ttf' (167K)
[2020.10.06-07.54.33:883][  0]LogContentBrowser: Native class hierarchy updated for 'HierarchicalLODOutliner' in 0.0008 seconds. Added 0 classes and 0 folders.
[2020.10.06-07.54.33:883][  0]LogLoad: (Engine Initialization) Total time: 22.63 seconds
[2020.10.06-07.54.33:883][  0]LogLoad: (Engine Initialization) Total Blueprint compile time: 0.00 seconds
[2020.10.06-07.54.33:959][  0]LogAssetRegistry: Asset discovery search completed in 17.3829 seconds
[2020.10.06-07.54.33:963][  0]LogStats: UGameplayCueManager::InitializeEditorObjectLibrary -  0.004 s
[2020.10.06-07.54.33:973][  0]LogCollectionManager: Fixed up redirectors for 0 collections in 0.000007 seconds (updated 0 objects)
[2020.10.06-07.54.33:992][  0]LogContentStreaming: Texture pool size now 1000 MB
[2020.10.06-07.54.34:375][  1]LogFileCache: Retrieving MD5 hashes for directory 'C:/Users/Christian Hinkle/Documents/Unreal Projects/SonicSiege/SonicSiege/Content/' took 0.46s
[2020.10.06-07.55.34:161][179]LogEditorSessionSummary: EditorSessionSummary sent report. Type=Debugger, SessionId={45AF1652-43F9-BA3D-2416-0D8BD0E911F3}
[2020.10.06-07.55.34:212][179]LogEditorSessionSummary: EditorSessionSummary sent report. Type=Debugger, SessionId={1C28CD1D-40C2-B602-ADA6-1A82D22EE9AE}
[2020.10.06-07.59.36:184][ 54]LogSlate: Took 0.000164 seconds to synchronously load lazily loaded font '../../../Engine/Content/Slate/Fonts/Roboto-Light.ttf' (167K)
[2020.10.06-07.59.36:229][ 54]Cmd: OBJ SAVEPACKAGE PACKAGE="/Game/Maps/MAP_Test" FILE="../../../../Unreal Projects/SonicSiege/SonicSiege/Content/Maps/MAP_Test.umap" SILENT=true AUTOSAVING=false KEEPDIRTY=false
[2020.10.06-07.59.36:294][ 54]LogUObjectHash: Compacting FUObjectHashTables data took   0.63ms
[2020.10.06-07.59.36:569][ 54]LogSavePackage: Moving '../../../../Unreal Projects/SonicSiege/SonicSiege/Saved/MAP_Test5239DB874A74936956A4469D8085F2C1.tmp' to '../../../../Unreal Projects/SonicSiege/SonicSiege/Content/Maps/MAP_Test.umap'
[2020.10.06-07.59.36:624][ 54]AssetCheck: New page: Asset Save: MAP_Test
[2020.10.06-07.59.36:624][ 54]LogContentValidation: Display: Validating World /Game/Maps/MAP_Test.MAP_Test
[2020.10.06-08.01.11:697][ 65]LogTemp: Repeating last play command: Selected Viewport
[2020.10.06-08.01.11:723][ 65]LogPlayLevel: PlayLevel: No blueprints needed recompiling
[2020.10.06-08.01.11:730][ 65]PIE: New page: PIE session: MAP_Test (Oct 6, 2020, 2:01:11 AM)
[2020.10.06-08.01.11:737][ 65]LogOnline: OSS: Creating online subsystem instance for: NULL
[2020.10.06-08.01.11:740][ 65]LogOnline: OSS: TryLoadSubsystemAndSetDefault: Loaded subsystem for module [NULL]
[2020.10.06-08.01.11:743][ 65]LogPlayLevel: Creating play world package: /Game/Maps/UEDPIE_0_MAP_Test
[2020.10.06-08.01.11:756][ 65]LogPlayLevel: PIE: StaticDuplicateObject took: (0.012653s)
[2020.10.06-08.01.11:757][ 65]LogAIModule: Creating AISystem for world MAP_Test
[2020.10.06-08.01.11:758][ 65]LogAISub: UAISubsystem::UAISubsystem EnvQueryManager (000002B3BC39CA00), frame # 2065
[2020.10.06-08.01.11:758][ 65]LogAISub: UAISubsystem::UAISubsystem AIPerceptionSystem (000002B389401080), frame # 2065
[2020.10.06-08.01.11:759][ 65]LogPlayLevel: PIE: World Init took: (0.003199s)
[2020.10.06-08.01.11:761][ 65]LogPlayLevel: PIE: Created PIE world by copying editor world from /Game/Maps/MAP_Test.MAP_Test to /Game/Maps/UEDPIE_0_MAP_Test.MAP_Test (0.017206s)
[2020.10.06-08.01.11:773][ 65]LogUObjectHash: Compacting FUObjectHashTables data took   0.64ms
[2020.10.06-08.01.11:777][ 65]LogAudioMixer: Display: Audio Mixer Platform Settings:
[2020.10.06-08.01.11:777][ 65]LogAudioMixer: Display: 	Sample Rate:						  48000
[2020.10.06-08.01.11:777][ 65]LogAudioMixer: Display: 	Callback Buffer Frame Size Requested: 1024
[2020.10.06-08.01.11:777][ 65]LogAudioMixer: Display: 	Callback Buffer Frame Size To Use:	  1024
[2020.10.06-08.01.11:777][ 65]LogAudioMixer: Display: 	Number of buffers to queue:			  2
[2020.10.06-08.01.11:777][ 65]LogAudioMixer: Display: 	Max Channels (voices):				  32
[2020.10.06-08.01.11:777][ 65]LogAudioMixer: Display: 	Number of Async Source Workers:		  0
[2020.10.06-08.01.11:777][ 65]LogAudio: Display: AudioDevice MaxSources: 32
[2020.10.06-08.01.11:778][ 65]LogAudio: Display: Using built-in audio occlusion.
[2020.10.06-08.01.11:778][ 65]LogAudioMixer: Display: Initializing audio mixer.
[2020.10.06-08.01.11:790][ 65]LogAudioMixer: Display: 0: FrontLeft
[2020.10.06-08.01.11:790][ 65]LogAudioMixer: Display: 1: FrontRight
[2020.10.06-08.01.11:834][ 65]LogAudioMixer: Display: Using Audio Device VoiceMeeter Input (VB-Audio VoiceMeeter VAIO)
[2020.10.06-08.01.11:834][ 65]LogAudioMixer: Display: Initializing Sound Submixes...
[2020.10.06-08.01.11:834][ 65]LogAudioMixer: Display: Creating Master Submix 'MasterSubmixDefault'
[2020.10.06-08.01.11:834][ 65]LogAudioMixer: Display: Creating Master Submix 'MasterReverbSubmixDefault'
[2020.10.06-08.01.11:835][ 65]LogAudioMixer: Display: Creating Master Submix 'MasterEQSubmixDefault'
[2020.10.06-08.01.11:848][ 65]LogInit: FAudioDevice initialized.
[2020.10.06-08.01.11:892][ 65]LogGameplayTags: Warning: Invalid GameplayTag State.Character.Jumping found while loading /Game/Blueprints/Character/GameplayEffects/GE_Jump_BP.Default__GE_Jump_BP_C in property /Script/GameplayAbilities.InheritedTagContainer:CombinedTags.
[2020.10.06-08.01.11:892][ 65]LogGameplayTags: Warning: Invalid GameplayTag State.Character.Jumping found while loading /Game/Blueprints/Character/GameplayEffects/GE_Jump_BP.Default__GE_Jump_BP_C in property /Script/GameplayAbilities.InheritedTagContainer:Added.
[2020.10.06-08.01.11:896][ 65]LogGameplayTags: Warning: Invalid GameplayTag State.Character.IsInteractingDuration found while loading /Game/Blueprints/Character/GameplayEffects/GE_CharacterDurationInteract.Default__GE_CharacterDurationInteract_C in property /Script/GameplayAbilities.InheritedTagContainer:CombinedTags.
[2020.10.06-08.01.11:896][ 65]LogGameplayTags: Warning: Invalid GameplayTag State.Character.IsInteractingDuration found while loading /Game/Blueprints/Character/GameplayEffects/GE_CharacterDurationInteract.Default__GE_CharacterDurationInteract_C in property /Script/GameplayAbilities.InheritedTagContainer:Added.
[2020.10.06-08.01.12:006][ 65]LogLoad: Game class is 'GameMode_BP_C'
[2020.10.06-08.01.12:025][ 65]LogWorld: Bringing World /Game/Maps/UEDPIE_0_MAP_Test.MAP_Test up for play (max tick rate 0) at 2020.10.06-05.01.12
[2020.10.06-08.01.12:028][ 65]LogWorld: Bringing up level for play took: 0.005053
[2020.10.06-08.01.12:030][ 65]LogOnline: OSS: Creating online subsystem instance for: :Context_1
[2020.10.06-08.01.12:051][ 65]LogContentBrowser: Native class hierarchy updated for 'MovieSceneCapture' in 0.0008 seconds. Added 20 classes and 0 folders.
[2020.10.06-08.01.12:056][ 65]LogNet: ReplicationDriverClass is null! Not using ReplicationDriver.
[2020.10.06-08.01.12:057][ 65]LogNetCore: DDoS detection status: detection enabled: 0 analytics enabled: 0
[2020.10.06-08.01.12:058][ 65]LogInit: WinSock: Socket queue. Rx: 131072 (config 131072) Tx: 131072 (config 131072)
[2020.10.06-08.01.12:058][ 65]LogNet: Created socket for bind address: 0.0.0.0 on port 17777
[2020.10.06-08.01.12:059][ 65]PacketHandlerLog: Loaded PacketHandler component: Engine.EngineHandlerComponentFactory (StatelessConnectHandlerComponent)
[2020.10.06-08.01.12:061][ 65]LogNet: GameNetDriver IpNetDriver_0 IpNetDriver listening on port 17777
[2020.10.06-08.01.12:061][ 65]LogGameMode: Display: Match State Changed from EnteringMap to WaitingToStart
[2020.10.06-08.01.12:062][ 65]LogGameState: Match State Changed from EnteringMap to WaitingToStart
[2020.10.06-08.01.12:062][ 65]LogGameMode: Display: Match State Changed from WaitingToStart to InProgress
[2020.10.06-08.01.12:103][ 65]LogGameState: Match State Changed from WaitingToStart to InProgress
[2020.10.06-08.01.12:104][ 65]PIE: Server logged in
[2020.10.06-08.01.12:106][ 65]PIE: Play in editor total start time 0.388 seconds.
[2020.10.06-08.01.12:107][ 65]LogAudioMixer: Display: Audio Mixer Platform Settings:
[2020.10.06-08.01.12:108][ 65]LogAudioMixer: Display: 	Sample Rate:						  48000
[2020.10.06-08.01.12:108][ 65]LogAudioMixer: Display: 	Callback Buffer Frame Size Requested: 1024
[2020.10.06-08.01.12:108][ 65]LogAudioMixer: Display: 	Callback Buffer Frame Size To Use:	  1024
[2020.10.06-08.01.12:108][ 65]LogAudioMixer: Display: 	Number of buffers to queue:			  2
[2020.10.06-08.01.12:108][ 65]LogAudioMixer: Display: 	Max Channels (voices):				  32
[2020.10.06-08.01.12:108][ 65]LogAudioMixer: Display: 	Number of Async Source Workers:		  0
[2020.10.06-08.01.12:108][ 65]LogAudio: Display: AudioDevice MaxSources: 32
[2020.10.06-08.01.12:109][ 65]LogAudio: Display: Using built-in audio occlusion.
[2020.10.06-08.01.12:109][ 65]LogAudioMixer: Display: Initializing audio mixer.
[2020.10.06-08.01.12:122][ 65]LogAudioMixer: Display: 0: FrontLeft
[2020.10.06-08.01.12:122][ 65]LogAudioMixer: Display: 1: FrontRight
[2020.10.06-08.01.12:402][ 65]LogAudioMixer: Display: Using Audio Device VoiceMeeter Input (VB-Audio VoiceMeeter VAIO)
[2020.10.06-08.01.12:402][ 65]LogAudioMixer: Display: Initializing Sound Submixes...
[2020.10.06-08.01.12:402][ 65]LogAudioMixer: Display: Creating Master Submix 'MasterSubmixDefault'
[2020.10.06-08.01.12:402][ 65]LogAudioMixer: Display: Creating Master Submix 'MasterReverbSubmixDefault'
[2020.10.06-08.01.12:403][ 65]LogAudioMixer: Display: Creating Master Submix 'MasterEQSubmixDefault'
[2020.10.06-08.01.12:420][ 65]LogInit: FAudioDevice initialized.
[2020.10.06-08.01.12:438][ 65]LogSlate: Updating window title bar state: overlay mode, drag disabled, window buttons hidden, title bar hidden
[2020.10.06-08.01.12:439][ 65]LogNet: Browse: 127.0.0.1:17777//Game/Maps/MAP_Test
[2020.10.06-08.01.12:440][ 65]LogInit: WinSock: Socket queue. Rx: 32768 (config 32768) Tx: 32768 (config 32768)
[2020.10.06-08.01.12:441][ 65]LogNet: Created socket for bind address: 0.0.0.0 on port 0
[2020.10.06-08.01.12:443][ 65]PacketHandlerLog: Loaded PacketHandler component: Engine.EngineHandlerComponentFactory (StatelessConnectHandlerComponent)
[2020.10.06-08.01.12:444][ 65]LogNet: Game client on port 17777, rate 10000
[2020.10.06-08.01.12:448][ 65]PIE: Client logged in
[2020.10.06-08.01.12:450][ 65]PIE: Play in editor total start time 0.733 seconds.
[2020.10.06-08.01.13:466][174]LogNet: NotifyAcceptingConnection accepted from: 127.0.0.1:60943
[2020.10.06-08.01.13:467][174]LogHandshake: SendConnectChallenge. Timestamp: 1.776984, Cookie: 031173214052119059145067126143146080051052101179241187124107
[2020.10.06-08.01.13:468][174]LogHandshake: SendChallengeResponse. Timestamp: 1.776984, Cookie: 031173214052119059145067126143146080051052101179241187124107
[2020.10.06-08.01.13:475][175]LogNet: NotifyAcceptingConnection accepted from: 127.0.0.1:60943
[2020.10.06-08.01.13:476][175]LogHandshake: SendChallengeAck. InCookie: 031173214052119059145067126143146080051052101179241187124107
[2020.10.06-08.01.13:476][175]LogNet: Server accepting post-challenge connection from: 127.0.0.1:60943
[2020.10.06-08.01.13:476][175]PacketHandlerLog: Loaded PacketHandler component: Engine.EngineHandlerComponentFactory (StatelessConnectHandlerComponent)
[2020.10.06-08.01.13:477][175]LogNet: NotifyAcceptedConnection: Name: MAP_Test, TimeStamp: 10/06/20 05:01:13, [UNetConnection] RemoteAddr: 127.0.0.1:60943, Name: IpConnection_1, Driver: GameNetDriver IpNetDriver_0, IsServer: YES, PC: NULL, Owner: NULL, UniqueId: INVALID
[2020.10.06-08.01.13:477][175]LogNet: AddClientConnection: Added client connection: [UNetConnection] RemoteAddr: 127.0.0.1:60943, Name: IpConnection_1, Driver: GameNetDriver IpNetDriver_0, IsServer: YES, PC: NULL, Owner: NULL, UniqueId: INVALID
[2020.10.06-08.01.13:479][175]LogNetVersion: SonicSiege 1.0.0.0, NetCL: 0, EngineNetVer: 14, GameNetVer: 0 (Checksum: 1504223046)
[2020.10.06-08.01.13:479][175]LogNet: UPendingNetGame::SendInitialJoin: Sending hello. [UNetConnection] RemoteAddr: 127.0.0.1:17777, Name: IpConnection_0, Driver: PendingNetDriver IpNetDriver_1, IsServer: NO, PC: NULL, Owner: NULL, UniqueId: INVALID
[2020.10.06-08.01.13:487][176]LogNet: NotifyAcceptingChannel Control 0 server World /Game/Maps/UEDPIE_0_MAP_Test.MAP_Test: Accepted
[2020.10.06-08.01.13:488][176]LogNet: Remote platform little endian=1
[2020.10.06-08.01.13:488][176]LogNet: This platform little endian=1
[2020.10.06-08.01.13:489][176]LogOnline: OSS: Creating online subsystem instance for: :Context_2
[2020.10.06-08.01.13:498][177]LogNet: Login request: ?Name=DESKTOP-IM4T8T4-0CE0ADEE4D927E99ADB87C8ED2F387CF userId: NULL:DESKTOP-IM4T8T4-0CE0ADEE4D927E99ADB87C8ED2F387CF platform: NULL
[2020.10.06-08.01.13:499][177]LogNet: Welcomed by server (Level: /Game/Maps/UEDPIE_0_MAP_Test, Game: /Game/Blueprints/Game/GameMode_BP.GameMode_BP_C)
[2020.10.06-08.01.13:499][177]LogLoad: LoadMap: 127.0.0.1:17777//Game/Maps/UEDPIE_0_MAP_Test?game=/Game/Blueprints/Game/GameMode_BP.GameMode_BP_C
[2020.10.06-08.01.13:499][177]LogWorld: BeginTearingDown for /Temp/Untitled_1
[2020.10.06-08.01.13:499][177]LogWorld: UWorld::CleanupWorld for Untitled, bSessionEnded=true, bCleanupResources=true
[2020.10.06-08.01.13:500][177]LogSlate: InvalidateAllWidgets triggered.  All widgets were invalidated
[2020.10.06-08.01.13:516][177]LogUObjectHash: Compacting FUObjectHashTables data took   0.86ms
[2020.10.06-08.01.13:529][177]LogAIModule: Creating AISystem for world MAP_Test
[2020.10.06-08.01.13:530][177]LogAISub: UAISubsystem::UAISubsystem EnvQueryManager (000002B3BCC01200), frame # 2177
[2020.10.06-08.01.13:530][177]LogAISub: UAISubsystem::UAISubsystem AIPerceptionSystem (000002B3A64960C0), frame # 2177
[2020.10.06-08.01.13:533][177]LogWorld: Bringing World /Game/Maps/UEDPIE_1_MAP_Test.MAP_Test up for play (max tick rate 0) at 2020.10.06-05.01.13
[2020.10.06-08.01.13:533][177]LogWorld: Bringing up level for play took: 0.001107
[2020.10.06-08.01.13:536][177]LogLoad: Took 0.036667 seconds to LoadMap(/Game/Maps/UEDPIE_0_MAP_Test)
[2020.10.06-08.01.13:536][177]LogNavigation: Warning: NavData RegistrationFailed_DataPendingKill.
[2020.10.06-08.01.13:544][178]LogNet: Client netspeed is 10000
[2020.10.06-08.01.13:544][178]LogNet: Join request: /Game/Maps/MAP_Test?Name=DESKTOP-IM4T8T4-0CE0ADEE4D927E99ADB87C8ED2F387CF?SplitscreenCount=1
[2020.10.06-08.01.13:545][178]LogOnlineSession: Warning: OSS: No game present to join for session (GameSession)
[2020.10.06-08.01.13:556][178]LogNet: Join succeeded: DESKTOP-IM4T8T4-0CE0
[2020.10.06-08.01.14:076][228]LogOnlineSession: Warning: OSS: No game present to join for session (GameSession)
[2020.10.06-08.01.14:169][238]LogOnlineSession: Warning: OSS: No game present to join for session (GameSession)
[2020.10.06-08.01.35:538][  8]LogNet: Warning: Took too long to receive packets. Time: 10.69 IpNetDriver_0
[2020.10.06-08.01.35:540][  8]LogNet: UNetDriver::TickDispatch: Very long time between ticks. DeltaTime: 0.34, Realtime: 11.03. IpNetDriver_1
[2020.10.06-08.01.35:545][  8]LogTemp: Resetting audio stream to device id 
[2020.10.06-08.01.35:603][  8]LogAudioMixer: Display: 0: FrontLeft
[2020.10.06-08.01.35:604][  8]LogAudioMixer: Display: 1: FrontRight
[2020.10.06-08.01.35:663][  8]LogTemp: Resetting audio stream to device id 
[2020.10.06-08.01.35:743][  8]LogAudioMixer: Display: 0: FrontLeft
[2020.10.06-08.01.35:743][  8]LogAudioMixer: Display: 1: FrontRight
[2020.10.06-08.01.35:790][  8]LogTemp: Resetting audio stream to device id 
[2020.10.06-08.01.35:859][  8]LogAudioMixer: Display: 0: FrontLeft
[2020.10.06-08.01.35:859][  8]LogAudioMixer: Display: 1: FrontRight
[2020.10.06-08.01.35:914][  9]LogNet: UNetDriver::TickDispatch: Very long time between ticks. DeltaTime: 11.06, Realtime: 11.07. IpNetDriver_0
[2020.10.06-08.01.35:916][  9]LogNet: UNetDriver::TickDispatch: Very long time between ticks. DeltaTime: 11.06, Realtime: 0.38. IpNetDriver_1
[2020.10.06-08.02.37:870][758]LogNet: UNetDriver::TickDispatch: Very long time between ticks. DeltaTime: 0.34, Realtime: 8.45. IpNetDriver_1
[2020.10.06-08.02.37:876][758]LogTemp: Resetting audio stream to device id 
[2020.10.06-08.02.37:932][758]LogAudioMixer: Display: 0: FrontLeft
[2020.10.06-08.02.37:933][758]LogAudioMixer: Display: 1: FrontRight
[2020.10.06-08.02.37:984][758]LogTemp: Resetting audio stream to device id 
[2020.10.06-08.02.38:065][758]LogAudioMixer: Display: 0: FrontLeft
[2020.10.06-08.02.38:065][758]LogAudioMixer: Display: 1: FrontRight
[2020.10.06-08.02.38:127][759]LogNet: UNetDriver::TickDispatch: Very long time between ticks. DeltaTime: 8.37, Realtime: 8.37. IpNetDriver_0
[2020.10.06-08.02.38:131][759]LogNet: UNetDriver::TickDispatch: Very long time between ticks. DeltaTime: 8.37, Realtime: 0.26. IpNetDriver_1
[2020.10.06-08.02.43:606][206]LogSlate: Updating window title bar state: overlay mode, drag disabled, window buttons hidden, title bar hidden
[2020.10.06-08.02.43:606][206]LogWorld: BeginTearingDown for /Game/Maps/UEDPIE_1_MAP_Test
[2020.10.06-08.02.43:607][206]LogSlate: Window 'SonicSiege Preview [NetMode: Client 2] (64-bit/Windows) ' being destroyed
[2020.10.06-08.02.43:618][206]LogWorld: UWorld::CleanupWorld for MAP_Test, bSessionEnded=true, bCleanupResources=true
[2020.10.06-08.02.43:621][206]LogSlate: InvalidateAllWidgets triggered.  All widgets were invalidated
[2020.10.06-08.02.43:635][206]LogNet: World NetDriver shutdown IpNetDriver_1 [GameNetDriver]
[2020.10.06-08.02.43:636][206]LogNet: DestroyNamedNetDriver IpNetDriver_1 [GameNetDriver]
[2020.10.06-08.02.43:637][206]LogNet: UNetConnection::Close: [UNetConnection] RemoteAddr: 127.0.0.1:17777, Name: IpConnection_0, Driver: GameNetDriver IpNetDriver_1, IsServer: NO, PC: SSPlayerController_0, Owner: SSPlayerController_0, UniqueId: NULL:DESKTOP-IM4T8T4-0CE0ADEE4D927E99ADB87C8ED2F387CF, Channels: 23, Time: 2020.10.06-08.02.43
[2020.10.06-08.02.43:637][206]LogNet: UChannel::Close: Sending CloseBunch. ChIndex == 0. Name: [UChannel] ChIndex: 0, Closing: 0 [UNetConnection] RemoteAddr: 127.0.0.1:17777, Name: IpConnection_0, Driver: GameNetDriver IpNetDriver_1, IsServer: NO, PC: SSPlayerController_0, Owner: SSPlayerController_0, UniqueId: NULL:DESKTOP-IM4T8T4-0CE0ADEE4D927E99ADB87C8ED2F387CF
[2020.10.06-08.02.43:639][206]LogExit: GameNetDriver IpNetDriver_1 shut down
[2020.10.06-08.02.43:641][206]LogWorld: BeginTearingDown for /Game/Maps/UEDPIE_0_MAP_Test
[2020.10.06-08.02.43:643][206]LogOnlineSession: Warning: OSS: No game present to leave for session (GameSession)
[2020.10.06-08.02.43:644][206]LogSlate: Updating window title bar state: overlay mode, drag disabled, window buttons hidden, title bar hidden
[2020.10.06-08.02.43:645][206]LogWorld: UWorld::CleanupWorld for MAP_Test, bSessionEnded=true, bCleanupResources=true
[2020.10.06-08.02.43:646][206]LogSlate: InvalidateAllWidgets triggered.  All widgets were invalidated
[2020.10.06-08.02.43:659][206]LogNet: World NetDriver shutdown IpNetDriver_0 [GameNetDriver]
[2020.10.06-08.02.43:659][206]LogNet: DestroyNamedNetDriver IpNetDriver_0 [GameNetDriver]
[2020.10.06-08.02.43:659][206]LogNet: UNetConnection::Cleanup: Closing open connection. [UNetConnection] RemoteAddr: 127.0.0.1:60943, Name: IpConnection_1, Driver: GameNetDriver IpNetDriver_0, IsServer: YES, PC: SSPlayerController_1, Owner: SSPlayerController_1, UniqueId: NULL:DESKTOP-IM4T8T4-0CE0ADEE4D927E99ADB87C8ED2F387CF
[2020.10.06-08.02.43:660][206]LogNet: UNetConnection::Close: [UNetConnection] RemoteAddr: 127.0.0.1:60943, Name: IpConnection_1, Driver: GameNetDriver IpNetDriver_0, IsServer: YES, PC: SSPlayerController_1, Owner: SSPlayerController_1, UniqueId: NULL:DESKTOP-IM4T8T4-0CE0ADEE4D927E99ADB87C8ED2F387CF, Channels: 23, Time: 2020.10.06-08.02.43
[2020.10.06-08.02.43:660][206]LogNet: UChannel::Close: Sending CloseBunch. ChIndex == 0. Name: [UChannel] ChIndex: 0, Closing: 0 [UNetConnection] RemoteAddr: 127.0.0.1:60943, Name: IpConnection_1, Driver: GameNetDriver IpNetDriver_0, IsServer: YES, PC: SSPlayerController_1, Owner: SSPlayerController_1, UniqueId: NULL:DESKTOP-IM4T8T4-0CE0ADEE4D927E99ADB87C8ED2F387CF
[2020.10.06-08.02.43:661][206]LogExit: GameNetDriver IpNetDriver_0 shut down
[2020.10.06-08.02.43:663][206]LogPlayLevel: Display: Shutting down PIE online subsystems
[2020.10.06-08.02.43:666][206]LogSlate: InvalidateAllWidgets triggered.  All widgets were invalidated
[2020.10.06-08.02.43:678][206]LogSlate: Updating window title bar state: overlay mode, drag disabled, window buttons hidden, title bar hidden
[2020.10.06-08.02.43:811][206]LogAISub: UAISubsystem::~UAISubsystem EnvQueryManager (000002B3BC39CA00), frame # 5206
[2020.10.06-08.02.43:811][206]LogAISub: UAISubsystem::~UAISubsystem AIPerceptionSystem (000002B389401080), frame # 5206
[2020.10.06-08.02.43:814][206]LogAISub: UAISubsystem::~UAISubsystem EnvQueryManager (000002B3BCC01200), frame # 5206
[2020.10.06-08.02.43:814][206]LogAISub: UAISubsystem::~UAISubsystem AIPerceptionSystem (000002B3A64960C0), frame # 5206
[2020.10.06-08.02.43:815][206]LogUObjectHash: Compacting FUObjectHashTables data took   0.80ms
[2020.10.06-08.02.43:911][207]LogPlayLevel: Display: Destroying online subsystem :Context_2
[2020.10.06-08.02.43:911][207]LogPlayLevel: Display: Destroying online subsystem :Context_1
[2020.10.06-08.02.52:541][638]LogTemp: Repeating last play command: Selected Viewport
[2020.10.06-08.02.52:564][638]LogPlayLevel: PlayLevel: No blueprints needed recompiling
[2020.10.06-08.02.52:565][638]PIE: New page: PIE session: MAP_Test (Oct 6, 2020, 2:02:52 AM)
[2020.10.06-08.02.52:565][638]LogPlayLevel: Creating play world package: /Game/Maps/UEDPIE_0_MAP_Test
[2020.10.06-08.02.52:577][638]LogPlayLevel: PIE: StaticDuplicateObject took: (0.011786s)
[2020.10.06-08.02.52:578][638]LogAIModule: Creating AISystem for world MAP_Test
[2020.10.06-08.02.52:578][638]LogAISub: UAISubsystem::UAISubsystem EnvQueryManager (000002B3BC693800), frame # 5638
[2020.10.06-08.02.52:579][638]LogAISub: UAISubsystem::UAISubsystem AIPerceptionSystem (000002B3AD4D9080), frame # 5638
[2020.10.06-08.02.52:579][638]LogPlayLevel: PIE: World Init took: (0.002247s)
[2020.10.06-08.02.52:579][638]LogPlayLevel: PIE: Created PIE world by copying editor world from /Game/Maps/MAP_Test.MAP_Test to /Game/Maps/UEDPIE_0_MAP_Test.MAP_Test (0.014488s)
[2020.10.06-08.02.52:593][638]LogUObjectHash: Compacting FUObjectHashTables data took   0.79ms
[2020.10.06-08.02.52:595][638]LogAudioMixer: Display: Audio Mixer Platform Settings:
[2020.10.06-08.02.52:595][638]LogAudioMixer: Display: 	Sample Rate:						  48000
[2020.10.06-08.02.52:595][638]LogAudioMixer: Display: 	Callback Buffer Frame Size Requested: 1024
[2020.10.06-08.02.52:596][638]LogAudioMixer: Display: 	Callback Buffer Frame Size To Use:	  1024
[2020.10.06-08.02.52:596][638]LogAudioMixer: Display: 	Number of buffers to queue:			  2
[2020.10.06-08.02.52:596][638]LogAudioMixer: Display: 	Max Channels (voices):				  32
[2020.10.06-08.02.52:596][638]LogAudioMixer: Display: 	Number of Async Source Workers:		  0
[2020.10.06-08.02.52:596][638]LogAudio: Display: AudioDevice MaxSources: 32
[2020.10.06-08.02.52:596][638]LogAudio: Display: Using built-in audio occlusion.
[2020.10.06-08.02.52:597][638]LogAudioMixer: Display: Initializing audio mixer.
[2020.10.06-08.02.52:609][638]LogAudioMixer: Display: 0: FrontLeft
[2020.10.06-08.02.52:609][638]LogAudioMixer: Display: 1: FrontRight
[2020.10.06-08.02.52:663][638]LogAudioMixer: Display: Using Audio Device VoiceMeeter Input (VB-Audio VoiceMeeter VAIO)
[2020.10.06-08.02.52:663][638]LogAudioMixer: Display: Initializing Sound Submixes...
[2020.10.06-08.02.52:663][638]LogAudioMixer: Display: Creating Master Submix 'MasterSubmixDefault'
[2020.10.06-08.02.52:664][638]LogAudioMixer: Display: Creating Master Submix 'MasterReverbSubmixDefault'
[2020.10.06-08.02.52:664][638]LogAudioMixer: Display: Creating Master Submix 'MasterEQSubmixDefault'
[2020.10.06-08.02.52:680][638]LogInit: FAudioDevice initialized.
[2020.10.06-08.02.52:708][638]LogLoad: Game class is 'GameMode_BP_C'
[2020.10.06-08.02.52:710][638]LogWorld: Bringing World /Game/Maps/UEDPIE_0_MAP_Test.MAP_Test up for play (max tick rate 0) at 2020.10.06-05.02.52
[2020.10.06-08.02.52:711][638]LogWorld: Bringing up level for play took: 0.002158
[2020.10.06-08.02.52:712][638]LogOnline: OSS: Creating online subsystem instance for: :Context_3
[2020.10.06-08.02.52:715][638]LogNet: ReplicationDriverClass is null! Not using ReplicationDriver.
[2020.10.06-08.02.52:716][638]LogNetCore: DDoS detection status: detection enabled: 0 analytics enabled: 0
[2020.10.06-08.02.52:716][638]LogInit: WinSock: Socket queue. Rx: 131072 (config 131072) Tx: 131072 (config 131072)
[2020.10.06-08.02.52:716][638]LogNet: Created socket for bind address: 0.0.0.0 on port 17777
[2020.10.06-08.02.52:716][638]PacketHandlerLog: Loaded PacketHandler component: Engine.EngineHandlerComponentFactory (StatelessConnectHandlerComponent)
[2020.10.06-08.02.52:716][638]LogNet: GameNetDriver IpNetDriver_2 IpNetDriver listening on port 17777
[2020.10.06-08.02.52:717][638]LogGameMode: Display: Match State Changed from EnteringMap to WaitingToStart
[2020.10.06-08.02.52:717][638]LogGameState: Match State Changed from EnteringMap to WaitingToStart
[2020.10.06-08.02.52:717][638]LogGameMode: Display: Match State Changed from WaitingToStart to InProgress
[2020.10.06-08.02.52:719][638]LogGameState: Match State Changed from WaitingToStart to InProgress
[2020.10.06-08.02.52:719][638]PIE: Server logged in
[2020.10.06-08.02.52:720][638]PIE: Play in editor total start time 0.157 seconds.
[2020.10.06-08.02.52:722][638]LogAudioMixer: Display: Audio Mixer Platform Settings:
[2020.10.06-08.02.52:722][638]LogAudioMixer: Display: 	Sample Rate:						  48000
[2020.10.06-08.02.52:722][638]LogAudioMixer: Display: 	Callback Buffer Frame Size Requested: 1024
[2020.10.06-08.02.52:723][638]LogAudioMixer: Display: 	Callback Buffer Frame Size To Use:	  1024
[2020.10.06-08.02.52:723][638]LogAudioMixer: Display: 	Number of buffers to queue:			  2
[2020.10.06-08.02.52:723][638]LogAudioMixer: Display: 	Max Channels (voices):				  32
[2020.10.06-08.02.52:723][638]LogAudioMixer: Display: 	Number of Async Source Workers:		  0
[2020.10.06-08.02.52:723][638]LogAudio: Display: AudioDevice MaxSources: 32
[2020.10.06-08.02.52:724][638]LogAudio: Display: Using built-in audio occlusion.
[2020.10.06-08.02.52:724][638]LogAudioMixer: Display: Initializing audio mixer.
[2020.10.06-08.02.52:738][638]LogAudioMixer: Display: 0: FrontLeft
[2020.10.06-08.02.52:739][638]LogAudioMixer: Display: 1: FrontRight
[2020.10.06-08.02.52:793][638]LogAudioMixer: Display: Using Audio Device VoiceMeeter Input (VB-Audio VoiceMeeter VAIO)
[2020.10.06-08.02.52:794][638]LogAudioMixer: Display: Initializing Sound Submixes...
[2020.10.06-08.02.52:794][638]LogAudioMixer: Display: Creating Master Submix 'MasterSubmixDefault'
[2020.10.06-08.02.52:794][638]LogAudioMixer: Display: Creating Master Submix 'MasterReverbSubmixDefault'
[2020.10.06-08.02.52:795][638]LogAudioMixer: Display: Creating Master Submix 'MasterEQSubmixDefault'
[2020.10.06-08.02.52:809][638]LogInit: FAudioDevice initialized.
[2020.10.06-08.02.52:828][638]LogSlate: Updating window title bar state: overlay mode, drag disabled, window buttons hidden, title bar hidden
[2020.10.06-08.02.52:828][638]LogNet: Browse: 127.0.0.1:17777//Game/Maps/MAP_Test
[2020.10.06-08.02.52:829][638]LogInit: WinSock: Socket queue. Rx: 32768 (config 32768) Tx: 32768 (config 32768)
[2020.10.06-08.02.52:829][638]LogNet: Created socket for bind address: 0.0.0.0 on port 0
[2020.10.06-08.02.52:830][638]PacketHandlerLog: Loaded PacketHandler component: Engine.EngineHandlerComponentFactory (StatelessConnectHandlerComponent)
[2020.10.06-08.02.52:830][638]LogNet: Game client on port 17777, rate 10000
[2020.10.06-08.02.52:833][638]PIE: Client logged in
[2020.10.06-08.02.52:835][638]PIE: Play in editor total start time 0.272 seconds.
[2020.10.06-08.02.53:842][737]LogNet: NotifyAcceptingConnection accepted from: 127.0.0.1:60990
[2020.10.06-08.02.53:842][737]LogHandshake: SendConnectChallenge. Timestamp: 1.308161, Cookie: 237011191013114095243154076157072207133054097253088148129072
[2020.10.06-08.02.53:843][737]LogHandshake: SendChallengeResponse. Timestamp: 1.308161, Cookie: 237011191013114095243154076157072207133054097253088148129072
[2020.10.06-08.02.53:850][738]LogNet: NotifyAcceptingConnection accepted from: 127.0.0.1:60990
[2020.10.06-08.02.53:850][738]LogHandshake: SendChallengeAck. InCookie: 237011191013114095243154076157072207133054097253088148129072
[2020.10.06-08.02.53:850][738]LogNet: Server accepting post-challenge connection from: 127.0.0.1:60990
[2020.10.06-08.02.53:851][738]PacketHandlerLog: Loaded PacketHandler component: Engine.EngineHandlerComponentFactory (StatelessConnectHandlerComponent)
[2020.10.06-08.02.53:851][738]LogNet: NotifyAcceptedConnection: Name: MAP_Test, TimeStamp: 10/06/20 05:02:53, [UNetConnection] RemoteAddr: 127.0.0.1:60990, Name: IpConnection_3, Driver: GameNetDriver IpNetDriver_2, IsServer: YES, PC: NULL, Owner: NULL, UniqueId: INVALID
[2020.10.06-08.02.53:851][738]LogNet: AddClientConnection: Added client connection: [UNetConnection] RemoteAddr: 127.0.0.1:60990, Name: IpConnection_3, Driver: GameNetDriver IpNetDriver_2, IsServer: YES, PC: NULL, Owner: NULL, UniqueId: INVALID
[2020.10.06-08.02.53:852][738]LogNet: UPendingNetGame::SendInitialJoin: Sending hello. [UNetConnection] RemoteAddr: 127.0.0.1:17777, Name: IpConnection_2, Driver: PendingNetDriver IpNetDriver_3, IsServer: NO, PC: NULL, Owner: NULL, UniqueId: INVALID
[2020.10.06-08.02.53:859][739]LogNet: NotifyAcceptingChannel Control 0 server World /Game/Maps/UEDPIE_0_MAP_Test.MAP_Test: Accepted
[2020.10.06-08.02.53:859][739]LogNet: Remote platform little endian=1
[2020.10.06-08.02.53:860][739]LogNet: This platform little endian=1
[2020.10.06-08.02.53:860][739]LogOnline: OSS: Creating online subsystem instance for: :Context_4
[2020.10.06-08.02.53:872][740]LogNet: Login request: ?Name=DESKTOP-IM4T8T4-66A0418842E45C19A083A9B81B1EEA08 userId: NULL:DESKTOP-IM4T8T4-66A0418842E45C19A083A9B81B1EEA08 platform: NULL
[2020.10.06-08.02.53:873][740]LogNet: Welcomed by server (Level: /Game/Maps/UEDPIE_0_MAP_Test, Game: /Game/Blueprints/Game/GameMode_BP.GameMode_BP_C)
[2020.10.06-08.02.53:873][740]LogLoad: LoadMap: 127.0.0.1:17777//Game/Maps/UEDPIE_0_MAP_Test?game=/Game/Blueprints/Game/GameMode_BP.GameMode_BP_C
[2020.10.06-08.02.53:873][740]LogWorld: BeginTearingDown for /Temp/Untitled_2
[2020.10.06-08.02.53:874][740]LogWorld: UWorld::CleanupWorld for Untitled, bSessionEnded=true, bCleanupResources=true
[2020.10.06-08.02.53:874][740]LogSlate: InvalidateAllWidgets triggered.  All widgets were invalidated
[2020.10.06-08.02.53:887][740]LogUObjectHash: Compacting FUObjectHashTables data took   0.80ms
[2020.10.06-08.02.53:900][740]LogAIModule: Creating AISystem for world MAP_Test
[2020.10.06-08.02.53:900][740]LogAISub: UAISubsystem::UAISubsystem EnvQueryManager (000002B3BC067A00), frame # 5740
[2020.10.06-08.02.53:900][740]LogAISub: UAISubsystem::UAISubsystem AIPerceptionSystem (000002B3AD2D8180), frame # 5740
[2020.10.06-08.02.53:903][740]LogWorld: Bringing World /Game/Maps/UEDPIE_1_MAP_Test.MAP_Test up for play (max tick rate 0) at 2020.10.06-05.02.53
[2020.10.06-08.02.53:903][740]LogWorld: Bringing up level for play took: 0.001521
[2020.10.06-08.02.53:904][740]LogLoad: Took 0.031083 seconds to LoadMap(/Game/Maps/UEDPIE_0_MAP_Test)
[2020.10.06-08.02.53:905][740]LogNavigation: Warning: NavData RegistrationFailed_DataPendingKill.
[2020.10.06-08.02.53:914][741]LogNet: Client netspeed is 10000
[2020.10.06-08.02.53:914][741]LogNet: Join request: /Game/Maps/MAP_Test?Name=DESKTOP-IM4T8T4-66A0418842E45C19A083A9B81B1EEA08?SplitscreenCount=1
[2020.10.06-08.02.53:915][741]LogOnlineSession: Warning: OSS: No game present to join for session (GameSession)
[2020.10.06-08.02.53:918][741]LogNet: Join succeeded: DESKTOP-IM4T8T4-66A0
[2020.10.06-08.02.54:349][778]LogOnlineSession: Warning: OSS: No game present to join for session (GameSession)
[2020.10.06-08.02.54:531][796]LogOnlineSession: Warning: OSS: No game present to join for session (GameSession)
[2020.10.06-08.04.23:046][318]LogNet: Warning: Took too long to receive packets. Time: 32.45 IpNetDriver_2
[2020.10.06-08.04.23:057][318]LogNet: UNetDriver::TickDispatch: Very long time between ticks. DeltaTime: 0.34, Realtime: 32.80. IpNetDriver_3
[2020.10.06-08.04.23:063][318]LogTemp: Resetting audio stream to device id 
[2020.10.06-08.04.23:118][318]LogAudioMixer: Display: 0: FrontLeft
[2020.10.06-08.04.23:118][318]LogAudioMixer: Display: 1: FrontRight
[2020.10.06-08.04.23:167][318]LogTemp: Resetting audio stream to device id 
[2020.10.06-08.04.23:241][318]LogAudioMixer: Display: 0: FrontLeft
[2020.10.06-08.04.23:241][318]LogAudioMixer: Display: 1: FrontRight
[2020.10.06-08.04.23:300][319]LogNet: UNetDriver::TickDispatch: Very long time between ticks. DeltaTime: 32.70, Realtime: 32.70. IpNetDriver_2
[2020.10.06-08.04.23:302][319]LogNet: UNetDriver::TickDispatch: Very long time between ticks. DeltaTime: 32.70, Realtime: 0.25. IpNetDriver_3
[2020.10.06-08.04.34:391][214]Cmd: net pktlag=800
[2020.10.06-08.04.36:008][214]LogNet: PktLag set to 800
