Log file open, 09/10/20 21:34:12
LogInit: Display: Running engine for game: SonicSiege
LogPlatformFile: Not using cached read wrapper
LogTaskGraph: Started task graph with 5 named threads and 35 total threads with 3 sets of task threads.
LogStats: Stats thread started at 0.164924
LogD3D11RHI: Loaded GFSDK_Aftermath_Lib.x64.dll
LogICUInternationalization: ICU TimeZone Detection - Raw Offset: -4:00, Platform Override: ''
LogPluginManager: Mounting plugin Paper2D
LogPluginManager: Mounting plugin AISupport
LogPluginManager: Mounting plugin LightPropagationVolume
LogPluginManager: Mounting plugin CameraShakePreviewer
LogPluginManager: Mounting plugin ActorLayerUtilities
LogPluginManager: Mounting plugin AnimationSharing
LogPluginManager: Mounting plugin CLionSourceCodeAccess
LogPluginManager: Mounting plugin CodeLiteSourceCodeAccess
LogPluginManager: Mounting plugin GitSourceControl
LogPluginManager: Mounting plugin KDevelopSourceCodeAccess
LogPluginManager: Mounting plugin NullSourceCodeAccess
LogPluginManager: Mounting plugin PerforceSourceControl
LogPluginManager: Mounting plugin PlasticSourceControl
LogPluginManager: Mounting plugin RiderSourceCodeAccess
LogPluginManager: Mounting plugin SubversionSourceControl
LogPluginManager: Mounting plugin UObjectPlugin
LogPluginManager: Mounting plugin VisualStudioCodeSourceCodeAccess
LogPluginManager: Mounting plugin VisualStudioSourceCodeAccess
LogPluginManager: Mounting plugin XCodeSourceCodeAccess
LogPluginManager: Mounting plugin AssetManagerEditor
LogPluginManager: Mounting plugin CryptoKeys
LogPluginManager: Mounting plugin CurveEditorTools
LogPluginManager: Mounting plugin DataValidation
LogPluginManager: Mounting plugin EditorScriptingUtilities
LogPluginManager: Mounting plugin FacialAnimation
LogPluginManager: Mounting plugin GameplayTagsEditor
LogPluginManager: Mounting plugin GeometryMode
LogPluginManager: Mounting plugin MacGraphicsSwitching
LogPluginManager: Mounting plugin MaterialAnalyzer
LogPluginManager: Mounting plugin MobileLauncherProfileWizard
LogPluginManager: Mounting plugin PluginBrowser
LogPluginManager: Mounting plugin SpeedTreeImporter
LogPluginManager: Mounting plugin DatasmithContent
LogPluginManager: Mounting plugin VariantManagerContent
LogPluginManager: Mounting plugin AlembicImporter
LogPluginManager: Mounting plugin AutomationUtils
LogPluginManager: Mounting plugin BackChannel
LogPluginManager: Mounting plugin ChaosCloth
LogPluginManager: Mounting plugin ChaosClothEditor
LogPluginManager: Mounting plugin ChaosEditor
LogPluginManager: Mounting plugin ChaosNiagara
LogPluginManager: Mounting plugin ChaosSolverPlugin
LogPluginManager: Mounting plugin CharacterAI
LogPluginManager: Mounting plugin GeometryCache
LogPluginManager: Mounting plugin GeometryCollectionPlugin
LogPluginManager: Mounting plugin GeometryProcessing
LogPluginManager: Mounting plugin PlanarCut
LogPluginManager: Mounting plugin PlatformCrypto
LogPluginManager: Mounting plugin ProxyLODPlugin
LogPluginManager: Mounting plugin PythonScriptPlugin
LogPluginManager: Mounting plugin SkeletalReduction
LogPluginManager: Mounting plugin Niagara
LogPluginManager: Mounting plugin MagicLeap
LogPluginManager: Mounting plugin MagicLeapLightEstimation
LogPluginManager: Mounting plugin MagicLeapMedia
LogPluginManager: Mounting plugin MagicLeapPassableWorld
LogPluginManager: Mounting plugin MLSDK
LogPluginManager: Mounting plugin AndroidMedia
LogPluginManager: Mounting plugin AvfMedia
LogPluginManager: Mounting plugin ImgMedia
LogPluginManager: Mounting plugin MediaCompositing
LogPluginManager: Mounting plugin MediaPlayerEditor
LogPluginManager: Mounting plugin WebMMedia
LogPluginManager: Mounting plugin WmfMedia
LogPluginManager: Mounting plugin MegascansPlugin
LogPluginManager: Mounting plugin MeshPainting
LogPluginManager: Mounting plugin TcpMessaging
LogPluginManager: Mounting plugin UdpMessaging
LogPluginManager: Mounting plugin ActorSequence
LogPluginManager: Mounting plugin LevelSequenceEditor
LogPluginManager: Mounting plugin MatineeToLevelSequence
LogPluginManager: Mounting plugin MovieRenderPipeline
LogPluginManager: Mounting plugin TemplateSequence
LogPluginManager: Mounting plugin NetcodeUnitTest
LogPluginManager: Mounting plugin NUTUnrealEngine4
LogPluginManager: Mounting plugin OnlineSubsystemGooglePlay
LogPluginManager: Mounting plugin OnlineSubsystemIOS
LogPluginManager: Mounting plugin OnlineSubsystem
LogPluginManager: Mounting plugin OnlineSubsystemNull
LogPluginManager: Mounting plugin OnlineSubsystemUtils
LogPluginManager: Mounting plugin LauncherChunkInstaller
LogPluginManager: Mounting plugin AndroidDeviceProfileSelector
LogPluginManager: Mounting plugin AndroidMoviePlayer
LogPluginManager: Mounting plugin AndroidPermission
LogPluginManager: Mounting plugin AppleImageUtils
LogPluginManager: Mounting plugin AppleMoviePlayer
LogPluginManager: Mounting plugin ArchVisCharacter
LogPluginManager: Mounting plugin AssetTags
LogPluginManager: Mounting plugin AudioCapture
LogPluginManager: Mounting plugin CableComponent
LogPluginManager: Mounting plugin CustomMeshComponent
LogPluginManager: Mounting plugin EditableMesh
LogPluginManager: Mounting plugin ExampleDeviceProfileSelector
LogPluginManager: Mounting plugin GameplayAbilities
LogPluginManager: Mounting plugin GoogleCloudMessaging
LogPluginManager: Mounting plugin GooglePAD
LogPluginManager: Mounting plugin IOSDeviceProfileSelector
LogPluginManager: Mounting plugin LinuxDeviceProfileSelector
LogPluginManager: Mounting plugin LocationServicesBPLibrary
LogPluginManager: Mounting plugin MobilePatchingUtils
LogPluginManager: Mounting plugin OculusVR
LogPluginManager: Mounting plugin PhysXVehicles
LogPluginManager: Mounting plugin PostSplashScreen
LogPluginManager: Mounting plugin ProceduralMeshComponent
LogPluginManager: Mounting plugin RuntimePhysXCooking
LogPluginManager: Mounting plugin SignificanceManager
LogPluginManager: Mounting plugin SoundFields
LogPluginManager: Mounting plugin SteamVR
LogPluginManager: Mounting plugin Synthesis
LogPluginManager: Mounting plugin WebMMoviePlayer
LogPluginManager: Mounting plugin WindowsMoviePlayer
LogPluginManager: Mounting plugin ScreenshotTools
LogInit: Using libcurl 7.55.1-DEV
LogInit:  - built for x86_64-pc-win32
LogInit:  - supports SSL with OpenSSL/1.1.1
LogInit:  - supports HTTP deflate (compression) using libz 1.2.8
LogInit:  - other features:
LogInit:      CURL_VERSION_SSL
LogInit:      CURL_VERSION_LIBZ
LogInit:      CURL_VERSION_IPV6
LogInit:      CURL_VERSION_ASYNCHDNS
LogInit:      CURL_VERSION_LARGEFILE
LogInit:      CURL_VERSION_IDN
LogInit:  CurlRequestOptions (configurable via config and command line):
LogInit:  - bVerifyPeer = true  - Libcurl will verify peer certificate
LogInit:  - bUseHttpProxy = false  - Libcurl will NOT use HTTP proxy
LogInit:  - bDontReuseConnections = false  - Libcurl will reuse connections
LogInit:  - MaxHostConnections = 16  - Libcurl will limit the number of connections to a host
LogInit:  - LocalHostAddr = Default
LogInit:  - BufferSize = 65536
LogOnline: OSS: Creating online subsystem instance for: NULL
LogInit: WinSock: version 1.1 (2.2), MaxSocks=32767, MaxUdp=65467
LogOnline: OSS: TryLoadSubsystemAndSetDefault: Loaded subsystem for module [NULL]
LogInit: Build: ++UE4+Release-4.25-CL-0
LogInit: Engine Version: 4.25.1-0+++UE4+Release-4.25
LogInit: Compatible Engine Version: 4.25.0-0+++UE4+Release-4.25
LogInit: Net CL: 0
LogInit: OS: Windows 10 (Release 1903) (), CPU: AMD Ryzen 5 2600X Six-Core Processor           , GPU: Radeon RX Vega
LogInit: Compiled (64-bit): Aug 11 2020 22:44:06
LogInit: Compiled with Visual C++: 19.26.28806.00
LogInit: Build Configuration: DebugGame
LogInit: Branch Name: ++UE4+Release-4.25
LogInit: Command Line:  10.127.40.43 -game -windowed -ConsoleX=1000 -ConsoleY=500 -WinX=1240 -WinY=190 -ResX=400 -ResY=300 -nosteam -NOSPLASH
LogInit: Base Directory: C:/Users/Christian Hinkle/Documents/UE4/Engine/Binaries/Win64/
LogInit: Allocator: TBB
LogInit: Installed Engine Build: 0
LogDevObjectVersion: Number of dev versions registered: 26
LogDevObjectVersion:   Dev-Blueprints (B0D832E4-1F89-4F0D-ACCF-7EB736FD4AA2): 10
LogDevObjectVersion:   Dev-Build (E1C64328-A22C-4D53-A36C-8E866417BD8C): 0
LogDevObjectVersion:   Dev-Core (375EC13C-06E4-48FB-B500-84F0262A717E): 4
LogDevObjectVersion:   Dev-Editor (E4B068ED-F494-42E9-A231-DA0B2E46BB41): 38
LogDevObjectVersion:   Dev-Framework (CFFC743F-43B0-4480-9391-14DF171D2073): 37
LogDevObjectVersion:   Dev-Mobile (B02B49B5-BB20-44E9-A304-32B752E40360): 2
LogDevObjectVersion:   Dev-Networking (A4E4105C-59A1-49B5-A7C5-40C4547EDFEE): 0
LogDevObjectVersion:   Dev-Online (39C831C9-5AE6-47DC-9A44-9C173E1C8E7C): 0
LogDevObjectVersion:   Dev-Physics (78F01B33-EBEA-4F98-B9B4-84EACCB95AA2): 4
LogDevObjectVersion:   Dev-Platform (6631380F-2D4D-43E0-8009-CF276956A95A): 0
LogDevObjectVersion:   Dev-Rendering (12F88B9F-8875-4AFC-A67C-D90C383ABD29): 43
LogDevObjectVersion:   Dev-Sequencer (7B5AE74C-D270-4C10-A958-57980B212A5A): 12
LogDevObjectVersion:   Dev-VR (D7296918-1DD6-4BDD-9DE2-64A83CC13884): 3
LogDevObjectVersion:   Dev-LoadTimes (C2A15278-BFE7-4AFE-6C17-90FF531DF755): 1
LogDevObjectVersion:   Private-Geometry (6EACA3D4-40EC-4CC1-B786-8BED09428FC5): 3
LogDevObjectVersion:   Dev-AnimPhys (29E575DD-E0A3-4627-9D10-D276232CDCEA): 17
LogDevObjectVersion:   Dev-Anim (AF43A65D-7FD3-4947-9873-3E8ED9C1BB05): 7
LogDevObjectVersion:   Dev-ReflectionCapture (6B266CEC-1EC7-4B8F-A30B-E4D90942FC07): 1
LogDevObjectVersion:   Dev-Automation (0DF73D61-A23F-47EA-B727-89E90C41499A): 1
LogDevObjectVersion:   FortniteMain (601D1886-AC64-4F84-AA16-D3DE0DEAC7D6): 31
LogDevObjectVersion:   Dev-Enterprise (9DFFBCD6-494F-0158-E221-12823C92A888): 10
LogDevObjectVersion:   Dev-Niagara (F2AED0AC-9AFE-416F-8664-AA7FFA26D6FC): 1
LogDevObjectVersion:   Dev-Destruction (174F1F0B-B4C6-45A5-B13F-2EE8D0FB917D): 10
LogDevObjectVersion:   Dev-Physics-Ext (35F94A83-E258-406C-A318-09F59610247C): 37
LogDevObjectVersion:   Dev-PhysicsMaterial-Chaos (B68FC16E-8B1B-42E2-B453-215C058844FE): 1
LogDevObjectVersion:   Dev-CineCamera (B2E18506-4273-CFC2-A54E-F4BB758BBA07): 1
LogInit: Presizing for max 25165824 objects, including 0 objects not considered by GC, pre-allocating 0 bytes for permanent pool.
LogConfig: Applying CVar settings from Section [/Script/Engine.StreamingSettings] File [C:/Users/Christian Hinkle/Documents/Unreal Projects/SonicSiege/SonicSiege/Saved/Config/Windows/Engine.ini]
LogConfig: Setting CVar [[s.MinBulkDataSizeForAsyncLoading:131072]]
LogConfig: Setting CVar [[s.AsyncLoadingThreadEnabled:0]]
LogConfig: Setting CVar [[s.EventDrivenLoaderEnabled:1]]
LogConfig: Setting CVar [[s.WarnIfTimeLimitExceeded:0]]
LogConfig: Setting CVar [[s.TimeLimitExceededMultiplier:1.5]]
LogConfig: Setting CVar [[s.TimeLimitExceededMinTime:0.005]]
LogConfig: Setting CVar [[s.UseBackgroundLevelStreaming:1]]
LogConfig: Setting CVar [[s.PriorityAsyncLoadingExtraTime:15.0]]
LogConfig: Setting CVar [[s.LevelStreamingActorsUpdateTimeLimit:5.0]]
LogConfig: Setting CVar [[s.PriorityLevelStreamingActorsUpdateExtraTime:5.0]]
LogConfig: Setting CVar [[s.LevelStreamingComponentsRegistrationGranularity:10]]
LogConfig: Setting CVar [[s.UnregisterComponentsTimeLimit:1.0]]
LogConfig: Setting CVar [[s.LevelStreamingComponentsUnregistrationGranularity:5]]
LogConfig: Setting CVar [[s.FlushStreamingOnExit:1]]
LogInit: Object subsystem initialized
LogConfig: Setting CVar [[con.DebugEarlyDefault:1]]
LogConfig: Setting CVar [[net.UseAdaptiveNetUpdateFrequency:1	# Make sure your engine's Engine/Config/ConsoleVariables.ini isn't setting this to 0! (I thought that the project's ini file would override the engine's but this wasn't the case for us)]]
LogConfig: Setting CVar [[r.setres:1280x720]]
[2020.09.11-00.34.12:946][  0]LogConfig: Setting CVar [[con.DebugEarlyDefault:1]]
[2020.09.11-00.34.12:946][  0]LogConfig: Setting CVar [[net.UseAdaptiveNetUpdateFrequency:1	# Make sure your engine's Engine/Config/ConsoleVariables.ini isn't setting this to 0! (I thought that the project's ini file would override the engine's but this wasn't the case for us)]]
[2020.09.11-00.34.12:946][  0]LogConfig: Setting CVar [[r.setres:1280x720]]
[2020.09.11-00.34.12:946][  0]LogConfig: Applying CVar settings from Section [/Script/Engine.RendererSettings] File [C:/Users/Christian Hinkle/Documents/Unreal Projects/SonicSiege/SonicSiege/Saved/Config/Windows/Engine.ini]
[2020.09.11-00.34.12:946][  0]LogConfig: Setting CVar [[r.GPUCrashDebugging:0]]
[2020.09.11-00.34.12:946][  0]LogConfig: Applying CVar settings from Section [/Script/Engine.RendererOverrideSettings] File [C:/Users/Christian Hinkle/Documents/Unreal Projects/SonicSiege/SonicSiege/Saved/Config/Windows/Engine.ini]
[2020.09.11-00.34.12:946][  0]LogConfig: Applying CVar settings from Section [/Script/Engine.StreamingSettings] File [C:/Users/Christian Hinkle/Documents/Unreal Projects/SonicSiege/SonicSiege/Saved/Config/Windows/Engine.ini]
[2020.09.11-00.34.12:946][  0]LogConfig: Setting CVar [[s.MinBulkDataSizeForAsyncLoading:131072]]
[2020.09.11-00.34.12:946][  0]LogConfig: Setting CVar [[s.AsyncLoadingThreadEnabled:0]]
[2020.09.11-00.34.12:946][  0]LogConfig: Setting CVar [[s.EventDrivenLoaderEnabled:1]]
[2020.09.11-00.34.12:946][  0]LogConfig: Setting CVar [[s.WarnIfTimeLimitExceeded:0]]
[2020.09.11-00.34.12:946][  0]LogConfig: Setting CVar [[s.TimeLimitExceededMultiplier:1.5]]
[2020.09.11-00.34.12:946][  0]LogConfig: Setting CVar [[s.TimeLimitExceededMinTime:0.005]]
[2020.09.11-00.34.12:946][  0]LogConfig: Setting CVar [[s.UseBackgroundLevelStreaming:1]]
[2020.09.11-00.34.12:946][  0]LogConfig: Setting CVar [[s.PriorityAsyncLoadingExtraTime:15.0]]
[2020.09.11-00.34.12:946][  0]LogConfig: Setting CVar [[s.LevelStreamingActorsUpdateTimeLimit:5.0]]
[2020.09.11-00.34.12:946][  0]LogConfig: Setting CVar [[s.PriorityLevelStreamingActorsUpdateExtraTime:5.0]]
[2020.09.11-00.34.12:946][  0]LogConfig: Setting CVar [[s.LevelStreamingComponentsRegistrationGranularity:10]]
[2020.09.11-00.34.12:946][  0]LogConfig: Setting CVar [[s.UnregisterComponentsTimeLimit:1.0]]
[2020.09.11-00.34.12:946][  0]LogConfig: Setting CVar [[s.LevelStreamingComponentsUnregistrationGranularity:5]]
[2020.09.11-00.34.12:946][  0]LogConfig: Setting CVar [[s.FlushStreamingOnExit:1]]
[2020.09.11-00.34.12:947][  0]LogConfig: Applying CVar settings from Section [/Script/Engine.GarbageCollectionSettings] File [C:/Users/Christian Hinkle/Documents/Unreal Projects/SonicSiege/SonicSiege/Saved/Config/Windows/Engine.ini]
[2020.09.11-00.34.12:947][  0]LogConfig: Setting CVar [[gc.MaxObjectsNotConsideredByGC:1]]
[2020.09.11-00.34.12:947][  0]LogConfig: Setting CVar [[gc.SizeOfPermanentObjectPool:0]]
[2020.09.11-00.34.12:947][  0]LogConfig: Setting CVar [[gc.FlushStreamingOnGC:0]]
[2020.09.11-00.34.12:947][  0]LogConfig: Setting CVar [[gc.NumRetriesBeforeForcingGC:10]]
[2020.09.11-00.34.12:947][  0]LogConfig: Setting CVar [[gc.AllowParallelGC:1]]
[2020.09.11-00.34.12:947][  0]LogConfig: Setting CVar [[gc.TimeBetweenPurgingPendingKillObjects:61.1]]
[2020.09.11-00.34.12:947][  0]LogConfig: Setting CVar [[gc.MaxObjectsInEditor:25165824]]
[2020.09.11-00.34.12:947][  0]LogConfig: Setting CVar [[gc.IncrementalBeginDestroyEnabled:1]]
[2020.09.11-00.34.12:947][  0]LogConfig: Setting CVar [[gc.CreateGCClusters:1]]
[2020.09.11-00.34.12:947][  0]LogConfig: Setting CVar [[gc.MinGCClusterSize:5]]
[2020.09.11-00.34.12:947][  0]LogConfig: Setting CVar [[gc.ActorClusteringEnabled:0]]
[2020.09.11-00.34.12:947][  0]LogConfig: Setting CVar [[gc.BlueprintClusteringEnabled:0]]
[2020.09.11-00.34.12:947][  0]LogConfig: Setting CVar [[gc.UseDisregardForGCOnDedicatedServers:0]]
[2020.09.11-00.34.12:947][  0]LogConfig: Applying CVar settings from Section [/Script/Engine.NetworkSettings] File [C:/Users/Christian Hinkle/Documents/Unreal Projects/SonicSiege/SonicSiege/Saved/Config/Windows/Engine.ini]
[2020.09.11-00.34.12:947][  0]LogConfig: Applying CVar settings from Section [/Script/UnrealEd.CookerSettings] File [C:/Users/Christian Hinkle/Documents/Unreal Projects/SonicSiege/SonicSiege/Saved/Config/Windows/Engine.ini]
[2020.09.11-00.34.12:952][  0]LogConfig: Applying CVar settings from Section [ViewDistanceQuality@3] File [C:/Users/Christian Hinkle/Documents/Unreal Projects/SonicSiege/SonicSiege/Saved/Config/Windows/Scalability.ini]
[2020.09.11-00.34.12:952][  0]LogConfig: Setting CVar [[r.SkeletalMeshLODBias:0]]
[2020.09.11-00.34.12:952][  0]LogConfig: Setting CVar [[r.ViewDistanceScale:1.0]]
[2020.09.11-00.34.12:952][  0]LogConfig: Applying CVar settings from Section [AntiAliasingQuality@3] File [C:/Users/Christian Hinkle/Documents/Unreal Projects/SonicSiege/SonicSiege/Saved/Config/Windows/Scalability.ini]
[2020.09.11-00.34.12:952][  0]LogConfig: Setting CVar [[r.PostProcessAAQuality:4]]
[2020.09.11-00.34.12:952][  0]LogConfig: Applying CVar settings from Section [ShadowQuality@3] File [C:/Users/Christian Hinkle/Documents/Unreal Projects/SonicSiege/SonicSiege/Saved/Config/Windows/Scalability.ini]
[2020.09.11-00.34.12:952][  0]LogConfig: Setting CVar [[r.LightFunctionQuality:1]]
[2020.09.11-00.34.12:952][  0]LogConfig: Setting CVar [[r.ShadowQuality:5]]
[2020.09.11-00.34.12:952][  0]LogConfig: Setting CVar [[r.Shadow.CSM.MaxCascades:10]]
[2020.09.11-00.34.12:952][  0]LogConfig: Setting CVar [[r.Shadow.MaxResolution:2048]]
[2020.09.11-00.34.12:952][  0]LogConfig: Setting CVar [[r.Shadow.MaxCSMResolution:2048]]
[2020.09.11-00.34.12:952][  0]LogConfig: Setting CVar [[r.Shadow.RadiusThreshold:0.01]]
[2020.09.11-00.34.12:952][  0]LogConfig: Setting CVar [[r.Shadow.DistanceScale:1.0]]
[2020.09.11-00.34.12:952][  0]LogConfig: Setting CVar [[r.Shadow.CSM.TransitionScale:1.0]]
[2020.09.11-00.34.12:952][  0]LogConfig: Setting CVar [[r.Shadow.PreShadowResolutionFactor:1.0]]
[2020.09.11-00.34.12:952][  0]LogConfig: Setting CVar [[r.DistanceFieldShadowing:1]]
[2020.09.11-00.34.12:952][  0]LogConfig: Setting CVar [[r.DistanceFieldAO:1]]
[2020.09.11-00.34.12:952][  0]LogConfig: Setting CVar [[r.AOQuality:2]]
[2020.09.11-00.34.12:952][  0]LogConfig: Setting CVar [[r.VolumetricFog:1]]
[2020.09.11-00.34.12:952][  0]LogConfig: Setting CVar [[r.VolumetricFog.GridPixelSize:8]]
[2020.09.11-00.34.12:952][  0]LogConfig: Setting CVar [[r.VolumetricFog.GridSizeZ:128]]
[2020.09.11-00.34.12:952][  0]LogConfig: Setting CVar [[r.VolumetricFog.HistoryMissSupersampleCount:4]]
[2020.09.11-00.34.12:952][  0]LogConfig: Setting CVar [[r.LightMaxDrawDistanceScale:1]]
[2020.09.11-00.34.12:952][  0]LogConfig: Setting CVar [[r.CapsuleShadows:1]]
[2020.09.11-00.34.12:952][  0]LogConfig: Applying CVar settings from Section [PostProcessQuality@3] File [C:/Users/Christian Hinkle/Documents/Unreal Projects/SonicSiege/SonicSiege/Saved/Config/Windows/Scalability.ini]
[2020.09.11-00.34.12:952][  0]LogConfig: Setting CVar [[r.MotionBlurQuality:4]]
[2020.09.11-00.34.12:953][  0]LogConfig: Setting CVar [[r.AmbientOcclusionMipLevelFactor:0.4]]
[2020.09.11-00.34.12:953][  0]LogConfig: Setting CVar [[r.AmbientOcclusionMaxQuality:100]]
[2020.09.11-00.34.12:953][  0]LogConfig: Setting CVar [[r.AmbientOcclusionLevels:-1]]
[2020.09.11-00.34.12:953][  0]LogConfig: Setting CVar [[r.AmbientOcclusionRadiusScale:1.0]]
[2020.09.11-00.34.12:953][  0]LogConfig: Setting CVar [[r.DepthOfFieldQuality:2]]
[2020.09.11-00.34.12:953][  0]LogConfig: Setting CVar [[r.RenderTargetPoolMin:400]]
[2020.09.11-00.34.12:953][  0]LogConfig: Setting CVar [[r.LensFlareQuality:2]]
[2020.09.11-00.34.12:953][  0]LogConfig: Setting CVar [[r.SceneColorFringeQuality:1]]
[2020.09.11-00.34.12:953][  0]LogConfig: Setting CVar [[r.EyeAdaptationQuality:2]]
[2020.09.11-00.34.12:953][  0]LogConfig: Setting CVar [[r.BloomQuality:5]]
[2020.09.11-00.34.12:953][  0]LogConfig: Setting CVar [[r.FastBlurThreshold:100]]
[2020.09.11-00.34.12:953][  0]LogConfig: Setting CVar [[r.Upscale.Quality:3]]
[2020.09.11-00.34.12:953][  0]LogConfig: Setting CVar [[r.Tonemapper.GrainQuantization:1]]
[2020.09.11-00.34.12:953][  0]LogConfig: Setting CVar [[r.LightShaftQuality:1]]
[2020.09.11-00.34.12:953][  0]LogConfig: Setting CVar [[r.Filter.SizeScale:1]]
[2020.09.11-00.34.12:953][  0]LogConfig: Setting CVar [[r.Tonemapper.Quality:5]]
[2020.09.11-00.34.12:953][  0]LogConfig: Setting CVar [[r.DOF.Gather.AccumulatorQuality:1        ; higher gathering accumulator quality]]
[2020.09.11-00.34.12:953][  0]LogConfig: Setting CVar [[r.DOF.Gather.PostfilterMethod:1          ; Median3x3 postfilering method]]
[2020.09.11-00.34.12:953][  0]LogConfig: Setting CVar [[r.DOF.Gather.EnableBokehSettings:0       ; no bokeh simulation when gathering]]
[2020.09.11-00.34.12:953][  0]LogConfig: Setting CVar [[r.DOF.Gather.RingCount:4                 ; medium number of samples when gathering]]
[2020.09.11-00.34.12:953][  0]LogConfig: Setting CVar [[r.DOF.Scatter.ForegroundCompositing:1    ; additive foreground scattering]]
[2020.09.11-00.34.12:953][  0]LogConfig: Setting CVar [[r.DOF.Scatter.BackgroundCompositing:2    ; additive background scattering]]
[2020.09.11-00.34.12:953][  0]LogConfig: Setting CVar [[r.DOF.Scatter.EnableBokehSettings:1      ; bokeh simulation when scattering]]
[2020.09.11-00.34.12:953][  0]LogConfig: Setting CVar [[r.DOF.Scatter.MaxSpriteRatio:0.1         ; only a maximum of 10% of scattered bokeh]]
[2020.09.11-00.34.12:953][  0]LogConfig: Setting CVar [[r.DOF.Recombine.Quality:1                ; cheap slight out of focus]]
[2020.09.11-00.34.12:953][  0]LogConfig: Setting CVar [[r.DOF.Recombine.EnableBokehSettings:0    ; no bokeh simulation on slight out of focus]]
[2020.09.11-00.34.12:953][  0]LogConfig: Setting CVar [[r.DOF.TemporalAAQuality:1                ; more stable temporal accumulation]]
[2020.09.11-00.34.12:953][  0]LogConfig: Setting CVar [[r.DOF.Kernel.MaxForegroundRadius:0.025]]
[2020.09.11-00.34.12:953][  0]LogConfig: Setting CVar [[r.DOF.Kernel.MaxBackgroundRadius:0.025]]
[2020.09.11-00.34.12:953][  0]LogConfig: Applying CVar settings from Section [TextureQuality@3] File [C:/Users/Christian Hinkle/Documents/Unreal Projects/SonicSiege/SonicSiege/Saved/Config/Windows/Scalability.ini]
[2020.09.11-00.34.12:953][  0]LogConfig: Setting CVar [[r.Streaming.MipBias:0]]
[2020.09.11-00.34.12:953][  0]LogConfig: Setting CVar [[r.Streaming.AmortizeCPUToGPUCopy:0]]
[2020.09.11-00.34.12:953][  0]LogConfig: Setting CVar [[r.Streaming.MaxNumTexturesToStreamPerFrame:0]]
[2020.09.11-00.34.12:953][  0]LogConfig: Setting CVar [[r.Streaming.Boost:1]]
[2020.09.11-00.34.12:953][  0]LogConfig: Setting CVar [[r.MaxAnisotropy:8]]
[2020.09.11-00.34.12:953][  0]LogConfig: Setting CVar [[r.VT.MaxAnisotropy:8]]
[2020.09.11-00.34.12:953][  0]LogConfig: Setting CVar [[r.Streaming.LimitPoolSizeToVRAM:0]]
[2020.09.11-00.34.12:953][  0]LogConfig: Setting CVar [[r.Streaming.PoolSize:1000]]
[2020.09.11-00.34.12:953][  0]LogConfig: Setting CVar [[r.Streaming.MaxEffectiveScreenSize:0]]
[2020.09.11-00.34.12:953][  0]LogConfig: Applying CVar settings from Section [EffectsQuality@3] File [C:/Users/Christian Hinkle/Documents/Unreal Projects/SonicSiege/SonicSiege/Saved/Config/Windows/Scalability.ini]
[2020.09.11-00.34.12:953][  0]LogConfig: Setting CVar [[r.TranslucencyLightingVolumeDim:64]]
[2020.09.11-00.34.12:953][  0]LogConfig: Setting CVar [[r.RefractionQuality:2]]
[2020.09.11-00.34.12:953][  0]LogConfig: Setting CVar [[r.SSR.Quality:3]]
[2020.09.11-00.34.12:953][  0]LogConfig: Setting CVar [[r.SSR.HalfResSceneColor:0]]
[2020.09.11-00.34.12:953][  0]LogConfig: Setting CVar [[r.SceneColorFormat:4]]
[2020.09.11-00.34.12:953][  0]LogConfig: Setting CVar [[r.DetailMode:2]]
[2020.09.11-00.34.12:953][  0]LogConfig: Setting CVar [[r.TranslucencyVolumeBlur:1]]
[2020.09.11-00.34.12:953][  0]LogConfig: Setting CVar [[r.MaterialQualityLevel:1 ; High quality]]
[2020.09.11-00.34.12:953][  0]LogConfig: Setting CVar [[r.SSS.Scale:1]]
[2020.09.11-00.34.12:953][  0]LogConfig: Setting CVar [[r.SSS.SampleSet:2]]
[2020.09.11-00.34.12:954][  0]LogConfig: Setting CVar [[r.SSS.Quality:1]]
[2020.09.11-00.34.12:954][  0]LogConfig: Setting CVar [[r.SSS.HalfRes:0]]
[2020.09.11-00.34.12:954][  0]LogConfig: Setting CVar [[r.SSGI.Quality:3]]
[2020.09.11-00.34.12:954][  0]LogConfig: Setting CVar [[r.EmitterSpawnRateScale:1.0]]
[2020.09.11-00.34.12:954][  0]LogConfig: Setting CVar [[r.ParticleLightQuality:2]]
[2020.09.11-00.34.12:954][  0]LogConfig: Setting CVar [[r.SkyAtmosphere.AerialPerspectiveLUT.FastApplyOnOpaque:1 ; Always have FastSkyLUT 1 in this case to avoid wrong sky]]
[2020.09.11-00.34.12:954][  0]LogConfig: Setting CVar [[r.SkyAtmosphere.AerialPerspectiveLUT.SampleCountPerSlice:1]]
[2020.09.11-00.34.12:954][  0]LogConfig: Setting CVar [[r.SkyAtmosphere.AerialPerspectiveLUT.DepthResolution:16.0]]
[2020.09.11-00.34.12:954][  0]LogConfig: Setting CVar [[r.SkyAtmosphere.FastSkyLUT:1]]
[2020.09.11-00.34.12:954][  0]LogConfig: Setting CVar [[r.SkyAtmosphere.FastSkyLUT.SampleCountMin:4.0]]
[2020.09.11-00.34.12:954][  0]LogConfig: Setting CVar [[r.SkyAtmosphere.FastSkyLUT.SampleCountMax:32.0]]
[2020.09.11-00.34.12:954][  0]LogConfig: Setting CVar [[r.SkyAtmosphere.SampleCountMin:4.0]]
[2020.09.11-00.34.12:954][  0]LogConfig: Setting CVar [[r.SkyAtmosphere.SampleCountMax:32.0]]
[2020.09.11-00.34.12:954][  0]LogConfig: Setting CVar [[r.SkyAtmosphere.TransmittanceLUT.UseSmallFormat:0]]
[2020.09.11-00.34.12:954][  0]LogConfig: Setting CVar [[r.SkyAtmosphere.TransmittanceLUT.SampleCount:10.0]]
[2020.09.11-00.34.12:954][  0]LogConfig: Setting CVar [[r.SkyAtmosphere.MultiScatteringLUT.SampleCount:15.0]]
[2020.09.11-00.34.12:954][  0]LogConfig: Applying CVar settings from Section [FoliageQuality@3] File [C:/Users/Christian Hinkle/Documents/Unreal Projects/SonicSiege/SonicSiege/Saved/Config/Windows/Scalability.ini]
[2020.09.11-00.34.12:954][  0]LogConfig: Setting CVar [[foliage.DensityScale:1.0]]
[2020.09.11-00.34.12:954][  0]LogConfig: Setting CVar [[grass.DensityScale:1.0]]
[2020.09.11-00.34.12:954][  0]LogConfig: Applying CVar settings from Section [ShadingQuality@3] File [C:/Users/Christian Hinkle/Documents/Unreal Projects/SonicSiege/SonicSiege/Saved/Config/Windows/Scalability.ini]
[2020.09.11-00.34.12:954][  0]LogConfig: Setting CVar [[r.HairStrands.SkyLighting.SampleCount:16]]
[2020.09.11-00.34.12:954][  0]LogConfig: Setting CVar [[r.HairStrands.SkyLighting.JitterIntegration:0]]
[2020.09.11-00.34.12:954][  0]LogConfig: Setting CVar [[r.HairStrands.SkyAO.SampleCount:16]]
[2020.09.11-00.34.12:954][  0]LogConfig: Setting CVar [[r.HairStrands.DeepShadow.SuperSampling:0]]
[2020.09.11-00.34.12:954][  0]LogConfig: Setting CVar [[r.HairStrands.VisibilityPPLL:0]]
[2020.09.11-00.34.12:954][  0]LogConfig: Setting CVar [[r.HairStrands.RasterizationScale:0.5]]
[2020.09.11-00.34.12:954][  0]LogConfig: Setting CVar [[r.HairStrands.VelocityRasterizationScale:1]]
[2020.09.11-00.34.12:954][  0]LogInit: Selected Device Profile: [Windows]
[2020.09.11-00.34.12:954][  0]LogInit: Applying CVar settings loaded from the selected device profile: [Windows]
[2020.09.11-00.34.12:954][  0]LogHAL: Display: Platform has ~ 16 GB [17128710144 / 17179869184 / 16], which maps to Larger [LargestMinGB=32, LargerMinGB=12, DefaultMinGB=8, SmallerMinGB=6, SmallestMinGB=0)
[2020.09.11-00.34.12:954][  0]LogInit: Going up to parent DeviceProfile []
[2020.09.11-00.34.12:954][  0]LogConfig: Applying CVar settings from Section [ViewDistanceQuality@3] File [C:/Users/Christian Hinkle/Documents/Unreal Projects/SonicSiege/SonicSiege/Saved/Config/Windows/Scalability.ini]
[2020.09.11-00.34.12:954][  0]LogConfig: Setting CVar [[r.SkeletalMeshLODBias:0]]
[2020.09.11-00.34.12:954][  0]LogConfig: Setting CVar [[r.ViewDistanceScale:1.0]]
[2020.09.11-00.34.12:954][  0]LogConfig: Applying CVar settings from Section [AntiAliasingQuality@3] File [C:/Users/Christian Hinkle/Documents/Unreal Projects/SonicSiege/SonicSiege/Saved/Config/Windows/Scalability.ini]
[2020.09.11-00.34.12:954][  0]LogConfig: Setting CVar [[r.PostProcessAAQuality:4]]
[2020.09.11-00.34.12:954][  0]LogConfig: Applying CVar settings from Section [ShadowQuality@3] File [C:/Users/Christian Hinkle/Documents/Unreal Projects/SonicSiege/SonicSiege/Saved/Config/Windows/Scalability.ini]
[2020.09.11-00.34.12:954][  0]LogConfig: Setting CVar [[r.LightFunctionQuality:1]]
[2020.09.11-00.34.12:954][  0]LogConfig: Setting CVar [[r.ShadowQuality:5]]
[2020.09.11-00.34.12:954][  0]LogConfig: Setting CVar [[r.Shadow.CSM.MaxCascades:10]]
[2020.09.11-00.34.12:955][  0]LogConfig: Setting CVar [[r.Shadow.MaxResolution:2048]]
[2020.09.11-00.34.12:955][  0]LogConfig: Setting CVar [[r.Shadow.MaxCSMResolution:2048]]
[2020.09.11-00.34.12:955][  0]LogConfig: Setting CVar [[r.Shadow.RadiusThreshold:0.01]]
[2020.09.11-00.34.12:955][  0]LogConfig: Setting CVar [[r.Shadow.DistanceScale:1.0]]
[2020.09.11-00.34.12:955][  0]LogConfig: Setting CVar [[r.Shadow.CSM.TransitionScale:1.0]]
[2020.09.11-00.34.12:955][  0]LogConfig: Setting CVar [[r.Shadow.PreShadowResolutionFactor:1.0]]
[2020.09.11-00.34.12:955][  0]LogConfig: Setting CVar [[r.DistanceFieldShadowing:1]]
[2020.09.11-00.34.12:955][  0]LogConfig: Setting CVar [[r.DistanceFieldAO:1]]
[2020.09.11-00.34.12:955][  0]LogConfig: Setting CVar [[r.AOQuality:2]]
[2020.09.11-00.34.12:955][  0]LogConfig: Setting CVar [[r.VolumetricFog:1]]
[2020.09.11-00.34.12:955][  0]LogConfig: Setting CVar [[r.VolumetricFog.GridPixelSize:8]]
[2020.09.11-00.34.12:955][  0]LogConfig: Setting CVar [[r.VolumetricFog.GridSizeZ:128]]
[2020.09.11-00.34.12:955][  0]LogConfig: Setting CVar [[r.VolumetricFog.HistoryMissSupersampleCount:4]]
[2020.09.11-00.34.12:955][  0]LogConfig: Setting CVar [[r.LightMaxDrawDistanceScale:1]]
[2020.09.11-00.34.12:955][  0]LogConfig: Setting CVar [[r.CapsuleShadows:1]]
[2020.09.11-00.34.12:955][  0]LogConfig: Applying CVar settings from Section [PostProcessQuality@3] File [C:/Users/Christian Hinkle/Documents/Unreal Projects/SonicSiege/SonicSiege/Saved/Config/Windows/Scalability.ini]
[2020.09.11-00.34.12:955][  0]LogConfig: Setting CVar [[r.MotionBlurQuality:4]]
[2020.09.11-00.34.12:955][  0]LogConfig: Setting CVar [[r.AmbientOcclusionMipLevelFactor:0.4]]
[2020.09.11-00.34.12:955][  0]LogConfig: Setting CVar [[r.AmbientOcclusionMaxQuality:100]]
[2020.09.11-00.34.12:955][  0]LogConfig: Setting CVar [[r.AmbientOcclusionLevels:-1]]
[2020.09.11-00.34.12:955][  0]LogConfig: Setting CVar [[r.AmbientOcclusionRadiusScale:1.0]]
[2020.09.11-00.34.12:955][  0]LogConfig: Setting CVar [[r.DepthOfFieldQuality:2]]
[2020.09.11-00.34.12:955][  0]LogConfig: Setting CVar [[r.RenderTargetPoolMin:400]]
[2020.09.11-00.34.12:955][  0]LogConfig: Setting CVar [[r.LensFlareQuality:2]]
[2020.09.11-00.34.12:955][  0]LogConfig: Setting CVar [[r.SceneColorFringeQuality:1]]
[2020.09.11-00.34.12:955][  0]LogConfig: Setting CVar [[r.EyeAdaptationQuality:2]]
[2020.09.11-00.34.12:955][  0]LogConfig: Setting CVar [[r.BloomQuality:5]]
[2020.09.11-00.34.12:955][  0]LogConfig: Setting CVar [[r.FastBlurThreshold:100]]
[2020.09.11-00.34.12:955][  0]LogConfig: Setting CVar [[r.Upscale.Quality:3]]
[2020.09.11-00.34.12:955][  0]LogConfig: Setting CVar [[r.Tonemapper.GrainQuantization:1]]
[2020.09.11-00.34.12:955][  0]LogConfig: Setting CVar [[r.LightShaftQuality:1]]
[2020.09.11-00.34.12:955][  0]LogConfig: Setting CVar [[r.Filter.SizeScale:1]]
[2020.09.11-00.34.12:955][  0]LogConfig: Setting CVar [[r.Tonemapper.Quality:5]]
[2020.09.11-00.34.12:955][  0]LogConfig: Setting CVar [[r.DOF.Gather.AccumulatorQuality:1        ; higher gathering accumulator quality]]
[2020.09.11-00.34.12:955][  0]LogConfig: Setting CVar [[r.DOF.Gather.PostfilterMethod:1          ; Median3x3 postfilering method]]
[2020.09.11-00.34.12:955][  0]LogConfig: Setting CVar [[r.DOF.Gather.EnableBokehSettings:0       ; no bokeh simulation when gathering]]
[2020.09.11-00.34.12:955][  0]LogConfig: Setting CVar [[r.DOF.Gather.RingCount:4                 ; medium number of samples when gathering]]
[2020.09.11-00.34.12:955][  0]LogConfig: Setting CVar [[r.DOF.Scatter.ForegroundCompositing:1    ; additive foreground scattering]]
[2020.09.11-00.34.12:955][  0]LogConfig: Setting CVar [[r.DOF.Scatter.BackgroundCompositing:2    ; additive background scattering]]
[2020.09.11-00.34.12:955][  0]LogConfig: Setting CVar [[r.DOF.Scatter.EnableBokehSettings:1      ; bokeh simulation when scattering]]
[2020.09.11-00.34.12:955][  0]LogConfig: Setting CVar [[r.DOF.Scatter.MaxSpriteRatio:0.1         ; only a maximum of 10% of scattered bokeh]]
[2020.09.11-00.34.12:955][  0]LogConfig: Setting CVar [[r.DOF.Recombine.Quality:1                ; cheap slight out of focus]]
[2020.09.11-00.34.12:955][  0]LogConfig: Setting CVar [[r.DOF.Recombine.EnableBokehSettings:0    ; no bokeh simulation on slight out of focus]]
[2020.09.11-00.34.12:955][  0]LogConfig: Setting CVar [[r.DOF.TemporalAAQuality:1                ; more stable temporal accumulation]]
[2020.09.11-00.34.12:955][  0]LogConfig: Setting CVar [[r.DOF.Kernel.MaxForegroundRadius:0.025]]
[2020.09.11-00.34.12:955][  0]LogConfig: Setting CVar [[r.DOF.Kernel.MaxBackgroundRadius:0.025]]
[2020.09.11-00.34.12:955][  0]LogConfig: Applying CVar settings from Section [TextureQuality@3] File [C:/Users/Christian Hinkle/Documents/Unreal Projects/SonicSiege/SonicSiege/Saved/Config/Windows/Scalability.ini]
[2020.09.11-00.34.12:955][  0]LogConfig: Setting CVar [[r.Streaming.MipBias:0]]
[2020.09.11-00.34.12:955][  0]LogConfig: Setting CVar [[r.Streaming.AmortizeCPUToGPUCopy:0]]
[2020.09.11-00.34.12:955][  0]LogConfig: Setting CVar [[r.Streaming.MaxNumTexturesToStreamPerFrame:0]]
[2020.09.11-00.34.12:955][  0]LogConfig: Setting CVar [[r.Streaming.Boost:1]]
[2020.09.11-00.34.12:956][  0]LogConfig: Setting CVar [[r.MaxAnisotropy:8]]
[2020.09.11-00.34.12:956][  0]LogConfig: Setting CVar [[r.VT.MaxAnisotropy:8]]
[2020.09.11-00.34.12:956][  0]LogConfig: Setting CVar [[r.Streaming.LimitPoolSizeToVRAM:0]]
[2020.09.11-00.34.12:956][  0]LogConfig: Setting CVar [[r.Streaming.PoolSize:1000]]
[2020.09.11-00.34.12:956][  0]LogConfig: Setting CVar [[r.Streaming.MaxEffectiveScreenSize:0]]
[2020.09.11-00.34.12:956][  0]LogConfig: Applying CVar settings from Section [EffectsQuality@3] File [C:/Users/Christian Hinkle/Documents/Unreal Projects/SonicSiege/SonicSiege/Saved/Config/Windows/Scalability.ini]
[2020.09.11-00.34.12:956][  0]LogConfig: Setting CVar [[r.TranslucencyLightingVolumeDim:64]]
[2020.09.11-00.34.12:956][  0]LogConfig: Setting CVar [[r.RefractionQuality:2]]
[2020.09.11-00.34.12:956][  0]LogConfig: Setting CVar [[r.SSR.Quality:3]]
[2020.09.11-00.34.12:956][  0]LogConfig: Setting CVar [[r.SSR.HalfResSceneColor:0]]
[2020.09.11-00.34.12:956][  0]LogConfig: Setting CVar [[r.SceneColorFormat:4]]
[2020.09.11-00.34.12:956][  0]LogConfig: Setting CVar [[r.DetailMode:2]]
[2020.09.11-00.34.12:956][  0]LogConfig: Setting CVar [[r.TranslucencyVolumeBlur:1]]
[2020.09.11-00.34.12:956][  0]LogConfig: Setting CVar [[r.MaterialQualityLevel:1 ; High quality]]
[2020.09.11-00.34.12:956][  0]LogConfig: Setting CVar [[r.SSS.Scale:1]]
[2020.09.11-00.34.12:956][  0]LogConfig: Setting CVar [[r.SSS.SampleSet:2]]
[2020.09.11-00.34.12:956][  0]LogConfig: Setting CVar [[r.SSS.Quality:1]]
[2020.09.11-00.34.12:956][  0]LogConfig: Setting CVar [[r.SSS.HalfRes:0]]
[2020.09.11-00.34.12:956][  0]LogConfig: Setting CVar [[r.SSGI.Quality:3]]
[2020.09.11-00.34.12:956][  0]LogConfig: Setting CVar [[r.EmitterSpawnRateScale:1.0]]
[2020.09.11-00.34.12:956][  0]LogConfig: Setting CVar [[r.ParticleLightQuality:2]]
[2020.09.11-00.34.12:956][  0]LogConfig: Setting CVar [[r.SkyAtmosphere.AerialPerspectiveLUT.FastApplyOnOpaque:1 ; Always have FastSkyLUT 1 in this case to avoid wrong sky]]
[2020.09.11-00.34.12:956][  0]LogConfig: Setting CVar [[r.SkyAtmosphere.AerialPerspectiveLUT.SampleCountPerSlice:1]]
[2020.09.11-00.34.12:956][  0]LogConfig: Setting CVar [[r.SkyAtmosphere.AerialPerspectiveLUT.DepthResolution:16.0]]
[2020.09.11-00.34.12:956][  0]LogConfig: Setting CVar [[r.SkyAtmosphere.FastSkyLUT:1]]
[2020.09.11-00.34.12:956][  0]LogConfig: Setting CVar [[r.SkyAtmosphere.FastSkyLUT.SampleCountMin:4.0]]
[2020.09.11-00.34.12:956][  0]LogConfig: Setting CVar [[r.SkyAtmosphere.FastSkyLUT.SampleCountMax:32.0]]
[2020.09.11-00.34.12:956][  0]LogConfig: Setting CVar [[r.SkyAtmosphere.SampleCountMin:4.0]]
[2020.09.11-00.34.12:956][  0]LogConfig: Setting CVar [[r.SkyAtmosphere.SampleCountMax:32.0]]
[2020.09.11-00.34.12:956][  0]LogConfig: Setting CVar [[r.SkyAtmosphere.TransmittanceLUT.UseSmallFormat:0]]
[2020.09.11-00.34.12:956][  0]LogConfig: Setting CVar [[r.SkyAtmosphere.TransmittanceLUT.SampleCount:10.0]]
[2020.09.11-00.34.12:956][  0]LogConfig: Setting CVar [[r.SkyAtmosphere.MultiScatteringLUT.SampleCount:15.0]]
[2020.09.11-00.34.12:956][  0]LogConfig: Applying CVar settings from Section [FoliageQuality@3] File [C:/Users/Christian Hinkle/Documents/Unreal Projects/SonicSiege/SonicSiege/Saved/Config/Windows/Scalability.ini]
[2020.09.11-00.34.12:956][  0]LogConfig: Setting CVar [[foliage.DensityScale:1.0]]
[2020.09.11-00.34.12:956][  0]LogConfig: Setting CVar [[grass.DensityScale:1.0]]
[2020.09.11-00.34.12:956][  0]LogConfig: Applying CVar settings from Section [ShadingQuality@3] File [C:/Users/Christian Hinkle/Documents/Unreal Projects/SonicSiege/SonicSiege/Saved/Config/Windows/Scalability.ini]
[2020.09.11-00.34.12:956][  0]LogConfig: Setting CVar [[r.HairStrands.SkyLighting.SampleCount:16]]
[2020.09.11-00.34.12:956][  0]LogConfig: Setting CVar [[r.HairStrands.SkyLighting.JitterIntegration:0]]
[2020.09.11-00.34.12:956][  0]LogConfig: Setting CVar [[r.HairStrands.SkyAO.SampleCount:16]]
[2020.09.11-00.34.12:956][  0]LogConfig: Setting CVar [[r.HairStrands.DeepShadow.SuperSampling:0]]
[2020.09.11-00.34.12:956][  0]LogConfig: Setting CVar [[r.HairStrands.VisibilityPPLL:0]]
[2020.09.11-00.34.12:956][  0]LogConfig: Setting CVar [[r.HairStrands.RasterizationScale:0.5]]
[2020.09.11-00.34.12:956][  0]LogConfig: Setting CVar [[r.HairStrands.VelocityRasterizationScale:1]]
[2020.09.11-00.34.12:956][  0]LogConfig: Applying CVar settings from Section [Startup] File [../../../Engine/Config/ConsoleVariables.ini]
[2020.09.11-00.34.12:957][  0]LogConfig: Setting CVar [[p.chaos.AllowCreatePhysxBodies:1]]
[2020.09.11-00.34.12:957][  0]LogConfig: Setting CVar [[fx.SkipVectorVMBackendOptimizations:1]]
[2020.09.11-00.34.12:957][  0]LogConfig: Applying CVar settings from Section [ConsoleVariables] File [C:/Users/Christian Hinkle/Documents/Unreal Projects/SonicSiege/SonicSiege/Saved/Config/Windows/Engine.ini]
[2020.09.11-00.34.12:957][  0]LogInit: Computer: DESKTOP-IM4T8T4
[2020.09.11-00.34.12:957][  0]LogInit: User: Christian
[2020.09.11-00.34.12:957][  0]LogInit: CPU Page size=4096, Cores=6
[2020.09.11-00.34.12:957][  0]LogInit: High frequency timer resolution =10.000000 MHz
[2020.09.11-00.34.12:957][  0]LogMemory: Memory total: Physical=16.0GB (16GB approx)
[2020.09.11-00.34.12:957][  0]LogMemory: Platform Memory Stats for Windows
[2020.09.11-00.34.12:957][  0]LogMemory: Process Physical Memory: 116.74 MB used, 116.74 MB peak
[2020.09.11-00.34.12:957][  0]LogMemory: Process Virtual Memory: 96.65 MB used, 96.65 MB peak
[2020.09.11-00.34.12:957][  0]LogMemory: Physical Memory: 12543.68 MB used,  3791.53 MB free, 16335.21 MB total
[2020.09.11-00.34.12:957][  0]LogMemory: Virtual Memory: 5170.96 MB used,  134212560.00 MB free, 134217728.00 MB total
[2020.09.11-00.34.12:961][  0]LogWindows: WindowsPlatformFeatures enabled
[2020.09.11-00.34.13:010][  0]LogInit: Physics initialised using underlying interface: PhysX
[2020.09.11-00.34.13:010][  0]LogInit: Using OS detected language (en-US).
[2020.09.11-00.34.13:010][  0]LogInit: Using OS detected locale (en-US).
[2020.09.11-00.34.13:013][  0]LogTextLocalizationManager: No specific localization for 'en-US' exists, so the 'en' localization will be used.
[2020.09.11-00.34.13:317][  0]LogSlate: New Slate User Created.  User Index 0, Is Virtual User: 0
[2020.09.11-00.34.13:317][  0]LogSlate: Slate User Registered.  User Index 0, Is Virtual User: 0
[2020.09.11-00.34.13:331][  0]LogHMD: Failed to initialize OpenVR with code 110
[2020.09.11-00.34.13:331][  0]LogD3D11RHI: D3D11 min allowed feature level: 11_0
[2020.09.11-00.34.13:331][  0]LogD3D11RHI: D3D11 max allowed feature level: 11_0
[2020.09.11-00.34.13:331][  0]LogD3D11RHI: D3D11 adapters:
[2020.09.11-00.34.13:371][  0]LogD3D11RHI:    0. 'Radeon RX Vega' (Feature Level 11_0)
[2020.09.11-00.34.13:371][  0]LogD3D11RHI:       8119/0/8167 MB DedicatedVideo/DedicatedSystem/SharedSystem, Outputs:1, VendorId:0x1002
[2020.09.11-00.34.13:374][  0]LogD3D11RHI:    1. 'Microsoft Basic Render Driver' (Feature Level 11_0)
[2020.09.11-00.34.13:374][  0]LogD3D11RHI:       0/0/8167 MB DedicatedVideo/DedicatedSystem/SharedSystem, Outputs:0, VendorId:0x1414
[2020.09.11-00.34.13:374][  0]LogD3D11RHI: Chosen D3D11 Adapter: 0
[2020.09.11-00.34.13:385][  0]LogD3D11RHI: Creating new Direct3DDevice
[2020.09.11-00.34.13:385][  0]LogD3D11RHI:     GPU DeviceId: 0x687f (for the marketing name, search the web for "GPU Device Id")
[2020.09.11-00.34.13:385][  0]LogWindows: EnumDisplayDevices:
[2020.09.11-00.34.13:386][  0]LogWindows:    0. 'Radeon RX Vega' (P:1 D:1)
[2020.09.11-00.34.13:386][  0]LogWindows:    1. 'Radeon RX Vega' (P:0 D:0)
[2020.09.11-00.34.13:386][  0]LogWindows:    2. 'Radeon RX Vega' (P:0 D:0)
[2020.09.11-00.34.13:387][  0]LogWindows:    3. 'Radeon RX Vega' (P:0 D:0)
[2020.09.11-00.34.13:387][  0]LogWindows:    4. 'Radeon RX Vega' (P:0 D:0)
[2020.09.11-00.34.13:388][  0]LogWindows:    5. 'Radeon RX Vega' (P:0 D:0)
[2020.09.11-00.34.13:388][  0]LogWindows:    6. 'Radeon RX Vega' (P:0 D:0)
[2020.09.11-00.34.13:389][  0]LogWindows:    7. 'Radeon RX Vega' (P:0 D:0)
[2020.09.11-00.34.13:389][  0]LogWindows: DebugString: FoundDriverCount:8 
[2020.09.11-00.34.13:389][  0]LogD3D11RHI:     Adapter Name: Radeon RX Vega
[2020.09.11-00.34.13:389][  0]LogD3D11RHI:   Driver Version: Adrenalin 2020 20.4.2 (internal:26.20.15029.27017, unified:26.20.15029.27017)
[2020.09.11-00.34.13:389][  0]LogD3D11RHI:      Driver Date: 5-15-2020
[2020.09.11-00.34.13:389][  0]LogRHI: Texture pool is 4831 MB (70% of 6901 MB)
[2020.09.11-00.34.13:460][  0]LogD3D11RHI: RHI has support for 64 bit atomics
[2020.09.11-00.34.13:460][  0]LogD3D11RHI: Async texture creation enabled
[2020.09.11-00.34.13:460][  0]LogD3D11RHI: Array index from any shader is supported
[2020.09.11-00.34.13:476][  0]LogD3D11RHI: GPU Timing Frequency: 27.000000 (Debug: 2 1)
[2020.09.11-00.34.13:782][  0]LogTargetPlatformManager: Display: Loaded TargetPlatform 'WindowsNoEditor'
[2020.09.11-00.34.13:786][  0]LogTargetPlatformManager: Display: Loaded TargetPlatform 'Windows'
[2020.09.11-00.34.13:796][  0]LogTargetPlatformManager: Display: Loaded TargetPlatform 'WindowsClient'
[2020.09.11-00.34.13:804][  0]LogTargetPlatformManager: Display: Loaded TargetPlatform 'WindowsServer'
[2020.09.11-00.34.13:805][  0]LogTargetPlatformManager: Display: Building Assets For Windows
[2020.09.11-00.34.13:809][  0]LogAudioDebug: Display: Lib vorbis DLL was dynamically loaded.
[2020.09.11-00.34.13:841][  0]LogShaderCompilers: Guid format shader working directory is 7 characters bigger than the processId version (../../../../Unreal Projects/SonicSiege/SonicSiege/Intermediate/Shaders/WorkingDirectory/15668/).
[2020.09.11-00.34.13:841][  0]LogShaderCompilers: Cleaned the shader compiler working directory 'C:/Users/Christian Hinkle/AppData/Local/Temp/UnrealShaderWorkingDir/8D73CC0F4A71E0B7F7D2C6B3738A8A44/'.
[2020.09.11-00.34.13:842][  0]LogXGEController: Cannot use XGE Controller as Incredibuild is not installed on this machine.
[2020.09.11-00.34.13:842][  0]LogShaderCompilers: Cannot use XGE Shader Compiler as Incredibuild is not installed on this machine.
[2020.09.11-00.34.13:842][  0]LogShaderCompilers: Display: Using Local Shader Compiler.
[2020.09.11-00.34.14:578][  0]LogDerivedDataCache: Display: Max Cache Size: 512 MB
[2020.09.11-00.34.15:308][  0]LogDerivedDataCache: Warning: Could not read memory cache ../../../../Unreal Projects/SonicSiege/SonicSiege/DerivedDataCache/Boot.ddc.
[2020.09.11-00.34.15:308][  0]LogDerivedDataCache: Warning: Could not load Boot cache: ../../../../Unreal Projects/SonicSiege/SonicSiege/DerivedDataCache/Boot.ddc
[2020.09.11-00.34.15:308][  0]LogDerivedDataCache: FDerivedDataBackendGraph:  Pak pak cache file ../../../../Unreal Projects/SonicSiege/SonicSiege/DerivedDataCache/DDC.ddp not found, will not use a pak cache.
[2020.09.11-00.34.15:308][  0]LogDerivedDataCache: Unable to find inner node Pak for hierarchical cache Hierarchy.
[2020.09.11-00.34.15:308][  0]LogDerivedDataCache: FDerivedDataBackendGraph:  EnginePak pak cache file ../../../Engine/DerivedDataCache/DDC.ddp not found, will not use a pak cache.
[2020.09.11-00.34.15:308][  0]LogDerivedDataCache: Unable to find inner node EnginePak for hierarchical cache Hierarchy.
[2020.09.11-00.34.15:320][  0]LogDerivedDataCache: Using Local data cache path ../../../Engine/DerivedDataCache: Writable
[2020.09.11-00.34.15:321][  0]LogDerivedDataCache: Shared data cache path not found in *engine.ini, will not use an Shared cache.
[2020.09.11-00.34.15:321][  0]LogDerivedDataCache: Unable to find inner node Shared for hierarchical cache Hierarchy.
[2020.09.11-00.34.15:439][  0]LogSlate: Using FreeType 2.10.0
[2020.09.11-00.34.15:439][  0]LogSlate: SlateFontServices - WITH_FREETYPE: 1, WITH_HARFBUZZ: 1
[2020.09.11-00.34.15:676][  0]LogInit: Using OS detected language (en-US).
[2020.09.11-00.34.15:676][  0]LogInit: Using OS detected locale (en-US).
[2020.09.11-00.34.15:676][  0]LogTextLocalizationManager: No localization for 'en-US' exists, so 'en' will be used for the language.
[2020.09.11-00.34.15:676][  0]LogTextLocalizationManager: No localization for 'en-US' exists, so 'en' will be used for the locale.
[2020.09.11-00.34.15:676][  0]LogSlate: FontCache flush requested. Reason: Culture for localization was changed
[2020.09.11-00.34.15:676][  0]LogSlate: FontCache flush requested. Reason: Culture for localization was changed
[2020.09.11-00.34.15:678][  0]LogTextLocalizationManager: Compacting localization data took   0.00ms
[2020.09.11-00.34.15:683][  0]LogAssetRegistry: FAssetRegistry took 0.0028 seconds to start up
[2020.09.11-00.34.15:977][  0]LogFileManager: Warning: MoveFile was unable to move '../../../../Unreal Projects/SonicSiege/SonicSiege/Intermediate/AssetRegistryCache/2657c409NoDeps.bin.tmp' to '../../../../Unreal Projects/SonicSiege/SonicSiege/Intermediate/AssetRegistryCache/2657c409NoDeps.bin' (Error Code 32), retrying in .5s...
[2020.09.11-00.34.16:478][  0]LogFileManager: Warning: MoveFile was unable to move '../../../../Unreal Projects/SonicSiege/SonicSiege/Intermediate/AssetRegistryCache/2657c409NoDeps.bin.tmp' to '../../../../Unreal Projects/SonicSiege/SonicSiege/Intermediate/AssetRegistryCache/2657c409NoDeps.bin' (Error Code 2), retrying in .5s...
[2020.09.11-00.34.16:980][  0]LogFileManager: Warning: MoveFile was unable to move '../../../../Unreal Projects/SonicSiege/SonicSiege/Intermediate/AssetRegistryCache/2657c409NoDeps.bin.tmp' to '../../../../Unreal Projects/SonicSiege/SonicSiege/Intermediate/AssetRegistryCache/2657c409NoDeps.bin' (Error Code 2), retrying in .5s...
[2020.09.11-00.34.17:480][  0]LogFileManager: Warning: MoveFile was unable to move '../../../../Unreal Projects/SonicSiege/SonicSiege/Intermediate/AssetRegistryCache/2657c409NoDeps.bin.tmp' to '../../../../Unreal Projects/SonicSiege/SonicSiege/Intermediate/AssetRegistryCache/2657c409NoDeps.bin' (Error Code 2), retrying in .5s...
[2020.09.11-00.34.17:980][  0]LogFileManager: Warning: MoveFile was unable to move '../../../../Unreal Projects/SonicSiege/SonicSiege/Intermediate/AssetRegistryCache/2657c409NoDeps.bin.tmp' to '../../../../Unreal Projects/SonicSiege/SonicSiege/Intermediate/AssetRegistryCache/2657c409NoDeps.bin' (Error Code 2), retrying in .5s...
[2020.09.11-00.34.18:481][  0]LogFileManager: Warning: MoveFile was unable to move '../../../../Unreal Projects/SonicSiege/SonicSiege/Intermediate/AssetRegistryCache/2657c409NoDeps.bin.tmp' to '../../../../Unreal Projects/SonicSiege/SonicSiege/Intermediate/AssetRegistryCache/2657c409NoDeps.bin' (Error Code 2), retrying in .5s...
[2020.09.11-00.34.18:981][  0]LogFileManager: Warning: MoveFile was unable to move '../../../../Unreal Projects/SonicSiege/SonicSiege/Intermediate/AssetRegistryCache/2657c409NoDeps.bin.tmp' to '../../../../Unreal Projects/SonicSiege/SonicSiege/Intermediate/AssetRegistryCache/2657c409NoDeps.bin' (Error Code 2), retrying in .5s...
[2020.09.11-00.34.19:482][  0]LogFileManager: Warning: MoveFile was unable to move '../../../../Unreal Projects/SonicSiege/SonicSiege/Intermediate/AssetRegistryCache/2657c409NoDeps.bin.tmp' to '../../../../Unreal Projects/SonicSiege/SonicSiege/Intermediate/AssetRegistryCache/2657c409NoDeps.bin' (Error Code 2), retrying in .5s...
[2020.09.11-00.34.19:983][  0]LogFileManager: Warning: MoveFile was unable to move '../../../../Unreal Projects/SonicSiege/SonicSiege/Intermediate/AssetRegistryCache/2657c409NoDeps.bin.tmp' to '../../../../Unreal Projects/SonicSiege/SonicSiege/Intermediate/AssetRegistryCache/2657c409NoDeps.bin' (Error Code 2), retrying in .5s...
[2020.09.11-00.34.20:483][  0]LogFileManager: Warning: MoveFile was unable to move '../../../../Unreal Projects/SonicSiege/SonicSiege/Intermediate/AssetRegistryCache/2657c409NoDeps.bin.tmp' to '../../../../Unreal Projects/SonicSiege/SonicSiege/Intermediate/AssetRegistryCache/2657c409NoDeps.bin' (Error Code 2), retrying in .5s...
[2020.09.11-00.34.20:983][  0]LogFileManager: Error: Error moving file '../../../../Unreal Projects/SonicSiege/SonicSiege/Intermediate/AssetRegistryCache/2657c409NoDeps.bin.tmp' to '../../../../Unreal Projects/SonicSiege/SonicSiege/Intermediate/AssetRegistryCache/2657c409NoDeps.bin'.
[2020.09.11-00.34.21:059][  0]LogPackageLocalizationCache: Processed 21 localized package path(s) for 1 prioritized culture(s) in 5.086272 seconds
[2020.09.11-00.34.21:174][  0]LogInit: Selected Device Profile: [Windows]
[2020.09.11-00.34.21:334][  0]LogMeshReduction: Using QuadricMeshReduction for automatic static mesh reduction
[2020.09.11-00.34.21:334][  0]LogMeshReduction: Using SimplygonMeshReduction for automatic skeletal mesh reduction
[2020.09.11-00.34.21:334][  0]LogMeshReduction: Using ProxyLODMeshReduction for automatic mesh merging
[2020.09.11-00.34.21:334][  0]LogMeshReduction: No distributed automatic mesh merging module available
[2020.09.11-00.34.21:334][  0]LogMeshMerging: No distributed automatic mesh merging module available
[2020.09.11-00.34.21:361][  0]LogNetVersion: SonicSiege 1.0.0, NetCL: 0, EngineNetVer: 14, GameNetVer: 0 (Checksum: 1397966116)
[2020.09.11-00.34.21:881][  0]LogAISub: UAISubsystem::UAISubsystem AISubsystem (0000019EA30851C0), frame # 0
[2020.09.11-00.34.21:881][  0]LogAISub: UAISubsystem::UAISubsystem AIPerceptionSystem (0000019EA2FE16C0), frame # 0
[2020.09.11-00.34.21:883][  0]LogAISub: UAISubsystem::UAISubsystem EnvQueryManager (0000019EA302A400), frame # 0
[2020.09.11-00.34.22:013][  0]LogMoviePlayer: Initializing movie player
[2020.09.11-00.34.22:165][  0]LogCollectionManager: Loaded 0 collections in 0.006350 seconds
[2020.09.11-00.34.22:168][  0]LogFileCache: Scanning file cache for directory 'C:/Users/Christian Hinkle/Documents/Unreal Projects/SonicSiege/SonicSiege/Saved/Collections/' took 0.00s
[2020.09.11-00.34.22:168][  0]LogFileCache: Scanning file cache for directory 'C:/Users/Christian Hinkle/Documents/Unreal Projects/SonicSiege/SonicSiege/Content/Developers/Christian/Collections/' took 0.00s
[2020.09.11-00.34.22:168][  0]LogFileCache: Scanning file cache for directory 'C:/Users/Christian Hinkle/Documents/Unreal Projects/SonicSiege/SonicSiege/Content/Collections/' took 0.00s
[2020.09.11-00.34.22:168][  0]LogCollectionManager: Fixed up redirectors for 0 collections in 0.000005 seconds (updated 0 objects)
[2020.09.11-00.34.22:172][  0]LogGameplayTags: NetworkGameplayTagNodeIndexHash is 8028e802
[2020.09.11-00.34.22:173][  0]LogStats: UGameplayTagsManager::InitializeManager -  0.004 s
[2020.09.11-00.34.22:222][  0]SourceControl: Source control is disabled
[2020.09.11-00.34.22:222][  0]SourceControl: Source control is disabled
[2020.09.11-00.34.22:229][  0]SourceControl: Source control is disabled
[2020.09.11-00.34.22:379][  0]LogAndroidPermission: UAndroidPermissionCallbackProxy::GetInstance
[2020.09.11-00.34.22:395][  0]LogAudioCaptureCore: Display: No Audio Capture implementations found. Audio input will be silent.
[2020.09.11-00.34.22:395][  0]LogAudioCaptureCore: Display: No Audio Capture implementations found. Audio input will be silent.
[2020.09.11-00.34.22:456][  0]LogOcInput: OculusInput pre-init called
[2020.09.11-00.34.22:488][  0]LogUObjectArray: 19917 objects as part of root set at end of initial load.
[2020.09.11-00.34.22:488][  0]LogUObjectAllocator: 5397440 out of 0 bytes used by permanent object pool.
[2020.09.11-00.34.22:488][  0]LogUObjectArray: CloseDisregardForGC: 0/0 objects in disregard for GC pool
[2020.09.11-00.34.22:548][  0]LogEngine: Initializing Engine...
[2020.09.11-00.34.22:991][  0]LogHMD: Failed to initialize OpenVR with code 110
[2020.09.11-00.34.22:992][  0]LogMagicLeap: Warning: VR disabled because ZI is not enabled.  To enable, in the editor, Edit -> Project Settings -> Plugins -> Magic Leap Plugin -> Enable Zero Iteration
[2020.09.11-00.34.22:996][  0]LogUObjectGlobals: BeginLoad(/Engine/EngineDebugMaterials/LevelColorationLitMaterial) is flushing async loading
[2020.09.11-00.34.22:996][  0]LogStreaming: Display: Flushing async loaders.
[2020.09.11-00.34.23:239][  0]LogInit: Initializing FReadOnlyCVARCache
[2020.09.11-00.34.23:244][  0]LogAudioMixer: Display: Audio Mixer Platform Settings:
[2020.09.11-00.34.23:244][  0]LogAudioMixer: Display: 	Sample Rate:						  48000
[2020.09.11-00.34.23:244][  0]LogAudioMixer: Display: 	Callback Buffer Frame Size Requested: 1024
[2020.09.11-00.34.23:244][  0]LogAudioMixer: Display: 	Callback Buffer Frame Size To Use:	  1024
[2020.09.11-00.34.23:245][  0]LogAudioMixer: Display: 	Number of buffers to queue:			  2
[2020.09.11-00.34.23:245][  0]LogAudioMixer: Display: 	Max Channels (voices):				  32
[2020.09.11-00.34.23:245][  0]LogAudioMixer: Display: 	Number of Async Source Workers:		  0
[2020.09.11-00.34.23:245][  0]LogAudio: Display: AudioDevice MaxSources: 32
[2020.09.11-00.34.23:246][  0]LogAudio: Display: Using built-in audio occlusion.
[2020.09.11-00.34.23:246][  0]LogAudioMixer: Display: Initializing audio mixer.
[2020.09.11-00.34.23:291][  0]LogAudioMixer: Display: 0: FrontLeft
[2020.09.11-00.34.23:291][  0]LogAudioMixer: Display: 1: FrontRight
[2020.09.11-00.34.23:396][  0]LogAudioMixer: Display: Using Audio Device VoiceMeeter Input (VB-Audio VoiceMeeter VAIO)
[2020.09.11-00.34.23:405][  0]LogAudioMixer: Display: Initializing Sound Submixes...
[2020.09.11-00.34.23:407][  0]LogAudioMixer: Display: Creating Master Submix 'MasterSubmixDefault'
[2020.09.11-00.34.23:408][  0]LogAudioMixer: Display: Creating Master Submix 'MasterReverbSubmixDefault'
[2020.09.11-00.34.23:410][  0]LogAudioMixer: Display: Creating Master Submix 'MasterEQSubmixDefault'
[2020.09.11-00.34.23:412][  0]LogInit: FAudioDevice initialized.
[2020.09.11-00.34.23:415][  0]LogNetVersion: Set ProjectVersion to 1.0.0.0. Version Checksum will be recalculated on next use.
[2020.09.11-00.34.24:727][  0]LogDerivedDataCache: Error: Could not save memory cache ../../../../Unreal Projects/SonicSiege/SonicSiege/DerivedDataCache/Boot.ddc.
[2020.09.11-00.34.24:728][  0]LogInit: Texture streaming: Enabled
[2020.09.11-00.34.24:832][  0]LogSlate: Updating window title bar state: overlay mode, drag disabled, window buttons hidden, title bar hidden
[2020.09.11-00.34.24:833][  0]LogInit: Display: Game Engine Initialized.
[2020.09.11-00.34.24:833][  0]LogGameplayTags: NetworkGameplayTagNodeIndexHash is 8028e802
[2020.09.11-00.34.24:833][  0]LogStats: FGameplayAbilitiesEditorModule::GameplayTagTreeChanged -  0.000 s
[2020.09.11-00.34.24:833][  0]LogNiagaraEditor: Warning: GEditor isn't valid! Particle reset commands will not work for Niagara components!
[2020.09.11-00.34.24:866][  0]LogInit: Display: Starting Game.
[2020.09.11-00.34.24:866][  0]LogNet: Browse: 10.127.40.43//Game/Maps/MAP_Test?Name=Player
[2020.09.11-00.34.24:867][  0]LogInit: WinSock: Socket queue. Rx: 32768 (config 32768) Tx: 32768 (config 32768)
[2020.09.11-00.34.24:867][  0]LogNet: Created socket for bind address: 0.0.0.0 on port 0
[2020.09.11-00.34.24:867][  0]PacketHandlerLog: Loaded PacketHandler component: Engine.EngineHandlerComponentFactory (StatelessConnectHandlerComponent)
[2020.09.11-00.34.24:868][  0]LogNet: Game client on port 7777, rate 10000
[2020.09.11-00.34.24:917][  0]LogStats: UGameplayCueManager::InitializeEditorObjectLibrary -  0.005 s
[2020.09.11-00.34.24:917][  0]LogLoad: (Engine Initialization) Total time: 13.98 seconds
[2020.09.11-00.34.24:917][  0]LogLoad: (Engine Initialization) Total Blueprint compile time: 0.00 seconds
[2020.09.11-00.34.24:923][  0]LogContentStreaming: Texture pool size now 1000 MB
[2020.09.11-00.34.24:927][  0]LogSlate: InvalidateAllWidgets triggered.  All widgets were invalidated
[2020.09.11-00.34.25:880][110]LogHandshake: SendChallengeResponse. Timestamp: 10.205538, Cookie: 057135217083176214078115212112175040174152202094231242199098
[2020.09.11-00.34.25:913][177]LogNetVersion: SonicSiege 1.0.0.0, NetCL: 0, EngineNetVer: 14, GameNetVer: 0 (Checksum: 1504223046)
[2020.09.11-00.34.25:913][177]LogNet: UPendingNetGame::SendInitialJoin: Sending hello. [UNetConnection] RemoteAddr: 10.127.40.43:7777, Name: IpConnection_0, Driver: PendingNetDriver IpNetDriver_0, IsServer: NO, PC: NULL, Owner: NULL, UniqueId: INVALID
[2020.09.11-00.34.25:945][251]LogNet: Welcomed by server (Level: /Game/Maps/MAP_Test, Game: /Game/Blueprints/Game/GameMode_BP.GameMode_BP_C)
[2020.09.11-00.34.25:946][251]LogLoad: LoadMap: 10.127.40.43//Game/Maps/MAP_Test?Name=Player?game=/Game/Blueprints/Game/GameMode_BP.GameMode_BP_C
[2020.09.11-00.34.25:946][251]LogWorld: BeginTearingDown for /Temp/Untitled_0
[2020.09.11-00.34.25:946][251]LogWorld: UWorld::CleanupWorld for Untitled, bSessionEnded=true, bCleanupResources=true
[2020.09.11-00.34.25:946][251]LogSlate: InvalidateAllWidgets triggered.  All widgets were invalidated
[2020.09.11-00.34.25:965][251]LogUObjectHash: Compacting FUObjectHashTables data took   1.28ms
[2020.09.11-00.34.26:143][251]LogWorld: Bringing World /Game/Maps/MAP_Test.MAP_Test up for play (max tick rate 0) at 2020.09.10-21.34.26
[2020.09.11-00.34.26:143][251]LogWorld: Bringing up level for play took: 0.011552
[2020.09.11-00.34.26:147][251]LogSlate: Took 0.000303 seconds to synchronously load lazily loaded font '../../../Engine/Content/Slate/Fonts/Roboto-Regular.ttf' (155K)
[2020.09.11-00.34.26:152][251]LogLoad: Took 0.206761 seconds to LoadMap(/Game/Maps/MAP_Test)
[2020.09.11-00.34.26:154][251]LogNavigation: Warning: NavData RegistrationFailed_DataPendingKill.
[2020.09.11-00.34.26:158][252]LogRenderer: Reallocating scene render targets to support 400x300 Format 10 NumSamples 1 (Frame:1).
[2020.09.11-00.34.26:367][253]LogProperty: Warning: Serialized Class /Script/Engine.BlueprintGeneratedClass for a property of Class /Script/SonicSiege.GATA_BulletTrace. Reference will be nullptred.
    Property = ObjectProperty /Script/SonicSiege.GA_Fire:BulletTraceTargetActor
    Item = BlueprintGeneratedClass /Game/Blueprints/Item/Weapon/GATA_Shotgun_BP.GATA_Shotgun_BP_C
[2020.09.11-00.34.26:381][253]LogClass: Warning: Property SSCharacter::CurrentItem (SourceClass: SSCharacter) was not registered in GetLifetimeReplicatedProps. This property will not be replicated. Use DISABLE_REPLICATED_PROPERTY if not replicating was intentional.
[2020.09.11-00.34.26:381][253]LogClass: Warning: Property SSCharacter::PreviousItem (SourceClass: SSCharacter) was not registered in GetLifetimeReplicatedProps. This property will not be replicated. Use DISABLE_REPLICATED_PROPERTY if not replicating was intentional.
[2020.09.11-00.34.26:381][253]LogClass: Warning: Property AbilitySystemCharacter::CurrentItem (SourceClass: SSCharacter) was not registered in GetLifetimeReplicatedProps. This property will not be replicated. Use DISABLE_REPLICATED_PROPERTY if not replicating was intentional.
[2020.09.11-00.34.26:381][253]LogClass: Warning: Property AbilitySystemCharacter::PreviousItem (SourceClass: SSCharacter) was not registered in GetLifetimeReplicatedProps. This property will not be replicated. Use DISABLE_REPLICATED_PROPERTY if not replicating was intentional.
[2020.09.11-00.34.26:381][253]LogClass: Warning: Property Sonic::CurrentItem (SourceClass: SSCharacter) was not registered in GetLifetimeReplicatedProps. This property will not be replicated. Use DISABLE_REPLICATED_PROPERTY if not replicating was intentional.
[2020.09.11-00.34.26:381][253]LogClass: Warning: Property Sonic::PreviousItem (SourceClass: SSCharacter) was not registered in GetLifetimeReplicatedProps. This property will not be replicated. Use DISABLE_REPLICATED_PROPERTY if not replicating was intentional.
[2020.09.11-00.34.26:500][255]LogCharacterMovement: Error: CharacterAttributeSet was NULL when trying to return a speed value
[2020.09.11-00.34.26:550][259]LogOnlineSession: Warning: OSS: No game present to join for session (GameSession)
[2020.09.11-00.34.26:568][262]LogOnlineSession: Warning: OSS: No game present to join for session (GameSession)
[2020.09.11-00.34.26:601][266]LogOnlineSession: Warning: OSS: No game present to join for session (GameSession)
[2020.09.11-00.34.26:635][271]LogOnlineSession: Warning: OSS: No game present to join for session (GameSession)
[2020.09.11-00.34.26:666][277]LogOnlineSession: Warning: OSS: No game present to join for session (GameSession)
[2020.09.11-00.34.26:697][282]LogOnlineSession: Warning: OSS: No game present to join for session (GameSession)
[2020.09.11-00.34.26:734][287]LogOnlineSession: Warning: OSS: No game present to join for session (GameSession)
[2020.09.11-00.34.26:768][292]LogOnlineSession: Warning: OSS: No game present to join for session (GameSession)
[2020.09.11-00.34.26:803][296]LogOnlineSession: Warning: OSS: No game present to join for session (GameSession)
[2020.09.11-00.34.26:846][301]LogOnlineSession: Warning: OSS: No game present to join for session (GameSession)
[2020.09.11-00.34.33:125][160]LogRenderer: Reallocating scene render targets to support 1920x1020 Format 10 NumSamples 1 (Frame:913).
[2020.09.11-00.34.45:279][279]LogAbilitySystem: Warning: TryActivateAbility called with invalid Handle
[2020.09.11-00.34.47:194][592]LogWindowsDesktop: Alt-F4 pressed!
[2020.09.11-00.34.47:199][592]LogSlate: Window 'SonicSiege (64-bit DebugGame PCD3D_SM5) ' being destroyed
[2020.09.11-00.34.47:200][592]LogWindowsTextInputMethodSystem: Display: IME system now deactivated.
[2020.09.11-00.34.47:208][592]LogSlate: Updating window title bar state: overlay mode, drag disabled, window buttons hidden, title bar hidden
[2020.09.11-00.34.47:208][592]LogEngine: All Windows Closed
[2020.09.11-00.34.47:208][592]LogWindows: FPlatformMisc::RequestExit(0)
[2020.09.11-00.34.47:208][592]LogCore: Engine exit requested (reason: Win RequestExit)
[2020.09.11-00.34.47:208][593]LogCore: Engine exit requested (reason: EngineExit() was called; note: exit was already requested)
[2020.09.11-00.34.47:215][593]LogAudio: Display: Shutting down audio device while 2 references to it are still alive. For more information, compile with INSTRUMENT_AUDIODEVICE_HANDLES.
[2020.09.11-00.34.47:300][593]LogInit: Display: PreExit Game.
[2020.09.11-00.34.47:412][593]LogWorld: BeginTearingDown for /Game/Maps/MAP_Test
[2020.09.11-00.34.47:412][593]LogNet: World NetDriver shutdown IpNetDriver_0 [GameNetDriver]
[2020.09.11-00.34.47:412][593]LogNet: DestroyNamedNetDriver IpNetDriver_0 [GameNetDriver]
[2020.09.11-00.34.47:412][593]LogNet: UNetConnection::Close: [UNetConnection] RemoteAddr: 10.127.40.43:7777, Name: IpConnection_0, Driver: GameNetDriver IpNetDriver_0, IsServer: NO, PC: SSPlayerController_0, Owner: SSPlayerController_0, UniqueId: NULL:DESKTOP-IM4T8T4-EB63AB254D1D6C823CAE149F7C8CB435, Channels: 33, Time: 2020.09.11-00.34.47
[2020.09.11-00.34.47:412][593]LogNet: UChannel::Close: Sending CloseBunch. ChIndex == 0. Name: [UChannel] ChIndex: 0, Closing: 0 [UNetConnection] RemoteAddr: 10.127.40.43:7777, Name: IpConnection_0, Driver: GameNetDriver IpNetDriver_0, IsServer: NO, PC: SSPlayerController_0, Owner: SSPlayerController_0, UniqueId: NULL:DESKTOP-IM4T8T4-EB63AB254D1D6C823CAE149F7C8CB435
[2020.09.11-00.34.47:413][593]LogExit: GameNetDriver IpNetDriver_0 shut down
[2020.09.11-00.34.47:413][593]LogWorld: UWorld::CleanupWorld for MAP_Test, bSessionEnded=true, bCleanupResources=true
[2020.09.11-00.34.47:414][593]LogSlate: InvalidateAllWidgets triggered.  All widgets were invalidated
[2020.09.11-00.34.48:026][593]LogExit: Preparing to exit.
[2020.09.11-00.34.48:026][593]LogMoviePlayer: Shutting down movie player
[2020.09.11-00.34.48:050][593]LogSlate: Updating window title bar state: overlay mode, drag disabled, window buttons hidden, title bar hidden
[2020.09.11-00.34.48:057][593]LogDemo: Cleaned up 0 splitscreen connections with owner deletion
[2020.09.11-00.34.48:065][593]LogExit: Game engine shut down
[2020.09.11-00.34.48:091][593]LogAISub: UAISubsystem::~UAISubsystem AISubsystem (0000019EA30851C0), frame # 5593
[2020.09.11-00.34.48:091][593]LogAISub: UAISubsystem::~UAISubsystem AIPerceptionSystem (0000019EA2FE16C0), frame # 5593
[2020.09.11-00.34.48:091][593]LogAISub: UAISubsystem::~UAISubsystem EnvQueryManager (0000019EA302A400), frame # 5593
[2020.09.11-00.34.48:154][593]LogExit: Object subsystem successfully closed.
