Log file open, 10/06/20 12:17:07
LogInit: Display: Running engine for game: SonicSiege
LogPlatformFile: Not using cached read wrapper
LogTaskGraph: Started task graph with 5 named threads and 35 total threads with 3 sets of task threads.
LogStats: Stats thread started at 1.197687
LogD3D11RHI: Loaded GFSDK_Aftermath_Lib.x64.dll
LogICUInternationalization: ICU TimeZone Detection - Raw Offset: -4:00, Platform Override: ''
LogPluginManager: Mounting plugin Paper2D
LogPluginManager: Mounting plugin AISupport
LogPluginManager: Mounting plugin LightPropagationVolume
LogPluginManager: Mounting plugin CameraShakePreviewer
LogPluginManager: Mounting plugin ActorLayerUtilities
LogPluginManager: Mounting plugin AnimationSharing
LogPluginManager: Mounting plugin CLionSourceCodeAccess
LogPluginManager: Mounting plugin CodeLiteSourceCodeAccess
LogPluginManager: Mounting plugin GitSourceControl
LogPluginManager: Mounting plugin KDevelopSourceCodeAccess
LogPluginManager: Mounting plugin NullSourceCodeAccess
LogPluginManager: Mounting plugin PerforceSourceControl
LogPluginManager: Mounting plugin PlasticSourceControl
LogPluginManager: Mounting plugin RiderSourceCodeAccess
LogPluginManager: Mounting plugin SubversionSourceControl
LogPluginManager: Mounting plugin UObjectPlugin
LogPluginManager: Mounting plugin VisualStudioCodeSourceCodeAccess
LogPluginManager: Mounting plugin VisualStudioSourceCodeAccess
LogPluginManager: Mounting plugin XCodeSourceCodeAccess
LogPluginManager: Mounting plugin AssetManagerEditor
LogPluginManager: Mounting plugin CryptoKeys
LogPluginManager: Mounting plugin CurveEditorTools
LogPluginManager: Mounting plugin DataValidation
LogPluginManager: Mounting plugin EditorScriptingUtilities
LogPluginManager: Mounting plugin FacialAnimation
LogPluginManager: Mounting plugin GameplayTagsEditor
LogPluginManager: Mounting plugin GeometryMode
LogPluginManager: Mounting plugin MacGraphicsSwitching
LogPluginManager: Mounting plugin MaterialAnalyzer
LogPluginManager: Mounting plugin MobileLauncherProfileWizard
LogPluginManager: Mounting plugin PluginBrowser
LogPluginManager: Mounting plugin SpeedTreeImporter
LogPluginManager: Mounting plugin DatasmithContent
LogPluginManager: Mounting plugin VariantManagerContent
LogPluginManager: Mounting plugin AlembicImporter
LogPluginManager: Mounting plugin AutomationUtils
LogPluginManager: Mounting plugin BackChannel
LogPluginManager: Mounting plugin ChaosCloth
LogPluginManager: Mounting plugin ChaosClothEditor
LogPluginManager: Mounting plugin ChaosEditor
LogPluginManager: Mounting plugin ChaosNiagara
LogPluginManager: Mounting plugin ChaosSolverPlugin
LogPluginManager: Mounting plugin CharacterAI
LogPluginManager: Mounting plugin GeometryCache
LogPluginManager: Mounting plugin GeometryCollectionPlugin
LogPluginManager: Mounting plugin GeometryProcessing
LogPluginManager: Mounting plugin PlanarCut
LogPluginManager: Mounting plugin PlatformCrypto
LogPluginManager: Mounting plugin ProxyLODPlugin
LogPluginManager: Mounting plugin PythonScriptPlugin
LogPluginManager: Mounting plugin SkeletalReduction
LogPluginManager: Mounting plugin Niagara
LogPluginManager: Mounting plugin MagicLeap
LogPluginManager: Mounting plugin MagicLeapLightEstimation
LogPluginManager: Mounting plugin MagicLeapMedia
LogPluginManager: Mounting plugin MagicLeapPassableWorld
LogPluginManager: Mounting plugin MLSDK
LogPluginManager: Mounting plugin AndroidMedia
LogPluginManager: Mounting plugin AvfMedia
LogPluginManager: Mounting plugin ImgMedia
LogPluginManager: Mounting plugin MediaCompositing
LogPluginManager: Mounting plugin MediaPlayerEditor
LogPluginManager: Mounting plugin WebMMedia
LogPluginManager: Mounting plugin WmfMedia
LogPluginManager: Mounting plugin MegascansPlugin
LogPluginManager: Mounting plugin MeshPainting
LogPluginManager: Mounting plugin TcpMessaging
LogPluginManager: Mounting plugin UdpMessaging
LogPluginManager: Mounting plugin ActorSequence
LogPluginManager: Mounting plugin LevelSequenceEditor
LogPluginManager: Mounting plugin MatineeToLevelSequence
LogPluginManager: Mounting plugin MovieRenderPipeline
LogPluginManager: Mounting plugin TemplateSequence
LogPluginManager: Mounting plugin NetcodeUnitTest
LogPluginManager: Mounting plugin NUTUnrealEngine4
LogPluginManager: Mounting plugin OnlineSubsystemGooglePlay
LogPluginManager: Mounting plugin OnlineSubsystemIOS
LogPluginManager: Mounting plugin OnlineSubsystem
LogPluginManager: Mounting plugin OnlineSubsystemNull
LogPluginManager: Mounting plugin OnlineSubsystemUtils
LogPluginManager: Mounting plugin LauncherChunkInstaller
LogPluginManager: Mounting plugin AndroidDeviceProfileSelector
LogPluginManager: Mounting plugin AndroidMoviePlayer
LogPluginManager: Mounting plugin AndroidPermission
LogPluginManager: Mounting plugin AppleImageUtils
LogPluginManager: Mounting plugin AppleMoviePlayer
LogPluginManager: Mounting plugin ArchVisCharacter
LogPluginManager: Mounting plugin AssetTags
LogPluginManager: Mounting plugin AudioCapture
LogPluginManager: Mounting plugin CableComponent
LogPluginManager: Mounting plugin CustomMeshComponent
LogPluginManager: Mounting plugin EditableMesh
LogPluginManager: Mounting plugin ExampleDeviceProfileSelector
LogPluginManager: Mounting plugin GameplayAbilities
LogPluginManager: Mounting plugin GoogleCloudMessaging
LogPluginManager: Mounting plugin GooglePAD
LogPluginManager: Mounting plugin IOSDeviceProfileSelector
LogPluginManager: Mounting plugin LinuxDeviceProfileSelector
LogPluginManager: Mounting plugin LocationServicesBPLibrary
LogPluginManager: Mounting plugin MobilePatchingUtils
LogPluginManager: Mounting plugin OculusVR
LogPluginManager: Mounting plugin PhysXVehicles
LogPluginManager: Mounting plugin PostSplashScreen
LogPluginManager: Mounting plugin ProceduralMeshComponent
LogPluginManager: Mounting plugin RuntimePhysXCooking
LogPluginManager: Mounting plugin SignificanceManager
LogPluginManager: Mounting plugin SoundFields
LogPluginManager: Mounting plugin SteamVR
LogPluginManager: Mounting plugin Synthesis
LogPluginManager: Mounting plugin WebMMoviePlayer
LogPluginManager: Mounting plugin WindowsMoviePlayer
LogPluginManager: Mounting plugin ScreenshotTools
LogInit: Using libcurl 7.55.1-DEV
LogInit:  - built for x86_64-pc-win32
LogInit:  - supports SSL with OpenSSL/1.1.1
LogInit:  - supports HTTP deflate (compression) using libz 1.2.8
LogInit:  - other features:
LogInit:      CURL_VERSION_SSL
LogInit:      CURL_VERSION_LIBZ
LogInit:      CURL_VERSION_IPV6
LogInit:      CURL_VERSION_ASYNCHDNS
LogInit:      CURL_VERSION_LARGEFILE
LogInit:      CURL_VERSION_IDN
LogInit:  CurlRequestOptions (configurable via config and command line):
LogInit:  - bVerifyPeer = true  - Libcurl will verify peer certificate
LogInit:  - bUseHttpProxy = false  - Libcurl will NOT use HTTP proxy
LogInit:  - bDontReuseConnections = false  - Libcurl will reuse connections
LogInit:  - MaxHostConnections = 16  - Libcurl will limit the number of connections to a host
LogInit:  - LocalHostAddr = Default
LogInit:  - BufferSize = 65536
LogOnline: OSS: Creating online subsystem instance for: NULL
LogInit: WinSock: version 1.1 (2.2), MaxSocks=32767, MaxUdp=65467
LogOnline: OSS: TryLoadSubsystemAndSetDefault: Loaded subsystem for module [NULL]
LogInit: Build: ++UE4+Release-4.25-CL-0
LogInit: Engine Version: 4.25.1-0+++UE4+Release-4.25
LogInit: Compatible Engine Version: 4.25.0-0+++UE4+Release-4.25
LogInit: Net CL: 0
LogInit: OS: Windows 10 (Release 1903) (), CPU: AMD Ryzen 5 2600X Six-Core Processor           , GPU: Radeon RX Vega
LogInit: Compiled (64-bit): Sep 20 2020 06:14:16
LogInit: Compiled with Visual C++: 19.26.28806.00
LogInit: Build Configuration: DebugGame
LogInit: Branch Name: ++UE4+Release-4.25
LogInit: Command Line:  -skipcompile
LogInit: Base Directory: C:/Users/Christian Hinkle/Documents/UE4/Engine/Binaries/Win64/
LogInit: Allocator: TBB
LogInit: Installed Engine Build: 0
LogDevObjectVersion: Number of dev versions registered: 26
LogDevObjectVersion:   Dev-Blueprints (B0D832E4-1F89-4F0D-ACCF-7EB736FD4AA2): 10
LogDevObjectVersion:   Dev-Build (E1C64328-A22C-4D53-A36C-8E866417BD8C): 0
LogDevObjectVersion:   Dev-Core (375EC13C-06E4-48FB-B500-84F0262A717E): 4
LogDevObjectVersion:   Dev-Editor (E4B068ED-F494-42E9-A231-DA0B2E46BB41): 38
LogDevObjectVersion:   Dev-Framework (CFFC743F-43B0-4480-9391-14DF171D2073): 37
LogDevObjectVersion:   Dev-Mobile (B02B49B5-BB20-44E9-A304-32B752E40360): 2
LogDevObjectVersion:   Dev-Networking (A4E4105C-59A1-49B5-A7C5-40C4547EDFEE): 0
LogDevObjectVersion:   Dev-Online (39C831C9-5AE6-47DC-9A44-9C173E1C8E7C): 0
LogDevObjectVersion:   Dev-Physics (78F01B33-EBEA-4F98-B9B4-84EACCB95AA2): 4
LogDevObjectVersion:   Dev-Platform (6631380F-2D4D-43E0-8009-CF276956A95A): 0
LogDevObjectVersion:   Dev-Rendering (12F88B9F-8875-4AFC-A67C-D90C383ABD29): 43
LogDevObjectVersion:   Dev-Sequencer (7B5AE74C-D270-4C10-A958-57980B212A5A): 12
LogDevObjectVersion:   Dev-VR (D7296918-1DD6-4BDD-9DE2-64A83CC13884): 3
LogDevObjectVersion:   Dev-LoadTimes (C2A15278-BFE7-4AFE-6C17-90FF531DF755): 1
LogDevObjectVersion:   Private-Geometry (6EACA3D4-40EC-4CC1-B786-8BED09428FC5): 3
LogDevObjectVersion:   Dev-AnimPhys (29E575DD-E0A3-4627-9D10-D276232CDCEA): 17
LogDevObjectVersion:   Dev-Anim (AF43A65D-7FD3-4947-9873-3E8ED9C1BB05): 7
LogDevObjectVersion:   Dev-ReflectionCapture (6B266CEC-1EC7-4B8F-A30B-E4D90942FC07): 1
LogDevObjectVersion:   Dev-Automation (0DF73D61-A23F-47EA-B727-89E90C41499A): 1
LogDevObjectVersion:   FortniteMain (601D1886-AC64-4F84-AA16-D3DE0DEAC7D6): 31
LogDevObjectVersion:   Dev-Enterprise (9DFFBCD6-494F-0158-E221-12823C92A888): 10
LogDevObjectVersion:   Dev-Niagara (F2AED0AC-9AFE-416F-8664-AA7FFA26D6FC): 1
LogDevObjectVersion:   Dev-Destruction (174F1F0B-B4C6-45A5-B13F-2EE8D0FB917D): 10
LogDevObjectVersion:   Dev-Physics-Ext (35F94A83-E258-406C-A318-09F59610247C): 37
LogDevObjectVersion:   Dev-PhysicsMaterial-Chaos (B68FC16E-8B1B-42E2-B453-215C058844FE): 1
LogDevObjectVersion:   Dev-CineCamera (B2E18506-4273-CFC2-A54E-F4BB758BBA07): 1
LogInit: Presizing for max 25165824 objects, including 0 objects not considered by GC, pre-allocating 0 bytes for permanent pool.
LogConfig: Applying CVar settings from Section [/Script/Engine.StreamingSettings] File [C:/Users/Christian Hinkle/Documents/Unreal Projects/SonicSiege/SonicSiege/Saved/Config/Windows/Engine.ini]
LogConfig: Setting CVar [[s.MinBulkDataSizeForAsyncLoading:131072]]
LogConfig: Setting CVar [[s.AsyncLoadingThreadEnabled:0]]
LogConfig: Setting CVar [[s.EventDrivenLoaderEnabled:1]]
LogConfig: Setting CVar [[s.WarnIfTimeLimitExceeded:0]]
LogConfig: Setting CVar [[s.TimeLimitExceededMultiplier:1.5]]
LogConfig: Setting CVar [[s.TimeLimitExceededMinTime:0.005]]
LogConfig: Setting CVar [[s.UseBackgroundLevelStreaming:1]]
LogConfig: Setting CVar [[s.PriorityAsyncLoadingExtraTime:15.0]]
LogConfig: Setting CVar [[s.LevelStreamingActorsUpdateTimeLimit:5.0]]
LogConfig: Setting CVar [[s.PriorityLevelStreamingActorsUpdateExtraTime:5.0]]
LogConfig: Setting CVar [[s.LevelStreamingComponentsRegistrationGranularity:10]]
LogConfig: Setting CVar [[s.UnregisterComponentsTimeLimit:1.0]]
LogConfig: Setting CVar [[s.LevelStreamingComponentsUnregistrationGranularity:5]]
LogConfig: Setting CVar [[s.FlushStreamingOnExit:1]]
LogInit: Object subsystem initialized
LogConfig: Setting CVar [[con.DebugEarlyDefault:1]]
LogConfig: Setting CVar [[net.UseAdaptiveNetUpdateFrequency:1	# Make sure your engine's Engine/Config/ConsoleVariables.ini isn't setting this to 0! (I thought that the project's ini file would override the engine's but this wasn't the case for us)]]
LogConfig: Setting CVar [[r.setres:1280x720]]
[2020.10.06-15.17.10:866][  0]LogConfig: Setting CVar [[r.VSync:0]]
[2020.10.06-15.17.10:867][  0]LogConfig: Setting CVar [[r.RHICmdBypass:0]]
[2020.10.06-15.17.10:867][  0]LogConfig: Applying CVar settings from Section [/Script/Engine.RendererSettings] File [C:/Users/Christian Hinkle/Documents/Unreal Projects/SonicSiege/SonicSiege/Saved/Config/Windows/Engine.ini]
[2020.10.06-15.17.10:867][  0]LogConfig: Setting CVar [[r.GPUCrashDebugging:0]]
[2020.10.06-15.17.10:868][  0]LogConfig: Applying CVar settings from Section [/Script/Engine.RendererOverrideSettings] File [C:/Users/Christian Hinkle/Documents/Unreal Projects/SonicSiege/SonicSiege/Saved/Config/Windows/Engine.ini]
[2020.10.06-15.17.10:868][  0]LogConfig: Applying CVar settings from Section [/Script/Engine.StreamingSettings] File [C:/Users/Christian Hinkle/Documents/Unreal Projects/SonicSiege/SonicSiege/Saved/Config/Windows/Engine.ini]
[2020.10.06-15.17.10:868][  0]LogConfig: Setting CVar [[s.MinBulkDataSizeForAsyncLoading:131072]]
[2020.10.06-15.17.10:868][  0]LogConfig: Setting CVar [[s.AsyncLoadingThreadEnabled:0]]
[2020.10.06-15.17.10:868][  0]LogConfig: Setting CVar [[s.EventDrivenLoaderEnabled:1]]
[2020.10.06-15.17.10:868][  0]LogConfig: Setting CVar [[s.WarnIfTimeLimitExceeded:0]]
[2020.10.06-15.17.10:868][  0]LogConfig: Setting CVar [[s.TimeLimitExceededMultiplier:1.5]]
[2020.10.06-15.17.10:868][  0]LogConfig: Setting CVar [[s.TimeLimitExceededMinTime:0.005]]
[2020.10.06-15.17.10:868][  0]LogConfig: Setting CVar [[s.UseBackgroundLevelStreaming:1]]
[2020.10.06-15.17.10:868][  0]LogConfig: Setting CVar [[s.PriorityAsyncLoadingExtraTime:15.0]]
[2020.10.06-15.17.10:868][  0]LogConfig: Setting CVar [[s.LevelStreamingActorsUpdateTimeLimit:5.0]]
[2020.10.06-15.17.10:868][  0]LogConfig: Setting CVar [[s.PriorityLevelStreamingActorsUpdateExtraTime:5.0]]
[2020.10.06-15.17.10:868][  0]LogConfig: Setting CVar [[s.LevelStreamingComponentsRegistrationGranularity:10]]
[2020.10.06-15.17.10:868][  0]LogConfig: Setting CVar [[s.UnregisterComponentsTimeLimit:1.0]]
[2020.10.06-15.17.10:868][  0]LogConfig: Setting CVar [[s.LevelStreamingComponentsUnregistrationGranularity:5]]
[2020.10.06-15.17.10:868][  0]LogConfig: Setting CVar [[s.FlushStreamingOnExit:1]]
[2020.10.06-15.17.10:868][  0]LogConfig: Applying CVar settings from Section [/Script/Engine.GarbageCollectionSettings] File [C:/Users/Christian Hinkle/Documents/Unreal Projects/SonicSiege/SonicSiege/Saved/Config/Windows/Engine.ini]
[2020.10.06-15.17.10:869][  0]LogConfig: Setting CVar [[gc.MaxObjectsNotConsideredByGC:1]]
[2020.10.06-15.17.10:869][  0]LogConfig: Setting CVar [[gc.SizeOfPermanentObjectPool:0]]
[2020.10.06-15.17.10:869][  0]LogConfig: Setting CVar [[gc.FlushStreamingOnGC:0]]
[2020.10.06-15.17.10:869][  0]LogConfig: Setting CVar [[gc.NumRetriesBeforeForcingGC:10]]
[2020.10.06-15.17.10:869][  0]LogConfig: Setting CVar [[gc.AllowParallelGC:1]]
[2020.10.06-15.17.10:869][  0]LogConfig: Setting CVar [[gc.TimeBetweenPurgingPendingKillObjects:61.1]]
[2020.10.06-15.17.10:869][  0]LogConfig: Setting CVar [[gc.MaxObjectsInEditor:25165824]]
[2020.10.06-15.17.10:869][  0]LogConfig: Setting CVar [[gc.IncrementalBeginDestroyEnabled:1]]
[2020.10.06-15.17.10:869][  0]LogConfig: Setting CVar [[gc.CreateGCClusters:1]]
[2020.10.06-15.17.10:869][  0]LogConfig: Setting CVar [[gc.MinGCClusterSize:5]]
[2020.10.06-15.17.10:869][  0]LogConfig: Setting CVar [[gc.ActorClusteringEnabled:0]]
[2020.10.06-15.17.10:869][  0]LogConfig: Setting CVar [[gc.BlueprintClusteringEnabled:0]]
[2020.10.06-15.17.10:869][  0]LogConfig: Setting CVar [[gc.UseDisregardForGCOnDedicatedServers:0]]
[2020.10.06-15.17.10:869][  0]LogConfig: Applying CVar settings from Section [/Script/Engine.NetworkSettings] File [C:/Users/Christian Hinkle/Documents/Unreal Projects/SonicSiege/SonicSiege/Saved/Config/Windows/Engine.ini]
[2020.10.06-15.17.10:869][  0]LogConfig: Applying CVar settings from Section [/Script/UnrealEd.CookerSettings] File [C:/Users/Christian Hinkle/Documents/Unreal Projects/SonicSiege/SonicSiege/Saved/Config/Windows/Engine.ini]
[2020.10.06-15.17.10:886][  0]LogConfig: Applying CVar settings from Section [ViewDistanceQuality@3] File [C:/Users/Christian Hinkle/Documents/Unreal Projects/SonicSiege/SonicSiege/Saved/Config/Windows/Scalability.ini]
[2020.10.06-15.17.10:886][  0]LogConfig: Setting CVar [[r.SkeletalMeshLODBias:0]]
[2020.10.06-15.17.10:886][  0]LogConfig: Setting CVar [[r.ViewDistanceScale:1.0]]
[2020.10.06-15.17.10:886][  0]LogConfig: Applying CVar settings from Section [AntiAliasingQuality@3] File [C:/Users/Christian Hinkle/Documents/Unreal Projects/SonicSiege/SonicSiege/Saved/Config/Windows/Scalability.ini]
[2020.10.06-15.17.10:886][  0]LogConfig: Setting CVar [[r.PostProcessAAQuality:4]]
[2020.10.06-15.17.10:886][  0]LogConfig: Applying CVar settings from Section [ShadowQuality@3] File [C:/Users/Christian Hinkle/Documents/Unreal Projects/SonicSiege/SonicSiege/Saved/Config/Windows/Scalability.ini]
[2020.10.06-15.17.10:886][  0]LogConfig: Setting CVar [[r.LightFunctionQuality:1]]
[2020.10.06-15.17.10:886][  0]LogConfig: Setting CVar [[r.ShadowQuality:5]]
[2020.10.06-15.17.10:886][  0]LogConfig: Setting CVar [[r.Shadow.CSM.MaxCascades:10]]
[2020.10.06-15.17.10:887][  0]LogConfig: Setting CVar [[r.Shadow.MaxResolution:2048]]
[2020.10.06-15.17.10:887][  0]LogConfig: Setting CVar [[r.Shadow.MaxCSMResolution:2048]]
[2020.10.06-15.17.10:887][  0]LogConfig: Setting CVar [[r.Shadow.RadiusThreshold:0.01]]
[2020.10.06-15.17.10:887][  0]LogConfig: Setting CVar [[r.Shadow.DistanceScale:1.0]]
[2020.10.06-15.17.10:887][  0]LogConfig: Setting CVar [[r.Shadow.CSM.TransitionScale:1.0]]
[2020.10.06-15.17.10:887][  0]LogConfig: Setting CVar [[r.Shadow.PreShadowResolutionFactor:1.0]]
[2020.10.06-15.17.10:887][  0]LogConfig: Setting CVar [[r.DistanceFieldShadowing:1]]
[2020.10.06-15.17.10:887][  0]LogConfig: Setting CVar [[r.DistanceFieldAO:1]]
[2020.10.06-15.17.10:887][  0]LogConfig: Setting CVar [[r.AOQuality:2]]
[2020.10.06-15.17.10:887][  0]LogConfig: Setting CVar [[r.VolumetricFog:1]]
[2020.10.06-15.17.10:887][  0]LogConfig: Setting CVar [[r.VolumetricFog.GridPixelSize:8]]
[2020.10.06-15.17.10:887][  0]LogConfig: Setting CVar [[r.VolumetricFog.GridSizeZ:128]]
[2020.10.06-15.17.10:887][  0]LogConfig: Setting CVar [[r.VolumetricFog.HistoryMissSupersampleCount:4]]
[2020.10.06-15.17.10:887][  0]LogConfig: Setting CVar [[r.LightMaxDrawDistanceScale:1]]
[2020.10.06-15.17.10:888][  0]LogConfig: Setting CVar [[r.CapsuleShadows:1]]
[2020.10.06-15.17.10:888][  0]LogConfig: Applying CVar settings from Section [PostProcessQuality@3] File [C:/Users/Christian Hinkle/Documents/Unreal Projects/SonicSiege/SonicSiege/Saved/Config/Windows/Scalability.ini]
[2020.10.06-15.17.10:888][  0]LogConfig: Setting CVar [[r.MotionBlurQuality:4]]
[2020.10.06-15.17.10:888][  0]LogConfig: Setting CVar [[r.AmbientOcclusionMipLevelFactor:0.4]]
[2020.10.06-15.17.10:888][  0]LogConfig: Setting CVar [[r.AmbientOcclusionMaxQuality:100]]
[2020.10.06-15.17.10:888][  0]LogConfig: Setting CVar [[r.AmbientOcclusionLevels:-1]]
[2020.10.06-15.17.10:888][  0]LogConfig: Setting CVar [[r.AmbientOcclusionRadiusScale:1.0]]
[2020.10.06-15.17.10:888][  0]LogConfig: Setting CVar [[r.DepthOfFieldQuality:2]]
[2020.10.06-15.17.10:888][  0]LogConfig: Setting CVar [[r.RenderTargetPoolMin:400]]
[2020.10.06-15.17.10:888][  0]LogConfig: Setting CVar [[r.LensFlareQuality:2]]
[2020.10.06-15.17.10:888][  0]LogConfig: Setting CVar [[r.SceneColorFringeQuality:1]]
[2020.10.06-15.17.10:888][  0]LogConfig: Setting CVar [[r.EyeAdaptationQuality:2]]
[2020.10.06-15.17.10:888][  0]LogConfig: Setting CVar [[r.BloomQuality:5]]
[2020.10.06-15.17.10:888][  0]LogConfig: Setting CVar [[r.FastBlurThreshold:100]]
[2020.10.06-15.17.10:888][  0]LogConfig: Setting CVar [[r.Upscale.Quality:3]]
[2020.10.06-15.17.10:888][  0]LogConfig: Setting CVar [[r.Tonemapper.GrainQuantization:1]]
[2020.10.06-15.17.10:888][  0]LogConfig: Setting CVar [[r.LightShaftQuality:1]]
[2020.10.06-15.17.10:889][  0]LogConfig: Setting CVar [[r.Filter.SizeScale:1]]
[2020.10.06-15.17.10:889][  0]LogConfig: Setting CVar [[r.Tonemapper.Quality:5]]
[2020.10.06-15.17.10:889][  0]LogConfig: Setting CVar [[r.DOF.Gather.AccumulatorQuality:1        ; higher gathering accumulator quality]]
[2020.10.06-15.17.10:889][  0]LogConfig: Setting CVar [[r.DOF.Gather.PostfilterMethod:1          ; Median3x3 postfilering method]]
[2020.10.06-15.17.10:889][  0]LogConfig: Setting CVar [[r.DOF.Gather.EnableBokehSettings:0       ; no bokeh simulation when gathering]]
[2020.10.06-15.17.10:889][  0]LogConfig: Setting CVar [[r.DOF.Gather.RingCount:4                 ; medium number of samples when gathering]]
[2020.10.06-15.17.10:889][  0]LogConfig: Setting CVar [[r.DOF.Scatter.ForegroundCompositing:1    ; additive foreground scattering]]
[2020.10.06-15.17.10:889][  0]LogConfig: Setting CVar [[r.DOF.Scatter.BackgroundCompositing:2    ; additive background scattering]]
[2020.10.06-15.17.10:889][  0]LogConfig: Setting CVar [[r.DOF.Scatter.EnableBokehSettings:1      ; bokeh simulation when scattering]]
[2020.10.06-15.17.10:889][  0]LogConfig: Setting CVar [[r.DOF.Scatter.MaxSpriteRatio:0.1         ; only a maximum of 10% of scattered bokeh]]
[2020.10.06-15.17.10:889][  0]LogConfig: Setting CVar [[r.DOF.Recombine.Quality:1                ; cheap slight out of focus]]
[2020.10.06-15.17.10:889][  0]LogConfig: Setting CVar [[r.DOF.Recombine.EnableBokehSettings:0    ; no bokeh simulation on slight out of focus]]
[2020.10.06-15.17.10:889][  0]LogConfig: Setting CVar [[r.DOF.TemporalAAQuality:1                ; more stable temporal accumulation]]
[2020.10.06-15.17.10:889][  0]LogConfig: Setting CVar [[r.DOF.Kernel.MaxForegroundRadius:0.025]]
[2020.10.06-15.17.10:889][  0]LogConfig: Setting CVar [[r.DOF.Kernel.MaxBackgroundRadius:0.025]]
[2020.10.06-15.17.10:889][  0]LogConfig: Applying CVar settings from Section [TextureQuality@3] File [C:/Users/Christian Hinkle/Documents/Unreal Projects/SonicSiege/SonicSiege/Saved/Config/Windows/Scalability.ini]
[2020.10.06-15.17.10:889][  0]LogConfig: Setting CVar [[r.Streaming.MipBias:0]]
[2020.10.06-15.17.10:889][  0]LogConfig: Setting CVar [[r.Streaming.AmortizeCPUToGPUCopy:0]]
[2020.10.06-15.17.10:889][  0]LogConfig: Setting CVar [[r.Streaming.MaxNumTexturesToStreamPerFrame:0]]
[2020.10.06-15.17.10:890][  0]LogConfig: Setting CVar [[r.Streaming.Boost:1]]
[2020.10.06-15.17.10:890][  0]LogConfig: Setting CVar [[r.MaxAnisotropy:8]]
[2020.10.06-15.17.10:890][  0]LogConfig: Setting CVar [[r.VT.MaxAnisotropy:8]]
[2020.10.06-15.17.10:890][  0]LogConfig: Setting CVar [[r.Streaming.LimitPoolSizeToVRAM:0]]
[2020.10.06-15.17.10:890][  0]LogConfig: Setting CVar [[r.Streaming.PoolSize:1000]]
[2020.10.06-15.17.10:890][  0]LogConfig: Setting CVar [[r.Streaming.MaxEffectiveScreenSize:0]]
[2020.10.06-15.17.10:890][  0]LogConfig: Applying CVar settings from Section [EffectsQuality@3] File [C:/Users/Christian Hinkle/Documents/Unreal Projects/SonicSiege/SonicSiege/Saved/Config/Windows/Scalability.ini]
[2020.10.06-15.17.10:890][  0]LogConfig: Setting CVar [[r.TranslucencyLightingVolumeDim:64]]
[2020.10.06-15.17.10:890][  0]LogConfig: Setting CVar [[r.RefractionQuality:2]]
[2020.10.06-15.17.10:890][  0]LogConfig: Setting CVar [[r.SSR.Quality:3]]
[2020.10.06-15.17.10:890][  0]LogConfig: Setting CVar [[r.SSR.HalfResSceneColor:0]]
[2020.10.06-15.17.10:890][  0]LogConfig: Setting CVar [[r.SceneColorFormat:4]]
[2020.10.06-15.17.10:890][  0]LogConfig: Setting CVar [[r.DetailMode:2]]
[2020.10.06-15.17.10:890][  0]LogConfig: Setting CVar [[r.TranslucencyVolumeBlur:1]]
[2020.10.06-15.17.10:890][  0]LogConfig: Setting CVar [[r.MaterialQualityLevel:1 ; High quality]]
[2020.10.06-15.17.10:890][  0]LogConfig: Setting CVar [[r.SSS.Scale:1]]
[2020.10.06-15.17.10:890][  0]LogConfig: Setting CVar [[r.SSS.SampleSet:2]]
[2020.10.06-15.17.10:891][  0]LogConfig: Setting CVar [[r.SSS.Quality:1]]
[2020.10.06-15.17.10:891][  0]LogConfig: Setting CVar [[r.SSS.HalfRes:0]]
[2020.10.06-15.17.10:891][  0]LogConfig: Setting CVar [[r.SSGI.Quality:3]]
[2020.10.06-15.17.10:891][  0]LogConfig: Setting CVar [[r.EmitterSpawnRateScale:1.0]]
[2020.10.06-15.17.10:891][  0]LogConfig: Setting CVar [[r.ParticleLightQuality:2]]
[2020.10.06-15.17.10:891][  0]LogConfig: Setting CVar [[r.SkyAtmosphere.AerialPerspectiveLUT.FastApplyOnOpaque:1 ; Always have FastSkyLUT 1 in this case to avoid wrong sky]]
[2020.10.06-15.17.10:891][  0]LogConfig: Setting CVar [[r.SkyAtmosphere.AerialPerspectiveLUT.SampleCountPerSlice:1]]
[2020.10.06-15.17.10:891][  0]LogConfig: Setting CVar [[r.SkyAtmosphere.AerialPerspectiveLUT.DepthResolution:16.0]]
[2020.10.06-15.17.10:891][  0]LogConfig: Setting CVar [[r.SkyAtmosphere.FastSkyLUT:1]]
[2020.10.06-15.17.10:891][  0]LogConfig: Setting CVar [[r.SkyAtmosphere.FastSkyLUT.SampleCountMin:4.0]]
[2020.10.06-15.17.10:891][  0]LogConfig: Setting CVar [[r.SkyAtmosphere.FastSkyLUT.SampleCountMax:32.0]]
[2020.10.06-15.17.10:891][  0]LogConfig: Setting CVar [[r.SkyAtmosphere.SampleCountMin:4.0]]
[2020.10.06-15.17.10:892][  0]LogConfig: Setting CVar [[r.SkyAtmosphere.SampleCountMax:32.0]]
[2020.10.06-15.17.10:892][  0]LogConfig: Setting CVar [[r.SkyAtmosphere.TransmittanceLUT.UseSmallFormat:0]]
[2020.10.06-15.17.10:892][  0]LogConfig: Setting CVar [[r.SkyAtmosphere.TransmittanceLUT.SampleCount:10.0]]
[2020.10.06-15.17.10:892][  0]LogConfig: Setting CVar [[r.SkyAtmosphere.MultiScatteringLUT.SampleCount:15.0]]
[2020.10.06-15.17.10:892][  0]LogConfig: Applying CVar settings from Section [FoliageQuality@3] File [C:/Users/Christian Hinkle/Documents/Unreal Projects/SonicSiege/SonicSiege/Saved/Config/Windows/Scalability.ini]
[2020.10.06-15.17.10:892][  0]LogConfig: Setting CVar [[foliage.DensityScale:1.0]]
[2020.10.06-15.17.10:892][  0]LogConfig: Setting CVar [[grass.DensityScale:1.0]]
[2020.10.06-15.17.10:892][  0]LogConfig: Applying CVar settings from Section [ShadingQuality@3] File [C:/Users/Christian Hinkle/Documents/Unreal Projects/SonicSiege/SonicSiege/Saved/Config/Windows/Scalability.ini]
[2020.10.06-15.17.10:892][  0]LogConfig: Setting CVar [[r.HairStrands.SkyLighting.SampleCount:16]]
[2020.10.06-15.17.10:892][  0]LogConfig: Setting CVar [[r.HairStrands.SkyLighting.JitterIntegration:0]]
[2020.10.06-15.17.10:892][  0]LogConfig: Setting CVar [[r.HairStrands.SkyAO.SampleCount:16]]
[2020.10.06-15.17.10:892][  0]LogConfig: Setting CVar [[r.HairStrands.DeepShadow.SuperSampling:0]]
[2020.10.06-15.17.10:893][  0]LogConfig: Setting CVar [[r.HairStrands.VisibilityPPLL:0]]
[2020.10.06-15.17.10:893][  0]LogConfig: Setting CVar [[r.HairStrands.RasterizationScale:0.5]]
[2020.10.06-15.17.10:893][  0]LogConfig: Setting CVar [[r.HairStrands.VelocityRasterizationScale:1]]
[2020.10.06-15.17.10:903][  0]LogInit: Selected Device Profile: [Windows]
[2020.10.06-15.17.10:913][  0]LogInit: Applying CVar settings loaded from the selected device profile: [Windows]
[2020.10.06-15.17.10:917][  0]LogHAL: Display: Platform has ~ 16 GB [17128710144 / 17179869184 / 16], which maps to Larger [LargestMinGB=32, LargerMinGB=12, DefaultMinGB=8, SmallerMinGB=6, SmallestMinGB=0)
[2020.10.06-15.17.10:917][  0]LogInit: Going up to parent DeviceProfile []
[2020.10.06-15.17.10:923][  0]LogConfig: Applying CVar settings from Section [ViewDistanceQuality@3] File [C:/Users/Christian Hinkle/Documents/Unreal Projects/SonicSiege/SonicSiege/Saved/Config/Windows/Scalability.ini]
[2020.10.06-15.17.10:923][  0]LogConfig: Setting CVar [[r.SkeletalMeshLODBias:0]]
[2020.10.06-15.17.10:923][  0]LogConfig: Setting CVar [[r.ViewDistanceScale:1.0]]
[2020.10.06-15.17.10:923][  0]LogConfig: Applying CVar settings from Section [AntiAliasingQuality@3] File [C:/Users/Christian Hinkle/Documents/Unreal Projects/SonicSiege/SonicSiege/Saved/Config/Windows/Scalability.ini]
[2020.10.06-15.17.10:924][  0]LogConfig: Setting CVar [[r.PostProcessAAQuality:4]]
[2020.10.06-15.17.10:924][  0]LogConfig: Applying CVar settings from Section [ShadowQuality@3] File [C:/Users/Christian Hinkle/Documents/Unreal Projects/SonicSiege/SonicSiege/Saved/Config/Windows/Scalability.ini]
[2020.10.06-15.17.10:924][  0]LogConfig: Setting CVar [[r.LightFunctionQuality:1]]
[2020.10.06-15.17.10:924][  0]LogConfig: Setting CVar [[r.ShadowQuality:5]]
[2020.10.06-15.17.10:924][  0]LogConfig: Setting CVar [[r.Shadow.CSM.MaxCascades:10]]
[2020.10.06-15.17.10:924][  0]LogConfig: Setting CVar [[r.Shadow.MaxResolution:2048]]
[2020.10.06-15.17.10:924][  0]LogConfig: Setting CVar [[r.Shadow.MaxCSMResolution:2048]]
[2020.10.06-15.17.10:924][  0]LogConfig: Setting CVar [[r.Shadow.RadiusThreshold:0.01]]
[2020.10.06-15.17.10:924][  0]LogConfig: Setting CVar [[r.Shadow.DistanceScale:1.0]]
[2020.10.06-15.17.10:924][  0]LogConfig: Setting CVar [[r.Shadow.CSM.TransitionScale:1.0]]
[2020.10.06-15.17.10:924][  0]LogConfig: Setting CVar [[r.Shadow.PreShadowResolutionFactor:1.0]]
[2020.10.06-15.17.10:924][  0]LogConfig: Setting CVar [[r.DistanceFieldShadowing:1]]
[2020.10.06-15.17.10:924][  0]LogConfig: Setting CVar [[r.DistanceFieldAO:1]]
[2020.10.06-15.17.10:925][  0]LogConfig: Setting CVar [[r.AOQuality:2]]
[2020.10.06-15.17.10:925][  0]LogConfig: Setting CVar [[r.VolumetricFog:1]]
[2020.10.06-15.17.10:925][  0]LogConfig: Setting CVar [[r.VolumetricFog.GridPixelSize:8]]
[2020.10.06-15.17.10:925][  0]LogConfig: Setting CVar [[r.VolumetricFog.GridSizeZ:128]]
[2020.10.06-15.17.10:925][  0]LogConfig: Setting CVar [[r.VolumetricFog.HistoryMissSupersampleCount:4]]
[2020.10.06-15.17.10:925][  0]LogConfig: Setting CVar [[r.LightMaxDrawDistanceScale:1]]
[2020.10.06-15.17.10:925][  0]LogConfig: Setting CVar [[r.CapsuleShadows:1]]
[2020.10.06-15.17.10:925][  0]LogConfig: Applying CVar settings from Section [PostProcessQuality@3] File [C:/Users/Christian Hinkle/Documents/Unreal Projects/SonicSiege/SonicSiege/Saved/Config/Windows/Scalability.ini]
[2020.10.06-15.17.10:925][  0]LogConfig: Setting CVar [[r.MotionBlurQuality:4]]
[2020.10.06-15.17.10:925][  0]LogConfig: Setting CVar [[r.AmbientOcclusionMipLevelFactor:0.4]]
[2020.10.06-15.17.10:925][  0]LogConfig: Setting CVar [[r.AmbientOcclusionMaxQuality:100]]
[2020.10.06-15.17.10:925][  0]LogConfig: Setting CVar [[r.AmbientOcclusionLevels:-1]]
[2020.10.06-15.17.10:925][  0]LogConfig: Setting CVar [[r.AmbientOcclusionRadiusScale:1.0]]
[2020.10.06-15.17.10:926][  0]LogConfig: Setting CVar [[r.DepthOfFieldQuality:2]]
[2020.10.06-15.17.10:926][  0]LogConfig: Setting CVar [[r.RenderTargetPoolMin:400]]
[2020.10.06-15.17.10:926][  0]LogConfig: Setting CVar [[r.LensFlareQuality:2]]
[2020.10.06-15.17.10:926][  0]LogConfig: Setting CVar [[r.SceneColorFringeQuality:1]]
[2020.10.06-15.17.10:926][  0]LogConfig: Setting CVar [[r.EyeAdaptationQuality:2]]
[2020.10.06-15.17.10:926][  0]LogConfig: Setting CVar [[r.BloomQuality:5]]
[2020.10.06-15.17.10:926][  0]LogConfig: Setting CVar [[r.FastBlurThreshold:100]]
[2020.10.06-15.17.10:926][  0]LogConfig: Setting CVar [[r.Upscale.Quality:3]]
[2020.10.06-15.17.10:926][  0]LogConfig: Setting CVar [[r.Tonemapper.GrainQuantization:1]]
[2020.10.06-15.17.10:926][  0]LogConfig: Setting CVar [[r.LightShaftQuality:1]]
[2020.10.06-15.17.10:926][  0]LogConfig: Setting CVar [[r.Filter.SizeScale:1]]
[2020.10.06-15.17.10:926][  0]LogConfig: Setting CVar [[r.Tonemapper.Quality:5]]
[2020.10.06-15.17.10:926][  0]LogConfig: Setting CVar [[r.DOF.Gather.AccumulatorQuality:1        ; higher gathering accumulator quality]]
[2020.10.06-15.17.10:926][  0]LogConfig: Setting CVar [[r.DOF.Gather.PostfilterMethod:1          ; Median3x3 postfilering method]]
[2020.10.06-15.17.10:926][  0]LogConfig: Setting CVar [[r.DOF.Gather.EnableBokehSettings:0       ; no bokeh simulation when gathering]]
[2020.10.06-15.17.10:926][  0]LogConfig: Setting CVar [[r.DOF.Gather.RingCount:4                 ; medium number of samples when gathering]]
[2020.10.06-15.17.10:926][  0]LogConfig: Setting CVar [[r.DOF.Scatter.ForegroundCompositing:1    ; additive foreground scattering]]
[2020.10.06-15.17.10:926][  0]LogConfig: Setting CVar [[r.DOF.Scatter.BackgroundCompositing:2    ; additive background scattering]]
[2020.10.06-15.17.10:926][  0]LogConfig: Setting CVar [[r.DOF.Scatter.EnableBokehSettings:1      ; bokeh simulation when scattering]]
[2020.10.06-15.17.10:927][  0]LogConfig: Setting CVar [[r.DOF.Scatter.MaxSpriteRatio:0.1         ; only a maximum of 10% of scattered bokeh]]
[2020.10.06-15.17.10:927][  0]LogConfig: Setting CVar [[r.DOF.Recombine.Quality:1                ; cheap slight out of focus]]
[2020.10.06-15.17.10:927][  0]LogConfig: Setting CVar [[r.DOF.Recombine.EnableBokehSettings:0    ; no bokeh simulation on slight out of focus]]
[2020.10.06-15.17.10:927][  0]LogConfig: Setting CVar [[r.DOF.TemporalAAQuality:1                ; more stable temporal accumulation]]
[2020.10.06-15.17.10:927][  0]LogConfig: Setting CVar [[r.DOF.Kernel.MaxForegroundRadius:0.025]]
[2020.10.06-15.17.10:927][  0]LogConfig: Setting CVar [[r.DOF.Kernel.MaxBackgroundRadius:0.025]]
[2020.10.06-15.17.10:927][  0]LogConfig: Applying CVar settings from Section [TextureQuality@3] File [C:/Users/Christian Hinkle/Documents/Unreal Projects/SonicSiege/SonicSiege/Saved/Config/Windows/Scalability.ini]
[2020.10.06-15.17.10:927][  0]LogConfig: Setting CVar [[r.Streaming.MipBias:0]]
[2020.10.06-15.17.10:927][  0]LogConfig: Setting CVar [[r.Streaming.AmortizeCPUToGPUCopy:0]]
[2020.10.06-15.17.10:927][  0]LogConfig: Setting CVar [[r.Streaming.MaxNumTexturesToStreamPerFrame:0]]
[2020.10.06-15.17.10:927][  0]LogConfig: Setting CVar [[r.Streaming.Boost:1]]
[2020.10.06-15.17.10:927][  0]LogConfig: Setting CVar [[r.MaxAnisotropy:8]]
[2020.10.06-15.17.10:927][  0]LogConfig: Setting CVar [[r.VT.MaxAnisotropy:8]]
[2020.10.06-15.17.10:927][  0]LogConfig: Setting CVar [[r.Streaming.LimitPoolSizeToVRAM:0]]
[2020.10.06-15.17.10:927][  0]LogConfig: Setting CVar [[r.Streaming.PoolSize:1000]]
[2020.10.06-15.17.10:928][  0]LogConfig: Setting CVar [[r.Streaming.MaxEffectiveScreenSize:0]]
[2020.10.06-15.17.10:928][  0]LogConfig: Applying CVar settings from Section [EffectsQuality@3] File [C:/Users/Christian Hinkle/Documents/Unreal Projects/SonicSiege/SonicSiege/Saved/Config/Windows/Scalability.ini]
[2020.10.06-15.17.10:928][  0]LogConfig: Setting CVar [[r.TranslucencyLightingVolumeDim:64]]
[2020.10.06-15.17.10:928][  0]LogConfig: Setting CVar [[r.RefractionQuality:2]]
[2020.10.06-15.17.10:928][  0]LogConfig: Setting CVar [[r.SSR.Quality:3]]
[2020.10.06-15.17.10:928][  0]LogConfig: Setting CVar [[r.SSR.HalfResSceneColor:0]]
[2020.10.06-15.17.10:928][  0]LogConfig: Setting CVar [[r.SceneColorFormat:4]]
[2020.10.06-15.17.10:928][  0]LogConfig: Setting CVar [[r.DetailMode:2]]
[2020.10.06-15.17.10:928][  0]LogConfig: Setting CVar [[r.TranslucencyVolumeBlur:1]]
[2020.10.06-15.17.10:928][  0]LogConfig: Setting CVar [[r.MaterialQualityLevel:1 ; High quality]]
[2020.10.06-15.17.10:928][  0]LogConfig: Setting CVar [[r.SSS.Scale:1]]
[2020.10.06-15.17.10:928][  0]LogConfig: Setting CVar [[r.SSS.SampleSet:2]]
[2020.10.06-15.17.10:928][  0]LogConfig: Setting CVar [[r.SSS.Quality:1]]
[2020.10.06-15.17.10:928][  0]LogConfig: Setting CVar [[r.SSS.HalfRes:0]]
[2020.10.06-15.17.10:929][  0]LogConfig: Setting CVar [[r.SSGI.Quality:3]]
[2020.10.06-15.17.10:929][  0]LogConfig: Setting CVar [[r.EmitterSpawnRateScale:1.0]]
[2020.10.06-15.17.10:929][  0]LogConfig: Setting CVar [[r.ParticleLightQuality:2]]
[2020.10.06-15.17.10:929][  0]LogConfig: Setting CVar [[r.SkyAtmosphere.AerialPerspectiveLUT.FastApplyOnOpaque:1 ; Always have FastSkyLUT 1 in this case to avoid wrong sky]]
[2020.10.06-15.17.10:929][  0]LogConfig: Setting CVar [[r.SkyAtmosphere.AerialPerspectiveLUT.SampleCountPerSlice:1]]
[2020.10.06-15.17.10:929][  0]LogConfig: Setting CVar [[r.SkyAtmosphere.AerialPerspectiveLUT.DepthResolution:16.0]]
[2020.10.06-15.17.10:929][  0]LogConfig: Setting CVar [[r.SkyAtmosphere.FastSkyLUT:1]]
[2020.10.06-15.17.10:929][  0]LogConfig: Setting CVar [[r.SkyAtmosphere.FastSkyLUT.SampleCountMin:4.0]]
[2020.10.06-15.17.10:929][  0]LogConfig: Setting CVar [[r.SkyAtmosphere.FastSkyLUT.SampleCountMax:32.0]]
[2020.10.06-15.17.10:929][  0]LogConfig: Setting CVar [[r.SkyAtmosphere.SampleCountMin:4.0]]
[2020.10.06-15.17.10:929][  0]LogConfig: Setting CVar [[r.SkyAtmosphere.SampleCountMax:32.0]]
[2020.10.06-15.17.10:929][  0]LogConfig: Setting CVar [[r.SkyAtmosphere.TransmittanceLUT.UseSmallFormat:0]]
[2020.10.06-15.17.10:929][  0]LogConfig: Setting CVar [[r.SkyAtmosphere.TransmittanceLUT.SampleCount:10.0]]
[2020.10.06-15.17.10:929][  0]LogConfig: Setting CVar [[r.SkyAtmosphere.MultiScatteringLUT.SampleCount:15.0]]
[2020.10.06-15.17.10:930][  0]LogConfig: Applying CVar settings from Section [FoliageQuality@3] File [C:/Users/Christian Hinkle/Documents/Unreal Projects/SonicSiege/SonicSiege/Saved/Config/Windows/Scalability.ini]
[2020.10.06-15.17.10:930][  0]LogConfig: Setting CVar [[foliage.DensityScale:1.0]]
[2020.10.06-15.17.10:930][  0]LogConfig: Setting CVar [[grass.DensityScale:1.0]]
[2020.10.06-15.17.10:930][  0]LogConfig: Applying CVar settings from Section [ShadingQuality@3] File [C:/Users/Christian Hinkle/Documents/Unreal Projects/SonicSiege/SonicSiege/Saved/Config/Windows/Scalability.ini]
[2020.10.06-15.17.10:930][  0]LogConfig: Setting CVar [[r.HairStrands.SkyLighting.SampleCount:16]]
[2020.10.06-15.17.10:930][  0]LogConfig: Setting CVar [[r.HairStrands.SkyLighting.JitterIntegration:0]]
[2020.10.06-15.17.10:930][  0]LogConfig: Setting CVar [[r.HairStrands.SkyAO.SampleCount:16]]
[2020.10.06-15.17.10:930][  0]LogConfig: Setting CVar [[r.HairStrands.DeepShadow.SuperSampling:0]]
[2020.10.06-15.17.10:930][  0]LogConfig: Setting CVar [[r.HairStrands.VisibilityPPLL:0]]
[2020.10.06-15.17.10:930][  0]LogConfig: Setting CVar [[r.HairStrands.RasterizationScale:0.5]]
[2020.10.06-15.17.10:930][  0]LogConfig: Setting CVar [[r.HairStrands.VelocityRasterizationScale:1]]
[2020.10.06-15.17.10:930][  0]LogConfig: Applying CVar settings from Section [Startup] File [../../../Engine/Config/ConsoleVariables.ini]
[2020.10.06-15.17.10:931][  0]LogConfig: Setting CVar [[p.chaos.AllowCreatePhysxBodies:1]]
[2020.10.06-15.17.10:931][  0]LogConfig: Setting CVar [[fx.SkipVectorVMBackendOptimizations:1]]
[2020.10.06-15.17.10:931][  0]LogConfig: Applying CVar settings from Section [ConsoleVariables] File [C:/Users/Christian Hinkle/Documents/Unreal Projects/SonicSiege/SonicSiege/Saved/Config/Windows/Engine.ini]
[2020.10.06-15.17.11:075][  0]LogInit: Computer: DESKTOP-IM4T8T4
[2020.10.06-15.17.11:075][  0]LogInit: User: Christian
[2020.10.06-15.17.11:075][  0]LogInit: CPU Page size=4096, Cores=6
[2020.10.06-15.17.11:075][  0]LogInit: High frequency timer resolution =10.000000 MHz
[2020.10.06-15.17.11:075][  0]LogMemory: Memory total: Physical=16.0GB (16GB approx)
[2020.10.06-15.17.11:075][  0]LogMemory: Platform Memory Stats for Windows
[2020.10.06-15.17.11:075][  0]LogMemory: Process Physical Memory: 117.42 MB used, 117.42 MB peak
[2020.10.06-15.17.11:075][  0]LogMemory: Process Virtual Memory: 96.93 MB used, 96.93 MB peak
[2020.10.06-15.17.11:076][  0]LogMemory: Physical Memory: 13808.25 MB used,  2526.96 MB free, 16335.21 MB total
[2020.10.06-15.17.11:076][  0]LogMemory: Virtual Memory: 5170.96 MB used,  134212560.00 MB free, 134217728.00 MB total
[2020.10.06-15.17.11:099][  0]LogWindows: WindowsPlatformFeatures enabled
[2020.10.06-15.17.11:779][  0]LogInit: Physics initialised using underlying interface: PhysX
[2020.10.06-15.17.11:784][  0]LogInit: Using OS detected language (en-US).
[2020.10.06-15.17.11:784][  0]LogInit: Using OS detected locale (en-US).
[2020.10.06-15.17.11:819][  0]LogTextLocalizationManager: No specific localization for 'en-US' exists, so the 'en' localization will be used.
[2020.10.06-15.17.12:708][  0]LogInit: Setting process to per monitor DPI aware
[2020.10.06-15.17.12:953][  0]LogSlate: New Slate User Created.  User Index 0, Is Virtual User: 0
[2020.10.06-15.17.12:953][  0]LogSlate: Slate User Registered.  User Index 0, Is Virtual User: 0
[2020.10.06-15.17.18:340][  0]LogHMD: Failed to initialize OpenVR with code 110
[2020.10.06-15.17.18:340][  0]LogD3D11RHI: D3D11 min allowed feature level: 11_0
[2020.10.06-15.17.18:340][  0]LogD3D11RHI: D3D11 max allowed feature level: 11_0
[2020.10.06-15.17.18:341][  0]LogD3D11RHI: D3D11 adapters:
[2020.10.06-15.17.18:419][  0]LogD3D11RHI:    0. 'Radeon RX Vega' (Feature Level 11_0)
[2020.10.06-15.17.18:419][  0]LogD3D11RHI:       8119/0/8167 MB DedicatedVideo/DedicatedSystem/SharedSystem, Outputs:1, VendorId:0x1002
[2020.10.06-15.17.18:432][  0]LogD3D11RHI:    1. 'Microsoft Basic Render Driver' (Feature Level 11_0)
[2020.10.06-15.17.18:432][  0]LogD3D11RHI:       0/0/8167 MB DedicatedVideo/DedicatedSystem/SharedSystem, Outputs:0, VendorId:0x1414
[2020.10.06-15.17.18:432][  0]LogD3D11RHI: Chosen D3D11 Adapter: 0
[2020.10.06-15.17.18:446][  0]LogD3D11RHI: Creating new Direct3DDevice
[2020.10.06-15.17.18:446][  0]LogD3D11RHI:     GPU DeviceId: 0x687f (for the marketing name, search the web for "GPU Device Id")
[2020.10.06-15.17.18:447][  0]LogWindows: EnumDisplayDevices:
[2020.10.06-15.17.18:447][  0]LogWindows:    0. 'Radeon RX Vega' (P:1 D:1)
[2020.10.06-15.17.18:448][  0]LogWindows:    1. 'Radeon RX Vega' (P:0 D:0)
[2020.10.06-15.17.18:449][  0]LogWindows:    2. 'Radeon RX Vega' (P:0 D:0)
[2020.10.06-15.17.18:449][  0]LogWindows:    3. 'Radeon RX Vega' (P:0 D:0)
[2020.10.06-15.17.18:450][  0]LogWindows:    4. 'Radeon RX Vega' (P:0 D:0)
[2020.10.06-15.17.18:450][  0]LogWindows:    5. 'Radeon RX Vega' (P:0 D:0)
[2020.10.06-15.17.18:451][  0]LogWindows:    6. 'Radeon RX Vega' (P:0 D:0)
[2020.10.06-15.17.18:451][  0]LogWindows:    7. 'Radeon RX Vega' (P:0 D:0)
[2020.10.06-15.17.18:452][  0]LogWindows: DebugString: FoundDriverCount:8 
[2020.10.06-15.17.18:452][  0]LogD3D11RHI:     Adapter Name: Radeon RX Vega
[2020.10.06-15.17.18:452][  0]LogD3D11RHI:   Driver Version: Adrenalin 2020 20.4.2 (internal:26.20.15029.27017, unified:26.20.15029.27017)
[2020.10.06-15.17.18:452][  0]LogD3D11RHI:      Driver Date: 5-15-2020
[2020.10.06-15.17.18:452][  0]LogRHI: Texture pool is 4831 MB (70% of 6901 MB)
[2020.10.06-15.17.18:619][  0]LogD3D11RHI: RHI has support for 64 bit atomics
[2020.10.06-15.17.18:620][  0]LogD3D11RHI: Async texture creation enabled
[2020.10.06-15.17.18:620][  0]LogD3D11RHI: Array index from any shader is supported
[2020.10.06-15.17.18:679][  0]LogD3D11RHI: GPU Timing Frequency: 27.000000 (Debug: 2 1)
[2020.10.06-15.17.19:274][  0]LogTargetPlatformManager: Display: Loaded TargetPlatform 'AllDesktop'
[2020.10.06-15.17.19:344][  0]LogTargetPlatformManager: Display: Loaded TargetPlatform 'Android'
[2020.10.06-15.17.19:344][  0]LogTargetPlatformManager: Display: Loaded TargetPlatform 'Android_ASTC'
[2020.10.06-15.17.19:344][  0]LogTargetPlatformManager: Display: Loaded TargetPlatform 'Android_DXT'
[2020.10.06-15.17.19:344][  0]LogTargetPlatformManager: Display: Loaded TargetPlatform 'Android_ETC2'
[2020.10.06-15.17.19:344][  0]LogTargetPlatformManager: Display: Loaded TargetPlatform 'AndroidClient'
[2020.10.06-15.17.19:344][  0]LogTargetPlatformManager: Display: Loaded TargetPlatform 'Android_ASTCClient'
[2020.10.06-15.17.19:344][  0]LogTargetPlatformManager: Display: Loaded TargetPlatform 'Android_DXTClient'
[2020.10.06-15.17.19:344][  0]LogTargetPlatformManager: Display: Loaded TargetPlatform 'Android_ETC2Client'
[2020.10.06-15.17.19:344][  0]LogTargetPlatformManager: Display: Loaded TargetPlatform 'Android_Multi'
[2020.10.06-15.17.19:345][  0]LogTargetPlatformManager: Display: Loaded TargetPlatform 'Android_MultiClient'
[2020.10.06-15.17.19:524][  0]LogTargetPlatformManager: Display: Loaded TargetPlatform 'IOSClient'
[2020.10.06-15.17.19:524][  0]LogTargetPlatformManager: Display: Loaded TargetPlatform 'IOS'
[2020.10.06-15.17.19:628][  0]LogTargetPlatformManager: Display: Loaded TargetPlatform 'Lumin'
[2020.10.06-15.17.19:628][  0]LogTargetPlatformManager: Display: Loaded TargetPlatform 'LuminClient'
[2020.10.06-15.17.19:695][  0]LogTargetPlatformManager: Display: Loaded TargetPlatform 'TVOSClient'
[2020.10.06-15.17.19:695][  0]LogTargetPlatformManager: Display: Loaded TargetPlatform 'TVOS'
[2020.10.06-15.17.19:753][  0]LogTargetPlatformManager: Display: Loaded TargetPlatform 'WindowsNoEditor'
[2020.10.06-15.17.19:812][  0]LogTargetPlatformManager: Display: Loaded TargetPlatform 'Windows'
[2020.10.06-15.17.19:866][  0]LogTargetPlatformManager: Display: Loaded TargetPlatform 'WindowsClient'
[2020.10.06-15.17.19:924][  0]LogTargetPlatformManager: Display: Loaded TargetPlatform 'WindowsServer'
[2020.10.06-15.17.19:993][  0]LogTargetPlatformManager: Display: Loaded TargetPlatform 'XXX'
[2020.10.06-15.17.19:993][  0]LogTargetPlatformManager: Display: Building Assets For Windows
[2020.10.06-15.17.20:169][  0]LogAudioDebug: Display: Lib vorbis DLL was dynamically loaded.
[2020.10.06-15.17.21:282][  0]LogShaderCompilers: Guid format shader working directory is 8 characters bigger than the processId version (../../../../Unreal Projects/SonicSiege/SonicSiege/Intermediate/Shaders/WorkingDirectory/9340/).
[2020.10.06-15.17.21:283][  0]LogShaderCompilers: Cleaned the shader compiler working directory 'C:/Users/Christian Hinkle/AppData/Local/Temp/UnrealShaderWorkingDir/43CCA11C47CD8A3232155A81D377C3E2/'.
[2020.10.06-15.17.21:285][  0]LogXGEController: Cleaning working directory: C:/Users/Christian Hinkle/AppData/Local/Temp/UnrealXGEWorkingDir/
[2020.10.06-15.17.21:286][  0]LogXGEController: Cannot use XGE Controller as Incredibuild is not installed on this machine.
[2020.10.06-15.17.21:286][  0]LogShaderCompilers: Cannot use XGE Shader Compiler as Incredibuild is not installed on this machine.
[2020.10.06-15.17.21:286][  0]LogShaderCompilers: Display: Using Local Shader Compiler.
[2020.10.06-15.17.26:637][  0]LogDerivedDataCache: Display: Max Cache Size: 512 MB
[2020.10.06-15.17.26:858][  0]LogDerivedDataCache: Loaded boot cache 0.22s 75MB ../../../../Unreal Projects/SonicSiege/SonicSiege/DerivedDataCache/Boot.ddc.
[2020.10.06-15.17.26:858][  0]LogDerivedDataCache: Display: Loaded Boot cache: ../../../../Unreal Projects/SonicSiege/SonicSiege/DerivedDataCache/Boot.ddc
[2020.10.06-15.17.26:858][  0]LogDerivedDataCache: FDerivedDataBackendGraph:  Pak pak cache file ../../../../Unreal Projects/SonicSiege/SonicSiege/DerivedDataCache/DDC.ddp not found, will not use a pak cache.
[2020.10.06-15.17.26:858][  0]LogDerivedDataCache: Unable to find inner node Pak for hierarchical cache Hierarchy.
[2020.10.06-15.17.26:859][  0]LogDerivedDataCache: FDerivedDataBackendGraph:  EnginePak pak cache file ../../../Engine/DerivedDataCache/DDC.ddp not found, will not use a pak cache.
[2020.10.06-15.17.26:859][  0]LogDerivedDataCache: Unable to find inner node EnginePak for hierarchical cache Hierarchy.
[2020.10.06-15.17.26:863][  0]LogDerivedDataCache: Using Local data cache path ../../../Engine/DerivedDataCache: Writable
[2020.10.06-15.17.26:863][  0]LogDerivedDataCache: Shared data cache path not found in *engine.ini, will not use an Shared cache.
[2020.10.06-15.17.26:863][  0]LogDerivedDataCache: Unable to find inner node Shared for hierarchical cache Hierarchy.
[2020.10.06-15.17.26:952][  0]LogSlate: Using FreeType 2.10.0
[2020.10.06-15.17.26:989][  0]LogSlate: SlateFontServices - WITH_FREETYPE: 1, WITH_HARFBUZZ: 1
[2020.10.06-15.17.27:104][  0]LogAssetRegistry: FAssetRegistry took 0.0117 seconds to start up
[2020.10.06-15.17.27:884][  0]LogInit: Selected Device Profile: [Windows]
[2020.10.06-15.17.29:754][  0]LogMeshReduction: Using QuadricMeshReduction for automatic static mesh reduction
[2020.10.06-15.17.29:754][  0]LogMeshReduction: Using SimplygonMeshReduction for automatic skeletal mesh reduction
[2020.10.06-15.17.29:754][  0]LogMeshReduction: Using ProxyLODMeshReduction for automatic mesh merging
[2020.10.06-15.17.29:754][  0]LogMeshReduction: No distributed automatic mesh merging module available
[2020.10.06-15.17.29:755][  0]LogMeshMerging: No distributed automatic mesh merging module available
[2020.10.06-15.17.30:699][  0]LogNetVersion: SonicSiege 1.0.0, NetCL: 0, EngineNetVer: 14, GameNetVer: 0 (Checksum: 1397966116)
[2020.10.06-15.17.33:294][  0]LogAISub: UAISubsystem::UAISubsystem AISubsystem (0000024DEABCBD80), frame # 0
[2020.10.06-15.17.33:294][  0]LogAISub: UAISubsystem::UAISubsystem AIPerceptionSystem (0000024DEABD51C0), frame # 0
[2020.10.06-15.17.33:301][  0]LogAISub: UAISubsystem::UAISubsystem EnvQueryManager (0000024DE6A75A00), frame # 0
[2020.10.06-15.17.33:491][  0]LogPackageLocalizationCache: Processed 21 localized package path(s) for 1 prioritized culture(s) in 0.127524 seconds
[2020.10.06-15.17.33:500][  0]LogUObjectArray: 15903 objects as part of root set at end of initial load.
[2020.10.06-15.17.33:500][  0]LogUObjectAllocator: 3962048 out of 0 bytes used by permanent object pool.
[2020.10.06-15.17.33:500][  0]LogUObjectArray: CloseDisregardForGC: 0/0 objects in disregard for GC pool
[2020.10.06-15.17.37:408][  0]LogPython: Using Python 2.7.14
[2020.10.06-15.17.40:233][  0]LogTcpMessaging: Initializing TcpMessaging bridge
[2020.10.06-15.17.40:282][  0]LogUdpMessaging: Initializing bridge on interface 0.0.0.0:0 to multicast group 230.0.0.1:6666.
[2020.10.06-15.17.40:524][  0]LogGameplayTags: NetworkGameplayTagNodeIndexHash is 81673715
[2020.10.06-15.17.40:524][  0]LogStats: UGameplayTagsManager::InitializeManager -  0.049 s
[2020.10.06-15.17.41:653][  0]SourceControl: Source control is disabled
[2020.10.06-15.17.41:654][  0]SourceControl: Source control is disabled
[2020.10.06-15.17.41:724][  0]SourceControl: Source control is disabled
[2020.10.06-15.17.41:963][  0]SourceControl: Source control is disabled
[2020.10.06-15.17.42:059][  0]SourceControl: Source control is disabled
[2020.10.06-15.17.45:449][  0]LogAndroidPermission: UAndroidPermissionCallbackProxy::GetInstance
[2020.10.06-15.17.45:737][  0]LogAudioCaptureCore: Display: No Audio Capture implementations found. Audio input will be silent.
[2020.10.06-15.17.45:737][  0]LogAudioCaptureCore: Display: No Audio Capture implementations found. Audio input will be silent.
[2020.10.06-15.17.46:393][  0]LogOcInput: OculusInput pre-init called
[2020.10.06-15.17.46:504][  0]LogWindows: Failed to load 'OVRPlugin.dll' (GetLastError=126)
[2020.10.06-15.17.46:504][  0]LogWindows: File 'OVRPlugin.dll' does not exist
[2020.10.06-15.17.47:496][  0]LogEngine: Initializing Engine...
[2020.10.06-15.17.47:539][  0]LogHMD: Failed to initialize OpenVR with code 110
[2020.10.06-15.17.47:539][  0]LogMagicLeap: Warning: VR disabled because ZI is not enabled.  To enable, in the editor, Edit -> Project Settings -> Plugins -> Magic Leap Plugin -> Enable Zero Iteration
[2020.10.06-15.17.47:542][  0]LogUObjectGlobals: BeginLoad(/Engine/EngineDebugMaterials/LevelColorationLitMaterial) is flushing async loading
[2020.10.06-15.17.47:542][  0]LogStreaming: Display: Flushing async loaders.
[2020.10.06-15.17.48:096][  0]LogInit: Initializing FReadOnlyCVARCache
[2020.10.06-15.17.48:218][  0]LogAIModule: Creating AISystem for world Untitled
[2020.10.06-15.17.48:219][  0]LogAISub: UAISubsystem::UAISubsystem EnvQueryManager (0000024DF097D600), frame # 0
[2020.10.06-15.17.48:219][  0]LogAISub: UAISubsystem::UAISubsystem AIPerceptionSystem (0000024DF09C8CC0), frame # 0
[2020.10.06-15.17.48:291][  0]LogAudioMixer: Display: Audio Mixer Platform Settings:
[2020.10.06-15.17.48:292][  0]LogAudioMixer: Display: 	Sample Rate:						  48000
[2020.10.06-15.17.48:292][  0]LogAudioMixer: Display: 	Callback Buffer Frame Size Requested: 1024
[2020.10.06-15.17.48:292][  0]LogAudioMixer: Display: 	Callback Buffer Frame Size To Use:	  1024
[2020.10.06-15.17.48:292][  0]LogAudioMixer: Display: 	Number of buffers to queue:			  2
[2020.10.06-15.17.48:292][  0]LogAudioMixer: Display: 	Max Channels (voices):				  32
[2020.10.06-15.17.48:292][  0]LogAudioMixer: Display: 	Number of Async Source Workers:		  0
[2020.10.06-15.17.48:292][  0]LogAudio: Display: AudioDevice MaxSources: 32
[2020.10.06-15.17.48:295][  0]LogAudio: Display: Using built-in audio occlusion.
[2020.10.06-15.17.48:296][  0]LogAudioMixer: Display: Initializing audio mixer.
[2020.10.06-15.17.48:352][  0]LogAudioMixer: Display: 0: FrontLeft
[2020.10.06-15.17.48:352][  0]LogAudioMixer: Display: 1: FrontRight
[2020.10.06-15.17.48:439][  0]LogAudioMixer: Display: Using Audio Device VoiceMeeter Input (VB-Audio VoiceMeeter VAIO)
[2020.10.06-15.17.48:441][  0]LogAudioMixer: Display: Initializing Sound Submixes...
[2020.10.06-15.17.48:482][  0]LogAudioMixer: Display: Creating Master Submix 'MasterSubmixDefault'
[2020.10.06-15.17.48:482][  0]LogAudioMixer: Display: Creating Master Submix 'MasterReverbSubmixDefault'
[2020.10.06-15.17.48:486][  0]LogAudioMixer: Display: Creating Master Submix 'MasterEQSubmixDefault'
[2020.10.06-15.17.48:490][  0]LogInit: FAudioDevice initialized.
[2020.10.06-15.17.48:492][  0]LogNetVersion: Set ProjectVersion to 1.0.0.0. Version Checksum will be recalculated on next use.
[2020.10.06-15.17.49:382][  0]LogDerivedDataCache: Saved boot cache 0.89s 75MB ../../../../Unreal Projects/SonicSiege/SonicSiege/DerivedDataCache/Boot.ddc.
[2020.10.06-15.17.49:388][  0]LogInit: Texture streaming: Enabled
[2020.10.06-15.17.49:570][  0]LogEngineSessionManager: EngineSessionManager initialized
[2020.10.06-15.17.49:571][  0]LogEngineSessionManager: EngineSessionManager sent abnormal shutdown report. Type=Debugger, SessionId={7C692277-4F77-2B65-A706-49A2F48E9B05}
[2020.10.06-15.17.49:571][  0]LogEditorSessionSummary: Verbose: Initializing EditorSessionSummaryWriter for editor session tracking
[2020.10.06-15.17.49:581][  0]LogEditorSessionSummary: EditorSessionSummaryWriter initialized
[2020.10.06-15.17.49:760][  0]LogInit: Transaction tracking system initialized
[2020.10.06-15.17.50:474][  0]BlueprintLog: New page: Editor Load
[2020.10.06-15.17.52:215][  0]LocalizationService: Localization service is disabled
[2020.10.06-15.17.55:266][  0]LogCook: Display: Max memory allowance for cook 16384mb min free memory 0mb
[2020.10.06-15.17.55:268][  0]LogFileCache: Scanning file cache for directory 'C:/Users/Christian Hinkle/Documents/Unreal Projects/SonicSiege/SonicSiege/Content/' took 0.01s
[2020.10.06-15.17.55:268][  0]LogCook: Display: Mobile HDR setting 1
[2020.10.06-15.17.55:298][  0]LogGameplayTags: NetworkGameplayTagNodeIndexHash is 81673715
[2020.10.06-15.17.55:299][  0]LogStats: FGameplayAbilitiesEditorModule::GameplayTagTreeChanged -  0.000 s
[2020.10.06-15.17.57:941][  0]LogStats: UGameplayCueManager::InitializeEditorObjectLibrary -  0.003 s
[2020.10.06-15.17.59:830][  0]SourceControl: Source control is disabled
[2020.10.06-15.17.59:831][  0]LogUnrealEdMisc: Loading editor; pre map load, took 55.084
[2020.10.06-15.17.59:834][  0]Cmd: MAP LOAD FILE="../../../../Unreal Projects/SonicSiege/SonicSiege/Content/Maps/MAP_Test.umap" TEMPLATE=0 SHOWPROGRESS=1 FEATURELEVEL=3
[2020.10.06-15.17.59:846][  0]LightingResults: New page: Lighting Build
[2020.10.06-15.17.59:864][  0]LogWorld: UWorld::CleanupWorld for Untitled, bSessionEnded=true, bCleanupResources=true
[2020.10.06-15.17.59:868][  0]LogSlate: InvalidateAllWidgets triggered.  All widgets were invalidated
[2020.10.06-15.17.59:871][  0]MapCheck: New page: Map Check
[2020.10.06-15.17.59:871][  0]LightingResults: New page: Lighting Build
[2020.10.06-15.17.59:930][  0]LogAISub: UAISubsystem::~UAISubsystem EnvQueryManager (0000024DF097D600), frame # 0
[2020.10.06-15.17.59:931][  0]LogAISub: UAISubsystem::~UAISubsystem AIPerceptionSystem (0000024DF09C8CC0), frame # 0
[2020.10.06-15.17.59:933][  0]LogUObjectHash: Compacting FUObjectHashTables data took   0.96ms
[2020.10.06-15.18.01:927][  0]LogAIModule: Creating AISystem for world MAP_Test
[2020.10.06-15.18.01:927][  0]LogAISub: UAISubsystem::UAISubsystem EnvQueryManager (0000024D8DEFBE00), frame # 0
[2020.10.06-15.18.01:928][  0]LogAISub: UAISubsystem::UAISubsystem AIPerceptionSystem (0000024DE6F56840), frame # 0
[2020.10.06-15.18.02:014][  0]LogEditorServer: Finished looking for orphan Actors (0.000 secs)
[2020.10.06-15.18.02:065][  0]LogUObjectHash: Compacting FUObjectHashTables data took   1.00ms
[2020.10.06-15.18.02:065][  0]Cmd: MAP CHECKDEP NOCLEARLOG
[2020.10.06-15.18.02:067][  0]MapCheck: Map check complete: 0 Error(s), 0 Warning(s), took 1.205ms to complete.
[2020.10.06-15.18.02:067][  0]LogFileHelpers: Loading map 'MAP_Test' took 2.234
[2020.10.06-15.18.02:137][  0]LogUnrealEdMisc: Total Editor Startup Time, took 57.389
[2020.10.06-15.18.02:768][  0]LogSlate: Updating window title bar state: overlay mode, drag disabled, window buttons hidden, title bar hidden
[2020.10.06-15.18.02:779][  0]LogSlate: Updating window title bar state: overlay mode, drag disabled, window buttons hidden, title bar hidden
[2020.10.06-15.18.02:787][  0]LogSlate: Updating window title bar state: overlay mode, drag disabled, window buttons hidden, title bar hidden
[2020.10.06-15.18.02:796][  0]LogSlate: Updating window title bar state: overlay mode, drag disabled, window buttons hidden, title bar hidden
[2020.10.06-15.18.02:860][  0]LogCollectionManager: Loaded 0 collections in 0.004747 seconds
[2020.10.06-15.18.02:917][  0]LogFileCache: Scanning file cache for directory 'C:/Users/Christian Hinkle/Documents/Unreal Projects/SonicSiege/SonicSiege/Saved/Collections/' took 0.00s
[2020.10.06-15.18.02:917][  0]LogFileCache: Scanning file cache for directory 'C:/Users/Christian Hinkle/Documents/Unreal Projects/SonicSiege/SonicSiege/Content/Developers/Christian/Collections/' took 0.00s
[2020.10.06-15.18.02:917][  0]LogFileCache: Scanning file cache for directory 'C:/Users/Christian Hinkle/Documents/Unreal Projects/SonicSiege/SonicSiege/Content/Collections/' took 0.00s
[2020.10.06-15.18.02:917][  0]LogContentBrowser: Native class hierarchy populated in 0.0160 seconds. Added 3583 classes and 858 folders.
[2020.10.06-15.18.02:934][  0]LogContentBrowser: Native class hierarchy updated for 'WidgetCarousel' in 0.0006 seconds. Added 0 classes and 0 folders.
[2020.10.06-15.18.03:766][  0]LogContentBrowser: Native class hierarchy updated for 'AddContentDialog' in 0.0008 seconds. Added 0 classes and 0 folders.
[2020.10.06-15.18.03:784][  0]LogContentBrowser: Native class hierarchy updated for 'SceneOutliner' in 0.0007 seconds. Added 2 classes and 0 folders.
[2020.10.06-15.18.03:895][  0]LogSlate: Took 0.010267 seconds to synchronously load lazily loaded font '../../../Engine/Content/Slate/Fonts/Roboto-Regular.ttf' (155K)
[2020.10.06-15.18.03:911][  0]LogSlate: Took 0.010383 seconds to synchronously load lazily loaded font '../../../Engine/Content/Slate/Fonts/Roboto-Bold.ttf' (160K)
[2020.10.06-15.18.04:103][  0]LogSlate: Took 0.183455 seconds to synchronously load lazily loaded font '../../../Engine/Content/Editor/Slate/Fonts/FontAwesome.ttf' (139K)
[2020.10.06-15.18.04:340][  0]LogRenderer: Reallocating scene render targets to support 1208x572 Format 10 NumSamples 1 (Frame:1).
[2020.10.06-15.18.04:526][  0]LogSlate: Took 0.012125 seconds to synchronously load lazily loaded font '../../../Engine/Content/Slate/Fonts/Roboto-Light.ttf' (167K)
[2020.10.06-15.18.04:696][  0]LogContentBrowser: Native class hierarchy updated for 'HierarchicalLODOutliner' in 0.0009 seconds. Added 0 classes and 0 folders.
[2020.10.06-15.18.04:696][  0]LogLoad: (Engine Initialization) Total time: 59.95 seconds
[2020.10.06-15.18.04:696][  0]LogLoad: (Engine Initialization) Total Blueprint compile time: 0.00 seconds
[2020.10.06-15.18.04:758][  0]LogAssetRegistry: Asset discovery search completed in 37.6617 seconds
[2020.10.06-15.18.04:763][  0]LogStats: UGameplayCueManager::InitializeEditorObjectLibrary -  0.004 s
[2020.10.06-15.18.04:775][  0]LogCollectionManager: Fixed up redirectors for 0 collections in 0.000008 seconds (updated 0 objects)
[2020.10.06-15.18.04:785][  0]LogContentStreaming: Texture pool size now 1000 MB
[2020.10.06-15.18.10:710][633]LogTemp: Repeating last play command: Selected Viewport
[2020.10.06-15.18.10:739][633]LogPlayLevel: PlayLevel: No blueprints needed recompiling
[2020.10.06-15.18.10:747][633]PIE: New page: PIE session: MAP_Test (Oct 6, 2020, 9:18:10 AM)
[2020.10.06-15.18.10:757][633]LogOnline: OSS: Creating online subsystem instance for: NULL
[2020.10.06-15.18.10:762][633]LogOnline: OSS: TryLoadSubsystemAndSetDefault: Loaded subsystem for module [NULL]
[2020.10.06-15.18.10:763][633]LogPlayLevel: Creating play world package: /Game/Maps/UEDPIE_0_MAP_Test
[2020.10.06-15.18.10:780][633]LogPlayLevel: PIE: StaticDuplicateObject took: (0.016002s)
[2020.10.06-15.18.10:782][633]LogAIModule: Creating AISystem for world MAP_Test
[2020.10.06-15.18.10:782][633]LogAISub: UAISubsystem::UAISubsystem EnvQueryManager (0000024DA62C7E00), frame # 633
[2020.10.06-15.18.10:782][633]LogAISub: UAISubsystem::UAISubsystem AIPerceptionSystem (0000024DE6F67C40), frame # 633
[2020.10.06-15.18.10:783][633]LogPlayLevel: PIE: World Init took: (0.003484s)
[2020.10.06-15.18.10:785][633]LogPlayLevel: PIE: Created PIE world by copying editor world from /Game/Maps/MAP_Test.MAP_Test to /Game/Maps/UEDPIE_0_MAP_Test.MAP_Test (0.021203s)
[2020.10.06-15.18.10:798][633]LogUObjectHash: Compacting FUObjectHashTables data took   0.79ms
[2020.10.06-15.18.10:802][633]LogAudioMixer: Display: Audio Mixer Platform Settings:
[2020.10.06-15.18.10:802][633]LogAudioMixer: Display: 	Sample Rate:						  48000
[2020.10.06-15.18.10:802][633]LogAudioMixer: Display: 	Callback Buffer Frame Size Requested: 1024
[2020.10.06-15.18.10:802][633]LogAudioMixer: Display: 	Callback Buffer Frame Size To Use:	  1024
[2020.10.06-15.18.10:802][633]LogAudioMixer: Display: 	Number of buffers to queue:			  2
[2020.10.06-15.18.10:802][633]LogAudioMixer: Display: 	Max Channels (voices):				  32
[2020.10.06-15.18.10:802][633]LogAudioMixer: Display: 	Number of Async Source Workers:		  0
[2020.10.06-15.18.10:802][633]LogAudio: Display: AudioDevice MaxSources: 32
[2020.10.06-15.18.10:803][633]LogAudio: Display: Using built-in audio occlusion.
[2020.10.06-15.18.10:803][633]LogAudioMixer: Display: Initializing audio mixer.
[2020.10.06-15.18.10:818][633]LogAudioMixer: Display: 0: FrontLeft
[2020.10.06-15.18.10:818][633]LogAudioMixer: Display: 1: FrontRight
[2020.10.06-15.18.10:867][633]LogAudioMixer: Display: Using Audio Device VoiceMeeter Input (VB-Audio VoiceMeeter VAIO)
[2020.10.06-15.18.10:867][633]LogAudioMixer: Display: Initializing Sound Submixes...
[2020.10.06-15.18.10:867][633]LogAudioMixer: Display: Creating Master Submix 'MasterSubmixDefault'
[2020.10.06-15.18.10:868][633]LogAudioMixer: Display: Creating Master Submix 'MasterReverbSubmixDefault'
[2020.10.06-15.18.10:868][633]LogAudioMixer: Display: Creating Master Submix 'MasterEQSubmixDefault'
[2020.10.06-15.18.10:884][633]LogInit: FAudioDevice initialized.
[2020.10.06-15.18.11:132][633]LogGameplayTags: Warning: Invalid GameplayTag State.Character.Jumping found while loading /Game/Blueprints/Character/GameplayEffects/GE_Jump_BP.Default__GE_Jump_BP_C in property /Script/GameplayAbilities.InheritedTagContainer:CombinedTags.
[2020.10.06-15.18.11:132][633]LogGameplayTags: Warning: Invalid GameplayTag State.Character.Jumping found while loading /Game/Blueprints/Character/GameplayEffects/GE_Jump_BP.Default__GE_Jump_BP_C in property /Script/GameplayAbilities.InheritedTagContainer:Added.
[2020.10.06-15.18.11:151][633]LogGameplayTags: Warning: Invalid GameplayTag State.Character.IsInteractingDuration found while loading /Game/Blueprints/Character/GameplayEffects/GE_CharacterDurationInteract.Default__GE_CharacterDurationInteract_C in property /Script/GameplayAbilities.InheritedTagContainer:CombinedTags.
[2020.10.06-15.18.11:151][633]LogGameplayTags: Warning: Invalid GameplayTag State.Character.IsInteractingDuration found while loading /Game/Blueprints/Character/GameplayEffects/GE_CharacterDurationInteract.Default__GE_CharacterDurationInteract_C in property /Script/GameplayAbilities.InheritedTagContainer:Added.
[2020.10.06-15.18.11:449][633]LogLoad: Game class is 'GameMode_BP_C'
[2020.10.06-15.18.11:461][633]LogWorld: Bringing World /Game/Maps/UEDPIE_0_MAP_Test.MAP_Test up for play (max tick rate 0) at 2020.10.06-12.18.11
[2020.10.06-15.18.11:464][633]LogWorld: Bringing up level for play took: 0.005082
[2020.10.06-15.18.11:466][633]LogOnline: OSS: Creating online subsystem instance for: :Context_1
[2020.10.06-15.18.11:488][633]LogContentBrowser: Native class hierarchy updated for 'MovieSceneCapture' in 0.0008 seconds. Added 20 classes and 0 folders.
[2020.10.06-15.18.11:492][633]LogNet: ReplicationDriverClass is null! Not using ReplicationDriver.
[2020.10.06-15.18.11:493][633]LogNetCore: DDoS detection status: detection enabled: 0 analytics enabled: 0
[2020.10.06-15.18.11:494][633]LogInit: WinSock: Socket queue. Rx: 131072 (config 131072) Tx: 131072 (config 131072)
[2020.10.06-15.18.11:495][633]LogNet: Created socket for bind address: 0.0.0.0 on port 17777
[2020.10.06-15.18.11:495][633]PacketHandlerLog: Loaded PacketHandler component: Engine.EngineHandlerComponentFactory (StatelessConnectHandlerComponent)
[2020.10.06-15.18.11:496][633]LogNet: GameNetDriver IpNetDriver_0 IpNetDriver listening on port 17777
[2020.10.06-15.18.11:496][633]LogGameMode: Display: Match State Changed from EnteringMap to WaitingToStart
[2020.10.06-15.18.11:496][633]LogGameState: Match State Changed from EnteringMap to WaitingToStart
[2020.10.06-15.18.11:497][633]LogGameMode: Display: Match State Changed from WaitingToStart to InProgress
[2020.10.06-15.18.11:537][633]LogGameState: Match State Changed from WaitingToStart to InProgress
[2020.10.06-15.18.11:538][633]PIE: Server logged in
[2020.10.06-15.18.11:539][633]PIE: Play in editor total start time 0.806 seconds.
[2020.10.06-15.18.11:541][633]LogAudioMixer: Display: Audio Mixer Platform Settings:
[2020.10.06-15.18.11:541][633]LogAudioMixer: Display: 	Sample Rate:						  48000
[2020.10.06-15.18.11:541][633]LogAudioMixer: Display: 	Callback Buffer Frame Size Requested: 1024
[2020.10.06-15.18.11:541][633]LogAudioMixer: Display: 	Callback Buffer Frame Size To Use:	  1024
[2020.10.06-15.18.11:542][633]LogAudioMixer: Display: 	Number of buffers to queue:			  2
[2020.10.06-15.18.11:542][633]LogAudioMixer: Display: 	Max Channels (voices):				  32
[2020.10.06-15.18.11:542][633]LogAudioMixer: Display: 	Number of Async Source Workers:		  0
[2020.10.06-15.18.11:542][633]LogAudio: Display: AudioDevice MaxSources: 32
[2020.10.06-15.18.11:542][633]LogAudio: Display: Using built-in audio occlusion.
[2020.10.06-15.18.11:543][633]LogAudioMixer: Display: Initializing audio mixer.
[2020.10.06-15.18.11:555][633]LogAudioMixer: Display: 0: FrontLeft
[2020.10.06-15.18.11:555][633]LogAudioMixer: Display: 1: FrontRight
[2020.10.06-15.18.11:607][633]LogAudioMixer: Display: Using Audio Device VoiceMeeter Input (VB-Audio VoiceMeeter VAIO)
[2020.10.06-15.18.11:607][633]LogAudioMixer: Display: Initializing Sound Submixes...
[2020.10.06-15.18.11:607][633]LogAudioMixer: Display: Creating Master Submix 'MasterSubmixDefault'
[2020.10.06-15.18.11:607][633]LogAudioMixer: Display: Creating Master Submix 'MasterReverbSubmixDefault'
[2020.10.06-15.18.11:608][633]LogAudioMixer: Display: Creating Master Submix 'MasterEQSubmixDefault'
[2020.10.06-15.18.11:633][633]LogInit: FAudioDevice initialized.
[2020.10.06-15.18.11:652][633]LogSlate: Updating window title bar state: overlay mode, drag disabled, window buttons hidden, title bar hidden
[2020.10.06-15.18.11:653][633]LogNet: Browse: 127.0.0.1:17777//Game/Maps/MAP_Test
[2020.10.06-15.18.11:654][633]LogInit: WinSock: Socket queue. Rx: 32768 (config 32768) Tx: 32768 (config 32768)
[2020.10.06-15.18.11:654][633]LogNet: Created socket for bind address: 0.0.0.0 on port 0
[2020.10.06-15.18.11:656][633]PacketHandlerLog: Loaded PacketHandler component: Engine.EngineHandlerComponentFactory (StatelessConnectHandlerComponent)
[2020.10.06-15.18.11:658][633]LogNet: Game client on port 17777, rate 10000
[2020.10.06-15.18.11:662][633]PIE: Client logged in
[2020.10.06-15.18.11:664][633]PIE: Play in editor total start time 0.932 seconds.
[2020.10.06-15.18.12:676][701]LogNet: NotifyAcceptingConnection accepted from: 127.0.0.1:52934
[2020.10.06-15.18.12:678][701]LogHandshake: SendConnectChallenge. Timestamp: 1.973989, Cookie: 196243143077241168052246089049181116218105048195182135164133
[2020.10.06-15.18.12:679][701]LogHandshake: SendChallengeResponse. Timestamp: 1.973989, Cookie: 196243143077241168052246089049181116218105048195182135164133
[2020.10.06-15.18.12:688][702]LogNet: NotifyAcceptingConnection accepted from: 127.0.0.1:52934
[2020.10.06-15.18.12:688][702]LogHandshake: SendChallengeAck. InCookie: 196243143077241168052246089049181116218105048195182135164133
[2020.10.06-15.18.12:688][702]LogNet: Server accepting post-challenge connection from: 127.0.0.1:52934
[2020.10.06-15.18.12:689][702]PacketHandlerLog: Loaded PacketHandler component: Engine.EngineHandlerComponentFactory (StatelessConnectHandlerComponent)
[2020.10.06-15.18.12:690][702]LogNet: NotifyAcceptedConnection: Name: MAP_Test, TimeStamp: 10/06/20 12:18:12, [UNetConnection] RemoteAddr: 127.0.0.1:52934, Name: IpConnection_1, Driver: GameNetDriver IpNetDriver_0, IsServer: YES, PC: NULL, Owner: NULL, UniqueId: INVALID
[2020.10.06-15.18.12:690][702]LogNet: AddClientConnection: Added client connection: [UNetConnection] RemoteAddr: 127.0.0.1:52934, Name: IpConnection_1, Driver: GameNetDriver IpNetDriver_0, IsServer: YES, PC: NULL, Owner: NULL, UniqueId: INVALID
[2020.10.06-15.18.12:692][702]LogNetVersion: SonicSiege 1.0.0.0, NetCL: 0, EngineNetVer: 14, GameNetVer: 0 (Checksum: 1504223046)
[2020.10.06-15.18.12:693][702]LogNet: UPendingNetGame::SendInitialJoin: Sending hello. [UNetConnection] RemoteAddr: 127.0.0.1:17777, Name: IpConnection_0, Driver: PendingNetDriver IpNetDriver_1, IsServer: NO, PC: NULL, Owner: NULL, UniqueId: INVALID
[2020.10.06-15.18.12:703][703]LogNet: NotifyAcceptingChannel Control 0 server World /Game/Maps/UEDPIE_0_MAP_Test.MAP_Test: Accepted
[2020.10.06-15.18.12:704][703]LogNet: Remote platform little endian=1
[2020.10.06-15.18.12:704][703]LogNet: This platform little endian=1
[2020.10.06-15.18.12:706][703]LogOnline: OSS: Creating online subsystem instance for: :Context_2
[2020.10.06-15.18.12:718][704]LogNet: Login request: ?Name=DESKTOP-IM4T8T4-98C8C13F440B3DCDBB2D6D89FD95EEC0 userId: NULL:DESKTOP-IM4T8T4-98C8C13F440B3DCDBB2D6D89FD95EEC0 platform: NULL
[2020.10.06-15.18.12:719][704]LogNet: Welcomed by server (Level: /Game/Maps/UEDPIE_0_MAP_Test, Game: /Game/Blueprints/Game/GameMode_BP.GameMode_BP_C)
[2020.10.06-15.18.12:720][704]LogLoad: LoadMap: 127.0.0.1:17777//Game/Maps/UEDPIE_0_MAP_Test?game=/Game/Blueprints/Game/GameMode_BP.GameMode_BP_C
[2020.10.06-15.18.12:720][704]LogWorld: BeginTearingDown for /Temp/Untitled_1
[2020.10.06-15.18.12:720][704]LogWorld: UWorld::CleanupWorld for Untitled, bSessionEnded=true, bCleanupResources=true
[2020.10.06-15.18.12:721][704]LogSlate: InvalidateAllWidgets triggered.  All widgets were invalidated
[2020.10.06-15.18.12:737][704]LogUObjectHash: Compacting FUObjectHashTables data took   0.94ms
[2020.10.06-15.18.12:753][704]LogAIModule: Creating AISystem for world MAP_Test
[2020.10.06-15.18.12:754][704]LogAISub: UAISubsystem::UAISubsystem EnvQueryManager (0000024D97CB9200), frame # 704
[2020.10.06-15.18.12:754][704]LogAISub: UAISubsystem::UAISubsystem AIPerceptionSystem (0000024D97E13D80), frame # 704
[2020.10.06-15.18.12:758][704]LogWorld: Bringing World /Game/Maps/UEDPIE_1_MAP_Test.MAP_Test up for play (max tick rate 0) at 2020.10.06-12.18.12
[2020.10.06-15.18.12:759][704]LogWorld: Bringing up level for play took: 0.001694
[2020.10.06-15.18.12:761][704]LogLoad: Took 0.041945 seconds to LoadMap(/Game/Maps/UEDPIE_0_MAP_Test)
[2020.10.06-15.18.12:762][704]LogNavigation: Warning: NavData RegistrationFailed_DataPendingKill.
[2020.10.06-15.18.12:772][705]LogNet: Client netspeed is 10000
[2020.10.06-15.18.12:773][705]LogNet: Join request: /Game/Maps/MAP_Test?Name=DESKTOP-IM4T8T4-98C8C13F440B3DCDBB2D6D89FD95EEC0?SplitscreenCount=1
[2020.10.06-15.18.12:774][705]LogOnlineSession: Warning: OSS: No game present to join for session (GameSession)
[2020.10.06-15.18.12:786][705]LogNet: Join succeeded: DESKTOP-IM4T8T4-98C8
[2020.10.06-15.18.13:452][749]LogOnlineSession: Warning: OSS: No game present to join for session (GameSession)
[2020.10.06-15.18.13:596][763]LogOnlineSession: Warning: OSS: No game present to join for session (GameSession)
[2020.10.06-15.18.13:735][769]LogSlate: Updating window title bar state: overlay mode, drag disabled, window buttons hidden, title bar hidden
[2020.10.06-15.18.13:735][769]LogWorld: BeginTearingDown for /Game/Maps/UEDPIE_1_MAP_Test
[2020.10.06-15.18.13:736][769]LogSlate: Window 'SonicSiege Preview [NetMode: Client 2] (64-bit/Windows) ' being destroyed
[2020.10.06-15.18.13:745][769]LogWorld: UWorld::CleanupWorld for MAP_Test, bSessionEnded=true, bCleanupResources=true
[2020.10.06-15.18.13:747][769]LogSlate: InvalidateAllWidgets triggered.  All widgets were invalidated
[2020.10.06-15.18.13:761][769]LogNet: World NetDriver shutdown IpNetDriver_1 [GameNetDriver]
[2020.10.06-15.18.13:762][769]LogNet: DestroyNamedNetDriver IpNetDriver_1 [GameNetDriver]
[2020.10.06-15.18.13:762][769]LogNet: UNetConnection::Close: [UNetConnection] RemoteAddr: 127.0.0.1:17777, Name: IpConnection_0, Driver: GameNetDriver IpNetDriver_1, IsServer: NO, PC: SSPlayerController_0, Owner: SSPlayerController_0, UniqueId: NULL:DESKTOP-IM4T8T4-98C8C13F440B3DCDBB2D6D89FD95EEC0, Channels: 19, Time: 2020.10.06-15.18.13
[2020.10.06-15.18.13:763][769]LogNet: UChannel::Close: Sending CloseBunch. ChIndex == 0. Name: [UChannel] ChIndex: 0, Closing: 0 [UNetConnection] RemoteAddr: 127.0.0.1:17777, Name: IpConnection_0, Driver: GameNetDriver IpNetDriver_1, IsServer: NO, PC: SSPlayerController_0, Owner: SSPlayerController_0, UniqueId: NULL:DESKTOP-IM4T8T4-98C8C13F440B3DCDBB2D6D89FD95EEC0
[2020.10.06-15.18.13:764][769]LogExit: GameNetDriver IpNetDriver_1 shut down
[2020.10.06-15.18.13:767][769]LogWorld: BeginTearingDown for /Game/Maps/UEDPIE_0_MAP_Test
[2020.10.06-15.18.13:768][769]LogOnlineSession: Warning: OSS: No game present to leave for session (GameSession)
[2020.10.06-15.18.13:770][769]LogSlate: Updating window title bar state: overlay mode, drag disabled, window buttons hidden, title bar hidden
[2020.10.06-15.18.13:774][769]LogWorld: UWorld::CleanupWorld for MAP_Test, bSessionEnded=true, bCleanupResources=true
[2020.10.06-15.18.13:776][769]LogSlate: InvalidateAllWidgets triggered.  All widgets were invalidated
[2020.10.06-15.18.13:798][769]LogNet: World NetDriver shutdown IpNetDriver_0 [GameNetDriver]
[2020.10.06-15.18.13:798][769]LogNet: DestroyNamedNetDriver IpNetDriver_0 [GameNetDriver]
[2020.10.06-15.18.13:799][769]LogNet: UNetConnection::Cleanup: Closing open connection. [UNetConnection] RemoteAddr: 127.0.0.1:52934, Name: IpConnection_1, Driver: GameNetDriver IpNetDriver_0, IsServer: YES, PC: SSPlayerController_1, Owner: SSPlayerController_1, UniqueId: NULL:DESKTOP-IM4T8T4-98C8C13F440B3DCDBB2D6D89FD95EEC0
[2020.10.06-15.18.13:799][769]LogNet: UNetConnection::Close: [UNetConnection] RemoteAddr: 127.0.0.1:52934, Name: IpConnection_1, Driver: GameNetDriver IpNetDriver_0, IsServer: YES, PC: SSPlayerController_1, Owner: SSPlayerController_1, UniqueId: NULL:DESKTOP-IM4T8T4-98C8C13F440B3DCDBB2D6D89FD95EEC0, Channels: 19, Time: 2020.10.06-15.18.13
[2020.10.06-15.18.13:799][769]LogNet: UChannel::Close: Sending CloseBunch. ChIndex == 0. Name: [UChannel] ChIndex: 0, Closing: 0 [UNetConnection] RemoteAddr: 127.0.0.1:52934, Name: IpConnection_1, Driver: GameNetDriver IpNetDriver_0, IsServer: YES, PC: SSPlayerController_1, Owner: SSPlayerController_1, UniqueId: NULL:DESKTOP-IM4T8T4-98C8C13F440B3DCDBB2D6D89FD95EEC0
[2020.10.06-15.18.13:800][769]LogExit: GameNetDriver IpNetDriver_0 shut down
[2020.10.06-15.18.13:804][769]LogPlayLevel: Display: Shutting down PIE online subsystems
[2020.10.06-15.18.13:808][769]LogSlate: InvalidateAllWidgets triggered.  All widgets were invalidated
[2020.10.06-15.18.13:920][769]LogSlate: Updating window title bar state: overlay mode, drag disabled, window buttons hidden, title bar hidden
[2020.10.06-15.18.14:061][769]LogAISub: UAISubsystem::~UAISubsystem EnvQueryManager (0000024DA62C7E00), frame # 769
[2020.10.06-15.18.14:062][769]LogAISub: UAISubsystem::~UAISubsystem AIPerceptionSystem (0000024DE6F67C40), frame # 769
[2020.10.06-15.18.14:072][769]LogAISub: UAISubsystem::~UAISubsystem EnvQueryManager (0000024D97CB9200), frame # 769
[2020.10.06-15.18.14:072][769]LogAISub: UAISubsystem::~UAISubsystem AIPerceptionSystem (0000024D97E13D80), frame # 769
[2020.10.06-15.18.14:073][769]LogUObjectHash: Compacting FUObjectHashTables data took   0.89ms
[2020.10.06-15.18.14:118][770]LogPlayLevel: Display: Destroying online subsystem :Context_2
[2020.10.06-15.18.14:118][770]LogPlayLevel: Display: Destroying online subsystem :Context_1
